[0.058s] Invoking command in '/home/irman/Humanoid-VLA-Simulations/build/steering_controllers_library': AMENT_PREFIX_PATH=/home/irman/Humanoid-VLA-Simulations/install/controller_manager:/home/irman/Humanoid-VLA-Simulations/install/hardware_interface_testing:/home/irman/Humanoid-VLA-Simulations/install/controller_interface:/home/irman/Humanoid-VLA-Simulations/install/hardware_interface:/home/irman/Humanoid-VLA-Simulations/install/ros2_control_test_assets:/home/irman/Humanoid-VLA-Simulations/install/controller_manager_msgs:${AMENT_PREFIX_PATH} CMAKE_PREFIX_PATH=/home/irman/Humanoid-VLA-Simulations/install/controller_manager:/home/irman/Humanoid-VLA-Simulations/install/hardware_interface_testing:/home/irman/Humanoid-VLA-Simulations/install/controller_interface:/home/irman/Humanoid-VLA-Simulations/install/hardware_interface:/home/irman/Humanoid-VLA-Simulations/install/ros2_control_test_assets:/home/irman/Humanoid-VLA-Simulations/install/controller_manager_msgs:${CMAKE_PREFIX_PATH} CONDA_PROMPT_MODIFIER=(ros2_env) DEBUGINFOD_URLS=https://debuginfod.ubuntu.com LD_LIBRARY_PATH=/home/irman/Humanoid-VLA-Simulations/install/controller_manager/lib:/home/irman/Humanoid-VLA-Simulations/install/hardware_interface_testing/lib:/home/irman/Humanoid-VLA-Simulations/install/controller_interface/lib:/home/irman/Humanoid-VLA-Simulations/install/hardware_interface/lib:/home/irman/Humanoid-VLA-Simulations/install/controller_manager_msgs/lib:/home/irman/micromamba/envs/ros2_env/opt/rviz_ogre_vendor/lib:/home/irman/micromamba/envs/ros2_env/lib/gazebo-11/plugins:/home/irman/micromamba/envs/ros2_env/lib/gazebo-11/plugins:/home/irman/micromamba/envs/ros2_env/lib/gazebo-11/plugins:/home/irman/micromamba/envs/ros2_env/lib/gazebo-11/plugins:/home/irman/micromamba/envs/ros2_env/lib/gazebo-11/plugins:/home/irman/micromamba/envs/ros2_env/lib/gazebo-11/plugins PYTHONPATH=/home/irman/Humanoid-VLA-Simulations/install/controller_manager/lib/python3.11/site-packages:/home/irman/Humanoid-VLA-Simulations/install/controller_manager_msgs/lib/python3.11/site-packages:${PYTHONPATH} /home/irman/micromamba/envs/ros2_env/bin/cmake /home/irman/Humanoid-VLA-Simulations/src/ros2_controllers/steering_controllers_library -DCMAKE_INSTALL_PREFIX=/home/irman/Humanoid-VLA-Simulations/install/steering_controllers_library
[0.669s] -- The CXX compiler identification is GNU 14.3.0
[0.669s] -- Detecting CXX compiler ABI info
[0.669s] -- Detecting CXX compiler ABI info - done
[0.669s] -- Check for working CXX compiler: /home/irman/micromamba/envs/ros2_env/bin/x86_64-conda-linux-gnu-c++ - skipped
[0.669s] -- Detecting CXX compile features
[0.669s] -- Detecting CXX compile features - done
[0.669s] -- Found ament_cmake: 1.3.12 (/home/irman/micromamba/envs/ros2_env/share/ament_cmake/cmake)
[1.128s] -- Found Python3: /home/irman/micromamba/envs/ros2_env/bin/python3 (found version "3.11.14") found components: Interpreter
[1.348s] -- Found control_msgs: 4.8.0 (/home/irman/micromamba/envs/ros2_env/share/control_msgs/cmake)
[1.533s] -- Found rosidl_generator_c: 3.1.6 (/home/irman/micromamba/envs/ros2_env/share/rosidl_generator_c/cmake)
[1.557s] -- Found rosidl_adapter: 3.1.6 (/home/irman/micromamba/envs/ros2_env/share/rosidl_adapter/cmake)
[1.588s] -- Found rosidl_generator_cpp: 3.1.6 (/home/irman/micromamba/envs/ros2_env/share/rosidl_generator_cpp/cmake)
[1.630s] -- Using all available rosidl_typesupport_c: rosidl_typesupport_fastrtps_c;rosidl_typesupport_introspection_c
[1.732s] -- Using all available rosidl_typesupport_cpp: rosidl_typesupport_fastrtps_cpp;rosidl_typesupport_introspection_cpp
[2.152s] -- Found controller_interface: 2.52.2 (/home/irman/Humanoid-VLA-Simulations/install/controller_interface/share/controller_interface/cmake)
[2.265s] -- Found TinyXML2 via Config file: /home/irman/micromamba/envs/ros2_env/lib/cmake/tinyxml2
[2.471s] -- Checking for module 'yaml-0.1'
[2.669s] --   Found yaml-0.1, version 0.2.5
[3.146s] -- Found rmw_implementation_cmake: 6.1.2 (/home/irman/micromamba/envs/ros2_env/share/rmw_implementation_cmake/cmake)
[3.156s] -- Found rmw_fastrtps_cpp: 6.2.7 (/home/irman/micromamba/envs/ros2_env/share/rmw_fastrtps_cpp/cmake)
[3.266s] -- Found TinyXML2 via Config file: /home/irman/micromamba/envs/ros2_env/lib/cmake/tinyxml2
[3.984s] -- Found OpenSSL: /home/irman/micromamba/envs/ros2_env/lib/libcrypto.so (found version "3.5.4")
[3.992s] -- Found TinyXML2 via Config file: /home/irman/micromamba/envs/ros2_env/lib/cmake/tinyxml2
[4.079s] -- Found FastRTPS: /home/irman/micromamba/envs/ros2_env/include
[4.088s] -- Found TinyXML2 via Config file: /home/irman/micromamba/envs/ros2_env/lib/cmake/tinyxml2
[4.130s] -- Found TinyXML2 via Config file: /home/irman/micromamba/envs/ros2_env/lib/cmake/tinyxml2
[4.187s] -- Using RMW implementation 'rmw_fastrtps_cpp' as default
[4.222s] -- Performing Test CMAKE_HAVE_LIBC_PTHREAD
[4.459s] -- Performing Test CMAKE_HAVE_LIBC_PTHREAD - Success
[4.463s] -- Found Threads: TRUE
[4.684s] -- Found generate_parameter_library: 0.5.0 (/home/irman/micromamba/envs/ros2_env/share/generate_parameter_library/cmake)
[4.704s] -- Found parameter_traits: 0.5.0 (/home/irman/micromamba/envs/ros2_env/share/parameter_traits/cmake)
[4.782s] -- Found nav_msgs: 4.9.0 (/home/irman/micromamba/envs/ros2_env/share/nav_msgs/cmake)
[4.849s] -- Found realtime_tools: 2.14.0 (/home/irman/micromamba/envs/ros2_env/share/realtime_tools/cmake)
[4.912s] -- Found std_srvs: 4.9.0 (/home/irman/micromamba/envs/ros2_env/share/std_srvs/cmake)
[4.950s] -- Found tf2: 0.25.14 (/home/irman/micromamba/envs/ros2_env/share/tf2/cmake)
[4.970s] -- Found tf2_msgs: 0.25.14 (/home/irman/micromamba/envs/ros2_env/share/tf2_msgs/cmake)
[5.042s] -- Found tf2_geometry_msgs: 0.25.14 (/home/irman/micromamba/envs/ros2_env/share/tf2_geometry_msgs/cmake)
[5.079s] -- Found eigen3_cmake_module: 0.1.1 (/home/irman/micromamba/envs/ros2_env/share/eigen3_cmake_module/cmake)
[5.079s] -- Found Eigen3: TRUE (found version "3.4.0")
[5.079s] -- Ensuring Eigen3 include directory is part of orocos-kdl CMake target
[5.223s] -- Found ament_cmake_gmock: 1.3.12 (/home/irman/micromamba/envs/ros2_env/share/ament_cmake_gmock/cmake)
[5.226s] -- Found controller_manager: 2.52.2 (/home/irman/Humanoid-VLA-Simulations/install/controller_manager/share/controller_manager/cmake)
[5.276s] -- Found ros2_control_test_assets: 2.52.2 (/home/irman/Humanoid-VLA-Simulations/install/ros2_control_test_assets/share/ros2_control_test_assets/cmake)
[5.289s] -- Found gmock sources under '/home/irman/micromamba/envs/ros2_env/src/gmock_vendor': C++ tests using 'Google Mock' will be built
[5.432s] -- The C compiler identification is GNU 14.3.0
[5.453s] -- Detecting C compiler ABI info
[5.597s] -- Detecting C compiler ABI info - done
[5.627s] -- Check for working C compiler: /home/irman/micromamba/envs/ros2_env/bin/x86_64-conda-linux-gnu-cc - skipped
[5.627s] -- Detecting C compile features
[5.628s] -- Detecting C compile features - done
[5.640s] CMake Deprecation Warning at /home/irman/micromamba/envs/ros2_env/src/gmock_vendor/CMakeLists.txt:2 (cmake_minimum_required):
[5.640s]   Compatibility with CMake < 3.10 will be removed from a future version of
[5.640s]   CMake.
[5.640s] 
[5.640s]   Update the VERSION argument <min> value.  Or, use the <min>...<max> syntax
[5.640s]   to tell CMake that the project requires at least <min> but has been updated
[5.640s]   to work with policies introduced by <max> or earlier.
[5.640s] 
[5.640s] 
[5.658s] -- Found ament_cmake_gtest: 1.3.12 (/home/irman/micromamba/envs/ros2_env/share/ament_cmake_gtest/cmake)
[5.660s] -- Found gtest sources under '/home/irman/micromamba/envs/ros2_env/src/gtest_vendor': C++ tests using 'Google Test' will be built
[5.666s] CMake Deprecation Warning at /home/irman/micromamba/envs/ros2_env/src/gtest_vendor/CMakeLists.txt:2 (cmake_minimum_required):
[5.666s]   Compatibility with CMake < 3.10 will be removed from a future version of
[5.666s]   CMake.
[5.666s] 
[5.666s]   Update the VERSION argument <min> value.  Or, use the <min>...<max> syntax
[5.667s]   to tell CMake that the project requires at least <min> but has been updated
[5.667s]   to work with policies introduced by <max> or earlier.
[5.667s] 
[5.667s] 
[5.668s] -- Found gmock sources under '/home/irman/micromamba/envs/ros2_env/src/gmock_vendor': C++ tests using 'Google Mock' will be built
[5.668s] -- Found ament_cmake_gtest: 1.3.12 (/home/irman/micromamba/envs/ros2_env/share/ament_cmake_gtest/cmake)
[5.669s] -- Found gtest sources under '/home/irman/micromamba/envs/ros2_env/src/gtest_vendor': C++ tests using 'Google Test' will be built
[5.771s] -- Configuring done (5.7s)
[5.826s] -- Generating done (0.1s)
[5.833s] -- Build files have been written to: /home/irman/Humanoid-VLA-Simulations/build/steering_controllers_library
