[0.018s] Invoking command in '/home/irman/Humanoid-VLA-Simulations/build/g1_gazebo_sim': AMENT_PREFIX_PATH=/home/irman/Humanoid-VLA-Simulations/install/g1_package:${AMENT_PREFIX_PATH} CMAKE_PREFIX_PATH=/home/irman/Humanoid-VLA-Simulations/install/g1_package:${CMAKE_PREFIX_PATH} CONDA_PROMPT_MODIFIER=(ros2_env) DEBUGINFOD_URLS=https://debuginfod.ubuntu.com /home/irman/micromamba/envs/ros2_env/bin/cmake --build /home/irman/Humanoid-VLA-Simulations/build/g1_gazebo_sim -- -j16 -l16
[0.092s] Invoked command in '/home/irman/Humanoid-VLA-Simulations/build/g1_gazebo_sim' returned '0': AMENT_PREFIX_PATH=/home/irman/Humanoid-VLA-Simulations/install/g1_package:${AMENT_PREFIX_PATH} CMAKE_PREFIX_PATH=/home/irman/Humanoid-VLA-Simulations/install/g1_package:${CMAKE_PREFIX_PATH} CONDA_PROMPT_MODIFIER=(ros2_env) DEBUGINFOD_URLS=https://debuginfod.ubuntu.com /home/irman/micromamba/envs/ros2_env/bin/cmake --build /home/irman/Humanoid-VLA-Simulations/build/g1_gazebo_sim -- -j16 -l16
[0.108s] Invoking command in '/home/irman/Humanoid-VLA-Simulations/build/g1_gazebo_sim': AMENT_PREFIX_PATH=/home/irman/Humanoid-VLA-Simulations/install/g1_package:${AMENT_PREFIX_PATH} CMAKE_PREFIX_PATH=/home/irman/Humanoid-VLA-Simulations/install/g1_package:${CMAKE_PREFIX_PATH} CONDA_PROMPT_MODIFIER=(ros2_env) DEBUGINFOD_URLS=https://debuginfod.ubuntu.com /home/irman/micromamba/envs/ros2_env/bin/cmake --install /home/irman/Humanoid-VLA-Simulations/build/g1_gazebo_sim
[0.120s] -- Install configuration: ""
[0.120s] -- Execute custom install script
[0.121s] -- Up-to-date symlink: /home/irman/Humanoid-VLA-Simulations/install/g1_gazebo_sim/share/g1_gazebo_sim//launch/gazebo_house.launch.py
[0.121s] -- Up-to-date symlink: /home/irman/Humanoid-VLA-Simulations/install/g1_gazebo_sim/share/g1_gazebo_sim//launch/gazebo_house_ros2_control.launch.py
[0.121s] -- Up-to-date symlink: /home/irman/Humanoid-VLA-Simulations/install/g1_gazebo_sim/share/g1_gazebo_sim//launch/gazebo_house_wasd.launch.py
[0.121s] -- Up-to-date symlink: /home/irman/Humanoid-VLA-Simulations/install/g1_gazebo_sim/share/g1_gazebo_sim//launch/gazebo_robot_only.launch.py
[0.121s] -- Up-to-date symlink: /home/irman/Humanoid-VLA-Simulations/install/g1_gazebo_sim/share/g1_gazebo_sim//launch/gazebo_robot_ros2_control.launch.py
[0.121s] -- Up-to-date symlink: /home/irman/Humanoid-VLA-Simulations/install/g1_gazebo_sim/share/g1_gazebo_sim//worlds/small_house.world
[0.122s] -- Up-to-date symlink: /home/irman/Humanoid-VLA-Simulations/install/g1_gazebo_sim/share/g1_gazebo_sim//config/gazebo.rviz
[0.130s] -- Up-to-date symlink: /home/irman/Humanoid-VLA-Simulations/install/g1_gazebo_sim/share/g1_gazebo_sim//models/aws_robomaker_residential_AirconditionerA_01/materials/textures/aws_AirconditionerA_01.png
[0.130s] -- Up-to-date symlink: /home/irman/Humanoid-VLA-Simulations/install/g1_gazebo_sim/share/g1_gazebo_sim//models/aws_robomaker_residential_AirconditionerA_01/meshes/aws_AirconditionerA_01_collision.DAE
[0.130s] -- Up-to-date symlink: /home/irman/Humanoid-VLA-Simulations/install/g1_gazebo_sim/share/g1_gazebo_sim//models/aws_robomaker_residential_AirconditionerA_01/meshes/aws_AirconditionerA_01_visual.DAE
[0.131s] -- Up-to-date symlink: /home/irman/Humanoid-VLA-Simulations/install/g1_gazebo_sim/share/g1_gazebo_sim//models/aws_robomaker_residential_AirconditionerA_01/model.config
[0.131s] -- Up-to-date symlink: /home/irman/Humanoid-VLA-Simulations/install/g1_gazebo_sim/share/g1_gazebo_sim//models/aws_robomaker_residential_AirconditionerA_01/model.sdf
[0.131s] -- Up-to-date symlink: /home/irman/Humanoid-VLA-Simulations/install/g1_gazebo_sim/share/g1_gazebo_sim//models/aws_robomaker_residential_AirconditionerB_01/materials/textures/aws_AirconditionerB_01.png
[0.131s] -- Up-to-date symlink: /home/irman/Humanoid-VLA-Simulations/install/g1_gazebo_sim/share/g1_gazebo_sim//models/aws_robomaker_residential_AirconditionerB_01/meshes/aws_AirconditionerB_01_collision.DAE
[0.131s] -- Up-to-date symlink: /home/irman/Humanoid-VLA-Simulations/install/g1_gazebo_sim/share/g1_gazebo_sim//models/aws_robomaker_residential_AirconditionerB_01/meshes/aws_AirconditionerB_01_visual.DAE
[0.131s] -- Up-to-date symlink: /home/irman/Humanoid-VLA-Simulations/install/g1_gazebo_sim/share/g1_gazebo_sim//models/aws_robomaker_residential_AirconditionerB_01/model.config
[0.131s] -- Up-to-date symlink: /home/irman/Humanoid-VLA-Simulations/install/g1_gazebo_sim/share/g1_gazebo_sim//models/aws_robomaker_residential_AirconditionerB_01/model.sdf
[0.131s] -- Up-to-date symlink: /home/irman/Humanoid-VLA-Simulations/install/g1_gazebo_sim/share/g1_gazebo_sim//models/aws_robomaker_residential_BalconyTable_01/materials/textures/aws_BalconyTable_01.png
[0.131s] -- Up-to-date symlink: /home/irman/Humanoid-VLA-Simulations/install/g1_gazebo_sim/share/g1_gazebo_sim//models/aws_robomaker_residential_BalconyTable_01/meshes/aws_BalconyTable_01_collision.DAE
[0.131s] -- Up-to-date symlink: /home/irman/Humanoid-VLA-Simulations/install/g1_gazebo_sim/share/g1_gazebo_sim//models/aws_robomaker_residential_BalconyTable_01/meshes/aws_BalconyTable_01_visual.DAE
[0.131s] -- Up-to-date symlink: /home/irman/Humanoid-VLA-Simulations/install/g1_gazebo_sim/share/g1_gazebo_sim//models/aws_robomaker_residential_BalconyTable_01/model.config
[0.132s] -- Up-to-date symlink: /home/irman/Humanoid-VLA-Simulations/install/g1_gazebo_sim/share/g1_gazebo_sim//models/aws_robomaker_residential_BalconyTable_01/model.sdf
[0.132s] -- Up-to-date symlink: /home/irman/Humanoid-VLA-Simulations/install/g1_gazebo_sim/share/g1_gazebo_sim//models/aws_robomaker_residential_Ball_01/materials/textures/aws_Ball_01.png
[0.132s] -- Up-to-date symlink: /home/irman/Humanoid-VLA-Simulations/install/g1_gazebo_sim/share/g1_gazebo_sim//models/aws_robomaker_residential_Ball_01/meshes/aws_Ball_01_collision.DAE
[0.132s] -- Up-to-date symlink: /home/irman/Humanoid-VLA-Simulations/install/g1_gazebo_sim/share/g1_gazebo_sim//models/aws_robomaker_residential_Ball_01/meshes/aws_Ball_01_visual.DAE
[0.132s] -- Up-to-date symlink: /home/irman/Humanoid-VLA-Simulations/install/g1_gazebo_sim/share/g1_gazebo_sim//models/aws_robomaker_residential_Ball_01/model.config
[0.132s] -- Up-to-date symlink: /home/irman/Humanoid-VLA-Simulations/install/g1_gazebo_sim/share/g1_gazebo_sim//models/aws_robomaker_residential_Ball_01/model.sdf
[0.132s] -- Up-to-date symlink: /home/irman/Humanoid-VLA-Simulations/install/g1_gazebo_sim/share/g1_gazebo_sim//models/aws_robomaker_residential_Bed_01/materials/textures/aws_BedA_01.png
[0.132s] -- Up-to-date symlink: /home/irman/Humanoid-VLA-Simulations/install/g1_gazebo_sim/share/g1_gazebo_sim//models/aws_robomaker_residential_Bed_01/materials/textures/aws_BedB_01.png
[0.132s] -- Up-to-date symlink: /home/irman/Humanoid-VLA-Simulations/install/g1_gazebo_sim/share/g1_gazebo_sim//models/aws_robomaker_residential_Bed_01/materials/textures/aws_BedC_01.png
[0.132s] -- Up-to-date symlink: /home/irman/Humanoid-VLA-Simulations/install/g1_gazebo_sim/share/g1_gazebo_sim//models/aws_robomaker_residential_Bed_01/materials/textures/aws_Bed_01.png
[0.132s] -- Up-to-date symlink: /home/irman/Humanoid-VLA-Simulations/install/g1_gazebo_sim/share/g1_gazebo_sim//models/aws_robomaker_residential_Bed_01/meshes/aws_Bed_01_collision.DAE
[0.132s] -- Up-to-date symlink: /home/irman/Humanoid-VLA-Simulations/install/g1_gazebo_sim/share/g1_gazebo_sim//models/aws_robomaker_residential_Bed_01/meshes/aws_Bed_01_visual.DAE
[0.132s] -- Up-to-date symlink: /home/irman/Humanoid-VLA-Simulations/install/g1_gazebo_sim/share/g1_gazebo_sim//models/aws_robomaker_residential_Bed_01/model.config
[0.132s] -- Up-to-date symlink: /home/irman/Humanoid-VLA-Simulations/install/g1_gazebo_sim/share/g1_gazebo_sim//models/aws_robomaker_residential_Bed_01/model.sdf
[0.132s] -- Up-to-date symlink: /home/irman/Humanoid-VLA-Simulations/install/g1_gazebo_sim/share/g1_gazebo_sim//models/aws_robomaker_residential_Board_01/materials/textures/aws_Board_01.png
[0.132s] -- Up-to-date symlink: /home/irman/Humanoid-VLA-Simulations/install/g1_gazebo_sim/share/g1_gazebo_sim//models/aws_robomaker_residential_Board_01/meshes/aws_Board_01_collision.DAE
[0.133s] -- Up-to-date symlink: /home/irman/Humanoid-VLA-Simulations/install/g1_gazebo_sim/share/g1_gazebo_sim//models/aws_robomaker_residential_Board_01/meshes/aws_Board_01_visual.DAE
[0.133s] -- Up-to-date symlink: /home/irman/Humanoid-VLA-Simulations/install/g1_gazebo_sim/share/g1_gazebo_sim//models/aws_robomaker_residential_Board_01/model.config
[0.133s] -- Up-to-date symlink: /home/irman/Humanoid-VLA-Simulations/install/g1_gazebo_sim/share/g1_gazebo_sim//models/aws_robomaker_residential_Board_01/model.sdf
[0.133s] -- Up-to-date symlink: /home/irman/Humanoid-VLA-Simulations/install/g1_gazebo_sim/share/g1_gazebo_sim//models/aws_robomaker_residential_Carpet_01/materials/textures/aws_Carpet_01.png
[0.133s] -- Up-to-date symlink: /home/irman/Humanoid-VLA-Simulations/install/g1_gazebo_sim/share/g1_gazebo_sim//models/aws_robomaker_residential_Carpet_01/meshes/aws_Carpet_01_collision.DAE
[0.133s] -- Up-to-date symlink: /home/irman/Humanoid-VLA-Simulations/install/g1_gazebo_sim/share/g1_gazebo_sim//models/aws_robomaker_residential_Carpet_01/meshes/aws_Carpet_01_visual.DAE
[0.133s] -- Up-to-date symlink: /home/irman/Humanoid-VLA-Simulations/install/g1_gazebo_sim/share/g1_gazebo_sim//models/aws_robomaker_residential_Carpet_01/model.config
[0.133s] -- Up-to-date symlink: /home/irman/Humanoid-VLA-Simulations/install/g1_gazebo_sim/share/g1_gazebo_sim//models/aws_robomaker_residential_Carpet_01/model.sdf
[0.133s] -- Up-to-date symlink: /home/irman/Humanoid-VLA-Simulations/install/g1_gazebo_sim/share/g1_gazebo_sim//models/aws_robomaker_residential_ChairA_01/materials/textures/aws_ChairA_01.png
[0.133s] -- Up-to-date symlink: /home/irman/Humanoid-VLA-Simulations/install/g1_gazebo_sim/share/g1_gazebo_sim//models/aws_robomaker_residential_ChairA_01/meshes/aws_ChairA_01_collision.DAE
[0.133s] -- Up-to-date symlink: /home/irman/Humanoid-VLA-Simulations/install/g1_gazebo_sim/share/g1_gazebo_sim//models/aws_robomaker_residential_ChairA_01/meshes/aws_ChairA_01_visual.DAE
[0.134s] -- Up-to-date symlink: /home/irman/Humanoid-VLA-Simulations/install/g1_gazebo_sim/share/g1_gazebo_sim//models/aws_robomaker_residential_ChairA_01/model.config
[0.134s] -- Up-to-date symlink: /home/irman/Humanoid-VLA-Simulations/install/g1_gazebo_sim/share/g1_gazebo_sim//models/aws_robomaker_residential_ChairA_01/model.sdf
[0.134s] -- Up-to-date symlink: /home/irman/Humanoid-VLA-Simulations/install/g1_gazebo_sim/share/g1_gazebo_sim//models/aws_robomaker_residential_ChairD_01/materials/textures/aws_ChairD_01.png
[0.134s] -- Up-to-date symlink: /home/irman/Humanoid-VLA-Simulations/install/g1_gazebo_sim/share/g1_gazebo_sim//models/aws_robomaker_residential_ChairD_01/meshes/aws_ChairD_01_collision.DAE
[0.134s] -- Up-to-date symlink: /home/irman/Humanoid-VLA-Simulations/install/g1_gazebo_sim/share/g1_gazebo_sim//models/aws_robomaker_residential_ChairD_01/meshes/aws_ChairD_01_visual.DAE
[0.134s] -- Up-to-date symlink: /home/irman/Humanoid-VLA-Simulations/install/g1_gazebo_sim/share/g1_gazebo_sim//models/aws_robomaker_residential_ChairD_01/model.config
[0.134s] -- Up-to-date symlink: /home/irman/Humanoid-VLA-Simulations/install/g1_gazebo_sim/share/g1_gazebo_sim//models/aws_robomaker_residential_ChairD_01/model.sdf
[0.134s] -- Up-to-date symlink: /home/irman/Humanoid-VLA-Simulations/install/g1_gazebo_sim/share/g1_gazebo_sim//models/aws_robomaker_residential_Chandelier_01/materials/textures/aws_Chandelier_01.png
[0.135s] -- Up-to-date symlink: /home/irman/Humanoid-VLA-Simulations/install/g1_gazebo_sim/share/g1_gazebo_sim//models/aws_robomaker_residential_Chandelier_01/meshes/aws_Chandelier_01.DAE
[0.135s] -- Up-to-date symlink: /home/irman/Humanoid-VLA-Simulations/install/g1_gazebo_sim/share/g1_gazebo_sim//models/aws_robomaker_residential_Chandelier_01/meshes/aws_Chandelier_01_collision.DAE
[0.135s] -- Up-to-date symlink: /home/irman/Humanoid-VLA-Simulations/install/g1_gazebo_sim/share/g1_gazebo_sim//models/aws_robomaker_residential_Chandelier_01/meshes/aws_Chandelier_01_visual.DAE
[0.135s] -- Up-to-date symlink: /home/irman/Humanoid-VLA-Simulations/install/g1_gazebo_sim/share/g1_gazebo_sim//models/aws_robomaker_residential_Chandelier_01/model.config
[0.135s] -- Up-to-date symlink: /home/irman/Humanoid-VLA-Simulations/install/g1_gazebo_sim/share/g1_gazebo_sim//models/aws_robomaker_residential_Chandelier_01/model.sdf
[0.135s] -- Up-to-date symlink: /home/irman/Humanoid-VLA-Simulations/install/g1_gazebo_sim/share/g1_gazebo_sim//models/aws_robomaker_residential_CoffeeTable_01/materials/textures/aws_CoffeeTable_01.png
[0.135s] -- Up-to-date symlink: /home/irman/Humanoid-VLA-Simulations/install/g1_gazebo_sim/share/g1_gazebo_sim//models/aws_robomaker_residential_CoffeeTable_01/meshes/aws_CoffeeTable_01_collision.DAE
[0.135s] -- Up-to-date symlink: /home/irman/Humanoid-VLA-Simulations/install/g1_gazebo_sim/share/g1_gazebo_sim//models/aws_robomaker_residential_CoffeeTable_01/meshes/aws_CoffeeTable_01_visual.DAE
[0.135s] -- Up-to-date symlink: /home/irman/Humanoid-VLA-Simulations/install/g1_gazebo_sim/share/g1_gazebo_sim//models/aws_robomaker_residential_CoffeeTable_01/model.config
[0.135s] -- Up-to-date symlink: /home/irman/Humanoid-VLA-Simulations/install/g1_gazebo_sim/share/g1_gazebo_sim//models/aws_robomaker_residential_CoffeeTable_01/model.sdf
[0.135s] -- Up-to-date symlink: /home/irman/Humanoid-VLA-Simulations/install/g1_gazebo_sim/share/g1_gazebo_sim//models/aws_robomaker_residential_CookingBench_01/materials/textures/aws_CookingBench_01.png
[0.135s] -- Up-to-date symlink: /home/irman/Humanoid-VLA-Simulations/install/g1_gazebo_sim/share/g1_gazebo_sim//models/aws_robomaker_residential_CookingBench_01/meshes/aws_CookingBench_01.DAE
[0.136s] -- Up-to-date symlink: /home/irman/Humanoid-VLA-Simulations/install/g1_gazebo_sim/share/g1_gazebo_sim//models/aws_robomaker_residential_CookingBench_01/meshes/aws_CookingBench_01_collision.DAE
[0.136s] -- Up-to-date symlink: /home/irman/Humanoid-VLA-Simulations/install/g1_gazebo_sim/share/g1_gazebo_sim//models/aws_robomaker_residential_CookingBench_01/meshes/aws_CookingBench_01_visual.DAE
[0.136s] -- Up-to-date symlink: /home/irman/Humanoid-VLA-Simulations/install/g1_gazebo_sim/share/g1_gazebo_sim//models/aws_robomaker_residential_CookingBench_01/model.config
[0.136s] -- Up-to-date symlink: /home/irman/Humanoid-VLA-Simulations/install/g1_gazebo_sim/share/g1_gazebo_sim//models/aws_robomaker_residential_CookingBench_01/model.sdf
[0.136s] -- Up-to-date symlink: /home/irman/Humanoid-VLA-Simulations/install/g1_gazebo_sim/share/g1_gazebo_sim//models/aws_robomaker_residential_Curtain_01/materials/textures/aws_Curtain_01.png
[0.136s] -- Up-to-date symlink: /home/irman/Humanoid-VLA-Simulations/install/g1_gazebo_sim/share/g1_gazebo_sim//models/aws_robomaker_residential_Curtain_01/meshes/aws_Curtain_01_collision.DAE
[0.136s] -- Up-to-date symlink: /home/irman/Humanoid-VLA-Simulations/install/g1_gazebo_sim/share/g1_gazebo_sim//models/aws_robomaker_residential_Curtain_01/meshes/aws_Curtain_01_visual.DAE
[0.136s] -- Up-to-date symlink: /home/irman/Humanoid-VLA-Simulations/install/g1_gazebo_sim/share/g1_gazebo_sim//models/aws_robomaker_residential_Curtain_01/model.config
[0.136s] -- Up-to-date symlink: /home/irman/Humanoid-VLA-Simulations/install/g1_gazebo_sim/share/g1_gazebo_sim//models/aws_robomaker_residential_Curtain_01/model.sdf
[0.136s] -- Up-to-date symlink: /home/irman/Humanoid-VLA-Simulations/install/g1_gazebo_sim/share/g1_gazebo_sim//models/aws_robomaker_residential_DeskPortraitA_01/materials/textures/DeskPortraitA_01.jpg
[0.136s] -- Up-to-date symlink: /home/irman/Humanoid-VLA-Simulations/install/g1_gazebo_sim/share/g1_gazebo_sim//models/aws_robomaker_residential_DeskPortraitA_01/materials/textures/aws_DeskPortraitA_01.png
[0.137s] -- Up-to-date symlink: /home/irman/Humanoid-VLA-Simulations/install/g1_gazebo_sim/share/g1_gazebo_sim//models/aws_robomaker_residential_DeskPortraitA_01/materials/textures/aws_DeskPortraitA_02.png
[0.137s] -- Up-to-date symlink: /home/irman/Humanoid-VLA-Simulations/install/g1_gazebo_sim/share/g1_gazebo_sim//models/aws_robomaker_residential_DeskPortraitA_01/meshes/aws_DeskPortraitA_01_collision.DAE
[0.137s] -- Up-to-date symlink: /home/irman/Humanoid-VLA-Simulations/install/g1_gazebo_sim/share/g1_gazebo_sim//models/aws_robomaker_residential_DeskPortraitA_01/meshes/aws_DeskPortraitA_01_visual.DAE
[0.137s] -- Up-to-date symlink: /home/irman/Humanoid-VLA-Simulations/install/g1_gazebo_sim/share/g1_gazebo_sim//models/aws_robomaker_residential_DeskPortraitA_01/model.config
[0.137s] -- Up-to-date symlink: /home/irman/Humanoid-VLA-Simulations/install/g1_gazebo_sim/share/g1_gazebo_sim//models/aws_robomaker_residential_DeskPortraitA_01/model.sdf
[0.137s] -- Up-to-date symlink: /home/irman/Humanoid-VLA-Simulations/install/g1_gazebo_sim/share/g1_gazebo_sim//models/aws_robomaker_residential_DeskPortraitA_02/materials/textures/DeskPortraitA_02.jpg
[0.137s] -- Up-to-date symlink: /home/irman/Humanoid-VLA-Simulations/install/g1_gazebo_sim/share/g1_gazebo_sim//models/aws_robomaker_residential_DeskPortraitA_02/materials/textures/aws_DeskPortraitA_01.png
[0.137s] -- Up-to-date symlink: /home/irman/Humanoid-VLA-Simulations/install/g1_gazebo_sim/share/g1_gazebo_sim//models/aws_robomaker_residential_DeskPortraitA_02/materials/textures/aws_DeskPortraitA_02.png
[0.137s] -- Up-to-date symlink: /home/irman/Humanoid-VLA-Simulations/install/g1_gazebo_sim/share/g1_gazebo_sim//models/aws_robomaker_residential_DeskPortraitA_02/meshes/aws_DeskPortraitA_01_collision.DAE
[0.137s] -- Up-to-date symlink: /home/irman/Humanoid-VLA-Simulations/install/g1_gazebo_sim/share/g1_gazebo_sim//models/aws_robomaker_residential_DeskPortraitA_02/meshes/aws_DeskPortraitA_01_visual.DAE
[0.137s] -- Up-to-date symlink: /home/irman/Humanoid-VLA-Simulations/install/g1_gazebo_sim/share/g1_gazebo_sim//models/aws_robomaker_residential_DeskPortraitA_02/model.config
[0.138s] -- Up-to-date symlink: /home/irman/Humanoid-VLA-Simulations/install/g1_gazebo_sim/share/g1_gazebo_sim//models/aws_robomaker_residential_DeskPortraitA_02/model.sdf
[0.138s] -- Up-to-date symlink: /home/irman/Humanoid-VLA-Simulations/install/g1_gazebo_sim/share/g1_gazebo_sim//models/aws_robomaker_residential_DeskPortraitB_01/materials/textures/DeskPortraitB_01.jpg
[0.138s] -- Up-to-date symlink: /home/irman/Humanoid-VLA-Simulations/install/g1_gazebo_sim/share/g1_gazebo_sim//models/aws_robomaker_residential_DeskPortraitB_01/materials/textures/aws_DeskPortraitB_01.png
[0.139s] -- Up-to-date symlink: /home/irman/Humanoid-VLA-Simulations/install/g1_gazebo_sim/share/g1_gazebo_sim//models/aws_robomaker_residential_DeskPortraitB_01/materials/textures/aws_DeskPortraitB_02.png
[0.139s] -- Up-to-date symlink: /home/irman/Humanoid-VLA-Simulations/install/g1_gazebo_sim/share/g1_gazebo_sim//models/aws_robomaker_residential_DeskPortraitB_01/meshes/aws_DeskPortraitB_01_collision.DAE
[0.139s] -- Up-to-date symlink: /home/irman/Humanoid-VLA-Simulations/install/g1_gazebo_sim/share/g1_gazebo_sim//models/aws_robomaker_residential_DeskPortraitB_01/meshes/aws_DeskPortraitB_01_visual.DAE
[0.139s] -- Up-to-date symlink: /home/irman/Humanoid-VLA-Simulations/install/g1_gazebo_sim/share/g1_gazebo_sim//models/aws_robomaker_residential_DeskPortraitB_01/model.config
[0.139s] -- Up-to-date symlink: /home/irman/Humanoid-VLA-Simulations/install/g1_gazebo_sim/share/g1_gazebo_sim//models/aws_robomaker_residential_DeskPortraitB_01/model.sdf
[0.139s] -- Up-to-date symlink: /home/irman/Humanoid-VLA-Simulations/install/g1_gazebo_sim/share/g1_gazebo_sim//models/aws_robomaker_residential_DeskPortraitB_02/materials/textures/DeskPortraitB_02.jpg
[0.139s] -- Up-to-date symlink: /home/irman/Humanoid-VLA-Simulations/install/g1_gazebo_sim/share/g1_gazebo_sim//models/aws_robomaker_residential_DeskPortraitB_02/materials/textures/aws_DeskPortraitB_01.png
[0.139s] -- Up-to-date symlink: /home/irman/Humanoid-VLA-Simulations/install/g1_gazebo_sim/share/g1_gazebo_sim//models/aws_robomaker_residential_DeskPortraitB_02/materials/textures/aws_DeskPortraitB_02.png
[0.139s] -- Up-to-date symlink: /home/irman/Humanoid-VLA-Simulations/install/g1_gazebo_sim/share/g1_gazebo_sim//models/aws_robomaker_residential_DeskPortraitB_02/meshes/aws_DeskPortraitB_01_collision.DAE
[0.139s] -- Up-to-date symlink: /home/irman/Humanoid-VLA-Simulations/install/g1_gazebo_sim/share/g1_gazebo_sim//models/aws_robomaker_residential_DeskPortraitB_02/meshes/aws_DeskPortraitB_01_visual.DAE
[0.139s] -- Up-to-date symlink: /home/irman/Humanoid-VLA-Simulations/install/g1_gazebo_sim/share/g1_gazebo_sim//models/aws_robomaker_residential_DeskPortraitB_02/model.config
[0.139s] -- Up-to-date symlink: /home/irman/Humanoid-VLA-Simulations/install/g1_gazebo_sim/share/g1_gazebo_sim//models/aws_robomaker_residential_DeskPortraitB_02/model.sdf
[0.139s] -- Up-to-date symlink: /home/irman/Humanoid-VLA-Simulations/install/g1_gazebo_sim/share/g1_gazebo_sim//models/aws_robomaker_residential_DeskPortraitC_01/materials/textures/DeskPortraitC_01.jpg
[0.139s] -- Up-to-date symlink: /home/irman/Humanoid-VLA-Simulations/install/g1_gazebo_sim/share/g1_gazebo_sim//models/aws_robomaker_residential_DeskPortraitC_01/materials/textures/aws_DeskPortraitC_01.png
[0.139s] -- Up-to-date symlink: /home/irman/Humanoid-VLA-Simulations/install/g1_gazebo_sim/share/g1_gazebo_sim//models/aws_robomaker_residential_DeskPortraitC_01/materials/textures/aws_DeskPortraitC_02.png
[0.139s] -- Up-to-date symlink: /home/irman/Humanoid-VLA-Simulations/install/g1_gazebo_sim/share/g1_gazebo_sim//models/aws_robomaker_residential_DeskPortraitC_01/meshes/aws_DeskPortraitC_01_collision.DAE
[0.139s] -- Up-to-date symlink: /home/irman/Humanoid-VLA-Simulations/install/g1_gazebo_sim/share/g1_gazebo_sim//models/aws_robomaker_residential_DeskPortraitC_01/meshes/aws_DeskPortraitC_01_visual.DAE
[0.140s] -- Up-to-date symlink: /home/irman/Humanoid-VLA-Simulations/install/g1_gazebo_sim/share/g1_gazebo_sim//models/aws_robomaker_residential_DeskPortraitC_01/model.config
[0.140s] -- Up-to-date symlink: /home/irman/Humanoid-VLA-Simulations/install/g1_gazebo_sim/share/g1_gazebo_sim//models/aws_robomaker_residential_DeskPortraitC_01/model.sdf
[0.140s] -- Up-to-date symlink: /home/irman/Humanoid-VLA-Simulations/install/g1_gazebo_sim/share/g1_gazebo_sim//models/aws_robomaker_residential_DeskPortraitC_02/materials/textures/DeskPortraitC_02.jpg
[0.140s] -- Up-to-date symlink: /home/irman/Humanoid-VLA-Simulations/install/g1_gazebo_sim/share/g1_gazebo_sim//models/aws_robomaker_residential_DeskPortraitC_02/materials/textures/aws_DeskPortraitC_01.png
[0.140s] -- Up-to-date symlink: /home/irman/Humanoid-VLA-Simulations/install/g1_gazebo_sim/share/g1_gazebo_sim//models/aws_robomaker_residential_DeskPortraitC_02/materials/textures/aws_DeskPortraitC_02.png
[0.140s] -- Up-to-date symlink: /home/irman/Humanoid-VLA-Simulations/install/g1_gazebo_sim/share/g1_gazebo_sim//models/aws_robomaker_residential_DeskPortraitC_02/meshes/aws_DeskPortraitC_01_collision.DAE
[0.140s] -- Up-to-date symlink: /home/irman/Humanoid-VLA-Simulations/install/g1_gazebo_sim/share/g1_gazebo_sim//models/aws_robomaker_residential_DeskPortraitC_02/meshes/aws_DeskPortraitC_01_visual.DAE
[0.140s] -- Up-to-date symlink: /home/irman/Humanoid-VLA-Simulations/install/g1_gazebo_sim/share/g1_gazebo_sim//models/aws_robomaker_residential_DeskPortraitC_02/model.config
[0.140s] -- Up-to-date symlink: /home/irman/Humanoid-VLA-Simulations/install/g1_gazebo_sim/share/g1_gazebo_sim//models/aws_robomaker_residential_DeskPortraitC_02/model.sdf
[0.140s] -- Up-to-date symlink: /home/irman/Humanoid-VLA-Simulations/install/g1_gazebo_sim/share/g1_gazebo_sim//models/aws_robomaker_residential_DeskPortraitD_01/materials/textures/DeskPortraitD_01.jpg
[0.140s] -- Up-to-date symlink: /home/irman/Humanoid-VLA-Simulations/install/g1_gazebo_sim/share/g1_gazebo_sim//models/aws_robomaker_residential_DeskPortraitD_01/materials/textures/aws_DeskPortraitD_01.png
[0.141s] -- Up-to-date symlink: /home/irman/Humanoid-VLA-Simulations/install/g1_gazebo_sim/share/g1_gazebo_sim//models/aws_robomaker_residential_DeskPortraitD_01/materials/textures/aws_DeskPortraitD_02.png
[0.141s] -- Up-to-date symlink: /home/irman/Humanoid-VLA-Simulations/install/g1_gazebo_sim/share/g1_gazebo_sim//models/aws_robomaker_residential_DeskPortraitD_01/meshes/aws_DeskPortraitD_01_collision.DAE
[0.141s] -- Up-to-date symlink: /home/irman/Humanoid-VLA-Simulations/install/g1_gazebo_sim/share/g1_gazebo_sim//models/aws_robomaker_residential_DeskPortraitD_01/meshes/aws_DeskPortraitD_01_visual.DAE
[0.141s] -- Up-to-date symlink: /home/irman/Humanoid-VLA-Simulations/install/g1_gazebo_sim/share/g1_gazebo_sim//models/aws_robomaker_residential_DeskPortraitD_01/model.config
[0.141s] -- Up-to-date symlink: /home/irman/Humanoid-VLA-Simulations/install/g1_gazebo_sim/share/g1_gazebo_sim//models/aws_robomaker_residential_DeskPortraitD_01/model.sdf
[0.141s] -- Up-to-date symlink: /home/irman/Humanoid-VLA-Simulations/install/g1_gazebo_sim/share/g1_gazebo_sim//models/aws_robomaker_residential_DeskPortraitD_02/materials/textures/DeskPortraitD_02.jpg
[0.141s] -- Up-to-date symlink: /home/irman/Humanoid-VLA-Simulations/install/g1_gazebo_sim/share/g1_gazebo_sim//models/aws_robomaker_residential_DeskPortraitD_02/materials/textures/aws_DeskPortraitD_01.png
[0.141s] -- Up-to-date symlink: /home/irman/Humanoid-VLA-Simulations/install/g1_gazebo_sim/share/g1_gazebo_sim//models/aws_robomaker_residential_DeskPortraitD_02/materials/textures/aws_DeskPortraitD_02.png
[0.141s] -- Up-to-date symlink: /home/irman/Humanoid-VLA-Simulations/install/g1_gazebo_sim/share/g1_gazebo_sim//models/aws_robomaker_residential_DeskPortraitD_02/meshes/aws_DeskPortraitD_01_collision.DAE
[0.141s] -- Up-to-date symlink: /home/irman/Humanoid-VLA-Simulations/install/g1_gazebo_sim/share/g1_gazebo_sim//models/aws_robomaker_residential_DeskPortraitD_02/meshes/aws_DeskPortraitD_01_visual.DAE
[0.142s] -- Up-to-date symlink: /home/irman/Humanoid-VLA-Simulations/install/g1_gazebo_sim/share/g1_gazebo_sim//models/aws_robomaker_residential_DeskPortraitD_02/model.config
[0.142s] -- Up-to-date symlink: /home/irman/Humanoid-VLA-Simulations/install/g1_gazebo_sim/share/g1_gazebo_sim//models/aws_robomaker_residential_DeskPortraitD_02/model.sdf
[0.142s] -- Up-to-date symlink: /home/irman/Humanoid-VLA-Simulations/install/g1_gazebo_sim/share/g1_gazebo_sim//models/aws_robomaker_residential_DeskPortraitD_03/materials/textures/DeskPortraitD_03.jpg
[0.142s] -- Up-to-date symlink: /home/irman/Humanoid-VLA-Simulations/install/g1_gazebo_sim/share/g1_gazebo_sim//models/aws_robomaker_residential_DeskPortraitD_03/materials/textures/aws_DeskPortraitD_01.png
[0.142s] -- Up-to-date symlink: /home/irman/Humanoid-VLA-Simulations/install/g1_gazebo_sim/share/g1_gazebo_sim//models/aws_robomaker_residential_DeskPortraitD_03/materials/textures/aws_DeskPortraitD_02.png
[0.142s] -- Up-to-date symlink: /home/irman/Humanoid-VLA-Simulations/install/g1_gazebo_sim/share/g1_gazebo_sim//models/aws_robomaker_residential_DeskPortraitD_03/meshes/aws_DeskPortraitD_01_collision.DAE
[0.142s] -- Up-to-date symlink: /home/irman/Humanoid-VLA-Simulations/install/g1_gazebo_sim/share/g1_gazebo_sim//models/aws_robomaker_residential_DeskPortraitD_03/meshes/aws_DeskPortraitD_01_visual.DAE
[0.142s] -- Up-to-date symlink: /home/irman/Humanoid-VLA-Simulations/install/g1_gazebo_sim/share/g1_gazebo_sim//models/aws_robomaker_residential_DeskPortraitD_03/model.config
[0.142s] -- Up-to-date symlink: /home/irman/Humanoid-VLA-Simulations/install/g1_gazebo_sim/share/g1_gazebo_sim//models/aws_robomaker_residential_DeskPortraitD_03/model.sdf
[0.142s] -- Up-to-date symlink: /home/irman/Humanoid-VLA-Simulations/install/g1_gazebo_sim/share/g1_gazebo_sim//models/aws_robomaker_residential_DeskPortraitD_04/materials/textures/DeskPortraitD_04.jpg
[0.142s] -- Up-to-date symlink: /home/irman/Humanoid-VLA-Simulations/install/g1_gazebo_sim/share/g1_gazebo_sim//models/aws_robomaker_residential_DeskPortraitD_04/materials/textures/aws_DeskPortraitD_01.png
[0.143s] -- Up-to-date symlink: /home/irman/Humanoid-VLA-Simulations/install/g1_gazebo_sim/share/g1_gazebo_sim//models/aws_robomaker_residential_DeskPortraitD_04/materials/textures/aws_DeskPortraitD_02.png
[0.143s] -- Up-to-date symlink: /home/irman/Humanoid-VLA-Simulations/install/g1_gazebo_sim/share/g1_gazebo_sim//models/aws_robomaker_residential_DeskPortraitD_04/meshes/aws_DeskPortraitD_01_collision.DAE
[0.143s] -- Up-to-date symlink: /home/irman/Humanoid-VLA-Simulations/install/g1_gazebo_sim/share/g1_gazebo_sim//models/aws_robomaker_residential_DeskPortraitD_04/meshes/aws_DeskPortraitD_01_visual.DAE
[0.143s] -- Up-to-date symlink: /home/irman/Humanoid-VLA-Simulations/install/g1_gazebo_sim/share/g1_gazebo_sim//models/aws_robomaker_residential_DeskPortraitD_04/model.config
[0.143s] -- Up-to-date symlink: /home/irman/Humanoid-VLA-Simulations/install/g1_gazebo_sim/share/g1_gazebo_sim//models/aws_robomaker_residential_DeskPortraitD_04/model.sdf
[0.143s] -- Up-to-date symlink: /home/irman/Humanoid-VLA-Simulations/install/g1_gazebo_sim/share/g1_gazebo_sim//models/aws_robomaker_residential_Door_01/materials/textures/aws_Door_01.png
[0.143s] -- Up-to-date symlink: /home/irman/Humanoid-VLA-Simulations/install/g1_gazebo_sim/share/g1_gazebo_sim//models/aws_robomaker_residential_Door_01/meshes/aws_Door_01_collision.DAE
[0.143s] -- Up-to-date symlink: /home/irman/Humanoid-VLA-Simulations/install/g1_gazebo_sim/share/g1_gazebo_sim//models/aws_robomaker_residential_Door_01/meshes/aws_Door_01_visual.DAE
[0.143s] -- Up-to-date symlink: /home/irman/Humanoid-VLA-Simulations/install/g1_gazebo_sim/share/g1_gazebo_sim//models/aws_robomaker_residential_Door_01/model.config
[0.143s] -- Up-to-date symlink: /home/irman/Humanoid-VLA-Simulations/install/g1_gazebo_sim/share/g1_gazebo_sim//models/aws_robomaker_residential_Door_01/model.sdf
[0.144s] -- Up-to-date symlink: /home/irman/Humanoid-VLA-Simulations/install/g1_gazebo_sim/share/g1_gazebo_sim//models/aws_robomaker_residential_Dumbbell_01/materials/textures/aws_Dumbbell_01.png
[0.144s] -- Up-to-date symlink: /home/irman/Humanoid-VLA-Simulations/install/g1_gazebo_sim/share/g1_gazebo_sim//models/aws_robomaker_residential_Dumbbell_01/meshes/aws_Dumbbell_01_collision.DAE
[0.144s] -- Up-to-date symlink: /home/irman/Humanoid-VLA-Simulations/install/g1_gazebo_sim/share/g1_gazebo_sim//models/aws_robomaker_residential_Dumbbell_01/meshes/aws_Dumbbell_01_visual.DAE
[0.144s] -- Up-to-date symlink: /home/irman/Humanoid-VLA-Simulations/install/g1_gazebo_sim/share/g1_gazebo_sim//models/aws_robomaker_residential_Dumbbell_01/model.config
[0.144s] -- Up-to-date symlink: /home/irman/Humanoid-VLA-Simulations/install/g1_gazebo_sim/share/g1_gazebo_sim//models/aws_robomaker_residential_Dumbbell_01/model.sdf
[0.144s] -- Up-to-date symlink: /home/irman/Humanoid-VLA-Simulations/install/g1_gazebo_sim/share/g1_gazebo_sim//models/aws_robomaker_residential_FitnessEquipment_01/materials/textures/aws_FitnessEquipment_01.png
[0.144s] -- Up-to-date symlink: /home/irman/Humanoid-VLA-Simulations/install/g1_gazebo_sim/share/g1_gazebo_sim//models/aws_robomaker_residential_FitnessEquipment_01/meshes/aws_FitnessEquipment_01_collision.DAE
[0.145s] -- Up-to-date symlink: /home/irman/Humanoid-VLA-Simulations/install/g1_gazebo_sim/share/g1_gazebo_sim//models/aws_robomaker_residential_FitnessEquipment_01/meshes/aws_FitnessEquipment_01_visual.DAE
[0.145s] -- Up-to-date symlink: /home/irman/Humanoid-VLA-Simulations/install/g1_gazebo_sim/share/g1_gazebo_sim//models/aws_robomaker_residential_FitnessEquipment_01/model.config
[0.145s] -- Up-to-date symlink: /home/irman/Humanoid-VLA-Simulations/install/g1_gazebo_sim/share/g1_gazebo_sim//models/aws_robomaker_residential_FitnessEquipment_01/model.sdf
[0.145s] -- Up-to-date symlink: /home/irman/Humanoid-VLA-Simulations/install/g1_gazebo_sim/share/g1_gazebo_sim//models/aws_robomaker_residential_FloorB_01/materials/textures/aws_FloorB_01.png
[0.146s] -- Up-to-date symlink: /home/irman/Humanoid-VLA-Simulations/install/g1_gazebo_sim/share/g1_gazebo_sim//models/aws_robomaker_residential_FloorB_01/meshes/aws_FloorB_01_collision.DAE
[0.146s] -- Up-to-date symlink: /home/irman/Humanoid-VLA-Simulations/install/g1_gazebo_sim/share/g1_gazebo_sim//models/aws_robomaker_residential_FloorB_01/meshes/aws_FloorB_01_visual.DAE
[0.146s] -- Up-to-date symlink: /home/irman/Humanoid-VLA-Simulations/install/g1_gazebo_sim/share/g1_gazebo_sim//models/aws_robomaker_residential_FloorB_01/model.config
[0.146s] -- Up-to-date symlink: /home/irman/Humanoid-VLA-Simulations/install/g1_gazebo_sim/share/g1_gazebo_sim//models/aws_robomaker_residential_FloorB_01/model.sdf
[0.146s] -- Up-to-date symlink: /home/irman/Humanoid-VLA-Simulations/install/g1_gazebo_sim/share/g1_gazebo_sim//models/aws_robomaker_residential_FoldingDoor_01/materials/textures/aws_FoldingDoor_01.png
[0.146s] -- Up-to-date symlink: /home/irman/Humanoid-VLA-Simulations/install/g1_gazebo_sim/share/g1_gazebo_sim//models/aws_robomaker_residential_FoldingDoor_01/meshes/aws_FoldingDoor_01_collision.DAE
[0.146s] -- Up-to-date symlink: /home/irman/Humanoid-VLA-Simulations/install/g1_gazebo_sim/share/g1_gazebo_sim//models/aws_robomaker_residential_FoldingDoor_01/meshes/aws_FoldingDoor_01_visual.DAE
[0.146s] -- Up-to-date symlink: /home/irman/Humanoid-VLA-Simulations/install/g1_gazebo_sim/share/g1_gazebo_sim//models/aws_robomaker_residential_FoldingDoor_01/model.config
[0.146s] -- Up-to-date symlink: /home/irman/Humanoid-VLA-Simulations/install/g1_gazebo_sim/share/g1_gazebo_sim//models/aws_robomaker_residential_FoldingDoor_01/model.sdf
[0.146s] -- Up-to-date symlink: /home/irman/Humanoid-VLA-Simulations/install/g1_gazebo_sim/share/g1_gazebo_sim//models/aws_robomaker_residential_FoldingDoor_02/materials/textures/aws_FoldingDoor_02.png
[0.146s] -- Up-to-date symlink: /home/irman/Humanoid-VLA-Simulations/install/g1_gazebo_sim/share/g1_gazebo_sim//models/aws_robomaker_residential_FoldingDoor_02/meshes/aws_FoldingDoor_02_collision.DAE
[0.146s] -- Up-to-date symlink: /home/irman/Humanoid-VLA-Simulations/install/g1_gazebo_sim/share/g1_gazebo_sim//models/aws_robomaker_residential_FoldingDoor_02/meshes/aws_FoldingDoor_02_visual.DAE
[0.146s] -- Up-to-date symlink: /home/irman/Humanoid-VLA-Simulations/install/g1_gazebo_sim/share/g1_gazebo_sim//models/aws_robomaker_residential_FoldingDoor_02/model.config
[0.146s] -- Up-to-date symlink: /home/irman/Humanoid-VLA-Simulations/install/g1_gazebo_sim/share/g1_gazebo_sim//models/aws_robomaker_residential_FoldingDoor_02/model.sdf
[0.147s] -- Up-to-date symlink: /home/irman/Humanoid-VLA-Simulations/install/g1_gazebo_sim/share/g1_gazebo_sim//models/aws_robomaker_residential_Handle_01/materials/textures/aws_Handle_01.png
[0.147s] -- Up-to-date symlink: /home/irman/Humanoid-VLA-Simulations/install/g1_gazebo_sim/share/g1_gazebo_sim//models/aws_robomaker_residential_Handle_01/meshes/aws_Handle_01_collision.DAE
[0.147s] -- Up-to-date symlink: /home/irman/Humanoid-VLA-Simulations/install/g1_gazebo_sim/share/g1_gazebo_sim//models/aws_robomaker_residential_Handle_01/meshes/aws_Handle_01_visual.DAE
[0.147s] -- Up-to-date symlink: /home/irman/Humanoid-VLA-Simulations/install/g1_gazebo_sim/share/g1_gazebo_sim//models/aws_robomaker_residential_Handle_01/model.config
[0.147s] -- Up-to-date symlink: /home/irman/Humanoid-VLA-Simulations/install/g1_gazebo_sim/share/g1_gazebo_sim//models/aws_robomaker_residential_Handle_01/model.sdf
[0.147s] -- Up-to-date symlink: /home/irman/Humanoid-VLA-Simulations/install/g1_gazebo_sim/share/g1_gazebo_sim//models/aws_robomaker_residential_HouseWallB_01/materials/textures/aws_HouseWallB_01.png
[0.147s] -- Up-to-date symlink: /home/irman/Humanoid-VLA-Simulations/install/g1_gazebo_sim/share/g1_gazebo_sim//models/aws_robomaker_residential_HouseWallB_01/meshes/aws_HouseWallB_01_collision.DAE
[0.147s] -- Up-to-date symlink: /home/irman/Humanoid-VLA-Simulations/install/g1_gazebo_sim/share/g1_gazebo_sim//models/aws_robomaker_residential_HouseWallB_01/meshes/aws_HouseWallB_01_visual.DAE
[0.147s] -- Up-to-date symlink: /home/irman/Humanoid-VLA-Simulations/install/g1_gazebo_sim/share/g1_gazebo_sim//models/aws_robomaker_residential_HouseWallB_01/model.config
[0.147s] -- Up-to-date symlink: /home/irman/Humanoid-VLA-Simulations/install/g1_gazebo_sim/share/g1_gazebo_sim//models/aws_robomaker_residential_HouseWallB_01/model.sdf
[0.147s] -- Up-to-date symlink: /home/irman/Humanoid-VLA-Simulations/install/g1_gazebo_sim/share/g1_gazebo_sim//models/aws_robomaker_residential_KitchenCabinet_01/materials/textures/aws_KitchenCabinet_01.png
[0.147s] -- Up-to-date symlink: /home/irman/Humanoid-VLA-Simulations/install/g1_gazebo_sim/share/g1_gazebo_sim//models/aws_robomaker_residential_KitchenCabinet_01/meshes/aws_KitchenCabinet_01_collision.DAE
[0.147s] -- Up-to-date symlink: /home/irman/Humanoid-VLA-Simulations/install/g1_gazebo_sim/share/g1_gazebo_sim//models/aws_robomaker_residential_KitchenCabinet_01/meshes/aws_KitchenCabinet_01_visual.DAE
[0.147s] -- Up-to-date symlink: /home/irman/Humanoid-VLA-Simulations/install/g1_gazebo_sim/share/g1_gazebo_sim//models/aws_robomaker_residential_KitchenCabinet_01/model.config
[0.148s] -- Up-to-date symlink: /home/irman/Humanoid-VLA-Simulations/install/g1_gazebo_sim/share/g1_gazebo_sim//models/aws_robomaker_residential_KitchenCabinet_01/model.sdf
[0.148s] -- Up-to-date symlink: /home/irman/Humanoid-VLA-Simulations/install/g1_gazebo_sim/share/g1_gazebo_sim//models/aws_robomaker_residential_KitchenTable_01/materials/textures/aws_KitchenTable_01.png
[0.148s] -- Up-to-date symlink: /home/irman/Humanoid-VLA-Simulations/install/g1_gazebo_sim/share/g1_gazebo_sim//models/aws_robomaker_residential_KitchenTable_01/meshes/aws_KitchenTable_01_collision.DAE
[0.148s] -- Up-to-date symlink: /home/irman/Humanoid-VLA-Simulations/install/g1_gazebo_sim/share/g1_gazebo_sim//models/aws_robomaker_residential_KitchenTable_01/meshes/aws_KitchenTable_01_visual.DAE
[0.148s] -- Up-to-date symlink: /home/irman/Humanoid-VLA-Simulations/install/g1_gazebo_sim/share/g1_gazebo_sim//models/aws_robomaker_residential_KitchenTable_01/model.config
[0.148s] -- Up-to-date symlink: /home/irman/Humanoid-VLA-Simulations/install/g1_gazebo_sim/share/g1_gazebo_sim//models/aws_robomaker_residential_KitchenTable_01/model.sdf
[0.148s] -- Up-to-date symlink: /home/irman/Humanoid-VLA-Simulations/install/g1_gazebo_sim/share/g1_gazebo_sim//models/aws_robomaker_residential_KitchenUtensils_01/materials/textures/aws_KitchenUtensils_01.png
[0.148s] -- Up-to-date symlink: /home/irman/Humanoid-VLA-Simulations/install/g1_gazebo_sim/share/g1_gazebo_sim//models/aws_robomaker_residential_KitchenUtensils_01/meshes/aws_KitchenUtensils_01_collision.DAE
[0.148s] -- Up-to-date symlink: /home/irman/Humanoid-VLA-Simulations/install/g1_gazebo_sim/share/g1_gazebo_sim//models/aws_robomaker_residential_KitchenUtensils_01/meshes/aws_KitchenUtensils_01_visual.DAE
[0.149s] -- Up-to-date symlink: /home/irman/Humanoid-VLA-Simulations/install/g1_gazebo_sim/share/g1_gazebo_sim//models/aws_robomaker_residential_KitchenUtensils_01/model.config
[0.150s] -- Up-to-date symlink: /home/irman/Humanoid-VLA-Simulations/install/g1_gazebo_sim/share/g1_gazebo_sim//models/aws_robomaker_residential_KitchenUtensils_01/model.sdf
[0.150s] -- Up-to-date symlink: /home/irman/Humanoid-VLA-Simulations/install/g1_gazebo_sim/share/g1_gazebo_sim//models/aws_robomaker_residential_LightC_01/materials/textures/aws_LightC_01.png
[0.151s] -- Up-to-date symlink: /home/irman/Humanoid-VLA-Simulations/install/g1_gazebo_sim/share/g1_gazebo_sim//models/aws_robomaker_residential_LightC_01/meshes/aws_LightC_01_collision.DAE
[0.151s] -- Up-to-date symlink: /home/irman/Humanoid-VLA-Simulations/install/g1_gazebo_sim/share/g1_gazebo_sim//models/aws_robomaker_residential_LightC_01/meshes/aws_LightC_01_visual.DAE
[0.152s] -- Up-to-date symlink: /home/irman/Humanoid-VLA-Simulations/install/g1_gazebo_sim/share/g1_gazebo_sim//models/aws_robomaker_residential_LightC_01/model.config
[0.152s] -- Up-to-date symlink: /home/irman/Humanoid-VLA-Simulations/install/g1_gazebo_sim/share/g1_gazebo_sim//models/aws_robomaker_residential_LightC_01/model.sdf
[0.152s] -- Up-to-date symlink: /home/irman/Humanoid-VLA-Simulations/install/g1_gazebo_sim/share/g1_gazebo_sim//models/aws_robomaker_residential_NightStand_01/materials/textures/aws_NightStand_01.png
[0.152s] -- Up-to-date symlink: /home/irman/Humanoid-VLA-Simulations/install/g1_gazebo_sim/share/g1_gazebo_sim//models/aws_robomaker_residential_NightStand_01/meshes/aws_NightStand_01_collision.DAE
[0.152s] -- Up-to-date symlink: /home/irman/Humanoid-VLA-Simulations/install/g1_gazebo_sim/share/g1_gazebo_sim//models/aws_robomaker_residential_NightStand_01/meshes/aws_NightStand_01_visual.DAE
[0.152s] -- Up-to-date symlink: /home/irman/Humanoid-VLA-Simulations/install/g1_gazebo_sim/share/g1_gazebo_sim//models/aws_robomaker_residential_NightStand_01/model.config
[0.152s] -- Up-to-date symlink: /home/irman/Humanoid-VLA-Simulations/install/g1_gazebo_sim/share/g1_gazebo_sim//models/aws_robomaker_residential_NightStand_01/model.sdf
[0.153s] -- Up-to-date symlink: /home/irman/Humanoid-VLA-Simulations/install/g1_gazebo_sim/share/g1_gazebo_sim//models/aws_robomaker_residential_Pillow_01/materials/textures/aws_Pillow_01.png
[0.153s] -- Up-to-date symlink: /home/irman/Humanoid-VLA-Simulations/install/g1_gazebo_sim/share/g1_gazebo_sim//models/aws_robomaker_residential_Pillow_01/meshes/aws_Pillow_01_collision.DAE
[0.153s] -- Up-to-date symlink: /home/irman/Humanoid-VLA-Simulations/install/g1_gazebo_sim/share/g1_gazebo_sim//models/aws_robomaker_residential_Pillow_01/meshes/aws_Pillow_01_visual.DAE
[0.153s] -- Up-to-date symlink: /home/irman/Humanoid-VLA-Simulations/install/g1_gazebo_sim/share/g1_gazebo_sim//models/aws_robomaker_residential_Pillow_01/model.config
[0.154s] -- Up-to-date symlink: /home/irman/Humanoid-VLA-Simulations/install/g1_gazebo_sim/share/g1_gazebo_sim//models/aws_robomaker_residential_Pillow_01/model.sdf
[0.154s] -- Up-to-date symlink: /home/irman/Humanoid-VLA-Simulations/install/g1_gazebo_sim/share/g1_gazebo_sim//models/aws_robomaker_residential_PortraitA_01/materials/textures/PortraitA_01.jpg
[0.156s] -- Up-to-date symlink: /home/irman/Humanoid-VLA-Simulations/install/g1_gazebo_sim/share/g1_gazebo_sim//models/aws_robomaker_residential_PortraitA_01/materials/textures/aws_PortraitA_01.png
[0.156s] -- Up-to-date symlink: /home/irman/Humanoid-VLA-Simulations/install/g1_gazebo_sim/share/g1_gazebo_sim//models/aws_robomaker_residential_PortraitA_01/materials/textures/aws_PortraitA_02.png
[0.157s] -- Up-to-date symlink: /home/irman/Humanoid-VLA-Simulations/install/g1_gazebo_sim/share/g1_gazebo_sim//models/aws_robomaker_residential_PortraitA_01/meshes/aws_PortraitA_01_collision.DAE
[0.157s] -- Up-to-date symlink: /home/irman/Humanoid-VLA-Simulations/install/g1_gazebo_sim/share/g1_gazebo_sim//models/aws_robomaker_residential_PortraitA_01/meshes/aws_PortraitA_01_visual.DAE
[0.158s] -- Up-to-date symlink: /home/irman/Humanoid-VLA-Simulations/install/g1_gazebo_sim/share/g1_gazebo_sim//models/aws_robomaker_residential_PortraitA_01/model.config
[0.159s] -- Up-to-date symlink: /home/irman/Humanoid-VLA-Simulations/install/g1_gazebo_sim/share/g1_gazebo_sim//models/aws_robomaker_residential_PortraitA_01/model.sdf
[0.160s] -- Up-to-date symlink: /home/irman/Humanoid-VLA-Simulations/install/g1_gazebo_sim/share/g1_gazebo_sim//models/aws_robomaker_residential_PortraitA_02/materials/textures/PortraitA_02.jpg
[0.160s] -- Up-to-date symlink: /home/irman/Humanoid-VLA-Simulations/install/g1_gazebo_sim/share/g1_gazebo_sim//models/aws_robomaker_residential_PortraitA_02/materials/textures/aws_PortraitA_01.png
[0.160s] -- Up-to-date symlink: /home/irman/Humanoid-VLA-Simulations/install/g1_gazebo_sim/share/g1_gazebo_sim//models/aws_robomaker_residential_PortraitA_02/materials/textures/aws_PortraitA_02.png
[0.160s] -- Up-to-date symlink: /home/irman/Humanoid-VLA-Simulations/install/g1_gazebo_sim/share/g1_gazebo_sim//models/aws_robomaker_residential_PortraitA_02/meshes/aws_PortraitA_01_collision.DAE
[0.160s] -- Up-to-date symlink: /home/irman/Humanoid-VLA-Simulations/install/g1_gazebo_sim/share/g1_gazebo_sim//models/aws_robomaker_residential_PortraitA_02/meshes/aws_PortraitA_01_visual.DAE
[0.161s] -- Up-to-date symlink: /home/irman/Humanoid-VLA-Simulations/install/g1_gazebo_sim/share/g1_gazebo_sim//models/aws_robomaker_residential_PortraitA_02/model.config
[0.161s] -- Up-to-date symlink: /home/irman/Humanoid-VLA-Simulations/install/g1_gazebo_sim/share/g1_gazebo_sim//models/aws_robomaker_residential_PortraitA_02/model.sdf
[0.161s] -- Up-to-date symlink: /home/irman/Humanoid-VLA-Simulations/install/g1_gazebo_sim/share/g1_gazebo_sim//models/aws_robomaker_residential_PortraitB_01/materials/textures/PortraitB_01.jpg
[0.161s] -- Up-to-date symlink: /home/irman/Humanoid-VLA-Simulations/install/g1_gazebo_sim/share/g1_gazebo_sim//models/aws_robomaker_residential_PortraitB_01/materials/textures/aws_PortraitB_01.png
[0.161s] -- Up-to-date symlink: /home/irman/Humanoid-VLA-Simulations/install/g1_gazebo_sim/share/g1_gazebo_sim//models/aws_robomaker_residential_PortraitB_01/materials/textures/aws_PortraitB_02.png
[0.161s] -- Up-to-date symlink: /home/irman/Humanoid-VLA-Simulations/install/g1_gazebo_sim/share/g1_gazebo_sim//models/aws_robomaker_residential_PortraitB_01/meshes/aws_PortraitB_01_collision.DAE
[0.161s] -- Up-to-date symlink: /home/irman/Humanoid-VLA-Simulations/install/g1_gazebo_sim/share/g1_gazebo_sim//models/aws_robomaker_residential_PortraitB_01/meshes/aws_PortraitB_01_visual.DAE
[0.161s] -- Up-to-date symlink: /home/irman/Humanoid-VLA-Simulations/install/g1_gazebo_sim/share/g1_gazebo_sim//models/aws_robomaker_residential_PortraitB_01/model.config
[0.161s] -- Up-to-date symlink: /home/irman/Humanoid-VLA-Simulations/install/g1_gazebo_sim/share/g1_gazebo_sim//models/aws_robomaker_residential_PortraitB_01/model.sdf
[0.161s] -- Up-to-date symlink: /home/irman/Humanoid-VLA-Simulations/install/g1_gazebo_sim/share/g1_gazebo_sim//models/aws_robomaker_residential_PortraitB_02/materials/textures/PortraitB_02.jpg
[0.162s] -- Up-to-date symlink: /home/irman/Humanoid-VLA-Simulations/install/g1_gazebo_sim/share/g1_gazebo_sim//models/aws_robomaker_residential_PortraitB_02/materials/textures/aws_PortraitB_01.png
[0.162s] -- Up-to-date symlink: /home/irman/Humanoid-VLA-Simulations/install/g1_gazebo_sim/share/g1_gazebo_sim//models/aws_robomaker_residential_PortraitB_02/materials/textures/aws_PortraitB_02.png
[0.162s] -- Up-to-date symlink: /home/irman/Humanoid-VLA-Simulations/install/g1_gazebo_sim/share/g1_gazebo_sim//models/aws_robomaker_residential_PortraitB_02/meshes/aws_PortraitB_01_collision.DAE
[0.162s] -- Up-to-date symlink: /home/irman/Humanoid-VLA-Simulations/install/g1_gazebo_sim/share/g1_gazebo_sim//models/aws_robomaker_residential_PortraitB_02/meshes/aws_PortraitB_01_visual.DAE
[0.162s] -- Up-to-date symlink: /home/irman/Humanoid-VLA-Simulations/install/g1_gazebo_sim/share/g1_gazebo_sim//models/aws_robomaker_residential_PortraitB_02/model.config
[0.162s] -- Up-to-date symlink: /home/irman/Humanoid-VLA-Simulations/install/g1_gazebo_sim/share/g1_gazebo_sim//models/aws_robomaker_residential_PortraitB_02/model.sdf
[0.162s] -- Up-to-date symlink: /home/irman/Humanoid-VLA-Simulations/install/g1_gazebo_sim/share/g1_gazebo_sim//models/aws_robomaker_residential_PortraitB_03/materials/textures/PortraitB_03.jpg
[0.162s] -- Up-to-date symlink: /home/irman/Humanoid-VLA-Simulations/install/g1_gazebo_sim/share/g1_gazebo_sim//models/aws_robomaker_residential_PortraitB_03/materials/textures/aws_PortraitB_01.png
[0.162s] -- Up-to-date symlink: /home/irman/Humanoid-VLA-Simulations/install/g1_gazebo_sim/share/g1_gazebo_sim//models/aws_robomaker_residential_PortraitB_03/materials/textures/aws_PortraitB_02.png
[0.162s] -- Up-to-date symlink: /home/irman/Humanoid-VLA-Simulations/install/g1_gazebo_sim/share/g1_gazebo_sim//models/aws_robomaker_residential_PortraitB_03/meshes/aws_PortraitB_01_collision.DAE
[0.162s] -- Up-to-date symlink: /home/irman/Humanoid-VLA-Simulations/install/g1_gazebo_sim/share/g1_gazebo_sim//models/aws_robomaker_residential_PortraitB_03/meshes/aws_PortraitB_01_visual.DAE
[0.162s] -- Up-to-date symlink: /home/irman/Humanoid-VLA-Simulations/install/g1_gazebo_sim/share/g1_gazebo_sim//models/aws_robomaker_residential_PortraitB_03/model.config
[0.162s] -- Up-to-date symlink: /home/irman/Humanoid-VLA-Simulations/install/g1_gazebo_sim/share/g1_gazebo_sim//models/aws_robomaker_residential_PortraitB_03/model.sdf
[0.162s] -- Up-to-date symlink: /home/irman/Humanoid-VLA-Simulations/install/g1_gazebo_sim/share/g1_gazebo_sim//models/aws_robomaker_residential_PortraitC_01/materials/textures/PortraitC_01.jpg
[0.162s] -- Up-to-date symlink: /home/irman/Humanoid-VLA-Simulations/install/g1_gazebo_sim/share/g1_gazebo_sim//models/aws_robomaker_residential_PortraitC_01/materials/textures/aws_PortraitC_01.png
[0.162s] -- Up-to-date symlink: /home/irman/Humanoid-VLA-Simulations/install/g1_gazebo_sim/share/g1_gazebo_sim//models/aws_robomaker_residential_PortraitC_01/materials/textures/aws_PortraitC_02.png
[0.162s] -- Up-to-date symlink: /home/irman/Humanoid-VLA-Simulations/install/g1_gazebo_sim/share/g1_gazebo_sim//models/aws_robomaker_residential_PortraitC_01/meshes/aws_PortraitC_01_collision.DAE
[0.162s] -- Up-to-date symlink: /home/irman/Humanoid-VLA-Simulations/install/g1_gazebo_sim/share/g1_gazebo_sim//models/aws_robomaker_residential_PortraitC_01/meshes/aws_PortraitC_01_visual.DAE
[0.162s] -- Up-to-date symlink: /home/irman/Humanoid-VLA-Simulations/install/g1_gazebo_sim/share/g1_gazebo_sim//models/aws_robomaker_residential_PortraitC_01/model.config
[0.162s] -- Up-to-date symlink: /home/irman/Humanoid-VLA-Simulations/install/g1_gazebo_sim/share/g1_gazebo_sim//models/aws_robomaker_residential_PortraitC_01/model.sdf
[0.163s] -- Up-to-date symlink: /home/irman/Humanoid-VLA-Simulations/install/g1_gazebo_sim/share/g1_gazebo_sim//models/aws_robomaker_residential_PortraitD_01/materials/textures/PortraitD_01.jpg
[0.163s] -- Up-to-date symlink: /home/irman/Humanoid-VLA-Simulations/install/g1_gazebo_sim/share/g1_gazebo_sim//models/aws_robomaker_residential_PortraitD_01/materials/textures/aws_PortraitD_01.png
[0.163s] -- Up-to-date symlink: /home/irman/Humanoid-VLA-Simulations/install/g1_gazebo_sim/share/g1_gazebo_sim//models/aws_robomaker_residential_PortraitD_01/materials/textures/aws_PortraitD_02.png
[0.163s] -- Up-to-date symlink: /home/irman/Humanoid-VLA-Simulations/install/g1_gazebo_sim/share/g1_gazebo_sim//models/aws_robomaker_residential_PortraitD_01/meshes/aws_PortraitD_01_collision.DAE
[0.163s] -- Up-to-date symlink: /home/irman/Humanoid-VLA-Simulations/install/g1_gazebo_sim/share/g1_gazebo_sim//models/aws_robomaker_residential_PortraitD_01/meshes/aws_PortraitD_01_visual.DAE
[0.163s] -- Up-to-date symlink: /home/irman/Humanoid-VLA-Simulations/install/g1_gazebo_sim/share/g1_gazebo_sim//models/aws_robomaker_residential_PortraitD_01/model.config
[0.163s] -- Up-to-date symlink: /home/irman/Humanoid-VLA-Simulations/install/g1_gazebo_sim/share/g1_gazebo_sim//models/aws_robomaker_residential_PortraitD_01/model.sdf
[0.163s] -- Up-to-date symlink: /home/irman/Humanoid-VLA-Simulations/install/g1_gazebo_sim/share/g1_gazebo_sim//models/aws_robomaker_residential_PortraitD_02/materials/textures/PortraitD_02.jpg
[0.163s] -- Up-to-date symlink: /home/irman/Humanoid-VLA-Simulations/install/g1_gazebo_sim/share/g1_gazebo_sim//models/aws_robomaker_residential_PortraitD_02/materials/textures/aws_PortraitD_01.png
[0.163s] -- Up-to-date symlink: /home/irman/Humanoid-VLA-Simulations/install/g1_gazebo_sim/share/g1_gazebo_sim//models/aws_robomaker_residential_PortraitD_02/materials/textures/aws_PortraitD_02.png
[0.163s] -- Up-to-date symlink: /home/irman/Humanoid-VLA-Simulations/install/g1_gazebo_sim/share/g1_gazebo_sim//models/aws_robomaker_residential_PortraitD_02/meshes/aws_PortraitD_01_collision.DAE
[0.163s] -- Up-to-date symlink: /home/irman/Humanoid-VLA-Simulations/install/g1_gazebo_sim/share/g1_gazebo_sim//models/aws_robomaker_residential_PortraitD_02/meshes/aws_PortraitD_01_visual.DAE
[0.163s] -- Up-to-date symlink: /home/irman/Humanoid-VLA-Simulations/install/g1_gazebo_sim/share/g1_gazebo_sim//models/aws_robomaker_residential_PortraitD_02/model.config
[0.163s] -- Up-to-date symlink: /home/irman/Humanoid-VLA-Simulations/install/g1_gazebo_sim/share/g1_gazebo_sim//models/aws_robomaker_residential_PortraitD_02/model.sdf
[0.163s] -- Up-to-date symlink: /home/irman/Humanoid-VLA-Simulations/install/g1_gazebo_sim/share/g1_gazebo_sim//models/aws_robomaker_residential_PortraitE_01/materials/textures/PortraitE_01.jpg
[0.164s] -- Up-to-date symlink: /home/irman/Humanoid-VLA-Simulations/install/g1_gazebo_sim/share/g1_gazebo_sim//models/aws_robomaker_residential_PortraitE_01/materials/textures/aws_PortraitE_01.png
[0.164s] -- Up-to-date symlink: /home/irman/Humanoid-VLA-Simulations/install/g1_gazebo_sim/share/g1_gazebo_sim//models/aws_robomaker_residential_PortraitE_01/materials/textures/aws_PortraitE_02.png
[0.164s] -- Up-to-date symlink: /home/irman/Humanoid-VLA-Simulations/install/g1_gazebo_sim/share/g1_gazebo_sim//models/aws_robomaker_residential_PortraitE_01/meshes/aws_PortraitE_01_collision.DAE
[0.164s] -- Up-to-date symlink: /home/irman/Humanoid-VLA-Simulations/install/g1_gazebo_sim/share/g1_gazebo_sim//models/aws_robomaker_residential_PortraitE_01/meshes/aws_PortraitE_01_visual.DAE
[0.164s] -- Up-to-date symlink: /home/irman/Humanoid-VLA-Simulations/install/g1_gazebo_sim/share/g1_gazebo_sim//models/aws_robomaker_residential_PortraitE_01/model.config
[0.164s] -- Up-to-date symlink: /home/irman/Humanoid-VLA-Simulations/install/g1_gazebo_sim/share/g1_gazebo_sim//models/aws_robomaker_residential_PortraitE_01/model.sdf
[0.165s] -- Up-to-date symlink: /home/irman/Humanoid-VLA-Simulations/install/g1_gazebo_sim/share/g1_gazebo_sim//models/aws_robomaker_residential_PortraitE_02/materials/textures/PortraitE_02.jpg
[0.165s] -- Up-to-date symlink: /home/irman/Humanoid-VLA-Simulations/install/g1_gazebo_sim/share/g1_gazebo_sim//models/aws_robomaker_residential_PortraitE_02/materials/textures/aws_PortraitE_01.png
[0.165s] -- Up-to-date symlink: /home/irman/Humanoid-VLA-Simulations/install/g1_gazebo_sim/share/g1_gazebo_sim//models/aws_robomaker_residential_PortraitE_02/materials/textures/aws_PortraitE_02.png
[0.165s] -- Up-to-date symlink: /home/irman/Humanoid-VLA-Simulations/install/g1_gazebo_sim/share/g1_gazebo_sim//models/aws_robomaker_residential_PortraitE_02/meshes/aws_PortraitE_01_collision.DAE
[0.165s] -- Up-to-date symlink: /home/irman/Humanoid-VLA-Simulations/install/g1_gazebo_sim/share/g1_gazebo_sim//models/aws_robomaker_residential_PortraitE_02/meshes/aws_PortraitE_01_visual.DAE
[0.165s] -- Up-to-date symlink: /home/irman/Humanoid-VLA-Simulations/install/g1_gazebo_sim/share/g1_gazebo_sim//models/aws_robomaker_residential_PortraitE_02/model.config
[0.165s] -- Up-to-date symlink: /home/irman/Humanoid-VLA-Simulations/install/g1_gazebo_sim/share/g1_gazebo_sim//models/aws_robomaker_residential_PortraitE_02/model.sdf
[0.165s] -- Up-to-date symlink: /home/irman/Humanoid-VLA-Simulations/install/g1_gazebo_sim/share/g1_gazebo_sim//models/aws_robomaker_residential_Quilt_01/materials/textures/aws_Quilt_01.png
[0.165s] -- Up-to-date symlink: /home/irman/Humanoid-VLA-Simulations/install/g1_gazebo_sim/share/g1_gazebo_sim//models/aws_robomaker_residential_Quilt_01/meshes/aws_Quilt_01_collision.DAE
[0.165s] -- Up-to-date symlink: /home/irman/Humanoid-VLA-Simulations/install/g1_gazebo_sim/share/g1_gazebo_sim//models/aws_robomaker_residential_Quilt_01/meshes/aws_Quilt_01_visual.DAE
[0.166s] -- Up-to-date symlink: /home/irman/Humanoid-VLA-Simulations/install/g1_gazebo_sim/share/g1_gazebo_sim//models/aws_robomaker_residential_Quilt_01/model.config
[0.166s] -- Up-to-date symlink: /home/irman/Humanoid-VLA-Simulations/install/g1_gazebo_sim/share/g1_gazebo_sim//models/aws_robomaker_residential_Quilt_01/model.sdf
[0.166s] -- Up-to-date symlink: /home/irman/Humanoid-VLA-Simulations/install/g1_gazebo_sim/share/g1_gazebo_sim//models/aws_robomaker_residential_Rangehood_01/materials/textures/aws_Rangehood_01.png
[0.166s] -- Up-to-date symlink: /home/irman/Humanoid-VLA-Simulations/install/g1_gazebo_sim/share/g1_gazebo_sim//models/aws_robomaker_residential_Rangehood_01/meshes/aws_Rangehood_01_collision.DAE
[0.166s] -- Up-to-date symlink: /home/irman/Humanoid-VLA-Simulations/install/g1_gazebo_sim/share/g1_gazebo_sim//models/aws_robomaker_residential_Rangehood_01/meshes/aws_Rangehood_01_visual.DAE
[0.166s] -- Up-to-date symlink: /home/irman/Humanoid-VLA-Simulations/install/g1_gazebo_sim/share/g1_gazebo_sim//models/aws_robomaker_residential_Rangehood_01/model.config
[0.166s] -- Up-to-date symlink: /home/irman/Humanoid-VLA-Simulations/install/g1_gazebo_sim/share/g1_gazebo_sim//models/aws_robomaker_residential_Rangehood_01/model.sdf
[0.166s] -- Up-to-date symlink: /home/irman/Humanoid-VLA-Simulations/install/g1_gazebo_sim/share/g1_gazebo_sim//models/aws_robomaker_residential_ReadingDesk_01/materials/textures/aws_ReadingDesk_01.png
[0.166s] -- Up-to-date symlink: /home/irman/Humanoid-VLA-Simulations/install/g1_gazebo_sim/share/g1_gazebo_sim//models/aws_robomaker_residential_ReadingDesk_01/meshes/aws_ReadingDesk_01_collision.DAE
[0.166s] -- Up-to-date symlink: /home/irman/Humanoid-VLA-Simulations/install/g1_gazebo_sim/share/g1_gazebo_sim//models/aws_robomaker_residential_ReadingDesk_01/meshes/aws_ReadingDesk_01_visual.DAE
[0.166s] -- Up-to-date symlink: /home/irman/Humanoid-VLA-Simulations/install/g1_gazebo_sim/share/g1_gazebo_sim//models/aws_robomaker_residential_ReadingDesk_01/model.config
[0.166s] -- Up-to-date symlink: /home/irman/Humanoid-VLA-Simulations/install/g1_gazebo_sim/share/g1_gazebo_sim//models/aws_robomaker_residential_ReadingDesk_01/model.sdf
[0.167s] -- Up-to-date symlink: /home/irman/Humanoid-VLA-Simulations/install/g1_gazebo_sim/share/g1_gazebo_sim//models/aws_robomaker_residential_Refrigerator_01/materials/textures/aws_Refrigerator_01.png
[0.167s] -- Up-to-date symlink: /home/irman/Humanoid-VLA-Simulations/install/g1_gazebo_sim/share/g1_gazebo_sim//models/aws_robomaker_residential_Refrigerator_01/materials/textures/aws_Refrigerator_02.png
[0.167s] -- Up-to-date symlink: /home/irman/Humanoid-VLA-Simulations/install/g1_gazebo_sim/share/g1_gazebo_sim//models/aws_robomaker_residential_Refrigerator_01/meshes/aws_Refrigerator_01.DAE
[0.167s] -- Up-to-date symlink: /home/irman/Humanoid-VLA-Simulations/install/g1_gazebo_sim/share/g1_gazebo_sim//models/aws_robomaker_residential_Refrigerator_01/meshes/aws_Refrigerator_01_collision.DAE
[0.167s] -- Up-to-date symlink: /home/irman/Humanoid-VLA-Simulations/install/g1_gazebo_sim/share/g1_gazebo_sim//models/aws_robomaker_residential_Refrigerator_01/meshes/aws_Refrigerator_01_visual.DAE
[0.167s] -- Up-to-date symlink: /home/irman/Humanoid-VLA-Simulations/install/g1_gazebo_sim/share/g1_gazebo_sim//models/aws_robomaker_residential_Refrigerator_01/model.config
[0.167s] -- Up-to-date symlink: /home/irman/Humanoid-VLA-Simulations/install/g1_gazebo_sim/share/g1_gazebo_sim//models/aws_robomaker_residential_Refrigerator_01/model.sdf
[0.167s] -- Up-to-date symlink: /home/irman/Humanoid-VLA-Simulations/install/g1_gazebo_sim/share/g1_gazebo_sim//models/aws_robomaker_residential_RoomCeiling_01/materials/textures/aws_RoomCeiling_01.png
[0.167s] -- Up-to-date symlink: /home/irman/Humanoid-VLA-Simulations/install/g1_gazebo_sim/share/g1_gazebo_sim//models/aws_robomaker_residential_RoomCeiling_01/meshes/aws_RoomCeiling_01_collision.DAE
[0.167s] -- Up-to-date symlink: /home/irman/Humanoid-VLA-Simulations/install/g1_gazebo_sim/share/g1_gazebo_sim//models/aws_robomaker_residential_RoomCeiling_01/meshes/aws_RoomCeiling_01_visual.DAE
[0.167s] -- Up-to-date symlink: /home/irman/Humanoid-VLA-Simulations/install/g1_gazebo_sim/share/g1_gazebo_sim//models/aws_robomaker_residential_RoomCeiling_01/model.config
[0.167s] -- Up-to-date symlink: /home/irman/Humanoid-VLA-Simulations/install/g1_gazebo_sim/share/g1_gazebo_sim//models/aws_robomaker_residential_RoomCeiling_01/model.sdf
[0.168s] -- Up-to-date symlink: /home/irman/Humanoid-VLA-Simulations/install/g1_gazebo_sim/share/g1_gazebo_sim//models/aws_robomaker_residential_RoomWall_01/materials/textures/aws_RoomWall_01.png
[0.168s] -- Up-to-date symlink: /home/irman/Humanoid-VLA-Simulations/install/g1_gazebo_sim/share/g1_gazebo_sim//models/aws_robomaker_residential_RoomWall_01/meshes/aws_RoomWall_01_collision.DAE
[0.168s] -- Up-to-date symlink: /home/irman/Humanoid-VLA-Simulations/install/g1_gazebo_sim/share/g1_gazebo_sim//models/aws_robomaker_residential_RoomWall_01/meshes/aws_RoomWall_01_visual.DAE
[0.168s] -- Up-to-date symlink: /home/irman/Humanoid-VLA-Simulations/install/g1_gazebo_sim/share/g1_gazebo_sim//models/aws_robomaker_residential_RoomWall_01/model.config
[0.168s] -- Up-to-date symlink: /home/irman/Humanoid-VLA-Simulations/install/g1_gazebo_sim/share/g1_gazebo_sim//models/aws_robomaker_residential_RoomWall_01/model.sdf
[0.168s] -- Up-to-date symlink: /home/irman/Humanoid-VLA-Simulations/install/g1_gazebo_sim/share/g1_gazebo_sim//models/aws_robomaker_residential_RoomWindow_01/materials/textures/aws_RoomWindow_01.png
[0.169s] -- Up-to-date symlink: /home/irman/Humanoid-VLA-Simulations/install/g1_gazebo_sim/share/g1_gazebo_sim//models/aws_robomaker_residential_RoomWindow_01/meshes/aws_RoomWindow_01_collision.DAE
[0.169s] -- Up-to-date symlink: /home/irman/Humanoid-VLA-Simulations/install/g1_gazebo_sim/share/g1_gazebo_sim//models/aws_robomaker_residential_RoomWindow_01/meshes/aws_RoomWindow_01_visual.DAE
[0.169s] -- Up-to-date symlink: /home/irman/Humanoid-VLA-Simulations/install/g1_gazebo_sim/share/g1_gazebo_sim//models/aws_robomaker_residential_RoomWindow_01/model.config
[0.169s] -- Up-to-date symlink: /home/irman/Humanoid-VLA-Simulations/install/g1_gazebo_sim/share/g1_gazebo_sim//models/aws_robomaker_residential_RoomWindow_01/model.sdf
[0.170s] -- Up-to-date symlink: /home/irman/Humanoid-VLA-Simulations/install/g1_gazebo_sim/share/g1_gazebo_sim//models/aws_robomaker_residential_SeasoningBox_01/materials/textures/aws_SeasoningBox_01.png
[0.170s] -- Up-to-date symlink: /home/irman/Humanoid-VLA-Simulations/install/g1_gazebo_sim/share/g1_gazebo_sim//models/aws_robomaker_residential_SeasoningBox_01/meshes/aws_SeasoningBox_01_collision.DAE
[0.170s] -- Up-to-date symlink: /home/irman/Humanoid-VLA-Simulations/install/g1_gazebo_sim/share/g1_gazebo_sim//models/aws_robomaker_residential_SeasoningBox_01/meshes/aws_SeasoningBox_01_visual.DAE
[0.170s] -- Up-to-date symlink: /home/irman/Humanoid-VLA-Simulations/install/g1_gazebo_sim/share/g1_gazebo_sim//models/aws_robomaker_residential_SeasoningBox_01/model.config
[0.170s] -- Up-to-date symlink: /home/irman/Humanoid-VLA-Simulations/install/g1_gazebo_sim/share/g1_gazebo_sim//models/aws_robomaker_residential_SeasoningBox_01/model.sdf
[0.170s] -- Up-to-date symlink: /home/irman/Humanoid-VLA-Simulations/install/g1_gazebo_sim/share/g1_gazebo_sim//models/aws_robomaker_residential_SecurityCamera_01/materials/textures/aws_SecurityCamera_01.png
[0.170s] -- Up-to-date symlink: /home/irman/Humanoid-VLA-Simulations/install/g1_gazebo_sim/share/g1_gazebo_sim//models/aws_robomaker_residential_SecurityCamera_01/meshes/aws_SecurityCamera_01_collision.DAE
[0.171s] -- Up-to-date symlink: /home/irman/Humanoid-VLA-Simulations/install/g1_gazebo_sim/share/g1_gazebo_sim//models/aws_robomaker_residential_SecurityCamera_01/meshes/aws_SecurityCamera_01_visual.DAE
[0.171s] -- Up-to-date symlink: /home/irman/Humanoid-VLA-Simulations/install/g1_gazebo_sim/share/g1_gazebo_sim//models/aws_robomaker_residential_SecurityCamera_01/model.config
[0.171s] -- Up-to-date symlink: /home/irman/Humanoid-VLA-Simulations/install/g1_gazebo_sim/share/g1_gazebo_sim//models/aws_robomaker_residential_SecurityCamera_01/model.sdf
[0.171s] -- Up-to-date symlink: /home/irman/Humanoid-VLA-Simulations/install/g1_gazebo_sim/share/g1_gazebo_sim//models/aws_robomaker_residential_ShoeRack_01/materials/textures/aws_ShoeRack_01.png
[0.171s] -- Up-to-date symlink: /home/irman/Humanoid-VLA-Simulations/install/g1_gazebo_sim/share/g1_gazebo_sim//models/aws_robomaker_residential_ShoeRack_01/meshes/aws_ShoeRack_01_collision.DAE
[0.171s] -- Up-to-date symlink: /home/irman/Humanoid-VLA-Simulations/install/g1_gazebo_sim/share/g1_gazebo_sim//models/aws_robomaker_residential_ShoeRack_01/meshes/aws_ShoeRack_01_visual.DAE
[0.171s] -- Up-to-date symlink: /home/irman/Humanoid-VLA-Simulations/install/g1_gazebo_sim/share/g1_gazebo_sim//models/aws_robomaker_residential_ShoeRack_01/model.config
[0.171s] -- Up-to-date symlink: /home/irman/Humanoid-VLA-Simulations/install/g1_gazebo_sim/share/g1_gazebo_sim//models/aws_robomaker_residential_ShoeRack_01/model.sdf
[0.171s] -- Up-to-date symlink: /home/irman/Humanoid-VLA-Simulations/install/g1_gazebo_sim/share/g1_gazebo_sim//models/aws_robomaker_residential_SofaB_01/materials/textures/aws_SofaB_01.png
[0.172s] -- Up-to-date symlink: /home/irman/Humanoid-VLA-Simulations/install/g1_gazebo_sim/share/g1_gazebo_sim//models/aws_robomaker_residential_SofaB_01/meshes/aws_SofaB_01_collision.DAE
[0.172s] -- Up-to-date symlink: /home/irman/Humanoid-VLA-Simulations/install/g1_gazebo_sim/share/g1_gazebo_sim//models/aws_robomaker_residential_SofaB_01/meshes/aws_SofaB_01_visual.DAE
[0.172s] -- Up-to-date symlink: /home/irman/Humanoid-VLA-Simulations/install/g1_gazebo_sim/share/g1_gazebo_sim//models/aws_robomaker_residential_SofaB_01/model.config
[0.172s] -- Up-to-date symlink: /home/irman/Humanoid-VLA-Simulations/install/g1_gazebo_sim/share/g1_gazebo_sim//models/aws_robomaker_residential_SofaB_01/model.sdf
[0.172s] -- Up-to-date symlink: /home/irman/Humanoid-VLA-Simulations/install/g1_gazebo_sim/share/g1_gazebo_sim//models/aws_robomaker_residential_SofaC_01/materials/textures/aws_SofaC_01.png
[0.172s] -- Up-to-date symlink: /home/irman/Humanoid-VLA-Simulations/install/g1_gazebo_sim/share/g1_gazebo_sim//models/aws_robomaker_residential_SofaC_01/meshes/aws_SofaC_01_collision.DAE
[0.172s] -- Up-to-date symlink: /home/irman/Humanoid-VLA-Simulations/install/g1_gazebo_sim/share/g1_gazebo_sim//models/aws_robomaker_residential_SofaC_01/meshes/aws_SofaC_01_visual.DAE
[0.172s] -- Up-to-date symlink: /home/irman/Humanoid-VLA-Simulations/install/g1_gazebo_sim/share/g1_gazebo_sim//models/aws_robomaker_residential_SofaC_01/model.config
[0.172s] -- Up-to-date symlink: /home/irman/Humanoid-VLA-Simulations/install/g1_gazebo_sim/share/g1_gazebo_sim//models/aws_robomaker_residential_SofaC_01/model.sdf
[0.172s] -- Up-to-date symlink: /home/irman/Humanoid-VLA-Simulations/install/g1_gazebo_sim/share/g1_gazebo_sim//models/aws_robomaker_residential_Sofa_01/materials/textures/aws_Sofa_01.png
[0.172s] -- Up-to-date symlink: /home/irman/Humanoid-VLA-Simulations/install/g1_gazebo_sim/share/g1_gazebo_sim//models/aws_robomaker_residential_Sofa_01/meshes/aws_Sofa_01.DAE
[0.172s] -- Up-to-date symlink: /home/irman/Humanoid-VLA-Simulations/install/g1_gazebo_sim/share/g1_gazebo_sim//models/aws_robomaker_residential_Sofa_01/meshes/aws_Sofa_01_collision.DAE
[0.172s] -- Up-to-date symlink: /home/irman/Humanoid-VLA-Simulations/install/g1_gazebo_sim/share/g1_gazebo_sim//models/aws_robomaker_residential_Sofa_01/meshes/aws_Sofa_01_visual.DAE
[0.173s] -- Up-to-date symlink: /home/irman/Humanoid-VLA-Simulations/install/g1_gazebo_sim/share/g1_gazebo_sim//models/aws_robomaker_residential_Sofa_01/model.config
[0.173s] -- Up-to-date symlink: /home/irman/Humanoid-VLA-Simulations/install/g1_gazebo_sim/share/g1_gazebo_sim//models/aws_robomaker_residential_Sofa_01/model.sdf
[0.173s] -- Up-to-date symlink: /home/irman/Humanoid-VLA-Simulations/install/g1_gazebo_sim/share/g1_gazebo_sim//models/aws_robomaker_residential_TVCabinet_01/materials/textures/aws_TVCabinet_01.png
[0.173s] -- Up-to-date symlink: /home/irman/Humanoid-VLA-Simulations/install/g1_gazebo_sim/share/g1_gazebo_sim//models/aws_robomaker_residential_TVCabinet_01/meshes/aws_TVCabinet_01_collision.DAE
[0.173s] -- Up-to-date symlink: /home/irman/Humanoid-VLA-Simulations/install/g1_gazebo_sim/share/g1_gazebo_sim//models/aws_robomaker_residential_TVCabinet_01/meshes/aws_TVCabinet_01_visual.DAE
[0.173s] -- Up-to-date symlink: /home/irman/Humanoid-VLA-Simulations/install/g1_gazebo_sim/share/g1_gazebo_sim//models/aws_robomaker_residential_TVCabinet_01/model.config
[0.173s] -- Up-to-date symlink: /home/irman/Humanoid-VLA-Simulations/install/g1_gazebo_sim/share/g1_gazebo_sim//models/aws_robomaker_residential_TVCabinet_01/model.sdf
[0.173s] -- Up-to-date symlink: /home/irman/Humanoid-VLA-Simulations/install/g1_gazebo_sim/share/g1_gazebo_sim//models/aws_robomaker_residential_TV_01/materials/textures/aws_TV_01.png
[0.173s] -- Up-to-date symlink: /home/irman/Humanoid-VLA-Simulations/install/g1_gazebo_sim/share/g1_gazebo_sim//models/aws_robomaker_residential_TV_01/meshes/aws_TV_01_collision.DAE
[0.173s] -- Up-to-date symlink: /home/irman/Humanoid-VLA-Simulations/install/g1_gazebo_sim/share/g1_gazebo_sim//models/aws_robomaker_residential_TV_01/meshes/aws_TV_01_visual.DAE
[0.173s] -- Up-to-date symlink: /home/irman/Humanoid-VLA-Simulations/install/g1_gazebo_sim/share/g1_gazebo_sim//models/aws_robomaker_residential_TV_01/model.config
[0.173s] -- Up-to-date symlink: /home/irman/Humanoid-VLA-Simulations/install/g1_gazebo_sim/share/g1_gazebo_sim//models/aws_robomaker_residential_TV_01/model.sdf
[0.173s] -- Up-to-date symlink: /home/irman/Humanoid-VLA-Simulations/install/g1_gazebo_sim/share/g1_gazebo_sim//models/aws_robomaker_residential_TV_02/materials/textures/aws_TV_01.png
[0.173s] -- Up-to-date symlink: /home/irman/Humanoid-VLA-Simulations/install/g1_gazebo_sim/share/g1_gazebo_sim//models/aws_robomaker_residential_TV_02/meshes/aws_TV_01_collision.DAE
[0.173s] -- Up-to-date symlink: /home/irman/Humanoid-VLA-Simulations/install/g1_gazebo_sim/share/g1_gazebo_sim//models/aws_robomaker_residential_TV_02/meshes/aws_TV_01_visual.DAE
[0.173s] -- Up-to-date symlink: /home/irman/Humanoid-VLA-Simulations/install/g1_gazebo_sim/share/g1_gazebo_sim//models/aws_robomaker_residential_TV_02/model.config
[0.173s] -- Up-to-date symlink: /home/irman/Humanoid-VLA-Simulations/install/g1_gazebo_sim/share/g1_gazebo_sim//models/aws_robomaker_residential_TV_02/model.sdf
[0.173s] -- Up-to-date symlink: /home/irman/Humanoid-VLA-Simulations/install/g1_gazebo_sim/share/g1_gazebo_sim//models/aws_robomaker_residential_Tablet_01/.DS_Store
[0.173s] -- Up-to-date symlink: /home/irman/Humanoid-VLA-Simulations/install/g1_gazebo_sim/share/g1_gazebo_sim//models/aws_robomaker_residential_Tablet_01/materials/.DS_Store
[0.173s] -- Up-to-date symlink: /home/irman/Humanoid-VLA-Simulations/install/g1_gazebo_sim/share/g1_gazebo_sim//models/aws_robomaker_residential_Tablet_01/materials/textures/aws_Tablet_01_nologo.png
[0.173s] -- Up-to-date symlink: /home/irman/Humanoid-VLA-Simulations/install/g1_gazebo_sim/share/g1_gazebo_sim//models/aws_robomaker_residential_Tablet_01/meshes/aws_Tablet_01_collision.DAE
[0.173s] -- Up-to-date symlink: /home/irman/Humanoid-VLA-Simulations/install/g1_gazebo_sim/share/g1_gazebo_sim//models/aws_robomaker_residential_Tablet_01/meshes/aws_Tablet_01_visual.DAE
[0.173s] -- Up-to-date symlink: /home/irman/Humanoid-VLA-Simulations/install/g1_gazebo_sim/share/g1_gazebo_sim//models/aws_robomaker_residential_Tablet_01/model.config
[0.173s] -- Up-to-date symlink: /home/irman/Humanoid-VLA-Simulations/install/g1_gazebo_sim/share/g1_gazebo_sim//models/aws_robomaker_residential_Tablet_01/model.sdf
[0.173s] -- Up-to-date symlink: /home/irman/Humanoid-VLA-Simulations/install/g1_gazebo_sim/share/g1_gazebo_sim//models/aws_robomaker_residential_Tableware_01/materials/textures/aws_Tableware_01.png
[0.174s] -- Up-to-date symlink: /home/irman/Humanoid-VLA-Simulations/install/g1_gazebo_sim/share/g1_gazebo_sim//models/aws_robomaker_residential_Tableware_01/meshes/aws_Tableware_01_collision.DAE
[0.174s] -- Up-to-date symlink: /home/irman/Humanoid-VLA-Simulations/install/g1_gazebo_sim/share/g1_gazebo_sim//models/aws_robomaker_residential_Tableware_01/meshes/aws_Tableware_01_visual.DAE
[0.174s] -- Up-to-date symlink: /home/irman/Humanoid-VLA-Simulations/install/g1_gazebo_sim/share/g1_gazebo_sim//models/aws_robomaker_residential_Tableware_01/model.config
[0.174s] -- Up-to-date symlink: /home/irman/Humanoid-VLA-Simulations/install/g1_gazebo_sim/share/g1_gazebo_sim//models/aws_robomaker_residential_Tableware_01/model.sdf
[0.174s] -- Up-to-date symlink: /home/irman/Humanoid-VLA-Simulations/install/g1_gazebo_sim/share/g1_gazebo_sim//models/aws_robomaker_residential_Trash_01/materials/textures/aws_Trash_01.png
[0.174s] -- Up-to-date symlink: /home/irman/Humanoid-VLA-Simulations/install/g1_gazebo_sim/share/g1_gazebo_sim//models/aws_robomaker_residential_Trash_01/meshes/aws_Trash_01_collision.DAE
[0.174s] -- Up-to-date symlink: /home/irman/Humanoid-VLA-Simulations/install/g1_gazebo_sim/share/g1_gazebo_sim//models/aws_robomaker_residential_Trash_01/meshes/aws_Trash_01_visual.DAE
[0.174s] -- Up-to-date symlink: /home/irman/Humanoid-VLA-Simulations/install/g1_gazebo_sim/share/g1_gazebo_sim//models/aws_robomaker_residential_Trash_01/model.config
[0.174s] -- Up-to-date symlink: /home/irman/Humanoid-VLA-Simulations/install/g1_gazebo_sim/share/g1_gazebo_sim//models/aws_robomaker_residential_Trash_01/model.sdf
[0.174s] -- Up-to-date symlink: /home/irman/Humanoid-VLA-Simulations/install/g1_gazebo_sim/share/g1_gazebo_sim//models/aws_robomaker_residential_Vase_01/materials/textures/aws_Vase_01.png
[0.174s] -- Up-to-date symlink: /home/irman/Humanoid-VLA-Simulations/install/g1_gazebo_sim/share/g1_gazebo_sim//models/aws_robomaker_residential_Vase_01/meshes/aws_Vase_01_collision.DAE
[0.174s] -- Up-to-date symlink: /home/irman/Humanoid-VLA-Simulations/install/g1_gazebo_sim/share/g1_gazebo_sim//models/aws_robomaker_residential_Vase_01/meshes/aws_Vase_01_visual.DAE
[0.174s] -- Up-to-date symlink: /home/irman/Humanoid-VLA-Simulations/install/g1_gazebo_sim/share/g1_gazebo_sim//models/aws_robomaker_residential_Vase_01/model.config
[0.174s] -- Up-to-date symlink: /home/irman/Humanoid-VLA-Simulations/install/g1_gazebo_sim/share/g1_gazebo_sim//models/aws_robomaker_residential_Vase_01/model.sdf
[0.174s] -- Up-to-date symlink: /home/irman/Humanoid-VLA-Simulations/install/g1_gazebo_sim/share/g1_gazebo_sim//models/aws_robomaker_residential_Wardrobe_01/materials/textures/aws_Wardrobe_01.png
[0.174s] -- Up-to-date symlink: /home/irman/Humanoid-VLA-Simulations/install/g1_gazebo_sim/share/g1_gazebo_sim//models/aws_robomaker_residential_Wardrobe_01/meshes/aws_Wardrobe_01_collision.DAE
[0.174s] -- Up-to-date symlink: /home/irman/Humanoid-VLA-Simulations/install/g1_gazebo_sim/share/g1_gazebo_sim//models/aws_robomaker_residential_Wardrobe_01/meshes/aws_Wardrobe_01_visual.DAE
[0.174s] -- Up-to-date symlink: /home/irman/Humanoid-VLA-Simulations/install/g1_gazebo_sim/share/g1_gazebo_sim//models/aws_robomaker_residential_Wardrobe_01/model.config
[0.174s] -- Up-to-date symlink: /home/irman/Humanoid-VLA-Simulations/install/g1_gazebo_sim/share/g1_gazebo_sim//models/aws_robomaker_residential_Wardrobe_01/model.sdf
[0.174s] -- Up-to-date symlink: /home/irman/Humanoid-VLA-Simulations/install/g1_gazebo_sim/share/ament_index/resource_index/package_run_dependencies/g1_gazebo_sim
[0.174s] -- Up-to-date symlink: /home/irman/Humanoid-VLA-Simulations/install/g1_gazebo_sim/share/ament_index/resource_index/parent_prefix_path/g1_gazebo_sim
[0.174s] -- Up-to-date symlink: /home/irman/Humanoid-VLA-Simulations/install/g1_gazebo_sim/share/g1_gazebo_sim/environment/ament_prefix_path.sh
[0.174s] -- Up-to-date symlink: /home/irman/Humanoid-VLA-Simulations/install/g1_gazebo_sim/share/g1_gazebo_sim/environment/ament_prefix_path.dsv
[0.174s] -- Up-to-date symlink: /home/irman/Humanoid-VLA-Simulations/install/g1_gazebo_sim/share/g1_gazebo_sim/environment/path.sh
[0.174s] -- Up-to-date symlink: /home/irman/Humanoid-VLA-Simulations/install/g1_gazebo_sim/share/g1_gazebo_sim/environment/path.dsv
[0.175s] -- Up-to-date symlink: /home/irman/Humanoid-VLA-Simulations/install/g1_gazebo_sim/share/g1_gazebo_sim/local_setup.bash
[0.175s] -- Up-to-date symlink: /home/irman/Humanoid-VLA-Simulations/install/g1_gazebo_sim/share/g1_gazebo_sim/local_setup.sh
[0.175s] -- Up-to-date symlink: /home/irman/Humanoid-VLA-Simulations/install/g1_gazebo_sim/share/g1_gazebo_sim/local_setup.zsh
[0.175s] -- Up-to-date symlink: /home/irman/Humanoid-VLA-Simulations/install/g1_gazebo_sim/share/g1_gazebo_sim/local_setup.dsv
[0.175s] -- Symlinking: /home/irman/Humanoid-VLA-Simulations/install/g1_gazebo_sim/share/g1_gazebo_sim/package.dsv
[0.199s] -- Up-to-date symlink: /home/irman/Humanoid-VLA-Simulations/install/g1_gazebo_sim/share/ament_index/resource_index/packages/g1_gazebo_sim
[0.200s] -- Up-to-date symlink: /home/irman/Humanoid-VLA-Simulations/install/g1_gazebo_sim/share/g1_gazebo_sim/cmake/g1_gazebo_simConfig.cmake
[0.200s] -- Up-to-date symlink: /home/irman/Humanoid-VLA-Simulations/install/g1_gazebo_sim/share/g1_gazebo_sim/cmake/g1_gazebo_simConfig-version.cmake
[0.200s] -- Up-to-date symlink: /home/irman/Humanoid-VLA-Simulations/install/g1_gazebo_sim/share/g1_gazebo_sim/package.xml
[0.207s] Invoked command in '/home/irman/Humanoid-VLA-Simulations/build/g1_gazebo_sim' returned '0': AMENT_PREFIX_PATH=/home/irman/Humanoid-VLA-Simulations/install/g1_package:${AMENT_PREFIX_PATH} CMAKE_PREFIX_PATH=/home/irman/Humanoid-VLA-Simulations/install/g1_package:${CMAKE_PREFIX_PATH} CONDA_PROMPT_MODIFIER=(ros2_env) DEBUGINFOD_URLS=https://debuginfod.ubuntu.com /home/irman/micromamba/envs/ros2_env/bin/cmake --install /home/irman/Humanoid-VLA-Simulations/build/g1_gazebo_sim
