-- The CXX compiler identification is GNU 14.3.0
-- Detecting CXX compiler ABI info
-- Detecting CXX compiler ABI info - done
-- Check for working CXX compiler: /home/irman/micromamba/envs/ros2_env/bin/x86_64-conda-linux-gnu-c++ - skipped
-- Detecting CXX compile features
-- Detecting CXX compile features - done
-- Found ament_cmake: 1.3.12 (/home/irman/micromamba/envs/ros2_env/share/ament_cmake/cmake)
-- Found Python3: /home/irman/micromamba/envs/ros2_env/bin/python3 (found version "3.11.14") found components: Interpreter
-- Found rclcpp: 16.0.13 (/home/irman/micromamba/envs/ros2_env/share/rclcpp/cmake)
-- Found rosidl_generator_c: 3.1.6 (/home/irman/micromamba/envs/ros2_env/share/rosidl_generator_c/cmake)
-- Found rosidl_adapter: 3.1.6 (/home/irman/micromamba/envs/ros2_env/share/rosidl_adapter/cmake)
-- Found rosidl_generator_cpp: 3.1.6 (/home/irman/micromamba/envs/ros2_env/share/rosidl_generator_cpp/cmake)
-- Using all available rosidl_typesupport_c: rosidl_typesupport_fastrtps_c;rosidl_typesupport_introspection_c
-- Using all available rosidl_typesupport_cpp: rosidl_typesupport_fastrtps_cpp;rosidl_typesupport_introspection_cpp
-- Checking for module 'yaml-0.1'
--   Found yaml-0.1, version 0.2.5
-- Found rmw_implementation_cmake: 6.1.2 (/home/irman/micromamba/envs/ros2_env/share/rmw_implementation_cmake/cmake)
-- Found rmw_fastrtps_cpp: 6.2.7 (/home/irman/micromamba/envs/ros2_env/share/rmw_fastrtps_cpp/cmake)
-- Found OpenSSL: /home/irman/micromamba/envs/ros2_env/lib/libcrypto.so (found version "3.5.4")
-- Found FastRTPS: /home/irman/micromamba/envs/ros2_env/include
-- Using RMW implementation 'rmw_fastrtps_cpp' as default
-- Performing Test CMAKE_HAVE_LIBC_PTHREAD
-- Performing Test CMAKE_HAVE_LIBC_PTHREAD - Success
-- Found Threads: TRUE
-- Found rclcpp_lifecycle: 16.0.13 (/home/irman/micromamba/envs/ros2_env/share/rclcpp_lifecycle/cmake)
-- Found urdf: 2.6.1 (/home/irman/micromamba/envs/ros2_env/share/urdf/cmake)
-- Found ament_cmake_gtest: 1.3.12 (/home/irman/micromamba/envs/ros2_env/share/ament_cmake_gtest/cmake)
-- Found launch_testing_ament_cmake: 1.0.9 (/home/irman/micromamba/envs/ros2_env/share/launch_testing_ament_cmake/cmake)
-- Found python_cmake_module: 0.10.0 (/home/irman/micromamba/envs/ros2_env/share/python_cmake_module/cmake)
-- Found PythonInterp: /home/irman/micromamba/envs/ros2_env/bin/python3 (found suitable version "3.11.14", minimum required is "3.6")
-- Found PythonLibs: /home/irman/micromamba/envs/ros2_env/lib/libpython3.11.so (found suitable version "3.11.14", minimum required is "3.5")
-- Using PYTHON_EXECUTABLE: /home/irman/micromamba/envs/ros2_env/bin/python3
-- Using PYTHON_INCLUDE_DIRS: /home/irman/micromamba/envs/ros2_env/include/python3.11
-- Using PYTHON_LIBRARIES: /home/irman/micromamba/envs/ros2_env/lib/libpython3.11.so
-- Found PythonExtra: .so
-- Found gtest sources under '/home/irman/micromamba/envs/ros2_env/src/gtest_vendor': C++ tests using 'Google Test' will be built
-- The C compiler identification is GNU 14.3.0
-- Detecting C compiler ABI info
-- Detecting C compiler ABI info - done
-- Check for working C compiler: /home/irman/micromamba/envs/ros2_env/bin/x86_64-conda-linux-gnu-cc - skipped
-- Detecting C compile features
-- Detecting C compile features - done
-- Configuring done (3.0s)
-- Generating done (0.0s)
-- Build files have been written to: /home/irman/Humanoid-VLA-Simulations/build/joint_limits
[ 33%] Building CXX object gtest/CMakeFiles/gtest.dir/src/gtest-all.cc.o
[ 33%] Generating joint_limits/version.h
[ 33%] Building CXX object gtest/CMakeFiles/gtest_main.dir/src/gtest_main.cc.o
[ 33%] Built target ament_generate_version_header__joint_limits
[ 44%] Linking CXX static library libgtest_main.a
[ 44%] Built target gtest_main
[ 55%] Linking CXX static library libgtest.a
[ 55%] Built target gtest
[ 77%] Building CXX object CMakeFiles/joint_limits_rosparam_test.dir/test/joint_limits_rosparam_test.cpp.o
[ 77%] Building CXX object CMakeFiles/joint_limits_urdf_test.dir/test/joint_limits_urdf_test.cpp.o
[ 88%] Linking CXX executable joint_limits_urdf_test
[ 88%] Built target joint_limits_urdf_test
[100%] Linking CXX executable joint_limits_rosparam_test
[100%] Built target joint_limits_rosparam_test
-- Install configuration: ""
-- Installing: /home/irman/Humanoid-VLA-Simulations/install/joint_limits/lib/joint_limits/joint_limits_rosparam_test
-- Installing: /home/irman/Humanoid-VLA-Simulations/install/joint_limits/share/joint_limits/test/joint_limits_rosparam.yaml
-- Installing: /home/irman/Humanoid-VLA-Simulations/install/joint_limits/include/joint_limits
-- Installing: /home/irman/Humanoid-VLA-Simulations/install/joint_limits/include/joint_limits/joint_limits
-- Installing: /home/irman/Humanoid-VLA-Simulations/install/joint_limits/include/joint_limits/joint_limits/joint_limits_rosparam.hpp
-- Installing: /home/irman/Humanoid-VLA-Simulations/install/joint_limits/include/joint_limits/joint_limits/joint_limits_urdf.hpp
-- Installing: /home/irman/Humanoid-VLA-Simulations/install/joint_limits/include/joint_limits/joint_limits/joint_limits.hpp
-- Installing: /home/irman/Humanoid-VLA-Simulations/install/joint_limits/share/ament_index/resource_index/package_run_dependencies/joint_limits
-- Installing: /home/irman/Humanoid-VLA-Simulations/install/joint_limits/share/ament_index/resource_index/parent_prefix_path/joint_limits
-- Installing: /home/irman/Humanoid-VLA-Simulations/install/joint_limits/share/joint_limits/environment/ament_prefix_path.sh
-- Installing: /home/irman/Humanoid-VLA-Simulations/install/joint_limits/share/joint_limits/environment/ament_prefix_path.dsv
-- Installing: /home/irman/Humanoid-VLA-Simulations/install/joint_limits/share/joint_limits/environment/path.sh
-- Installing: /home/irman/Humanoid-VLA-Simulations/install/joint_limits/share/joint_limits/environment/path.dsv
-- Installing: /home/irman/Humanoid-VLA-Simulations/install/joint_limits/share/joint_limits/local_setup.bash
-- Installing: /home/irman/Humanoid-VLA-Simulations/install/joint_limits/share/joint_limits/local_setup.sh
-- Installing: /home/irman/Humanoid-VLA-Simulations/install/joint_limits/share/joint_limits/local_setup.zsh
-- Installing: /home/irman/Humanoid-VLA-Simulations/install/joint_limits/share/joint_limits/local_setup.dsv
-- Installing: /home/irman/Humanoid-VLA-Simulations/install/joint_limits/share/joint_limits/package.dsv
-- Installing: /home/irman/Humanoid-VLA-Simulations/install/joint_limits/share/ament_index/resource_index/packages/joint_limits
-- Installing: /home/irman/Humanoid-VLA-Simulations/install/joint_limits/share/joint_limits/cmake/export_joint_limitsExport.cmake
-- Installing: /home/irman/Humanoid-VLA-Simulations/install/joint_limits/share/joint_limits/cmake/ament_cmake_export_targets-extras.cmake
-- Installing: /home/irman/Humanoid-VLA-Simulations/install/joint_limits/share/joint_limits/cmake/ament_cmake_export_dependencies-extras.cmake
-- Installing: /home/irman/Humanoid-VLA-Simulations/install/joint_limits/share/joint_limits/cmake/joint_limitsConfig.cmake
-- Installing: /home/irman/Humanoid-VLA-Simulations/install/joint_limits/share/joint_limits/cmake/joint_limitsConfig-version.cmake
-- Installing: /home/irman/Humanoid-VLA-Simulations/install/joint_limits/share/joint_limits/package.xml
-- Installing: /home/irman/Humanoid-VLA-Simulations/install/joint_limits/include/joint_limits/joint_limits/version.h
