[0.019s] Invoking command in '/home/irman/Humanoid-VLA-Simulations/build/joint_limits': CONDA_PROMPT_MODIFIER=(ros2_env) DEBUGINFOD_URLS=https://debuginfod.ubuntu.com /home/irman/micromamba/envs/ros2_env/bin/cmake /home/irman/Humanoid-VLA-Simulations/src/ros2_control/joint_limits -DCMAKE_INSTALL_PREFIX=/home/irman/Humanoid-VLA-Simulations/install/joint_limits
[0.360s] -- The CXX compiler identification is GNU 14.3.0
[0.360s] -- Detecting CXX compiler ABI info
[0.363s] -- Detecting CXX compiler ABI info - done
[0.386s] -- Check for working CXX compiler: /home/irman/micromamba/envs/ros2_env/bin/x86_64-conda-linux-gnu-c++ - skipped
[0.386s] -- Detecting CXX compile features
[0.387s] -- Detecting CXX compile features - done
[0.406s] -- Found ament_cmake: 1.3.12 (/home/irman/micromamba/envs/ros2_env/share/ament_cmake/cmake)
[0.542s] -- Found Python3: /home/irman/micromamba/envs/ros2_env/bin/python3 (found version "3.11.14") found components: Interpreter
[0.719s] -- Found rclcpp: 16.0.13 (/home/irman/micromamba/envs/ros2_env/share/rclcpp/cmake)
[0.822s] -- Found rosidl_generator_c: 3.1.6 (/home/irman/micromamba/envs/ros2_env/share/rosidl_generator_c/cmake)
[0.835s] -- Found rosidl_adapter: 3.1.6 (/home/irman/micromamba/envs/ros2_env/share/rosidl_adapter/cmake)
[0.861s] -- Found rosidl_generator_cpp: 3.1.6 (/home/irman/micromamba/envs/ros2_env/share/rosidl_generator_cpp/cmake)
[0.899s] -- Using all available rosidl_typesupport_c: rosidl_typesupport_fastrtps_c;rosidl_typesupport_introspection_c
[0.932s] -- Using all available rosidl_typesupport_cpp: rosidl_typesupport_fastrtps_cpp;rosidl_typesupport_introspection_cpp
[1.063s] -- Checking for module 'yaml-0.1'
[1.186s] --   Found yaml-0.1, version 0.2.5
[1.563s] -- Found rmw_implementation_cmake: 6.1.2 (/home/irman/micromamba/envs/ros2_env/share/rmw_implementation_cmake/cmake)
[1.570s] -- Found rmw_fastrtps_cpp: 6.2.7 (/home/irman/micromamba/envs/ros2_env/share/rmw_fastrtps_cpp/cmake)
[2.095s] -- Found OpenSSL: /home/irman/micromamba/envs/ros2_env/lib/libcrypto.so (found version "3.5.4")
[2.142s] -- Found FastRTPS: /home/irman/micromamba/envs/ros2_env/include
[2.213s] -- Using RMW implementation 'rmw_fastrtps_cpp' as default
[2.233s] -- Performing Test CMAKE_HAVE_LIBC_PTHREAD
[2.357s] -- Performing Test CMAKE_HAVE_LIBC_PTHREAD - Success
[2.358s] -- Found Threads: TRUE
[2.448s] -- Found rclcpp_lifecycle: 16.0.13 (/home/irman/micromamba/envs/ros2_env/share/rclcpp_lifecycle/cmake)
[2.504s] -- Found urdf: 2.6.1 (/home/irman/micromamba/envs/ros2_env/share/urdf/cmake)
[2.589s] -- Found ament_cmake_gtest: 1.3.12 (/home/irman/micromamba/envs/ros2_env/share/ament_cmake_gtest/cmake)
[2.596s] -- Found launch_testing_ament_cmake: 1.0.9 (/home/irman/micromamba/envs/ros2_env/share/launch_testing_ament_cmake/cmake)
[2.603s] -- Found python_cmake_module: 0.10.0 (/home/irman/micromamba/envs/ros2_env/share/python_cmake_module/cmake)
[2.604s] CMake Warning (dev) at /home/irman/micromamba/envs/ros2_env/share/python_cmake_module/cmake/Modules/FindPythonExtra.cmake:52 (find_package):
[2.604s]   Policy CMP0148 is not set: The FindPythonInterp and FindPythonLibs modules
[2.604s]   are removed.  Run "cmake --help-policy CMP0148" for policy details.  Use
[2.604s]   the cmake_policy command to set the policy and suppress this warning.
[2.604s] 
[2.604s] Call Stack (most recent call first):
[2.604s]   /home/irman/micromamba/envs/ros2_env/share/launch_testing_ament_cmake/cmake/launch_testing_ament_cmake-extras.cmake:18 (find_package)
[2.604s]   /home/irman/micromamba/envs/ros2_env/share/launch_testing_ament_cmake/cmake/launch_testing_ament_cmakeConfig.cmake:41 (include)
[2.604s]   CMakeLists.txt:30 (find_package)
[2.604s] This warning is for project developers.  Use -Wno-dev to suppress it.
[2.604s] 
[2.623s] -- Found PythonInterp: /home/irman/micromamba/envs/ros2_env/bin/python3 (found suitable version "3.11.14", minimum required is "3.6")
[2.623s] CMake Warning (dev) at /home/irman/micromamba/envs/ros2_env/share/python_cmake_module/cmake/Modules/FindPythonExtra.cmake:140 (find_package):
[2.623s]   Policy CMP0148 is not set: The FindPythonInterp and FindPythonLibs modules
[2.624s]   are removed.  Run "cmake --help-policy CMP0148" for policy details.  Use
[2.624s]   the cmake_policy command to set the policy and suppress this warning.
[2.624s] 
[2.624s] Call Stack (most recent call first):
[2.624s]   /home/irman/micromamba/envs/ros2_env/share/launch_testing_ament_cmake/cmake/launch_testing_ament_cmake-extras.cmake:18 (find_package)
[2.624s]   /home/irman/micromamba/envs/ros2_env/share/launch_testing_ament_cmake/cmake/launch_testing_ament_cmakeConfig.cmake:41 (include)
[2.624s]   CMakeLists.txt:30 (find_package)
[2.624s] This warning is for project developers.  Use -Wno-dev to suppress it.
[2.624s] 
[2.630s] -- Found PythonLibs: /home/irman/micromamba/envs/ros2_env/lib/libpython3.11.so (found suitable version "3.11.14", minimum required is "3.5")
[2.631s] -- Using PYTHON_EXECUTABLE: /home/irman/micromamba/envs/ros2_env/bin/python3
[2.631s] -- Using PYTHON_INCLUDE_DIRS: /home/irman/micromamba/envs/ros2_env/include/python3.11
[2.631s] -- Using PYTHON_LIBRARIES: /home/irman/micromamba/envs/ros2_env/lib/libpython3.11.so
[2.652s] -- Found PythonExtra: .so
[2.661s] -- Found gtest sources under '/home/irman/micromamba/envs/ros2_env/src/gtest_vendor': C++ tests using 'Google Test' will be built
[2.723s] -- The C compiler identification is GNU 14.3.0
[2.734s] -- Detecting C compiler ABI info
[2.839s] -- Detecting C compiler ABI info - done
[2.860s] -- Check for working C compiler: /home/irman/micromamba/envs/ros2_env/bin/x86_64-conda-linux-gnu-cc - skipped
[2.860s] -- Detecting C compile features
[2.860s] -- Detecting C compile features - done
[2.869s] CMake Deprecation Warning at /home/irman/micromamba/envs/ros2_env/src/gtest_vendor/CMakeLists.txt:2 (cmake_minimum_required):
[2.869s]   Compatibility with CMake < 3.10 will be removed from a future version of
[2.869s]   CMake.
[2.869s] 
[2.869s]   Update the VERSION argument <min> value.  Or, use the <min>...<max> syntax
[2.869s]   to tell CMake that the project requires at least <min> but has been updated
[2.869s]   to work with policies introduced by <max> or earlier.
[2.870s] 
[2.870s] 
[2.980s] -- Configuring done (3.0s)
[3.002s] -- Generating done (0.0s)
[3.007s] -- Build files have been written to: /home/irman/Humanoid-VLA-Simulations/build/joint_limits
[3.023s] Invoked command in '/home/irman/Humanoid-VLA-Simulations/build/joint_limits' returned '0': CONDA_PROMPT_MODIFIER=(ros2_env) DEBUGINFOD_URLS=https://debuginfod.ubuntu.com /home/irman/micromamba/envs/ros2_env/bin/cmake /home/irman/Humanoid-VLA-Simulations/src/ros2_control/joint_limits -DCMAKE_INSTALL_PREFIX=/home/irman/Humanoid-VLA-Simulations/install/joint_limits
[3.024s] Invoking command in '/home/irman/Humanoid-VLA-Simulations/build/joint_limits': CONDA_PROMPT_MODIFIER=(ros2_env) DEBUGINFOD_URLS=https://debuginfod.ubuntu.com /home/irman/micromamba/envs/ros2_env/bin/cmake --build /home/irman/Humanoid-VLA-Simulations/build/joint_limits -- -j16 -l16
[3.068s] [ 33%] Building CXX object gtest/CMakeFiles/gtest.dir/src/gtest-all.cc.o
[3.068s] [ 33%] Generating joint_limits/version.h
[3.068s] [ 33%] Building CXX object gtest/CMakeFiles/gtest_main.dir/src/gtest_main.cc.o
[3.086s] [ 33%] Built target ament_generate_version_header__joint_limits
[4.168s] [ 44%] Linking CXX static library libgtest_main.a
[4.200s] [ 44%] Built target gtest_main
[16.385s] [ 55%] Linking CXX static library libgtest.a
[16.435s] [ 55%] Built target gtest
[16.454s] [ 77%] Building CXX object CMakeFiles/joint_limits_rosparam_test.dir/test/joint_limits_rosparam_test.cpp.o
[16.454s] [ 77%] Building CXX object CMakeFiles/joint_limits_urdf_test.dir/test/joint_limits_urdf_test.cpp.o
[18.831s] [ 88%] Linking CXX executable joint_limits_urdf_test
[19.100s] [ 88%] Built target joint_limits_urdf_test
[23.444s] [100%] Linking CXX executable joint_limits_rosparam_test
[23.742s] [100%] Built target joint_limits_rosparam_test
[23.758s] Invoked command in '/home/irman/Humanoid-VLA-Simulations/build/joint_limits' returned '0': CONDA_PROMPT_MODIFIER=(ros2_env) DEBUGINFOD_URLS=https://debuginfod.ubuntu.com /home/irman/micromamba/envs/ros2_env/bin/cmake --build /home/irman/Humanoid-VLA-Simulations/build/joint_limits -- -j16 -l16
[23.760s] Invoking command in '/home/irman/Humanoid-VLA-Simulations/build/joint_limits': CONDA_PROMPT_MODIFIER=(ros2_env) DEBUGINFOD_URLS=https://debuginfod.ubuntu.com /home/irman/micromamba/envs/ros2_env/bin/cmake --install /home/irman/Humanoid-VLA-Simulations/build/joint_limits
[23.771s] -- Install configuration: ""
[23.772s] -- Installing: /home/irman/Humanoid-VLA-Simulations/install/joint_limits/lib/joint_limits/joint_limits_rosparam_test
[23.773s] -- Installing: /home/irman/Humanoid-VLA-Simulations/install/joint_limits/share/joint_limits/test/joint_limits_rosparam.yaml
[23.773s] -- Installing: /home/irman/Humanoid-VLA-Simulations/install/joint_limits/include/joint_limits
[23.774s] -- Installing: /home/irman/Humanoid-VLA-Simulations/install/joint_limits/include/joint_limits/joint_limits
[23.774s] -- Installing: /home/irman/Humanoid-VLA-Simulations/install/joint_limits/include/joint_limits/joint_limits/joint_limits_rosparam.hpp
[23.774s] -- Installing: /home/irman/Humanoid-VLA-Simulations/install/joint_limits/include/joint_limits/joint_limits/joint_limits_urdf.hpp
[23.774s] -- Installing: /home/irman/Humanoid-VLA-Simulations/install/joint_limits/include/joint_limits/joint_limits/joint_limits.hpp
[23.775s] -- Installing: /home/irman/Humanoid-VLA-Simulations/install/joint_limits/share/ament_index/resource_index/package_run_dependencies/joint_limits
[23.775s] -- Installing: /home/irman/Humanoid-VLA-Simulations/install/joint_limits/share/ament_index/resource_index/parent_prefix_path/joint_limits
[23.776s] -- Installing: /home/irman/Humanoid-VLA-Simulations/install/joint_limits/share/joint_limits/environment/ament_prefix_path.sh
[23.776s] -- Installing: /home/irman/Humanoid-VLA-Simulations/install/joint_limits/share/joint_limits/environment/ament_prefix_path.dsv
[23.776s] -- Installing: /home/irman/Humanoid-VLA-Simulations/install/joint_limits/share/joint_limits/environment/path.sh
[23.776s] -- Installing: /home/irman/Humanoid-VLA-Simulations/install/joint_limits/share/joint_limits/environment/path.dsv
[23.777s] -- Installing: /home/irman/Humanoid-VLA-Simulations/install/joint_limits/share/joint_limits/local_setup.bash
[23.777s] -- Installing: /home/irman/Humanoid-VLA-Simulations/install/joint_limits/share/joint_limits/local_setup.sh
[23.777s] -- Installing: /home/irman/Humanoid-VLA-Simulations/install/joint_limits/share/joint_limits/local_setup.zsh
[23.777s] -- Installing: /home/irman/Humanoid-VLA-Simulations/install/joint_limits/share/joint_limits/local_setup.dsv
[23.777s] -- Installing: /home/irman/Humanoid-VLA-Simulations/install/joint_limits/share/joint_limits/package.dsv
[23.778s] -- Installing: /home/irman/Humanoid-VLA-Simulations/install/joint_limits/share/ament_index/resource_index/packages/joint_limits
[23.778s] -- Installing: /home/irman/Humanoid-VLA-Simulations/install/joint_limits/share/joint_limits/cmake/export_joint_limitsExport.cmake
[23.778s] -- Installing: /home/irman/Humanoid-VLA-Simulations/install/joint_limits/share/joint_limits/cmake/ament_cmake_export_targets-extras.cmake
[23.778s] -- Installing: /home/irman/Humanoid-VLA-Simulations/install/joint_limits/share/joint_limits/cmake/ament_cmake_export_dependencies-extras.cmake
[23.779s] -- Installing: /home/irman/Humanoid-VLA-Simulations/install/joint_limits/share/joint_limits/cmake/joint_limitsConfig.cmake
[23.779s] -- Installing: /home/irman/Humanoid-VLA-Simulations/install/joint_limits/share/joint_limits/cmake/joint_limitsConfig-version.cmake
[23.779s] -- Installing: /home/irman/Humanoid-VLA-Simulations/install/joint_limits/share/joint_limits/package.xml
[23.779s] -- Installing: /home/irman/Humanoid-VLA-Simulations/install/joint_limits/include/joint_limits/joint_limits/version.h
[23.783s] Invoked command in '/home/irman/Humanoid-VLA-Simulations/build/joint_limits' returned '0': CONDA_PROMPT_MODIFIER=(ros2_env) DEBUGINFOD_URLS=https://debuginfod.ubuntu.com /home/irman/micromamba/envs/ros2_env/bin/cmake --install /home/irman/Humanoid-VLA-Simulations/build/joint_limits
