-- The CXX compiler identification is GNU 14.3.0
-- Detecting CXX compiler ABI info
-- Detecting CXX compiler ABI info - done
-- Check for working CXX compiler: /home/irman/micromamba/envs/ros2_env/bin/x86_64-conda-linux-gnu-c++ - skipped
-- Detecting CXX compile features
-- Detecting CXX compile features - done
-- Found ament_cmake: 1.3.12 (/home/irman/micromamba/envs/ros2_env/share/ament_cmake/cmake)
-- Found Python3: /home/irman/micromamba/envs/ros2_env/bin/python3 (found version "3.11.14") found components: Interpreter
CMake Error at CMakeLists.txt:28 (find_package):
  By not providing "Findackermann_msgs.cmake" in CMAKE_MODULE_PATH this
  project has asked CMake to find a package configuration file provided by
  "ackermann_msgs", but CMake did not find one.

  Could not find a package configuration file provided by "ackermann_msgs"
  with any of the following names:

    ackermann_msgsConfig.cmake
    ackermann_msgs-config.cmake

  Add the installation prefix of "ackermann_msgs" to CMAKE_PREFIX_PATH or set
  "ackermann_msgs_DIR" to a directory containing one of the above files.  If
  "ackermann_msgs" provides a separate development package or SDK, be sure it
  has been installed.


-- Configuring incomplete, errors occurred!
