[0.009s] Invoking command in '/home/irman/Humanoid-VLA-Simulations/build/g1_gazebo_sim': AMENT_PREFIX_PATH=/home/irman/Humanoid-VLA-Simulations/install/g1_package:${AMENT_PREFIX_PATH} CMAKE_PREFIX_PATH=/home/irman/Humanoid-VLA-Simulations/install/g1_package:${CMAKE_PREFIX_PATH} CONDA_PROMPT_MODIFIER=(ros2_env) DEBUGINFOD_URLS=https://debuginfod.ubuntu.com /home/irman/micromamba/envs/ros2_env/bin/cmake /home/irman/Humanoid-VLA-Simulations/src/g1_gazebo_sim -DAMENT_CMAKE_SYMLINK_INSTALL=1 -DCMAKE_INSTALL_PREFIX=/home/irman/Humanoid-VLA-Simulations/install/g1_gazebo_sim
[0.025s] -- Found ament_cmake: 1.3.12 (/home/irman/micromamba/envs/ros2_env/share/ament_cmake/cmake)
[0.025s] [0mCMake Deprecation Warning at CMakeLists.txt:1 (cmake_minimum_required):
[0.025s]   Compatibility with CMake < 3.10 will be removed from a future version of
[0.025s]   CMake.
[0.025s] 
[0.025s]   Update the VERSION argument <min> value.  Or, use the <min>...<max> syntax
[0.025s]   to tell CMake that the project requires at least <min> but has been updated
[0.025s]   to work with policies introduced by <max> or earlier.
[0.025s] 
[0.025s] [0m
[0.165s] -- Override CMake install command with custom implementation using symlinks instead of copying resources
[0.172s] -- Found ament_lint_auto: 0.12.12 (/home/irman/micromamba/envs/ros2_env/share/ament_lint_auto/cmake)
[0.246s] -- Added test 'copyright' to check source files copyright and LICENSE
[0.311s] -- Added test 'flake8' to check Python code syntax and style conventions
[0.319s] -- Added test 'lint_cmake' to check CMake code style
[0.323s] -- Added test 'pep257' to check Python code against some of the docstring style conventions in PEP 257
[0.358s] -- Added test 'xmllint' to check XML markup files
[0.358s] -- Configuring done (0.3s)
[0.362s] -- Generating done (0.0s)
[0.363s] -- Build files have been written to: /home/irman/Humanoid-VLA-Simulations/build/g1_gazebo_sim
[0.366s] Invoked command in '/home/irman/Humanoid-VLA-Simulations/build/g1_gazebo_sim' returned '0': AMENT_PREFIX_PATH=/home/irman/Humanoid-VLA-Simulations/install/g1_package:${AMENT_PREFIX_PATH} CMAKE_PREFIX_PATH=/home/irman/Humanoid-VLA-Simulations/install/g1_package:${CMAKE_PREFIX_PATH} CONDA_PROMPT_MODIFIER=(ros2_env) DEBUGINFOD_URLS=https://debuginfod.ubuntu.com /home/irman/micromamba/envs/ros2_env/bin/cmake /home/irman/Humanoid-VLA-Simulations/src/g1_gazebo_sim -DAMENT_CMAKE_SYMLINK_INSTALL=1 -DCMAKE_INSTALL_PREFIX=/home/irman/Humanoid-VLA-Simulations/install/g1_gazebo_sim
[0.367s] Invoking command in '/home/irman/Humanoid-VLA-Simulations/build/g1_gazebo_sim': AMENT_PREFIX_PATH=/home/irman/Humanoid-VLA-Simulations/install/g1_package:${AMENT_PREFIX_PATH} CMAKE_PREFIX_PATH=/home/irman/Humanoid-VLA-Simulations/install/g1_package:${CMAKE_PREFIX_PATH} CONDA_PROMPT_MODIFIER=(ros2_env) DEBUGINFOD_URLS=https://debuginfod.ubuntu.com /home/irman/micromamba/envs/ros2_env/bin/cmake --build /home/irman/Humanoid-VLA-Simulations/build/g1_gazebo_sim -- -j16 -l16
[0.396s] Invoked command in '/home/irman/Humanoid-VLA-Simulations/build/g1_gazebo_sim' returned '0': AMENT_PREFIX_PATH=/home/irman/Humanoid-VLA-Simulations/install/g1_package:${AMENT_PREFIX_PATH} CMAKE_PREFIX_PATH=/home/irman/Humanoid-VLA-Simulations/install/g1_package:${CMAKE_PREFIX_PATH} CONDA_PROMPT_MODIFIER=(ros2_env) DEBUGINFOD_URLS=https://debuginfod.ubuntu.com /home/irman/micromamba/envs/ros2_env/bin/cmake --build /home/irman/Humanoid-VLA-Simulations/build/g1_gazebo_sim -- -j16 -l16
[0.403s] Invoking command in '/home/irman/Humanoid-VLA-Simulations/build/g1_gazebo_sim': AMENT_PREFIX_PATH=/home/irman/Humanoid-VLA-Simulations/install/g1_package:${AMENT_PREFIX_PATH} CMAKE_PREFIX_PATH=/home/irman/Humanoid-VLA-Simulations/install/g1_package:${CMAKE_PREFIX_PATH} CONDA_PROMPT_MODIFIER=(ros2_env) DEBUGINFOD_URLS=https://debuginfod.ubuntu.com /home/irman/micromamba/envs/ros2_env/bin/cmake --install /home/irman/Humanoid-VLA-Simulations/build/g1_gazebo_sim
[0.408s] -- Install configuration: ""
[0.408s] -- Execute custom install script
[0.408s] -- Symlinking: /home/irman/Humanoid-VLA-Simulations/install/g1_gazebo_sim/share/g1_gazebo_sim//launch/gazebo_house.launch.py
[0.415s] -- Symlinking: /home/irman/Humanoid-VLA-Simulations/install/g1_gazebo_sim/share/g1_gazebo_sim//launch/gazebo_house_ros2_control.launch.py
[0.422s] -- Symlinking: /home/irman/Humanoid-VLA-Simulations/install/g1_gazebo_sim/share/g1_gazebo_sim//launch/gazebo_house_wasd.launch.py
[0.427s] -- Symlinking: /home/irman/Humanoid-VLA-Simulations/install/g1_gazebo_sim/share/g1_gazebo_sim//launch/gazebo_robot_only.launch.py
[0.433s] -- Symlinking: /home/irman/Humanoid-VLA-Simulations/install/g1_gazebo_sim/share/g1_gazebo_sim//launch/gazebo_robot_ros2_control.launch.py
[0.439s] -- Symlinking: /home/irman/Humanoid-VLA-Simulations/install/g1_gazebo_sim/share/g1_gazebo_sim//worlds/small_house.world
[0.446s] -- Symlinking: /home/irman/Humanoid-VLA-Simulations/install/g1_gazebo_sim/share/g1_gazebo_sim//config/gazebo.rviz
[0.458s] -- Symlinking: /home/irman/Humanoid-VLA-Simulations/install/g1_gazebo_sim/share/g1_gazebo_sim//models/aws_robomaker_residential_AirconditionerA_01/materials/textures/aws_AirconditionerA_01.png
[0.464s] -- Symlinking: /home/irman/Humanoid-VLA-Simulations/install/g1_gazebo_sim/share/g1_gazebo_sim//models/aws_robomaker_residential_AirconditionerA_01/meshes/aws_AirconditionerA_01_collision.DAE
[0.472s] -- Symlinking: /home/irman/Humanoid-VLA-Simulations/install/g1_gazebo_sim/share/g1_gazebo_sim//models/aws_robomaker_residential_AirconditionerA_01/meshes/aws_AirconditionerA_01_visual.DAE
[0.479s] -- Symlinking: /home/irman/Humanoid-VLA-Simulations/install/g1_gazebo_sim/share/g1_gazebo_sim//models/aws_robomaker_residential_AirconditionerA_01/model.config
[0.485s] -- Symlinking: /home/irman/Humanoid-VLA-Simulations/install/g1_gazebo_sim/share/g1_gazebo_sim//models/aws_robomaker_residential_AirconditionerA_01/model.sdf
[0.490s] -- Symlinking: /home/irman/Humanoid-VLA-Simulations/install/g1_gazebo_sim/share/g1_gazebo_sim//models/aws_robomaker_residential_AirconditionerB_01/materials/textures/aws_AirconditionerB_01.png
[0.496s] -- Symlinking: /home/irman/Humanoid-VLA-Simulations/install/g1_gazebo_sim/share/g1_gazebo_sim//models/aws_robomaker_residential_AirconditionerB_01/meshes/aws_AirconditionerB_01_collision.DAE
[0.501s] -- Symlinking: /home/irman/Humanoid-VLA-Simulations/install/g1_gazebo_sim/share/g1_gazebo_sim//models/aws_robomaker_residential_AirconditionerB_01/meshes/aws_AirconditionerB_01_visual.DAE
[0.507s] -- Symlinking: /home/irman/Humanoid-VLA-Simulations/install/g1_gazebo_sim/share/g1_gazebo_sim//models/aws_robomaker_residential_AirconditionerB_01/model.config
[0.512s] -- Symlinking: /home/irman/Humanoid-VLA-Simulations/install/g1_gazebo_sim/share/g1_gazebo_sim//models/aws_robomaker_residential_AirconditionerB_01/model.sdf
[0.518s] -- Symlinking: /home/irman/Humanoid-VLA-Simulations/install/g1_gazebo_sim/share/g1_gazebo_sim//models/aws_robomaker_residential_BalconyTable_01/materials/textures/aws_BalconyTable_01.png
[0.524s] -- Symlinking: /home/irman/Humanoid-VLA-Simulations/install/g1_gazebo_sim/share/g1_gazebo_sim//models/aws_robomaker_residential_BalconyTable_01/meshes/aws_BalconyTable_01_collision.DAE
[0.529s] -- Symlinking: /home/irman/Humanoid-VLA-Simulations/install/g1_gazebo_sim/share/g1_gazebo_sim//models/aws_robomaker_residential_BalconyTable_01/meshes/aws_BalconyTable_01_visual.DAE
[0.536s] -- Symlinking: /home/irman/Humanoid-VLA-Simulations/install/g1_gazebo_sim/share/g1_gazebo_sim//models/aws_robomaker_residential_BalconyTable_01/model.config
[0.541s] -- Symlinking: /home/irman/Humanoid-VLA-Simulations/install/g1_gazebo_sim/share/g1_gazebo_sim//models/aws_robomaker_residential_BalconyTable_01/model.sdf
[0.547s] -- Symlinking: /home/irman/Humanoid-VLA-Simulations/install/g1_gazebo_sim/share/g1_gazebo_sim//models/aws_robomaker_residential_Ball_01/materials/textures/aws_Ball_01.png
[0.553s] -- Symlinking: /home/irman/Humanoid-VLA-Simulations/install/g1_gazebo_sim/share/g1_gazebo_sim//models/aws_robomaker_residential_Ball_01/meshes/aws_Ball_01_collision.DAE
[0.558s] -- Symlinking: /home/irman/Humanoid-VLA-Simulations/install/g1_gazebo_sim/share/g1_gazebo_sim//models/aws_robomaker_residential_Ball_01/meshes/aws_Ball_01_visual.DAE
[0.564s] -- Symlinking: /home/irman/Humanoid-VLA-Simulations/install/g1_gazebo_sim/share/g1_gazebo_sim//models/aws_robomaker_residential_Ball_01/model.config
[0.570s] -- Symlinking: /home/irman/Humanoid-VLA-Simulations/install/g1_gazebo_sim/share/g1_gazebo_sim//models/aws_robomaker_residential_Ball_01/model.sdf
[0.576s] -- Symlinking: /home/irman/Humanoid-VLA-Simulations/install/g1_gazebo_sim/share/g1_gazebo_sim//models/aws_robomaker_residential_Bed_01/materials/textures/aws_BedA_01.png
[0.583s] -- Symlinking: /home/irman/Humanoid-VLA-Simulations/install/g1_gazebo_sim/share/g1_gazebo_sim//models/aws_robomaker_residential_Bed_01/materials/textures/aws_BedB_01.png
[0.589s] -- Symlinking: /home/irman/Humanoid-VLA-Simulations/install/g1_gazebo_sim/share/g1_gazebo_sim//models/aws_robomaker_residential_Bed_01/materials/textures/aws_BedC_01.png
[0.595s] -- Symlinking: /home/irman/Humanoid-VLA-Simulations/install/g1_gazebo_sim/share/g1_gazebo_sim//models/aws_robomaker_residential_Bed_01/materials/textures/aws_Bed_01.png
[0.601s] -- Symlinking: /home/irman/Humanoid-VLA-Simulations/install/g1_gazebo_sim/share/g1_gazebo_sim//models/aws_robomaker_residential_Bed_01/meshes/aws_Bed_01_collision.DAE
[0.607s] -- Symlinking: /home/irman/Humanoid-VLA-Simulations/install/g1_gazebo_sim/share/g1_gazebo_sim//models/aws_robomaker_residential_Bed_01/meshes/aws_Bed_01_visual.DAE
[0.614s] -- Symlinking: /home/irman/Humanoid-VLA-Simulations/install/g1_gazebo_sim/share/g1_gazebo_sim//models/aws_robomaker_residential_Bed_01/model.config
[0.619s] -- Symlinking: /home/irman/Humanoid-VLA-Simulations/install/g1_gazebo_sim/share/g1_gazebo_sim//models/aws_robomaker_residential_Bed_01/model.sdf
[0.626s] -- Symlinking: /home/irman/Humanoid-VLA-Simulations/install/g1_gazebo_sim/share/g1_gazebo_sim//models/aws_robomaker_residential_Board_01/materials/textures/aws_Board_01.png
[0.633s] -- Symlinking: /home/irman/Humanoid-VLA-Simulations/install/g1_gazebo_sim/share/g1_gazebo_sim//models/aws_robomaker_residential_Board_01/meshes/aws_Board_01_collision.DAE
[0.640s] -- Symlinking: /home/irman/Humanoid-VLA-Simulations/install/g1_gazebo_sim/share/g1_gazebo_sim//models/aws_robomaker_residential_Board_01/meshes/aws_Board_01_visual.DAE
[0.646s] -- Symlinking: /home/irman/Humanoid-VLA-Simulations/install/g1_gazebo_sim/share/g1_gazebo_sim//models/aws_robomaker_residential_Board_01/model.config
[0.651s] -- Symlinking: /home/irman/Humanoid-VLA-Simulations/install/g1_gazebo_sim/share/g1_gazebo_sim//models/aws_robomaker_residential_Board_01/model.sdf
[0.657s] -- Symlinking: /home/irman/Humanoid-VLA-Simulations/install/g1_gazebo_sim/share/g1_gazebo_sim//models/aws_robomaker_residential_Carpet_01/materials/textures/aws_Carpet_01.png
[0.664s] -- Symlinking: /home/irman/Humanoid-VLA-Simulations/install/g1_gazebo_sim/share/g1_gazebo_sim//models/aws_robomaker_residential_Carpet_01/meshes/aws_Carpet_01_collision.DAE
[0.670s] -- Symlinking: /home/irman/Humanoid-VLA-Simulations/install/g1_gazebo_sim/share/g1_gazebo_sim//models/aws_robomaker_residential_Carpet_01/meshes/aws_Carpet_01_visual.DAE
[0.677s] -- Symlinking: /home/irman/Humanoid-VLA-Simulations/install/g1_gazebo_sim/share/g1_gazebo_sim//models/aws_robomaker_residential_Carpet_01/model.config
[0.683s] -- Symlinking: /home/irman/Humanoid-VLA-Simulations/install/g1_gazebo_sim/share/g1_gazebo_sim//models/aws_robomaker_residential_Carpet_01/model.sdf
[0.689s] -- Symlinking: /home/irman/Humanoid-VLA-Simulations/install/g1_gazebo_sim/share/g1_gazebo_sim//models/aws_robomaker_residential_ChairA_01/materials/textures/aws_ChairA_01.png
[0.695s] -- Symlinking: /home/irman/Humanoid-VLA-Simulations/install/g1_gazebo_sim/share/g1_gazebo_sim//models/aws_robomaker_residential_ChairA_01/meshes/aws_ChairA_01_collision.DAE
[0.700s] -- Symlinking: /home/irman/Humanoid-VLA-Simulations/install/g1_gazebo_sim/share/g1_gazebo_sim//models/aws_robomaker_residential_ChairA_01/meshes/aws_ChairA_01_visual.DAE
[0.706s] -- Symlinking: /home/irman/Humanoid-VLA-Simulations/install/g1_gazebo_sim/share/g1_gazebo_sim//models/aws_robomaker_residential_ChairA_01/model.config
[0.713s] -- Symlinking: /home/irman/Humanoid-VLA-Simulations/install/g1_gazebo_sim/share/g1_gazebo_sim//models/aws_robomaker_residential_ChairA_01/model.sdf
[0.718s] -- Symlinking: /home/irman/Humanoid-VLA-Simulations/install/g1_gazebo_sim/share/g1_gazebo_sim//models/aws_robomaker_residential_ChairD_01/materials/textures/aws_ChairD_01.png
[0.725s] -- Symlinking: /home/irman/Humanoid-VLA-Simulations/install/g1_gazebo_sim/share/g1_gazebo_sim//models/aws_robomaker_residential_ChairD_01/meshes/aws_ChairD_01_collision.DAE
[0.731s] -- Symlinking: /home/irman/Humanoid-VLA-Simulations/install/g1_gazebo_sim/share/g1_gazebo_sim//models/aws_robomaker_residential_ChairD_01/meshes/aws_ChairD_01_visual.DAE
[0.736s] -- Symlinking: /home/irman/Humanoid-VLA-Simulations/install/g1_gazebo_sim/share/g1_gazebo_sim//models/aws_robomaker_residential_ChairD_01/model.config
[0.742s] -- Symlinking: /home/irman/Humanoid-VLA-Simulations/install/g1_gazebo_sim/share/g1_gazebo_sim//models/aws_robomaker_residential_ChairD_01/model.sdf
[0.747s] -- Symlinking: /home/irman/Humanoid-VLA-Simulations/install/g1_gazebo_sim/share/g1_gazebo_sim//models/aws_robomaker_residential_Chandelier_01/materials/textures/aws_Chandelier_01.png
[0.752s] -- Symlinking: /home/irman/Humanoid-VLA-Simulations/install/g1_gazebo_sim/share/g1_gazebo_sim//models/aws_robomaker_residential_Chandelier_01/meshes/aws_Chandelier_01.DAE
[0.757s] -- Symlinking: /home/irman/Humanoid-VLA-Simulations/install/g1_gazebo_sim/share/g1_gazebo_sim//models/aws_robomaker_residential_Chandelier_01/meshes/aws_Chandelier_01_collision.DAE
[0.763s] -- Symlinking: /home/irman/Humanoid-VLA-Simulations/install/g1_gazebo_sim/share/g1_gazebo_sim//models/aws_robomaker_residential_Chandelier_01/meshes/aws_Chandelier_01_visual.DAE
[0.769s] -- Symlinking: /home/irman/Humanoid-VLA-Simulations/install/g1_gazebo_sim/share/g1_gazebo_sim//models/aws_robomaker_residential_Chandelier_01/model.config
[0.775s] -- Symlinking: /home/irman/Humanoid-VLA-Simulations/install/g1_gazebo_sim/share/g1_gazebo_sim//models/aws_robomaker_residential_Chandelier_01/model.sdf
[0.782s] -- Symlinking: /home/irman/Humanoid-VLA-Simulations/install/g1_gazebo_sim/share/g1_gazebo_sim//models/aws_robomaker_residential_CoffeeTable_01/materials/textures/aws_CoffeeTable_01.png
[0.788s] -- Symlinking: /home/irman/Humanoid-VLA-Simulations/install/g1_gazebo_sim/share/g1_gazebo_sim//models/aws_robomaker_residential_CoffeeTable_01/meshes/aws_CoffeeTable_01_collision.DAE
[0.793s] -- Symlinking: /home/irman/Humanoid-VLA-Simulations/install/g1_gazebo_sim/share/g1_gazebo_sim//models/aws_robomaker_residential_CoffeeTable_01/meshes/aws_CoffeeTable_01_visual.DAE
[0.799s] -- Symlinking: /home/irman/Humanoid-VLA-Simulations/install/g1_gazebo_sim/share/g1_gazebo_sim//models/aws_robomaker_residential_CoffeeTable_01/model.config
[0.805s] -- Symlinking: /home/irman/Humanoid-VLA-Simulations/install/g1_gazebo_sim/share/g1_gazebo_sim//models/aws_robomaker_residential_CoffeeTable_01/model.sdf
[0.812s] -- Symlinking: /home/irman/Humanoid-VLA-Simulations/install/g1_gazebo_sim/share/g1_gazebo_sim//models/aws_robomaker_residential_CookingBench_01/materials/textures/aws_CookingBench_01.png
[0.820s] -- Symlinking: /home/irman/Humanoid-VLA-Simulations/install/g1_gazebo_sim/share/g1_gazebo_sim//models/aws_robomaker_residential_CookingBench_01/meshes/aws_CookingBench_01.DAE
[0.827s] -- Symlinking: /home/irman/Humanoid-VLA-Simulations/install/g1_gazebo_sim/share/g1_gazebo_sim//models/aws_robomaker_residential_CookingBench_01/meshes/aws_CookingBench_01_collision.DAE
[0.833s] -- Symlinking: /home/irman/Humanoid-VLA-Simulations/install/g1_gazebo_sim/share/g1_gazebo_sim//models/aws_robomaker_residential_CookingBench_01/meshes/aws_CookingBench_01_visual.DAE
[0.839s] -- Symlinking: /home/irman/Humanoid-VLA-Simulations/install/g1_gazebo_sim/share/g1_gazebo_sim//models/aws_robomaker_residential_CookingBench_01/model.config
[0.846s] -- Symlinking: /home/irman/Humanoid-VLA-Simulations/install/g1_gazebo_sim/share/g1_gazebo_sim//models/aws_robomaker_residential_CookingBench_01/model.sdf
[0.852s] -- Symlinking: /home/irman/Humanoid-VLA-Simulations/install/g1_gazebo_sim/share/g1_gazebo_sim//models/aws_robomaker_residential_Curtain_01/materials/textures/aws_Curtain_01.png
[0.858s] -- Symlinking: /home/irman/Humanoid-VLA-Simulations/install/g1_gazebo_sim/share/g1_gazebo_sim//models/aws_robomaker_residential_Curtain_01/meshes/aws_Curtain_01_collision.DAE
[0.863s] -- Symlinking: /home/irman/Humanoid-VLA-Simulations/install/g1_gazebo_sim/share/g1_gazebo_sim//models/aws_robomaker_residential_Curtain_01/meshes/aws_Curtain_01_visual.DAE
[0.869s] -- Symlinking: /home/irman/Humanoid-VLA-Simulations/install/g1_gazebo_sim/share/g1_gazebo_sim//models/aws_robomaker_residential_Curtain_01/model.config
[0.875s] -- Symlinking: /home/irman/Humanoid-VLA-Simulations/install/g1_gazebo_sim/share/g1_gazebo_sim//models/aws_robomaker_residential_Curtain_01/model.sdf
[0.882s] -- Symlinking: /home/irman/Humanoid-VLA-Simulations/install/g1_gazebo_sim/share/g1_gazebo_sim//models/aws_robomaker_residential_DeskPortraitA_01/materials/textures/DeskPortraitA_01.jpg
[0.888s] -- Symlinking: /home/irman/Humanoid-VLA-Simulations/install/g1_gazebo_sim/share/g1_gazebo_sim//models/aws_robomaker_residential_DeskPortraitA_01/materials/textures/aws_DeskPortraitA_01.png
[0.894s] -- Symlinking: /home/irman/Humanoid-VLA-Simulations/install/g1_gazebo_sim/share/g1_gazebo_sim//models/aws_robomaker_residential_DeskPortraitA_01/materials/textures/aws_DeskPortraitA_02.png
[0.900s] -- Symlinking: /home/irman/Humanoid-VLA-Simulations/install/g1_gazebo_sim/share/g1_gazebo_sim//models/aws_robomaker_residential_DeskPortraitA_01/meshes/aws_DeskPortraitA_01_collision.DAE
[0.907s] -- Symlinking: /home/irman/Humanoid-VLA-Simulations/install/g1_gazebo_sim/share/g1_gazebo_sim//models/aws_robomaker_residential_DeskPortraitA_01/meshes/aws_DeskPortraitA_01_visual.DAE
[0.913s] -- Symlinking: /home/irman/Humanoid-VLA-Simulations/install/g1_gazebo_sim/share/g1_gazebo_sim//models/aws_robomaker_residential_DeskPortraitA_01/model.config
[0.919s] -- Symlinking: /home/irman/Humanoid-VLA-Simulations/install/g1_gazebo_sim/share/g1_gazebo_sim//models/aws_robomaker_residential_DeskPortraitA_01/model.sdf
[0.925s] -- Symlinking: /home/irman/Humanoid-VLA-Simulations/install/g1_gazebo_sim/share/g1_gazebo_sim//models/aws_robomaker_residential_DeskPortraitA_02/materials/textures/DeskPortraitA_02.jpg
[0.932s] -- Symlinking: /home/irman/Humanoid-VLA-Simulations/install/g1_gazebo_sim/share/g1_gazebo_sim//models/aws_robomaker_residential_DeskPortraitA_02/materials/textures/aws_DeskPortraitA_01.png
[0.937s] -- Symlinking: /home/irman/Humanoid-VLA-Simulations/install/g1_gazebo_sim/share/g1_gazebo_sim//models/aws_robomaker_residential_DeskPortraitA_02/materials/textures/aws_DeskPortraitA_02.png
[0.943s] -- Symlinking: /home/irman/Humanoid-VLA-Simulations/install/g1_gazebo_sim/share/g1_gazebo_sim//models/aws_robomaker_residential_DeskPortraitA_02/meshes/aws_DeskPortraitA_01_collision.DAE
[0.949s] -- Symlinking: /home/irman/Humanoid-VLA-Simulations/install/g1_gazebo_sim/share/g1_gazebo_sim//models/aws_robomaker_residential_DeskPortraitA_02/meshes/aws_DeskPortraitA_01_visual.DAE
[0.956s] -- Symlinking: /home/irman/Humanoid-VLA-Simulations/install/g1_gazebo_sim/share/g1_gazebo_sim//models/aws_robomaker_residential_DeskPortraitA_02/model.config
[0.961s] -- Symlinking: /home/irman/Humanoid-VLA-Simulations/install/g1_gazebo_sim/share/g1_gazebo_sim//models/aws_robomaker_residential_DeskPortraitA_02/model.sdf
[0.968s] -- Symlinking: /home/irman/Humanoid-VLA-Simulations/install/g1_gazebo_sim/share/g1_gazebo_sim//models/aws_robomaker_residential_DeskPortraitB_01/materials/textures/DeskPortraitB_01.jpg
[0.974s] -- Symlinking: /home/irman/Humanoid-VLA-Simulations/install/g1_gazebo_sim/share/g1_gazebo_sim//models/aws_robomaker_residential_DeskPortraitB_01/materials/textures/aws_DeskPortraitB_01.png
[0.979s] -- Symlinking: /home/irman/Humanoid-VLA-Simulations/install/g1_gazebo_sim/share/g1_gazebo_sim//models/aws_robomaker_residential_DeskPortraitB_01/materials/textures/aws_DeskPortraitB_02.png
[0.984s] -- Symlinking: /home/irman/Humanoid-VLA-Simulations/install/g1_gazebo_sim/share/g1_gazebo_sim//models/aws_robomaker_residential_DeskPortraitB_01/meshes/aws_DeskPortraitB_01_collision.DAE
[0.990s] -- Symlinking: /home/irman/Humanoid-VLA-Simulations/install/g1_gazebo_sim/share/g1_gazebo_sim//models/aws_robomaker_residential_DeskPortraitB_01/meshes/aws_DeskPortraitB_01_visual.DAE
[0.996s] -- Symlinking: /home/irman/Humanoid-VLA-Simulations/install/g1_gazebo_sim/share/g1_gazebo_sim//models/aws_robomaker_residential_DeskPortraitB_01/model.config
[1.002s] -- Symlinking: /home/irman/Humanoid-VLA-Simulations/install/g1_gazebo_sim/share/g1_gazebo_sim//models/aws_robomaker_residential_DeskPortraitB_01/model.sdf
[1.008s] -- Symlinking: /home/irman/Humanoid-VLA-Simulations/install/g1_gazebo_sim/share/g1_gazebo_sim//models/aws_robomaker_residential_DeskPortraitB_02/materials/textures/DeskPortraitB_02.jpg
[1.014s] -- Symlinking: /home/irman/Humanoid-VLA-Simulations/install/g1_gazebo_sim/share/g1_gazebo_sim//models/aws_robomaker_residential_DeskPortraitB_02/materials/textures/aws_DeskPortraitB_01.png
[1.019s] -- Symlinking: /home/irman/Humanoid-VLA-Simulations/install/g1_gazebo_sim/share/g1_gazebo_sim//models/aws_robomaker_residential_DeskPortraitB_02/materials/textures/aws_DeskPortraitB_02.png
[1.025s] -- Symlinking: /home/irman/Humanoid-VLA-Simulations/install/g1_gazebo_sim/share/g1_gazebo_sim//models/aws_robomaker_residential_DeskPortraitB_02/meshes/aws_DeskPortraitB_01_collision.DAE
[1.032s] -- Symlinking: /home/irman/Humanoid-VLA-Simulations/install/g1_gazebo_sim/share/g1_gazebo_sim//models/aws_robomaker_residential_DeskPortraitB_02/meshes/aws_DeskPortraitB_01_visual.DAE
[1.037s] -- Symlinking: /home/irman/Humanoid-VLA-Simulations/install/g1_gazebo_sim/share/g1_gazebo_sim//models/aws_robomaker_residential_DeskPortraitB_02/model.config
[1.043s] -- Symlinking: /home/irman/Humanoid-VLA-Simulations/install/g1_gazebo_sim/share/g1_gazebo_sim//models/aws_robomaker_residential_DeskPortraitB_02/model.sdf
[1.049s] -- Symlinking: /home/irman/Humanoid-VLA-Simulations/install/g1_gazebo_sim/share/g1_gazebo_sim//models/aws_robomaker_residential_DeskPortraitC_01/materials/textures/DeskPortraitC_01.jpg
[1.056s] -- Symlinking: /home/irman/Humanoid-VLA-Simulations/install/g1_gazebo_sim/share/g1_gazebo_sim//models/aws_robomaker_residential_DeskPortraitC_01/materials/textures/aws_DeskPortraitC_01.png
[1.062s] -- Symlinking: /home/irman/Humanoid-VLA-Simulations/install/g1_gazebo_sim/share/g1_gazebo_sim//models/aws_robomaker_residential_DeskPortraitC_01/materials/textures/aws_DeskPortraitC_02.png
[1.069s] -- Symlinking: /home/irman/Humanoid-VLA-Simulations/install/g1_gazebo_sim/share/g1_gazebo_sim//models/aws_robomaker_residential_DeskPortraitC_01/meshes/aws_DeskPortraitC_01_collision.DAE
[1.075s] -- Symlinking: /home/irman/Humanoid-VLA-Simulations/install/g1_gazebo_sim/share/g1_gazebo_sim//models/aws_robomaker_residential_DeskPortraitC_01/meshes/aws_DeskPortraitC_01_visual.DAE
[1.080s] -- Symlinking: /home/irman/Humanoid-VLA-Simulations/install/g1_gazebo_sim/share/g1_gazebo_sim//models/aws_robomaker_residential_DeskPortraitC_01/model.config
[1.087s] -- Symlinking: /home/irman/Humanoid-VLA-Simulations/install/g1_gazebo_sim/share/g1_gazebo_sim//models/aws_robomaker_residential_DeskPortraitC_01/model.sdf
[1.093s] -- Symlinking: /home/irman/Humanoid-VLA-Simulations/install/g1_gazebo_sim/share/g1_gazebo_sim//models/aws_robomaker_residential_DeskPortraitC_02/materials/textures/DeskPortraitC_02.jpg
[1.100s] -- Symlinking: /home/irman/Humanoid-VLA-Simulations/install/g1_gazebo_sim/share/g1_gazebo_sim//models/aws_robomaker_residential_DeskPortraitC_02/materials/textures/aws_DeskPortraitC_01.png
[1.107s] -- Symlinking: /home/irman/Humanoid-VLA-Simulations/install/g1_gazebo_sim/share/g1_gazebo_sim//models/aws_robomaker_residential_DeskPortraitC_02/materials/textures/aws_DeskPortraitC_02.png
[1.115s] -- Symlinking: /home/irman/Humanoid-VLA-Simulations/install/g1_gazebo_sim/share/g1_gazebo_sim//models/aws_robomaker_residential_DeskPortraitC_02/meshes/aws_DeskPortraitC_01_collision.DAE
[1.121s] -- Symlinking: /home/irman/Humanoid-VLA-Simulations/install/g1_gazebo_sim/share/g1_gazebo_sim//models/aws_robomaker_residential_DeskPortraitC_02/meshes/aws_DeskPortraitC_01_visual.DAE
[1.127s] -- Symlinking: /home/irman/Humanoid-VLA-Simulations/install/g1_gazebo_sim/share/g1_gazebo_sim//models/aws_robomaker_residential_DeskPortraitC_02/model.config
[1.133s] -- Symlinking: /home/irman/Humanoid-VLA-Simulations/install/g1_gazebo_sim/share/g1_gazebo_sim//models/aws_robomaker_residential_DeskPortraitC_02/model.sdf
[1.139s] -- Symlinking: /home/irman/Humanoid-VLA-Simulations/install/g1_gazebo_sim/share/g1_gazebo_sim//models/aws_robomaker_residential_DeskPortraitD_01/materials/textures/DeskPortraitD_01.jpg
[1.145s] -- Symlinking: /home/irman/Humanoid-VLA-Simulations/install/g1_gazebo_sim/share/g1_gazebo_sim//models/aws_robomaker_residential_DeskPortraitD_01/materials/textures/aws_DeskPortraitD_01.png
[1.151s] -- Symlinking: /home/irman/Humanoid-VLA-Simulations/install/g1_gazebo_sim/share/g1_gazebo_sim//models/aws_robomaker_residential_DeskPortraitD_01/materials/textures/aws_DeskPortraitD_02.png
[1.159s] -- Symlinking: /home/irman/Humanoid-VLA-Simulations/install/g1_gazebo_sim/share/g1_gazebo_sim//models/aws_robomaker_residential_DeskPortraitD_01/meshes/aws_DeskPortraitD_01_collision.DAE
[1.165s] -- Symlinking: /home/irman/Humanoid-VLA-Simulations/install/g1_gazebo_sim/share/g1_gazebo_sim//models/aws_robomaker_residential_DeskPortraitD_01/meshes/aws_DeskPortraitD_01_visual.DAE
[1.171s] -- Symlinking: /home/irman/Humanoid-VLA-Simulations/install/g1_gazebo_sim/share/g1_gazebo_sim//models/aws_robomaker_residential_DeskPortraitD_01/model.config
[1.178s] -- Symlinking: /home/irman/Humanoid-VLA-Simulations/install/g1_gazebo_sim/share/g1_gazebo_sim//models/aws_robomaker_residential_DeskPortraitD_01/model.sdf
[1.185s] -- Symlinking: /home/irman/Humanoid-VLA-Simulations/install/g1_gazebo_sim/share/g1_gazebo_sim//models/aws_robomaker_residential_DeskPortraitD_02/materials/textures/DeskPortraitD_02.jpg
[1.192s] -- Symlinking: /home/irman/Humanoid-VLA-Simulations/install/g1_gazebo_sim/share/g1_gazebo_sim//models/aws_robomaker_residential_DeskPortraitD_02/materials/textures/aws_DeskPortraitD_01.png
[1.198s] -- Symlinking: /home/irman/Humanoid-VLA-Simulations/install/g1_gazebo_sim/share/g1_gazebo_sim//models/aws_robomaker_residential_DeskPortraitD_02/materials/textures/aws_DeskPortraitD_02.png
[1.205s] -- Symlinking: /home/irman/Humanoid-VLA-Simulations/install/g1_gazebo_sim/share/g1_gazebo_sim//models/aws_robomaker_residential_DeskPortraitD_02/meshes/aws_DeskPortraitD_01_collision.DAE
[1.212s] -- Symlinking: /home/irman/Humanoid-VLA-Simulations/install/g1_gazebo_sim/share/g1_gazebo_sim//models/aws_robomaker_residential_DeskPortraitD_02/meshes/aws_DeskPortraitD_01_visual.DAE
[1.218s] -- Symlinking: /home/irman/Humanoid-VLA-Simulations/install/g1_gazebo_sim/share/g1_gazebo_sim//models/aws_robomaker_residential_DeskPortraitD_02/model.config
[1.224s] -- Symlinking: /home/irman/Humanoid-VLA-Simulations/install/g1_gazebo_sim/share/g1_gazebo_sim//models/aws_robomaker_residential_DeskPortraitD_02/model.sdf
[1.231s] -- Symlinking: /home/irman/Humanoid-VLA-Simulations/install/g1_gazebo_sim/share/g1_gazebo_sim//models/aws_robomaker_residential_DeskPortraitD_03/materials/textures/DeskPortraitD_03.jpg
[1.237s] -- Symlinking: /home/irman/Humanoid-VLA-Simulations/install/g1_gazebo_sim/share/g1_gazebo_sim//models/aws_robomaker_residential_DeskPortraitD_03/materials/textures/aws_DeskPortraitD_01.png
[1.243s] -- Symlinking: /home/irman/Humanoid-VLA-Simulations/install/g1_gazebo_sim/share/g1_gazebo_sim//models/aws_robomaker_residential_DeskPortraitD_03/materials/textures/aws_DeskPortraitD_02.png
[1.249s] -- Symlinking: /home/irman/Humanoid-VLA-Simulations/install/g1_gazebo_sim/share/g1_gazebo_sim//models/aws_robomaker_residential_DeskPortraitD_03/meshes/aws_DeskPortraitD_01_collision.DAE
[1.255s] -- Symlinking: /home/irman/Humanoid-VLA-Simulations/install/g1_gazebo_sim/share/g1_gazebo_sim//models/aws_robomaker_residential_DeskPortraitD_03/meshes/aws_DeskPortraitD_01_visual.DAE
[1.260s] -- Symlinking: /home/irman/Humanoid-VLA-Simulations/install/g1_gazebo_sim/share/g1_gazebo_sim//models/aws_robomaker_residential_DeskPortraitD_03/model.config
[1.266s] -- Symlinking: /home/irman/Humanoid-VLA-Simulations/install/g1_gazebo_sim/share/g1_gazebo_sim//models/aws_robomaker_residential_DeskPortraitD_03/model.sdf
[1.272s] -- Symlinking: /home/irman/Humanoid-VLA-Simulations/install/g1_gazebo_sim/share/g1_gazebo_sim//models/aws_robomaker_residential_DeskPortraitD_04/materials/textures/DeskPortraitD_04.jpg
[1.278s] -- Symlinking: /home/irman/Humanoid-VLA-Simulations/install/g1_gazebo_sim/share/g1_gazebo_sim//models/aws_robomaker_residential_DeskPortraitD_04/materials/textures/aws_DeskPortraitD_01.png
[1.283s] -- Symlinking: /home/irman/Humanoid-VLA-Simulations/install/g1_gazebo_sim/share/g1_gazebo_sim//models/aws_robomaker_residential_DeskPortraitD_04/materials/textures/aws_DeskPortraitD_02.png
[1.290s] -- Symlinking: /home/irman/Humanoid-VLA-Simulations/install/g1_gazebo_sim/share/g1_gazebo_sim//models/aws_robomaker_residential_DeskPortraitD_04/meshes/aws_DeskPortraitD_01_collision.DAE
[1.297s] -- Symlinking: /home/irman/Humanoid-VLA-Simulations/install/g1_gazebo_sim/share/g1_gazebo_sim//models/aws_robomaker_residential_DeskPortraitD_04/meshes/aws_DeskPortraitD_01_visual.DAE
[1.303s] -- Symlinking: /home/irman/Humanoid-VLA-Simulations/install/g1_gazebo_sim/share/g1_gazebo_sim//models/aws_robomaker_residential_DeskPortraitD_04/model.config
[1.309s] -- Symlinking: /home/irman/Humanoid-VLA-Simulations/install/g1_gazebo_sim/share/g1_gazebo_sim//models/aws_robomaker_residential_DeskPortraitD_04/model.sdf
[1.315s] -- Symlinking: /home/irman/Humanoid-VLA-Simulations/install/g1_gazebo_sim/share/g1_gazebo_sim//models/aws_robomaker_residential_Door_01/materials/textures/aws_Door_01.png
[1.321s] -- Symlinking: /home/irman/Humanoid-VLA-Simulations/install/g1_gazebo_sim/share/g1_gazebo_sim//models/aws_robomaker_residential_Door_01/meshes/aws_Door_01_collision.DAE
[1.327s] -- Symlinking: /home/irman/Humanoid-VLA-Simulations/install/g1_gazebo_sim/share/g1_gazebo_sim//models/aws_robomaker_residential_Door_01/meshes/aws_Door_01_visual.DAE
[1.332s] -- Symlinking: /home/irman/Humanoid-VLA-Simulations/install/g1_gazebo_sim/share/g1_gazebo_sim//models/aws_robomaker_residential_Door_01/model.config
[1.338s] -- Symlinking: /home/irman/Humanoid-VLA-Simulations/install/g1_gazebo_sim/share/g1_gazebo_sim//models/aws_robomaker_residential_Door_01/model.sdf
[1.344s] -- Symlinking: /home/irman/Humanoid-VLA-Simulations/install/g1_gazebo_sim/share/g1_gazebo_sim//models/aws_robomaker_residential_Dumbbell_01/materials/textures/aws_Dumbbell_01.png
[1.349s] -- Symlinking: /home/irman/Humanoid-VLA-Simulations/install/g1_gazebo_sim/share/g1_gazebo_sim//models/aws_robomaker_residential_Dumbbell_01/meshes/aws_Dumbbell_01_collision.DAE
[1.355s] -- Symlinking: /home/irman/Humanoid-VLA-Simulations/install/g1_gazebo_sim/share/g1_gazebo_sim//models/aws_robomaker_residential_Dumbbell_01/meshes/aws_Dumbbell_01_visual.DAE
[1.361s] -- Symlinking: /home/irman/Humanoid-VLA-Simulations/install/g1_gazebo_sim/share/g1_gazebo_sim//models/aws_robomaker_residential_Dumbbell_01/model.config
[1.367s] -- Symlinking: /home/irman/Humanoid-VLA-Simulations/install/g1_gazebo_sim/share/g1_gazebo_sim//models/aws_robomaker_residential_Dumbbell_01/model.sdf
[1.373s] -- Symlinking: /home/irman/Humanoid-VLA-Simulations/install/g1_gazebo_sim/share/g1_gazebo_sim//models/aws_robomaker_residential_FitnessEquipment_01/materials/textures/aws_FitnessEquipment_01.png
[1.379s] -- Symlinking: /home/irman/Humanoid-VLA-Simulations/install/g1_gazebo_sim/share/g1_gazebo_sim//models/aws_robomaker_residential_FitnessEquipment_01/meshes/aws_FitnessEquipment_01_collision.DAE
[1.385s] -- Symlinking: /home/irman/Humanoid-VLA-Simulations/install/g1_gazebo_sim/share/g1_gazebo_sim//models/aws_robomaker_residential_FitnessEquipment_01/meshes/aws_FitnessEquipment_01_visual.DAE
[1.391s] -- Symlinking: /home/irman/Humanoid-VLA-Simulations/install/g1_gazebo_sim/share/g1_gazebo_sim//models/aws_robomaker_residential_FitnessEquipment_01/model.config
[1.397s] -- Symlinking: /home/irman/Humanoid-VLA-Simulations/install/g1_gazebo_sim/share/g1_gazebo_sim//models/aws_robomaker_residential_FitnessEquipment_01/model.sdf
[1.404s] -- Symlinking: /home/irman/Humanoid-VLA-Simulations/install/g1_gazebo_sim/share/g1_gazebo_sim//models/aws_robomaker_residential_FloorB_01/materials/textures/aws_FloorB_01.png
[1.409s] -- Symlinking: /home/irman/Humanoid-VLA-Simulations/install/g1_gazebo_sim/share/g1_gazebo_sim//models/aws_robomaker_residential_FloorB_01/meshes/aws_FloorB_01_collision.DAE
[1.415s] -- Symlinking: /home/irman/Humanoid-VLA-Simulations/install/g1_gazebo_sim/share/g1_gazebo_sim//models/aws_robomaker_residential_FloorB_01/meshes/aws_FloorB_01_visual.DAE
[1.421s] -- Symlinking: /home/irman/Humanoid-VLA-Simulations/install/g1_gazebo_sim/share/g1_gazebo_sim//models/aws_robomaker_residential_FloorB_01/model.config
[1.428s] -- Symlinking: /home/irman/Humanoid-VLA-Simulations/install/g1_gazebo_sim/share/g1_gazebo_sim//models/aws_robomaker_residential_FloorB_01/model.sdf
[1.434s] -- Symlinking: /home/irman/Humanoid-VLA-Simulations/install/g1_gazebo_sim/share/g1_gazebo_sim//models/aws_robomaker_residential_FoldingDoor_01/materials/textures/aws_FoldingDoor_01.png
[1.439s] -- Symlinking: /home/irman/Humanoid-VLA-Simulations/install/g1_gazebo_sim/share/g1_gazebo_sim//models/aws_robomaker_residential_FoldingDoor_01/meshes/aws_FoldingDoor_01_collision.DAE
[1.444s] -- Symlinking: /home/irman/Humanoid-VLA-Simulations/install/g1_gazebo_sim/share/g1_gazebo_sim//models/aws_robomaker_residential_FoldingDoor_01/meshes/aws_FoldingDoor_01_visual.DAE
[1.450s] -- Symlinking: /home/irman/Humanoid-VLA-Simulations/install/g1_gazebo_sim/share/g1_gazebo_sim//models/aws_robomaker_residential_FoldingDoor_01/model.config
[1.457s] -- Symlinking: /home/irman/Humanoid-VLA-Simulations/install/g1_gazebo_sim/share/g1_gazebo_sim//models/aws_robomaker_residential_FoldingDoor_01/model.sdf
[1.462s] -- Symlinking: /home/irman/Humanoid-VLA-Simulations/install/g1_gazebo_sim/share/g1_gazebo_sim//models/aws_robomaker_residential_FoldingDoor_02/materials/textures/aws_FoldingDoor_02.png
[1.468s] -- Symlinking: /home/irman/Humanoid-VLA-Simulations/install/g1_gazebo_sim/share/g1_gazebo_sim//models/aws_robomaker_residential_FoldingDoor_02/meshes/aws_FoldingDoor_02_collision.DAE
[1.474s] -- Symlinking: /home/irman/Humanoid-VLA-Simulations/install/g1_gazebo_sim/share/g1_gazebo_sim//models/aws_robomaker_residential_FoldingDoor_02/meshes/aws_FoldingDoor_02_visual.DAE
[1.480s] -- Symlinking: /home/irman/Humanoid-VLA-Simulations/install/g1_gazebo_sim/share/g1_gazebo_sim//models/aws_robomaker_residential_FoldingDoor_02/model.config
[1.486s] -- Symlinking: /home/irman/Humanoid-VLA-Simulations/install/g1_gazebo_sim/share/g1_gazebo_sim//models/aws_robomaker_residential_FoldingDoor_02/model.sdf
[1.492s] -- Symlinking: /home/irman/Humanoid-VLA-Simulations/install/g1_gazebo_sim/share/g1_gazebo_sim//models/aws_robomaker_residential_Handle_01/materials/textures/aws_Handle_01.png
[1.497s] -- Symlinking: /home/irman/Humanoid-VLA-Simulations/install/g1_gazebo_sim/share/g1_gazebo_sim//models/aws_robomaker_residential_Handle_01/meshes/aws_Handle_01_collision.DAE
[1.503s] -- Symlinking: /home/irman/Humanoid-VLA-Simulations/install/g1_gazebo_sim/share/g1_gazebo_sim//models/aws_robomaker_residential_Handle_01/meshes/aws_Handle_01_visual.DAE
[1.509s] -- Symlinking: /home/irman/Humanoid-VLA-Simulations/install/g1_gazebo_sim/share/g1_gazebo_sim//models/aws_robomaker_residential_Handle_01/model.config
[1.515s] -- Symlinking: /home/irman/Humanoid-VLA-Simulations/install/g1_gazebo_sim/share/g1_gazebo_sim//models/aws_robomaker_residential_Handle_01/model.sdf
[1.521s] -- Symlinking: /home/irman/Humanoid-VLA-Simulations/install/g1_gazebo_sim/share/g1_gazebo_sim//models/aws_robomaker_residential_HouseWallB_01/materials/textures/aws_HouseWallB_01.png
[1.527s] -- Symlinking: /home/irman/Humanoid-VLA-Simulations/install/g1_gazebo_sim/share/g1_gazebo_sim//models/aws_robomaker_residential_HouseWallB_01/meshes/aws_HouseWallB_01_collision.DAE
[1.532s] -- Symlinking: /home/irman/Humanoid-VLA-Simulations/install/g1_gazebo_sim/share/g1_gazebo_sim//models/aws_robomaker_residential_HouseWallB_01/meshes/aws_HouseWallB_01_visual.DAE
[1.538s] -- Symlinking: /home/irman/Humanoid-VLA-Simulations/install/g1_gazebo_sim/share/g1_gazebo_sim//models/aws_robomaker_residential_HouseWallB_01/model.config
[1.543s] -- Symlinking: /home/irman/Humanoid-VLA-Simulations/install/g1_gazebo_sim/share/g1_gazebo_sim//models/aws_robomaker_residential_HouseWallB_01/model.sdf
[1.548s] -- Symlinking: /home/irman/Humanoid-VLA-Simulations/install/g1_gazebo_sim/share/g1_gazebo_sim//models/aws_robomaker_residential_KitchenCabinet_01/materials/textures/aws_KitchenCabinet_01.png
[1.553s] -- Symlinking: /home/irman/Humanoid-VLA-Simulations/install/g1_gazebo_sim/share/g1_gazebo_sim//models/aws_robomaker_residential_KitchenCabinet_01/meshes/aws_KitchenCabinet_01_collision.DAE
[1.559s] -- Symlinking: /home/irman/Humanoid-VLA-Simulations/install/g1_gazebo_sim/share/g1_gazebo_sim//models/aws_robomaker_residential_KitchenCabinet_01/meshes/aws_KitchenCabinet_01_visual.DAE
[1.565s] -- Symlinking: /home/irman/Humanoid-VLA-Simulations/install/g1_gazebo_sim/share/g1_gazebo_sim//models/aws_robomaker_residential_KitchenCabinet_01/model.config
[1.571s] -- Symlinking: /home/irman/Humanoid-VLA-Simulations/install/g1_gazebo_sim/share/g1_gazebo_sim//models/aws_robomaker_residential_KitchenCabinet_01/model.sdf
[1.577s] -- Symlinking: /home/irman/Humanoid-VLA-Simulations/install/g1_gazebo_sim/share/g1_gazebo_sim//models/aws_robomaker_residential_KitchenTable_01/materials/textures/aws_KitchenTable_01.png
[1.582s] -- Symlinking: /home/irman/Humanoid-VLA-Simulations/install/g1_gazebo_sim/share/g1_gazebo_sim//models/aws_robomaker_residential_KitchenTable_01/meshes/aws_KitchenTable_01_collision.DAE
[1.588s] -- Symlinking: /home/irman/Humanoid-VLA-Simulations/install/g1_gazebo_sim/share/g1_gazebo_sim//models/aws_robomaker_residential_KitchenTable_01/meshes/aws_KitchenTable_01_visual.DAE
[1.594s] -- Symlinking: /home/irman/Humanoid-VLA-Simulations/install/g1_gazebo_sim/share/g1_gazebo_sim//models/aws_robomaker_residential_KitchenTable_01/model.config
[1.601s] -- Symlinking: /home/irman/Humanoid-VLA-Simulations/install/g1_gazebo_sim/share/g1_gazebo_sim//models/aws_robomaker_residential_KitchenTable_01/model.sdf
[1.606s] -- Symlinking: /home/irman/Humanoid-VLA-Simulations/install/g1_gazebo_sim/share/g1_gazebo_sim//models/aws_robomaker_residential_KitchenUtensils_01/materials/textures/aws_KitchenUtensils_01.png
[1.612s] -- Symlinking: /home/irman/Humanoid-VLA-Simulations/install/g1_gazebo_sim/share/g1_gazebo_sim//models/aws_robomaker_residential_KitchenUtensils_01/meshes/aws_KitchenUtensils_01_collision.DAE
[1.617s] -- Symlinking: /home/irman/Humanoid-VLA-Simulations/install/g1_gazebo_sim/share/g1_gazebo_sim//models/aws_robomaker_residential_KitchenUtensils_01/meshes/aws_KitchenUtensils_01_visual.DAE
[1.622s] -- Symlinking: /home/irman/Humanoid-VLA-Simulations/install/g1_gazebo_sim/share/g1_gazebo_sim//models/aws_robomaker_residential_KitchenUtensils_01/model.config
[1.628s] -- Symlinking: /home/irman/Humanoid-VLA-Simulations/install/g1_gazebo_sim/share/g1_gazebo_sim//models/aws_robomaker_residential_KitchenUtensils_01/model.sdf
[1.633s] -- Symlinking: /home/irman/Humanoid-VLA-Simulations/install/g1_gazebo_sim/share/g1_gazebo_sim//models/aws_robomaker_residential_LightC_01/materials/textures/aws_LightC_01.png
[1.638s] -- Symlinking: /home/irman/Humanoid-VLA-Simulations/install/g1_gazebo_sim/share/g1_gazebo_sim//models/aws_robomaker_residential_LightC_01/meshes/aws_LightC_01_collision.DAE
[1.644s] -- Symlinking: /home/irman/Humanoid-VLA-Simulations/install/g1_gazebo_sim/share/g1_gazebo_sim//models/aws_robomaker_residential_LightC_01/meshes/aws_LightC_01_visual.DAE
[1.649s] -- Symlinking: /home/irman/Humanoid-VLA-Simulations/install/g1_gazebo_sim/share/g1_gazebo_sim//models/aws_robomaker_residential_LightC_01/model.config
[1.656s] -- Symlinking: /home/irman/Humanoid-VLA-Simulations/install/g1_gazebo_sim/share/g1_gazebo_sim//models/aws_robomaker_residential_LightC_01/model.sdf
[1.662s] -- Symlinking: /home/irman/Humanoid-VLA-Simulations/install/g1_gazebo_sim/share/g1_gazebo_sim//models/aws_robomaker_residential_NightStand_01/materials/textures/aws_NightStand_01.png
[1.668s] -- Symlinking: /home/irman/Humanoid-VLA-Simulations/install/g1_gazebo_sim/share/g1_gazebo_sim//models/aws_robomaker_residential_NightStand_01/meshes/aws_NightStand_01_collision.DAE
[1.674s] -- Symlinking: /home/irman/Humanoid-VLA-Simulations/install/g1_gazebo_sim/share/g1_gazebo_sim//models/aws_robomaker_residential_NightStand_01/meshes/aws_NightStand_01_visual.DAE
[1.681s] -- Symlinking: /home/irman/Humanoid-VLA-Simulations/install/g1_gazebo_sim/share/g1_gazebo_sim//models/aws_robomaker_residential_NightStand_01/model.config
[1.687s] -- Symlinking: /home/irman/Humanoid-VLA-Simulations/install/g1_gazebo_sim/share/g1_gazebo_sim//models/aws_robomaker_residential_NightStand_01/model.sdf
[1.692s] -- Symlinking: /home/irman/Humanoid-VLA-Simulations/install/g1_gazebo_sim/share/g1_gazebo_sim//models/aws_robomaker_residential_Pillow_01/materials/textures/aws_Pillow_01.png
[1.698s] -- Symlinking: /home/irman/Humanoid-VLA-Simulations/install/g1_gazebo_sim/share/g1_gazebo_sim//models/aws_robomaker_residential_Pillow_01/meshes/aws_Pillow_01_collision.DAE
[1.703s] -- Symlinking: /home/irman/Humanoid-VLA-Simulations/install/g1_gazebo_sim/share/g1_gazebo_sim//models/aws_robomaker_residential_Pillow_01/meshes/aws_Pillow_01_visual.DAE
[1.708s] -- Symlinking: /home/irman/Humanoid-VLA-Simulations/install/g1_gazebo_sim/share/g1_gazebo_sim//models/aws_robomaker_residential_Pillow_01/model.config
[1.713s] -- Symlinking: /home/irman/Humanoid-VLA-Simulations/install/g1_gazebo_sim/share/g1_gazebo_sim//models/aws_robomaker_residential_Pillow_01/model.sdf
[1.719s] -- Symlinking: /home/irman/Humanoid-VLA-Simulations/install/g1_gazebo_sim/share/g1_gazebo_sim//models/aws_robomaker_residential_PortraitA_01/materials/textures/PortraitA_01.jpg
[1.724s] -- Symlinking: /home/irman/Humanoid-VLA-Simulations/install/g1_gazebo_sim/share/g1_gazebo_sim//models/aws_robomaker_residential_PortraitA_01/materials/textures/aws_PortraitA_01.png
[1.730s] -- Symlinking: /home/irman/Humanoid-VLA-Simulations/install/g1_gazebo_sim/share/g1_gazebo_sim//models/aws_robomaker_residential_PortraitA_01/materials/textures/aws_PortraitA_02.png
[1.734s] -- Symlinking: /home/irman/Humanoid-VLA-Simulations/install/g1_gazebo_sim/share/g1_gazebo_sim//models/aws_robomaker_residential_PortraitA_01/meshes/aws_PortraitA_01_collision.DAE
[1.740s] -- Symlinking: /home/irman/Humanoid-VLA-Simulations/install/g1_gazebo_sim/share/g1_gazebo_sim//models/aws_robomaker_residential_PortraitA_01/meshes/aws_PortraitA_01_visual.DAE
[1.746s] -- Symlinking: /home/irman/Humanoid-VLA-Simulations/install/g1_gazebo_sim/share/g1_gazebo_sim//models/aws_robomaker_residential_PortraitA_01/model.config
[1.752s] -- Symlinking: /home/irman/Humanoid-VLA-Simulations/install/g1_gazebo_sim/share/g1_gazebo_sim//models/aws_robomaker_residential_PortraitA_01/model.sdf
[1.758s] -- Symlinking: /home/irman/Humanoid-VLA-Simulations/install/g1_gazebo_sim/share/g1_gazebo_sim//models/aws_robomaker_residential_PortraitA_02/materials/textures/PortraitA_02.jpg
[1.764s] -- Symlinking: /home/irman/Humanoid-VLA-Simulations/install/g1_gazebo_sim/share/g1_gazebo_sim//models/aws_robomaker_residential_PortraitA_02/materials/textures/aws_PortraitA_01.png
[1.770s] -- Symlinking: /home/irman/Humanoid-VLA-Simulations/install/g1_gazebo_sim/share/g1_gazebo_sim//models/aws_robomaker_residential_PortraitA_02/materials/textures/aws_PortraitA_02.png
[1.775s] -- Symlinking: /home/irman/Humanoid-VLA-Simulations/install/g1_gazebo_sim/share/g1_gazebo_sim//models/aws_robomaker_residential_PortraitA_02/meshes/aws_PortraitA_01_collision.DAE
[1.781s] -- Symlinking: /home/irman/Humanoid-VLA-Simulations/install/g1_gazebo_sim/share/g1_gazebo_sim//models/aws_robomaker_residential_PortraitA_02/meshes/aws_PortraitA_01_visual.DAE
[1.787s] -- Symlinking: /home/irman/Humanoid-VLA-Simulations/install/g1_gazebo_sim/share/g1_gazebo_sim//models/aws_robomaker_residential_PortraitA_02/model.config
[1.795s] -- Symlinking: /home/irman/Humanoid-VLA-Simulations/install/g1_gazebo_sim/share/g1_gazebo_sim//models/aws_robomaker_residential_PortraitA_02/model.sdf
[1.801s] -- Symlinking: /home/irman/Humanoid-VLA-Simulations/install/g1_gazebo_sim/share/g1_gazebo_sim//models/aws_robomaker_residential_PortraitB_01/materials/textures/PortraitB_01.jpg
[1.807s] -- Symlinking: /home/irman/Humanoid-VLA-Simulations/install/g1_gazebo_sim/share/g1_gazebo_sim//models/aws_robomaker_residential_PortraitB_01/materials/textures/aws_PortraitB_01.png
[1.813s] -- Symlinking: /home/irman/Humanoid-VLA-Simulations/install/g1_gazebo_sim/share/g1_gazebo_sim//models/aws_robomaker_residential_PortraitB_01/materials/textures/aws_PortraitB_02.png
[1.818s] -- Symlinking: /home/irman/Humanoid-VLA-Simulations/install/g1_gazebo_sim/share/g1_gazebo_sim//models/aws_robomaker_residential_PortraitB_01/meshes/aws_PortraitB_01_collision.DAE
[1.824s] -- Symlinking: /home/irman/Humanoid-VLA-Simulations/install/g1_gazebo_sim/share/g1_gazebo_sim//models/aws_robomaker_residential_PortraitB_01/meshes/aws_PortraitB_01_visual.DAE
[1.829s] -- Symlinking: /home/irman/Humanoid-VLA-Simulations/install/g1_gazebo_sim/share/g1_gazebo_sim//models/aws_robomaker_residential_PortraitB_01/model.config
[1.835s] -- Symlinking: /home/irman/Humanoid-VLA-Simulations/install/g1_gazebo_sim/share/g1_gazebo_sim//models/aws_robomaker_residential_PortraitB_01/model.sdf
[1.842s] -- Symlinking: /home/irman/Humanoid-VLA-Simulations/install/g1_gazebo_sim/share/g1_gazebo_sim//models/aws_robomaker_residential_PortraitB_02/materials/textures/PortraitB_02.jpg
[1.848s] -- Symlinking: /home/irman/Humanoid-VLA-Simulations/install/g1_gazebo_sim/share/g1_gazebo_sim//models/aws_robomaker_residential_PortraitB_02/materials/textures/aws_PortraitB_01.png
[1.855s] -- Symlinking: /home/irman/Humanoid-VLA-Simulations/install/g1_gazebo_sim/share/g1_gazebo_sim//models/aws_robomaker_residential_PortraitB_02/materials/textures/aws_PortraitB_02.png
[1.861s] -- Symlinking: /home/irman/Humanoid-VLA-Simulations/install/g1_gazebo_sim/share/g1_gazebo_sim//models/aws_robomaker_residential_PortraitB_02/meshes/aws_PortraitB_01_collision.DAE
[1.866s] -- Symlinking: /home/irman/Humanoid-VLA-Simulations/install/g1_gazebo_sim/share/g1_gazebo_sim//models/aws_robomaker_residential_PortraitB_02/meshes/aws_PortraitB_01_visual.DAE
[1.872s] -- Symlinking: /home/irman/Humanoid-VLA-Simulations/install/g1_gazebo_sim/share/g1_gazebo_sim//models/aws_robomaker_residential_PortraitB_02/model.config
[1.877s] -- Symlinking: /home/irman/Humanoid-VLA-Simulations/install/g1_gazebo_sim/share/g1_gazebo_sim//models/aws_robomaker_residential_PortraitB_02/model.sdf
[1.883s] -- Symlinking: /home/irman/Humanoid-VLA-Simulations/install/g1_gazebo_sim/share/g1_gazebo_sim//models/aws_robomaker_residential_PortraitB_03/materials/textures/PortraitB_03.jpg
[1.889s] -- Symlinking: /home/irman/Humanoid-VLA-Simulations/install/g1_gazebo_sim/share/g1_gazebo_sim//models/aws_robomaker_residential_PortraitB_03/materials/textures/aws_PortraitB_01.png
[1.894s] -- Symlinking: /home/irman/Humanoid-VLA-Simulations/install/g1_gazebo_sim/share/g1_gazebo_sim//models/aws_robomaker_residential_PortraitB_03/materials/textures/aws_PortraitB_02.png
[1.899s] -- Symlinking: /home/irman/Humanoid-VLA-Simulations/install/g1_gazebo_sim/share/g1_gazebo_sim//models/aws_robomaker_residential_PortraitB_03/meshes/aws_PortraitB_01_collision.DAE
[1.905s] -- Symlinking: /home/irman/Humanoid-VLA-Simulations/install/g1_gazebo_sim/share/g1_gazebo_sim//models/aws_robomaker_residential_PortraitB_03/meshes/aws_PortraitB_01_visual.DAE
[1.911s] -- Symlinking: /home/irman/Humanoid-VLA-Simulations/install/g1_gazebo_sim/share/g1_gazebo_sim//models/aws_robomaker_residential_PortraitB_03/model.config
[1.916s] -- Symlinking: /home/irman/Humanoid-VLA-Simulations/install/g1_gazebo_sim/share/g1_gazebo_sim//models/aws_robomaker_residential_PortraitB_03/model.sdf
[1.922s] -- Symlinking: /home/irman/Humanoid-VLA-Simulations/install/g1_gazebo_sim/share/g1_gazebo_sim//models/aws_robomaker_residential_PortraitC_01/materials/textures/PortraitC_01.jpg
[1.928s] -- Symlinking: /home/irman/Humanoid-VLA-Simulations/install/g1_gazebo_sim/share/g1_gazebo_sim//models/aws_robomaker_residential_PortraitC_01/materials/textures/aws_PortraitC_01.png
[1.934s] -- Symlinking: /home/irman/Humanoid-VLA-Simulations/install/g1_gazebo_sim/share/g1_gazebo_sim//models/aws_robomaker_residential_PortraitC_01/materials/textures/aws_PortraitC_02.png
[1.940s] -- Symlinking: /home/irman/Humanoid-VLA-Simulations/install/g1_gazebo_sim/share/g1_gazebo_sim//models/aws_robomaker_residential_PortraitC_01/meshes/aws_PortraitC_01_collision.DAE
[1.946s] -- Symlinking: /home/irman/Humanoid-VLA-Simulations/install/g1_gazebo_sim/share/g1_gazebo_sim//models/aws_robomaker_residential_PortraitC_01/meshes/aws_PortraitC_01_visual.DAE
[1.952s] -- Symlinking: /home/irman/Humanoid-VLA-Simulations/install/g1_gazebo_sim/share/g1_gazebo_sim//models/aws_robomaker_residential_PortraitC_01/model.config
[1.957s] -- Symlinking: /home/irman/Humanoid-VLA-Simulations/install/g1_gazebo_sim/share/g1_gazebo_sim//models/aws_robomaker_residential_PortraitC_01/model.sdf
[1.963s] -- Symlinking: /home/irman/Humanoid-VLA-Simulations/install/g1_gazebo_sim/share/g1_gazebo_sim//models/aws_robomaker_residential_PortraitD_01/materials/textures/PortraitD_01.jpg
[1.969s] -- Symlinking: /home/irman/Humanoid-VLA-Simulations/install/g1_gazebo_sim/share/g1_gazebo_sim//models/aws_robomaker_residential_PortraitD_01/materials/textures/aws_PortraitD_01.png
[1.974s] -- Symlinking: /home/irman/Humanoid-VLA-Simulations/install/g1_gazebo_sim/share/g1_gazebo_sim//models/aws_robomaker_residential_PortraitD_01/materials/textures/aws_PortraitD_02.png
[1.980s] -- Symlinking: /home/irman/Humanoid-VLA-Simulations/install/g1_gazebo_sim/share/g1_gazebo_sim//models/aws_robomaker_residential_PortraitD_01/meshes/aws_PortraitD_01_collision.DAE
[1.985s] -- Symlinking: /home/irman/Humanoid-VLA-Simulations/install/g1_gazebo_sim/share/g1_gazebo_sim//models/aws_robomaker_residential_PortraitD_01/meshes/aws_PortraitD_01_visual.DAE
[1.990s] -- Symlinking: /home/irman/Humanoid-VLA-Simulations/install/g1_gazebo_sim/share/g1_gazebo_sim//models/aws_robomaker_residential_PortraitD_01/model.config
[1.996s] -- Symlinking: /home/irman/Humanoid-VLA-Simulations/install/g1_gazebo_sim/share/g1_gazebo_sim//models/aws_robomaker_residential_PortraitD_01/model.sdf
[2.001s] -- Symlinking: /home/irman/Humanoid-VLA-Simulations/install/g1_gazebo_sim/share/g1_gazebo_sim//models/aws_robomaker_residential_PortraitD_02/materials/textures/PortraitD_02.jpg
[2.007s] -- Symlinking: /home/irman/Humanoid-VLA-Simulations/install/g1_gazebo_sim/share/g1_gazebo_sim//models/aws_robomaker_residential_PortraitD_02/materials/textures/aws_PortraitD_01.png
[2.012s] -- Symlinking: /home/irman/Humanoid-VLA-Simulations/install/g1_gazebo_sim/share/g1_gazebo_sim//models/aws_robomaker_residential_PortraitD_02/materials/textures/aws_PortraitD_02.png
[2.018s] -- Symlinking: /home/irman/Humanoid-VLA-Simulations/install/g1_gazebo_sim/share/g1_gazebo_sim//models/aws_robomaker_residential_PortraitD_02/meshes/aws_PortraitD_01_collision.DAE
[2.024s] -- Symlinking: /home/irman/Humanoid-VLA-Simulations/install/g1_gazebo_sim/share/g1_gazebo_sim//models/aws_robomaker_residential_PortraitD_02/meshes/aws_PortraitD_01_visual.DAE
[2.029s] -- Symlinking: /home/irman/Humanoid-VLA-Simulations/install/g1_gazebo_sim/share/g1_gazebo_sim//models/aws_robomaker_residential_PortraitD_02/model.config
[2.035s] -- Symlinking: /home/irman/Humanoid-VLA-Simulations/install/g1_gazebo_sim/share/g1_gazebo_sim//models/aws_robomaker_residential_PortraitD_02/model.sdf
[2.040s] -- Symlinking: /home/irman/Humanoid-VLA-Simulations/install/g1_gazebo_sim/share/g1_gazebo_sim//models/aws_robomaker_residential_PortraitE_01/materials/textures/PortraitE_01.jpg
[2.046s] -- Symlinking: /home/irman/Humanoid-VLA-Simulations/install/g1_gazebo_sim/share/g1_gazebo_sim//models/aws_robomaker_residential_PortraitE_01/materials/textures/aws_PortraitE_01.png
[2.052s] -- Symlinking: /home/irman/Humanoid-VLA-Simulations/install/g1_gazebo_sim/share/g1_gazebo_sim//models/aws_robomaker_residential_PortraitE_01/materials/textures/aws_PortraitE_02.png
[2.058s] -- Symlinking: /home/irman/Humanoid-VLA-Simulations/install/g1_gazebo_sim/share/g1_gazebo_sim//models/aws_robomaker_residential_PortraitE_01/meshes/aws_PortraitE_01_collision.DAE
[2.064s] -- Symlinking: /home/irman/Humanoid-VLA-Simulations/install/g1_gazebo_sim/share/g1_gazebo_sim//models/aws_robomaker_residential_PortraitE_01/meshes/aws_PortraitE_01_visual.DAE
[2.069s] -- Symlinking: /home/irman/Humanoid-VLA-Simulations/install/g1_gazebo_sim/share/g1_gazebo_sim//models/aws_robomaker_residential_PortraitE_01/model.config
[2.074s] -- Symlinking: /home/irman/Humanoid-VLA-Simulations/install/g1_gazebo_sim/share/g1_gazebo_sim//models/aws_robomaker_residential_PortraitE_01/model.sdf
[2.079s] -- Symlinking: /home/irman/Humanoid-VLA-Simulations/install/g1_gazebo_sim/share/g1_gazebo_sim//models/aws_robomaker_residential_PortraitE_02/materials/textures/PortraitE_02.jpg
[2.085s] -- Symlinking: /home/irman/Humanoid-VLA-Simulations/install/g1_gazebo_sim/share/g1_gazebo_sim//models/aws_robomaker_residential_PortraitE_02/materials/textures/aws_PortraitE_01.png
[2.091s] -- Symlinking: /home/irman/Humanoid-VLA-Simulations/install/g1_gazebo_sim/share/g1_gazebo_sim//models/aws_robomaker_residential_PortraitE_02/materials/textures/aws_PortraitE_02.png
[2.096s] -- Symlinking: /home/irman/Humanoid-VLA-Simulations/install/g1_gazebo_sim/share/g1_gazebo_sim//models/aws_robomaker_residential_PortraitE_02/meshes/aws_PortraitE_01_collision.DAE
[2.101s] -- Symlinking: /home/irman/Humanoid-VLA-Simulations/install/g1_gazebo_sim/share/g1_gazebo_sim//models/aws_robomaker_residential_PortraitE_02/meshes/aws_PortraitE_01_visual.DAE
[2.107s] -- Symlinking: /home/irman/Humanoid-VLA-Simulations/install/g1_gazebo_sim/share/g1_gazebo_sim//models/aws_robomaker_residential_PortraitE_02/model.config
[2.112s] -- Symlinking: /home/irman/Humanoid-VLA-Simulations/install/g1_gazebo_sim/share/g1_gazebo_sim//models/aws_robomaker_residential_PortraitE_02/model.sdf
[2.118s] -- Symlinking: /home/irman/Humanoid-VLA-Simulations/install/g1_gazebo_sim/share/g1_gazebo_sim//models/aws_robomaker_residential_Quilt_01/materials/textures/aws_Quilt_01.png
[2.124s] -- Symlinking: /home/irman/Humanoid-VLA-Simulations/install/g1_gazebo_sim/share/g1_gazebo_sim//models/aws_robomaker_residential_Quilt_01/meshes/aws_Quilt_01_collision.DAE
[2.129s] -- Symlinking: /home/irman/Humanoid-VLA-Simulations/install/g1_gazebo_sim/share/g1_gazebo_sim//models/aws_robomaker_residential_Quilt_01/meshes/aws_Quilt_01_visual.DAE
[2.136s] -- Symlinking: /home/irman/Humanoid-VLA-Simulations/install/g1_gazebo_sim/share/g1_gazebo_sim//models/aws_robomaker_residential_Quilt_01/model.config
[2.142s] -- Symlinking: /home/irman/Humanoid-VLA-Simulations/install/g1_gazebo_sim/share/g1_gazebo_sim//models/aws_robomaker_residential_Quilt_01/model.sdf
[2.149s] -- Symlinking: /home/irman/Humanoid-VLA-Simulations/install/g1_gazebo_sim/share/g1_gazebo_sim//models/aws_robomaker_residential_Rangehood_01/materials/textures/aws_Rangehood_01.png
[2.154s] -- Symlinking: /home/irman/Humanoid-VLA-Simulations/install/g1_gazebo_sim/share/g1_gazebo_sim//models/aws_robomaker_residential_Rangehood_01/meshes/aws_Rangehood_01_collision.DAE
[2.160s] -- Symlinking: /home/irman/Humanoid-VLA-Simulations/install/g1_gazebo_sim/share/g1_gazebo_sim//models/aws_robomaker_residential_Rangehood_01/meshes/aws_Rangehood_01_visual.DAE
[2.166s] -- Symlinking: /home/irman/Humanoid-VLA-Simulations/install/g1_gazebo_sim/share/g1_gazebo_sim//models/aws_robomaker_residential_Rangehood_01/model.config
[2.172s] -- Symlinking: /home/irman/Humanoid-VLA-Simulations/install/g1_gazebo_sim/share/g1_gazebo_sim//models/aws_robomaker_residential_Rangehood_01/model.sdf
[2.177s] -- Symlinking: /home/irman/Humanoid-VLA-Simulations/install/g1_gazebo_sim/share/g1_gazebo_sim//models/aws_robomaker_residential_ReadingDesk_01/materials/textures/aws_ReadingDesk_01.png
[2.183s] -- Symlinking: /home/irman/Humanoid-VLA-Simulations/install/g1_gazebo_sim/share/g1_gazebo_sim//models/aws_robomaker_residential_ReadingDesk_01/meshes/aws_ReadingDesk_01_collision.DAE
[2.189s] -- Symlinking: /home/irman/Humanoid-VLA-Simulations/install/g1_gazebo_sim/share/g1_gazebo_sim//models/aws_robomaker_residential_ReadingDesk_01/meshes/aws_ReadingDesk_01_visual.DAE
[2.194s] -- Symlinking: /home/irman/Humanoid-VLA-Simulations/install/g1_gazebo_sim/share/g1_gazebo_sim//models/aws_robomaker_residential_ReadingDesk_01/model.config
[2.200s] -- Symlinking: /home/irman/Humanoid-VLA-Simulations/install/g1_gazebo_sim/share/g1_gazebo_sim//models/aws_robomaker_residential_ReadingDesk_01/model.sdf
[2.205s] -- Symlinking: /home/irman/Humanoid-VLA-Simulations/install/g1_gazebo_sim/share/g1_gazebo_sim//models/aws_robomaker_residential_Refrigerator_01/materials/textures/aws_Refrigerator_01.png
[2.211s] -- Symlinking: /home/irman/Humanoid-VLA-Simulations/install/g1_gazebo_sim/share/g1_gazebo_sim//models/aws_robomaker_residential_Refrigerator_01/materials/textures/aws_Refrigerator_02.png
[2.217s] -- Symlinking: /home/irman/Humanoid-VLA-Simulations/install/g1_gazebo_sim/share/g1_gazebo_sim//models/aws_robomaker_residential_Refrigerator_01/meshes/aws_Refrigerator_01.DAE
[2.222s] -- Symlinking: /home/irman/Humanoid-VLA-Simulations/install/g1_gazebo_sim/share/g1_gazebo_sim//models/aws_robomaker_residential_Refrigerator_01/meshes/aws_Refrigerator_01_collision.DAE
[2.228s] -- Symlinking: /home/irman/Humanoid-VLA-Simulations/install/g1_gazebo_sim/share/g1_gazebo_sim//models/aws_robomaker_residential_Refrigerator_01/meshes/aws_Refrigerator_01_visual.DAE
[2.233s] -- Symlinking: /home/irman/Humanoid-VLA-Simulations/install/g1_gazebo_sim/share/g1_gazebo_sim//models/aws_robomaker_residential_Refrigerator_01/model.config
[2.240s] -- Symlinking: /home/irman/Humanoid-VLA-Simulations/install/g1_gazebo_sim/share/g1_gazebo_sim//models/aws_robomaker_residential_Refrigerator_01/model.sdf
[2.245s] -- Symlinking: /home/irman/Humanoid-VLA-Simulations/install/g1_gazebo_sim/share/g1_gazebo_sim//models/aws_robomaker_residential_RoomCeiling_01/materials/textures/aws_RoomCeiling_01.png
[2.251s] -- Symlinking: /home/irman/Humanoid-VLA-Simulations/install/g1_gazebo_sim/share/g1_gazebo_sim//models/aws_robomaker_residential_RoomCeiling_01/meshes/aws_RoomCeiling_01_collision.DAE
[2.257s] -- Symlinking: /home/irman/Humanoid-VLA-Simulations/install/g1_gazebo_sim/share/g1_gazebo_sim//models/aws_robomaker_residential_RoomCeiling_01/meshes/aws_RoomCeiling_01_visual.DAE
[2.263s] -- Symlinking: /home/irman/Humanoid-VLA-Simulations/install/g1_gazebo_sim/share/g1_gazebo_sim//models/aws_robomaker_residential_RoomCeiling_01/model.config
[2.270s] -- Symlinking: /home/irman/Humanoid-VLA-Simulations/install/g1_gazebo_sim/share/g1_gazebo_sim//models/aws_robomaker_residential_RoomCeiling_01/model.sdf
[2.275s] -- Symlinking: /home/irman/Humanoid-VLA-Simulations/install/g1_gazebo_sim/share/g1_gazebo_sim//models/aws_robomaker_residential_RoomWall_01/materials/textures/aws_RoomWall_01.png
[2.282s] -- Symlinking: /home/irman/Humanoid-VLA-Simulations/install/g1_gazebo_sim/share/g1_gazebo_sim//models/aws_robomaker_residential_RoomWall_01/meshes/aws_RoomWall_01_collision.DAE
[2.288s] -- Symlinking: /home/irman/Humanoid-VLA-Simulations/install/g1_gazebo_sim/share/g1_gazebo_sim//models/aws_robomaker_residential_RoomWall_01/meshes/aws_RoomWall_01_visual.DAE
[2.293s] -- Symlinking: /home/irman/Humanoid-VLA-Simulations/install/g1_gazebo_sim/share/g1_gazebo_sim//models/aws_robomaker_residential_RoomWall_01/model.config
[2.298s] -- Symlinking: /home/irman/Humanoid-VLA-Simulations/install/g1_gazebo_sim/share/g1_gazebo_sim//models/aws_robomaker_residential_RoomWall_01/model.sdf
[2.304s] -- Symlinking: /home/irman/Humanoid-VLA-Simulations/install/g1_gazebo_sim/share/g1_gazebo_sim//models/aws_robomaker_residential_RoomWindow_01/materials/textures/aws_RoomWindow_01.png
[2.310s] -- Symlinking: /home/irman/Humanoid-VLA-Simulations/install/g1_gazebo_sim/share/g1_gazebo_sim//models/aws_robomaker_residential_RoomWindow_01/meshes/aws_RoomWindow_01_collision.DAE
[2.316s] -- Symlinking: /home/irman/Humanoid-VLA-Simulations/install/g1_gazebo_sim/share/g1_gazebo_sim//models/aws_robomaker_residential_RoomWindow_01/meshes/aws_RoomWindow_01_visual.DAE
[2.322s] -- Symlinking: /home/irman/Humanoid-VLA-Simulations/install/g1_gazebo_sim/share/g1_gazebo_sim//models/aws_robomaker_residential_RoomWindow_01/model.config
[2.328s] -- Symlinking: /home/irman/Humanoid-VLA-Simulations/install/g1_gazebo_sim/share/g1_gazebo_sim//models/aws_robomaker_residential_RoomWindow_01/model.sdf
[2.334s] -- Symlinking: /home/irman/Humanoid-VLA-Simulations/install/g1_gazebo_sim/share/g1_gazebo_sim//models/aws_robomaker_residential_SeasoningBox_01/materials/textures/aws_SeasoningBox_01.png
[2.340s] -- Symlinking: /home/irman/Humanoid-VLA-Simulations/install/g1_gazebo_sim/share/g1_gazebo_sim//models/aws_robomaker_residential_SeasoningBox_01/meshes/aws_SeasoningBox_01_collision.DAE
[2.346s] -- Symlinking: /home/irman/Humanoid-VLA-Simulations/install/g1_gazebo_sim/share/g1_gazebo_sim//models/aws_robomaker_residential_SeasoningBox_01/meshes/aws_SeasoningBox_01_visual.DAE
[2.352s] -- Symlinking: /home/irman/Humanoid-VLA-Simulations/install/g1_gazebo_sim/share/g1_gazebo_sim//models/aws_robomaker_residential_SeasoningBox_01/model.config
[2.359s] -- Symlinking: /home/irman/Humanoid-VLA-Simulations/install/g1_gazebo_sim/share/g1_gazebo_sim//models/aws_robomaker_residential_SeasoningBox_01/model.sdf
[2.365s] -- Symlinking: /home/irman/Humanoid-VLA-Simulations/install/g1_gazebo_sim/share/g1_gazebo_sim//models/aws_robomaker_residential_SecurityCamera_01/materials/textures/aws_SecurityCamera_01.png
[2.370s] -- Symlinking: /home/irman/Humanoid-VLA-Simulations/install/g1_gazebo_sim/share/g1_gazebo_sim//models/aws_robomaker_residential_SecurityCamera_01/meshes/aws_SecurityCamera_01_collision.DAE
[2.376s] -- Symlinking: /home/irman/Humanoid-VLA-Simulations/install/g1_gazebo_sim/share/g1_gazebo_sim//models/aws_robomaker_residential_SecurityCamera_01/meshes/aws_SecurityCamera_01_visual.DAE
[2.382s] -- Symlinking: /home/irman/Humanoid-VLA-Simulations/install/g1_gazebo_sim/share/g1_gazebo_sim//models/aws_robomaker_residential_SecurityCamera_01/model.config
[2.388s] -- Symlinking: /home/irman/Humanoid-VLA-Simulations/install/g1_gazebo_sim/share/g1_gazebo_sim//models/aws_robomaker_residential_SecurityCamera_01/model.sdf
[2.393s] -- Symlinking: /home/irman/Humanoid-VLA-Simulations/install/g1_gazebo_sim/share/g1_gazebo_sim//models/aws_robomaker_residential_ShoeRack_01/materials/textures/aws_ShoeRack_01.png
[2.400s] -- Symlinking: /home/irman/Humanoid-VLA-Simulations/install/g1_gazebo_sim/share/g1_gazebo_sim//models/aws_robomaker_residential_ShoeRack_01/meshes/aws_ShoeRack_01_collision.DAE
[2.405s] -- Symlinking: /home/irman/Humanoid-VLA-Simulations/install/g1_gazebo_sim/share/g1_gazebo_sim//models/aws_robomaker_residential_ShoeRack_01/meshes/aws_ShoeRack_01_visual.DAE
[2.410s] -- Symlinking: /home/irman/Humanoid-VLA-Simulations/install/g1_gazebo_sim/share/g1_gazebo_sim//models/aws_robomaker_residential_ShoeRack_01/model.config
[2.416s] -- Symlinking: /home/irman/Humanoid-VLA-Simulations/install/g1_gazebo_sim/share/g1_gazebo_sim//models/aws_robomaker_residential_ShoeRack_01/model.sdf
[2.422s] -- Symlinking: /home/irman/Humanoid-VLA-Simulations/install/g1_gazebo_sim/share/g1_gazebo_sim//models/aws_robomaker_residential_SofaB_01/materials/textures/aws_SofaB_01.png
[2.428s] -- Symlinking: /home/irman/Humanoid-VLA-Simulations/install/g1_gazebo_sim/share/g1_gazebo_sim//models/aws_robomaker_residential_SofaB_01/meshes/aws_SofaB_01_collision.DAE
[2.434s] -- Symlinking: /home/irman/Humanoid-VLA-Simulations/install/g1_gazebo_sim/share/g1_gazebo_sim//models/aws_robomaker_residential_SofaB_01/meshes/aws_SofaB_01_visual.DAE
[2.441s] -- Symlinking: /home/irman/Humanoid-VLA-Simulations/install/g1_gazebo_sim/share/g1_gazebo_sim//models/aws_robomaker_residential_SofaB_01/model.config
[2.447s] -- Symlinking: /home/irman/Humanoid-VLA-Simulations/install/g1_gazebo_sim/share/g1_gazebo_sim//models/aws_robomaker_residential_SofaB_01/model.sdf
[2.453s] -- Symlinking: /home/irman/Humanoid-VLA-Simulations/install/g1_gazebo_sim/share/g1_gazebo_sim//models/aws_robomaker_residential_SofaC_01/materials/textures/aws_SofaC_01.png
[2.458s] -- Symlinking: /home/irman/Humanoid-VLA-Simulations/install/g1_gazebo_sim/share/g1_gazebo_sim//models/aws_robomaker_residential_SofaC_01/meshes/aws_SofaC_01_collision.DAE
[2.464s] -- Symlinking: /home/irman/Humanoid-VLA-Simulations/install/g1_gazebo_sim/share/g1_gazebo_sim//models/aws_robomaker_residential_SofaC_01/meshes/aws_SofaC_01_visual.DAE
[2.470s] -- Symlinking: /home/irman/Humanoid-VLA-Simulations/install/g1_gazebo_sim/share/g1_gazebo_sim//models/aws_robomaker_residential_SofaC_01/model.config
[2.476s] -- Symlinking: /home/irman/Humanoid-VLA-Simulations/install/g1_gazebo_sim/share/g1_gazebo_sim//models/aws_robomaker_residential_SofaC_01/model.sdf
[2.482s] -- Symlinking: /home/irman/Humanoid-VLA-Simulations/install/g1_gazebo_sim/share/g1_gazebo_sim//models/aws_robomaker_residential_Sofa_01/materials/textures/aws_Sofa_01.png
[2.488s] -- Symlinking: /home/irman/Humanoid-VLA-Simulations/install/g1_gazebo_sim/share/g1_gazebo_sim//models/aws_robomaker_residential_Sofa_01/meshes/aws_Sofa_01.DAE
[2.494s] -- Symlinking: /home/irman/Humanoid-VLA-Simulations/install/g1_gazebo_sim/share/g1_gazebo_sim//models/aws_robomaker_residential_Sofa_01/meshes/aws_Sofa_01_collision.DAE
[2.500s] -- Symlinking: /home/irman/Humanoid-VLA-Simulations/install/g1_gazebo_sim/share/g1_gazebo_sim//models/aws_robomaker_residential_Sofa_01/meshes/aws_Sofa_01_visual.DAE
[2.506s] -- Symlinking: /home/irman/Humanoid-VLA-Simulations/install/g1_gazebo_sim/share/g1_gazebo_sim//models/aws_robomaker_residential_Sofa_01/model.config
[2.513s] -- Symlinking: /home/irman/Humanoid-VLA-Simulations/install/g1_gazebo_sim/share/g1_gazebo_sim//models/aws_robomaker_residential_Sofa_01/model.sdf
[2.519s] -- Symlinking: /home/irman/Humanoid-VLA-Simulations/install/g1_gazebo_sim/share/g1_gazebo_sim//models/aws_robomaker_residential_TVCabinet_01/materials/textures/aws_TVCabinet_01.png
[2.525s] -- Symlinking: /home/irman/Humanoid-VLA-Simulations/install/g1_gazebo_sim/share/g1_gazebo_sim//models/aws_robomaker_residential_TVCabinet_01/meshes/aws_TVCabinet_01_collision.DAE
[2.531s] -- Symlinking: /home/irman/Humanoid-VLA-Simulations/install/g1_gazebo_sim/share/g1_gazebo_sim//models/aws_robomaker_residential_TVCabinet_01/meshes/aws_TVCabinet_01_visual.DAE
[2.536s] -- Symlinking: /home/irman/Humanoid-VLA-Simulations/install/g1_gazebo_sim/share/g1_gazebo_sim//models/aws_robomaker_residential_TVCabinet_01/model.config
[2.541s] -- Symlinking: /home/irman/Humanoid-VLA-Simulations/install/g1_gazebo_sim/share/g1_gazebo_sim//models/aws_robomaker_residential_TVCabinet_01/model.sdf
[2.547s] -- Symlinking: /home/irman/Humanoid-VLA-Simulations/install/g1_gazebo_sim/share/g1_gazebo_sim//models/aws_robomaker_residential_TV_01/materials/textures/aws_TV_01.png
[2.554s] -- Symlinking: /home/irman/Humanoid-VLA-Simulations/install/g1_gazebo_sim/share/g1_gazebo_sim//models/aws_robomaker_residential_TV_01/meshes/aws_TV_01_collision.DAE
[2.560s] -- Symlinking: /home/irman/Humanoid-VLA-Simulations/install/g1_gazebo_sim/share/g1_gazebo_sim//models/aws_robomaker_residential_TV_01/meshes/aws_TV_01_visual.DAE
[2.566s] -- Symlinking: /home/irman/Humanoid-VLA-Simulations/install/g1_gazebo_sim/share/g1_gazebo_sim//models/aws_robomaker_residential_TV_01/model.config
[2.571s] -- Symlinking: /home/irman/Humanoid-VLA-Simulations/install/g1_gazebo_sim/share/g1_gazebo_sim//models/aws_robomaker_residential_TV_01/model.sdf
[2.577s] -- Symlinking: /home/irman/Humanoid-VLA-Simulations/install/g1_gazebo_sim/share/g1_gazebo_sim//models/aws_robomaker_residential_TV_02/materials/textures/aws_TV_01.png
[2.582s] -- Symlinking: /home/irman/Humanoid-VLA-Simulations/install/g1_gazebo_sim/share/g1_gazebo_sim//models/aws_robomaker_residential_TV_02/meshes/aws_TV_01_collision.DAE
[2.588s] -- Symlinking: /home/irman/Humanoid-VLA-Simulations/install/g1_gazebo_sim/share/g1_gazebo_sim//models/aws_robomaker_residential_TV_02/meshes/aws_TV_01_visual.DAE
[2.593s] -- Symlinking: /home/irman/Humanoid-VLA-Simulations/install/g1_gazebo_sim/share/g1_gazebo_sim//models/aws_robomaker_residential_TV_02/model.config
[2.598s] -- Symlinking: /home/irman/Humanoid-VLA-Simulations/install/g1_gazebo_sim/share/g1_gazebo_sim//models/aws_robomaker_residential_TV_02/model.sdf
[2.604s] -- Symlinking: /home/irman/Humanoid-VLA-Simulations/install/g1_gazebo_sim/share/g1_gazebo_sim//models/aws_robomaker_residential_Tablet_01/.DS_Store
[2.610s] -- Symlinking: /home/irman/Humanoid-VLA-Simulations/install/g1_gazebo_sim/share/g1_gazebo_sim//models/aws_robomaker_residential_Tablet_01/materials/.DS_Store
[2.616s] -- Symlinking: /home/irman/Humanoid-VLA-Simulations/install/g1_gazebo_sim/share/g1_gazebo_sim//models/aws_robomaker_residential_Tablet_01/materials/textures/aws_Tablet_01_nologo.png
[2.621s] -- Symlinking: /home/irman/Humanoid-VLA-Simulations/install/g1_gazebo_sim/share/g1_gazebo_sim//models/aws_robomaker_residential_Tablet_01/meshes/aws_Tablet_01_collision.DAE
[2.626s] -- Symlinking: /home/irman/Humanoid-VLA-Simulations/install/g1_gazebo_sim/share/g1_gazebo_sim//models/aws_robomaker_residential_Tablet_01/meshes/aws_Tablet_01_visual.DAE
[2.631s] -- Symlinking: /home/irman/Humanoid-VLA-Simulations/install/g1_gazebo_sim/share/g1_gazebo_sim//models/aws_robomaker_residential_Tablet_01/model.config
[2.638s] -- Symlinking: /home/irman/Humanoid-VLA-Simulations/install/g1_gazebo_sim/share/g1_gazebo_sim//models/aws_robomaker_residential_Tablet_01/model.sdf
[2.644s] -- Symlinking: /home/irman/Humanoid-VLA-Simulations/install/g1_gazebo_sim/share/g1_gazebo_sim//models/aws_robomaker_residential_Tableware_01/materials/textures/aws_Tableware_01.png
[2.651s] -- Symlinking: /home/irman/Humanoid-VLA-Simulations/install/g1_gazebo_sim/share/g1_gazebo_sim//models/aws_robomaker_residential_Tableware_01/meshes/aws_Tableware_01_collision.DAE
[2.658s] -- Symlinking: /home/irman/Humanoid-VLA-Simulations/install/g1_gazebo_sim/share/g1_gazebo_sim//models/aws_robomaker_residential_Tableware_01/meshes/aws_Tableware_01_visual.DAE
[2.663s] -- Symlinking: /home/irman/Humanoid-VLA-Simulations/install/g1_gazebo_sim/share/g1_gazebo_sim//models/aws_robomaker_residential_Tableware_01/model.config
[2.670s] -- Symlinking: /home/irman/Humanoid-VLA-Simulations/install/g1_gazebo_sim/share/g1_gazebo_sim//models/aws_robomaker_residential_Tableware_01/model.sdf
[2.676s] -- Symlinking: /home/irman/Humanoid-VLA-Simulations/install/g1_gazebo_sim/share/g1_gazebo_sim//models/aws_robomaker_residential_Trash_01/materials/textures/aws_Trash_01.png
[2.683s] -- Symlinking: /home/irman/Humanoid-VLA-Simulations/install/g1_gazebo_sim/share/g1_gazebo_sim//models/aws_robomaker_residential_Trash_01/meshes/aws_Trash_01_collision.DAE
[2.689s] -- Symlinking: /home/irman/Humanoid-VLA-Simulations/install/g1_gazebo_sim/share/g1_gazebo_sim//models/aws_robomaker_residential_Trash_01/meshes/aws_Trash_01_visual.DAE
[2.694s] -- Symlinking: /home/irman/Humanoid-VLA-Simulations/install/g1_gazebo_sim/share/g1_gazebo_sim//models/aws_robomaker_residential_Trash_01/model.config
[2.699s] -- Symlinking: /home/irman/Humanoid-VLA-Simulations/install/g1_gazebo_sim/share/g1_gazebo_sim//models/aws_robomaker_residential_Trash_01/model.sdf
[2.705s] -- Symlinking: /home/irman/Humanoid-VLA-Simulations/install/g1_gazebo_sim/share/g1_gazebo_sim//models/aws_robomaker_residential_Vase_01/materials/textures/aws_Vase_01.png
[2.710s] -- Symlinking: /home/irman/Humanoid-VLA-Simulations/install/g1_gazebo_sim/share/g1_gazebo_sim//models/aws_robomaker_residential_Vase_01/meshes/aws_Vase_01_collision.DAE
[2.716s] -- Symlinking: /home/irman/Humanoid-VLA-Simulations/install/g1_gazebo_sim/share/g1_gazebo_sim//models/aws_robomaker_residential_Vase_01/meshes/aws_Vase_01_visual.DAE
[2.722s] -- Symlinking: /home/irman/Humanoid-VLA-Simulations/install/g1_gazebo_sim/share/g1_gazebo_sim//models/aws_robomaker_residential_Vase_01/model.config
[2.727s] -- Symlinking: /home/irman/Humanoid-VLA-Simulations/install/g1_gazebo_sim/share/g1_gazebo_sim//models/aws_robomaker_residential_Vase_01/model.sdf
[2.733s] -- Symlinking: /home/irman/Humanoid-VLA-Simulations/install/g1_gazebo_sim/share/g1_gazebo_sim//models/aws_robomaker_residential_Wardrobe_01/materials/textures/aws_Wardrobe_01.png
[2.738s] -- Symlinking: /home/irman/Humanoid-VLA-Simulations/install/g1_gazebo_sim/share/g1_gazebo_sim//models/aws_robomaker_residential_Wardrobe_01/meshes/aws_Wardrobe_01_collision.DAE
[2.744s] -- Symlinking: /home/irman/Humanoid-VLA-Simulations/install/g1_gazebo_sim/share/g1_gazebo_sim//models/aws_robomaker_residential_Wardrobe_01/meshes/aws_Wardrobe_01_visual.DAE
[2.749s] -- Symlinking: /home/irman/Humanoid-VLA-Simulations/install/g1_gazebo_sim/share/g1_gazebo_sim//models/aws_robomaker_residential_Wardrobe_01/model.config
[2.755s] -- Symlinking: /home/irman/Humanoid-VLA-Simulations/install/g1_gazebo_sim/share/g1_gazebo_sim//models/aws_robomaker_residential_Wardrobe_01/model.sdf
[2.761s] -- Symlinking: /home/irman/Humanoid-VLA-Simulations/install/g1_gazebo_sim/share/ament_index/resource_index/package_run_dependencies/g1_gazebo_sim
[2.767s] -- Symlinking: /home/irman/Humanoid-VLA-Simulations/install/g1_gazebo_sim/share/ament_index/resource_index/parent_prefix_path/g1_gazebo_sim
[2.772s] -- Symlinking: /home/irman/Humanoid-VLA-Simulations/install/g1_gazebo_sim/share/g1_gazebo_sim/environment/ament_prefix_path.sh
[2.776s] -- Symlinking: /home/irman/Humanoid-VLA-Simulations/install/g1_gazebo_sim/share/g1_gazebo_sim/environment/ament_prefix_path.dsv
[2.783s] -- Symlinking: /home/irman/Humanoid-VLA-Simulations/install/g1_gazebo_sim/share/g1_gazebo_sim/environment/path.sh
[2.789s] -- Symlinking: /home/irman/Humanoid-VLA-Simulations/install/g1_gazebo_sim/share/g1_gazebo_sim/environment/path.dsv
[2.796s] -- Symlinking: /home/irman/Humanoid-VLA-Simulations/install/g1_gazebo_sim/share/g1_gazebo_sim/local_setup.bash
[2.802s] -- Symlinking: /home/irman/Humanoid-VLA-Simulations/install/g1_gazebo_sim/share/g1_gazebo_sim/local_setup.sh
[2.808s] -- Symlinking: /home/irman/Humanoid-VLA-Simulations/install/g1_gazebo_sim/share/g1_gazebo_sim/local_setup.zsh
[2.814s] -- Symlinking: /home/irman/Humanoid-VLA-Simulations/install/g1_gazebo_sim/share/g1_gazebo_sim/local_setup.dsv
[2.821s] -- Symlinking: /home/irman/Humanoid-VLA-Simulations/install/g1_gazebo_sim/share/g1_gazebo_sim/package.dsv
[2.826s] -- Symlinking: /home/irman/Humanoid-VLA-Simulations/install/g1_gazebo_sim/share/ament_index/resource_index/packages/g1_gazebo_sim
[2.832s] -- Symlinking: /home/irman/Humanoid-VLA-Simulations/install/g1_gazebo_sim/share/g1_gazebo_sim/cmake/g1_gazebo_simConfig.cmake
[2.837s] -- Symlinking: /home/irman/Humanoid-VLA-Simulations/install/g1_gazebo_sim/share/g1_gazebo_sim/cmake/g1_gazebo_simConfig-version.cmake
[2.844s] -- Symlinking: /home/irman/Humanoid-VLA-Simulations/install/g1_gazebo_sim/share/g1_gazebo_sim/package.xml
[2.854s] Invoked command in '/home/irman/Humanoid-VLA-Simulations/build/g1_gazebo_sim' returned '0': AMENT_PREFIX_PATH=/home/irman/Humanoid-VLA-Simulations/install/g1_package:${AMENT_PREFIX_PATH} CMAKE_PREFIX_PATH=/home/irman/Humanoid-VLA-Simulations/install/g1_package:${CMAKE_PREFIX_PATH} CONDA_PROMPT_MODIFIER=(ros2_env) DEBUGINFOD_URLS=https://debuginfod.ubuntu.com /home/irman/micromamba/envs/ros2_env/bin/cmake --install /home/irman/Humanoid-VLA-Simulations/build/g1_gazebo_sim
