-- The CXX compiler identification is GNU 14.3.0
-- Detecting CXX compiler ABI info
-- Detecting CXX compiler ABI info - done
-- Check for working CXX compiler: /home/irman/micromamba/envs/ros2_env/bin/x86_64-conda-linux-gnu-c++ - skipped
-- Detecting CXX compile features
-- Detecting CXX compile features - done
-- Found ament_cmake: 1.3.12 (/home/irman/micromamba/envs/ros2_env/share/ament_cmake/cmake)
-- Found Python3: /home/irman/micromamba/envs/ros2_env/bin/python3 (found version "3.11.14") found components: Interpreter
-- Found hardware_interface: 2.52.2 (/home/irman/Humanoid-VLA-Simulations/install/hardware_interface/share/hardware_interface/cmake)
-- Found rosidl_generator_c: 3.1.6 (/home/irman/micromamba/envs/ros2_env/share/rosidl_generator_c/cmake)
-- Found rosidl_adapter: 3.1.6 (/home/irman/micromamba/envs/ros2_env/share/rosidl_adapter/cmake)
-- Found rosidl_generator_cpp: 3.1.6 (/home/irman/micromamba/envs/ros2_env/share/rosidl_generator_cpp/cmake)
-- Using all available rosidl_typesupport_c: rosidl_typesupport_fastrtps_c;rosidl_typesupport_introspection_c
-- Using all available rosidl_typesupport_cpp: rosidl_typesupport_fastrtps_cpp;rosidl_typesupport_introspection_cpp
-- Found TinyXML2 via Config file: /home/irman/micromamba/envs/ros2_env/lib/cmake/tinyxml2
-- Checking for module 'yaml-0.1'
--   Found yaml-0.1, version 0.2.5
-- Found rmw_implementation_cmake: 6.1.2 (/home/irman/micromamba/envs/ros2_env/share/rmw_implementation_cmake/cmake)
-- Found rmw_fastrtps_cpp: 6.2.7 (/home/irman/micromamba/envs/ros2_env/share/rmw_fastrtps_cpp/cmake)
-- Found TinyXML2 via Config file: /home/irman/micromamba/envs/ros2_env/lib/cmake/tinyxml2
-- Found OpenSSL: /home/irman/micromamba/envs/ros2_env/lib/libcrypto.so (found version "3.5.4")
-- Found TinyXML2 via Config file: /home/irman/micromamba/envs/ros2_env/lib/cmake/tinyxml2
-- Found FastRTPS: /home/irman/micromamba/envs/ros2_env/include
-- Found TinyXML2 via Config file: /home/irman/micromamba/envs/ros2_env/lib/cmake/tinyxml2
-- Found TinyXML2 via Config file: /home/irman/micromamba/envs/ros2_env/lib/cmake/tinyxml2
-- Using RMW implementation 'rmw_fastrtps_cpp' as default
-- Performing Test CMAKE_HAVE_LIBC_PTHREAD
-- Performing Test CMAKE_HAVE_LIBC_PTHREAD - Success
-- Found Threads: TRUE
-- Found ament_cmake_gmock: 1.3.12 (/home/irman/micromamba/envs/ros2_env/share/ament_cmake_gmock/cmake)
-- Found gmock sources under '/home/irman/micromamba/envs/ros2_env/src/gmock_vendor': C++ tests using 'Google Mock' will be built
-- The C compiler identification is GNU 14.3.0
-- Detecting C compiler ABI info
-- Detecting C compiler ABI info - done
-- Check for working C compiler: /home/irman/micromamba/envs/ros2_env/bin/x86_64-conda-linux-gnu-cc - skipped
-- Detecting C compile features
-- Detecting C compile features - done
CMake Deprecation Warning at /home/irman/micromamba/envs/ros2_env/src/gmock_vendor/CMakeLists.txt:2 (cmake_minimum_required):
  Compatibility with CMake < 3.10 will be removed from a future version of
  CMake.

  Update the VERSION argument <min> value.  Or, use the <min>...<max> syntax
  to tell CMake that the project requires at least <min> but has been updated
  to work with policies introduced by <max> or earlier.


-- Found ament_cmake_gtest: 1.3.12 (/home/irman/micromamba/envs/ros2_env/share/ament_cmake_gtest/cmake)
-- Found gtest sources under '/home/irman/micromamba/envs/ros2_env/src/gtest_vendor': C++ tests using 'Google Test' will be built
CMake Deprecation Warning at /home/irman/micromamba/envs/ros2_env/src/gtest_vendor/CMakeLists.txt:2 (cmake_minimum_required):
  Compatibility with CMake < 3.10 will be removed from a future version of
  CMake.

  Update the VERSION argument <min> value.  Or, use the <min>...<max> syntax
  to tell CMake that the project requires at least <min> but has been updated
  to work with policies introduced by <max> or earlier.


-- Configuring done (2.7s)
-- Generating done (0.1s)
-- Build files have been written to: /home/irman/Humanoid-VLA-Simulations/build/controller_interface
[  4%] Generating controller_interface/version.h
[  4%] Built target ament_generate_version_header__controller_interface
[  8%] Building CXX object gmock/CMakeFiles/gmock.dir/home/irman/micromamba/envs/ros2_env/src/gtest_vendor/src/gtest-all.cc.o
[ 12%] Building CXX object gmock/CMakeFiles/gmock.dir/src/gmock-all.cc.o
[ 16%] Linking CXX static library libgmock.a
[ 16%] Built target gmock
[ 20%] Building CXX object gmock/CMakeFiles/gmock_main.dir/src/gmock_main.cc.o
[ 25%] Building CXX object CMakeFiles/controller_interface.dir/src/controller_interface_base.cpp.o
[ 29%] Linking CXX static library libgmock_main.a
[ 29%] Built target gmock_main
[ 37%] Building CXX object CMakeFiles/controller_interface.dir/src/chainable_controller_interface.cpp.o
[ 37%] Building CXX object CMakeFiles/controller_interface.dir/src/controller_interface.cpp.o
[ 41%] Linking CXX shared library libcontroller_interface.so
[ 41%] Built target controller_interface
[ 54%] Building CXX object CMakeFiles/test_controller_with_options.dir/test/test_controller_with_options.cpp.o
[ 62%] Building CXX object CMakeFiles/test_controller_interface.dir/test/test_controller_interface.cpp.o
[ 54%] Building CXX object CMakeFiles/test_imu_sensor.dir/test/test_imu_sensor.cpp.o
[ 62%] Building CXX object CMakeFiles/test_force_torque_sensor.dir/test/test_force_torque_sensor.cpp.o
[ 62%] Building CXX object CMakeFiles/test_chainable_controller_interface.dir/test/test_chainable_controller_interface.cpp.o
[ 66%] Building CXX object CMakeFiles/test_semantic_component_interface.dir/test/test_semantic_component_interface.cpp.o
[ 70%] Building CXX object CMakeFiles/test_pose_sensor.dir/test/test_pose_sensor.cpp.o
[ 75%] Linking CXX executable test_pose_sensor
[ 79%] Linking CXX executable test_imu_sensor
[ 79%] Built target test_pose_sensor
[ 83%] Linking CXX executable test_semantic_component_interface
[ 83%] Built target test_imu_sensor
[ 83%] Built target test_semantic_component_interface
[ 87%] Linking CXX executable test_force_torque_sensor
[ 87%] Built target test_force_torque_sensor
[ 91%] Linking CXX executable test_controller_with_options
[ 91%] Built target test_controller_with_options
[ 95%] Linking CXX executable test_chainable_controller_interface
[ 95%] Built target test_chainable_controller_interface
[100%] Linking CXX executable test_controller_interface
[100%] Built target test_controller_interface
-- Install configuration: ""
-- Installing: /home/irman/Humanoid-VLA-Simulations/install/controller_interface/include/controller_interface
-- Installing: /home/irman/Humanoid-VLA-Simulations/install/controller_interface/include/controller_interface/semantic_components
-- Installing: /home/irman/Humanoid-VLA-Simulations/install/controller_interface/include/controller_interface/semantic_components/force_torque_sensor.hpp
-- Installing: /home/irman/Humanoid-VLA-Simulations/install/controller_interface/include/controller_interface/semantic_components/pose_sensor.hpp
-- Installing: /home/irman/Humanoid-VLA-Simulations/install/controller_interface/include/controller_interface/semantic_components/range_sensor.hpp
-- Installing: /home/irman/Humanoid-VLA-Simulations/install/controller_interface/include/controller_interface/semantic_components/imu_sensor.hpp
-- Installing: /home/irman/Humanoid-VLA-Simulations/install/controller_interface/include/controller_interface/semantic_components/semantic_component_interface.hpp
-- Installing: /home/irman/Humanoid-VLA-Simulations/install/controller_interface/include/controller_interface/controller_interface
-- Installing: /home/irman/Humanoid-VLA-Simulations/install/controller_interface/include/controller_interface/controller_interface/controller_interface.hpp
-- Installing: /home/irman/Humanoid-VLA-Simulations/install/controller_interface/include/controller_interface/controller_interface/visibility_control.h
-- Installing: /home/irman/Humanoid-VLA-Simulations/install/controller_interface/include/controller_interface/controller_interface/helpers.hpp
-- Installing: /home/irman/Humanoid-VLA-Simulations/install/controller_interface/include/controller_interface/controller_interface/controller_interface_base.hpp
-- Installing: /home/irman/Humanoid-VLA-Simulations/install/controller_interface/include/controller_interface/controller_interface/chainable_controller_interface.hpp
-- Installing: /home/irman/Humanoid-VLA-Simulations/install/controller_interface/lib/libcontroller_interface.so
-- Set non-toolchain portion of runtime path of "/home/irman/Humanoid-VLA-Simulations/install/controller_interface/lib/libcontroller_interface.so" to ""
-- Installing: /home/irman/Humanoid-VLA-Simulations/install/controller_interface/share/ament_index/resource_index/package_run_dependencies/controller_interface
-- Installing: /home/irman/Humanoid-VLA-Simulations/install/controller_interface/share/ament_index/resource_index/parent_prefix_path/controller_interface
-- Installing: /home/irman/Humanoid-VLA-Simulations/install/controller_interface/share/controller_interface/environment/ament_prefix_path.sh
-- Installing: /home/irman/Humanoid-VLA-Simulations/install/controller_interface/share/controller_interface/environment/ament_prefix_path.dsv
-- Installing: /home/irman/Humanoid-VLA-Simulations/install/controller_interface/share/controller_interface/environment/path.sh
-- Installing: /home/irman/Humanoid-VLA-Simulations/install/controller_interface/share/controller_interface/environment/path.dsv
-- Installing: /home/irman/Humanoid-VLA-Simulations/install/controller_interface/share/controller_interface/local_setup.bash
-- Installing: /home/irman/Humanoid-VLA-Simulations/install/controller_interface/share/controller_interface/local_setup.sh
-- Installing: /home/irman/Humanoid-VLA-Simulations/install/controller_interface/share/controller_interface/local_setup.zsh
-- Installing: /home/irman/Humanoid-VLA-Simulations/install/controller_interface/share/controller_interface/local_setup.dsv
-- Installing: /home/irman/Humanoid-VLA-Simulations/install/controller_interface/share/controller_interface/package.dsv
-- Installing: /home/irman/Humanoid-VLA-Simulations/install/controller_interface/share/ament_index/resource_index/packages/controller_interface
-- Installing: /home/irman/Humanoid-VLA-Simulations/install/controller_interface/share/controller_interface/cmake/export_controller_interfaceExport.cmake
-- Installing: /home/irman/Humanoid-VLA-Simulations/install/controller_interface/share/controller_interface/cmake/export_controller_interfaceExport-noconfig.cmake
-- Installing: /home/irman/Humanoid-VLA-Simulations/install/controller_interface/share/controller_interface/cmake/ament_cmake_export_targets-extras.cmake
-- Installing: /home/irman/Humanoid-VLA-Simulations/install/controller_interface/share/controller_interface/cmake/ament_cmake_export_dependencies-extras.cmake
-- Installing: /home/irman/Humanoid-VLA-Simulations/install/controller_interface/share/controller_interface/cmake/controller_interfaceConfig.cmake
-- Installing: /home/irman/Humanoid-VLA-Simulations/install/controller_interface/share/controller_interface/cmake/controller_interfaceConfig-version.cmake
-- Installing: /home/irman/Humanoid-VLA-Simulations/install/controller_interface/share/controller_interface/package.xml
-- Installing: /home/irman/Humanoid-VLA-Simulations/install/controller_interface/include/controller_interface/controller_interface/version.h
