[0.052s] Invoking command in '/home/irman/Humanoid-VLA-Simulations/build/gripper_controllers': AMENT_PREFIX_PATH=/home/irman/Humanoid-VLA-Simulations/install/controller_manager:/home/irman/Humanoid-VLA-Simulations/install/hardware_interface_testing:/home/irman/Humanoid-VLA-Simulations/install/controller_interface:/home/irman/Humanoid-VLA-Simulations/install/hardware_interface:/home/irman/Humanoid-VLA-Simulations/install/ros2_control_test_assets:/home/irman/Humanoid-VLA-Simulations/install/controller_manager_msgs:${AMENT_PREFIX_PATH} CMAKE_PREFIX_PATH=/home/irman/Humanoid-VLA-Simulations/install/controller_manager:/home/irman/Humanoid-VLA-Simulations/install/hardware_interface_testing:/home/irman/Humanoid-VLA-Simulations/install/controller_interface:/home/irman/Humanoid-VLA-Simulations/install/hardware_interface:/home/irman/Humanoid-VLA-Simulations/install/ros2_control_test_assets:/home/irman/Humanoid-VLA-Simulations/install/controller_manager_msgs:${CMAKE_PREFIX_PATH} CONDA_PROMPT_MODIFIER=(ros2_env) DEBUGINFOD_URLS=https://debuginfod.ubuntu.com LD_LIBRARY_PATH=/home/irman/Humanoid-VLA-Simulations/install/controller_manager/lib:/home/irman/Humanoid-VLA-Simulations/install/hardware_interface_testing/lib:/home/irman/Humanoid-VLA-Simulations/install/controller_interface/lib:/home/irman/Humanoid-VLA-Simulations/install/hardware_interface/lib:/home/irman/Humanoid-VLA-Simulations/install/controller_manager_msgs/lib:/home/irman/micromamba/envs/ros2_env/opt/rviz_ogre_vendor/lib:/home/irman/micromamba/envs/ros2_env/lib/gazebo-11/plugins:/home/irman/micromamba/envs/ros2_env/lib/gazebo-11/plugins:/home/irman/micromamba/envs/ros2_env/lib/gazebo-11/plugins:/home/irman/micromamba/envs/ros2_env/lib/gazebo-11/plugins:/home/irman/micromamba/envs/ros2_env/lib/gazebo-11/plugins:/home/irman/micromamba/envs/ros2_env/lib/gazebo-11/plugins PYTHONPATH=/home/irman/Humanoid-VLA-Simulations/install/controller_manager/lib/python3.11/site-packages:/home/irman/Humanoid-VLA-Simulations/install/controller_manager_msgs/lib/python3.11/site-packages:${PYTHONPATH} /home/irman/micromamba/envs/ros2_env/bin/cmake /home/irman/Humanoid-VLA-Simulations/src/ros2_controllers/gripper_controllers -DCMAKE_INSTALL_PREFIX=/home/irman/Humanoid-VLA-Simulations/install/gripper_controllers
[0.653s] -- The CXX compiler identification is GNU 14.3.0
[0.653s] -- Detecting CXX compiler ABI info
[0.653s] -- Detecting CXX compiler ABI info - done
[0.653s] -- Check for working CXX compiler: /home/irman/micromamba/envs/ros2_env/bin/x86_64-conda-linux-gnu-c++ - skipped
[0.653s] -- Detecting CXX compile features
[0.653s] -- Detecting CXX compile features - done
[0.653s] -- Found ament_cmake: 1.3.12 (/home/irman/micromamba/envs/ros2_env/share/ament_cmake/cmake)
[1.106s] -- Found Python3: /home/irman/micromamba/envs/ros2_env/bin/python3 (found version "3.11.14") found components: Interpreter
[1.277s] -- Found control_msgs: 4.8.0 (/home/irman/micromamba/envs/ros2_env/share/control_msgs/cmake)
[1.482s] -- Found rosidl_generator_c: 3.1.6 (/home/irman/micromamba/envs/ros2_env/share/rosidl_generator_c/cmake)
[1.515s] -- Found rosidl_adapter: 3.1.6 (/home/irman/micromamba/envs/ros2_env/share/rosidl_adapter/cmake)
[1.552s] -- Found rosidl_generator_cpp: 3.1.6 (/home/irman/micromamba/envs/ros2_env/share/rosidl_generator_cpp/cmake)
[1.604s] -- Using all available rosidl_typesupport_c: rosidl_typesupport_fastrtps_c;rosidl_typesupport_introspection_c
[1.676s] -- Using all available rosidl_typesupport_cpp: rosidl_typesupport_fastrtps_cpp;rosidl_typesupport_introspection_cpp
[2.144s] -- Found control_toolbox: 3.6.1 (/home/irman/micromamba/envs/ros2_env/share/control_toolbox/cmake)
[2.384s] -- Checking for module 'yaml-0.1'
[2.594s] --   Found yaml-0.1, version 0.2.5
[3.067s] -- Found rmw_implementation_cmake: 6.1.2 (/home/irman/micromamba/envs/ros2_env/share/rmw_implementation_cmake/cmake)
[3.079s] -- Found rmw_fastrtps_cpp: 6.2.7 (/home/irman/micromamba/envs/ros2_env/share/rmw_fastrtps_cpp/cmake)
[3.884s] -- Found OpenSSL: /home/irman/micromamba/envs/ros2_env/lib/libcrypto.so (found version "3.5.4")
[3.982s] -- Found FastRTPS: /home/irman/micromamba/envs/ros2_env/include
[4.105s] -- Using RMW implementation 'rmw_fastrtps_cpp' as default
[4.138s] -- Performing Test CMAKE_HAVE_LIBC_PTHREAD
[4.369s] -- Performing Test CMAKE_HAVE_LIBC_PTHREAD - Success
[4.371s] -- Found Threads: TRUE
[4.799s] CMake Warning (dev) at /home/irman/micromamba/envs/ros2_env/share/filters/cmake/ament_cmake_export_dependencies-extras.cmake:21 (find_package):
[4.799s]   Policy CMP0167 is not set: The FindBoost module is removed.  Run "cmake
[4.799s]   --help-policy CMP0167" for policy details.  Use the cmake_policy command to
[4.799s]   set the policy and suppress this warning.
[4.800s] 
[4.800s] Call Stack (most recent call first):
[4.800s]   /home/irman/micromamba/envs/ros2_env/share/filters/cmake/filtersConfig.cmake:41 (include)
[4.800s]   /home/irman/micromamba/envs/ros2_env/share/control_toolbox/cmake/ament_cmake_export_dependencies-extras.cmake:21 (find_package)
[4.800s]   /home/irman/micromamba/envs/ros2_env/share/control_toolbox/cmake/control_toolboxConfig.cmake:41 (include)
[4.800s]   CMakeLists.txt:28 (find_package)
[4.800s] This warning is for project developers.  Use -Wno-dev to suppress it.
[4.800s] 
[4.905s] -- Found controller_interface: 2.52.2 (/home/irman/Humanoid-VLA-Simulations/install/controller_interface/share/controller_interface/cmake)
[4.945s] -- Found ament_cmake_gmock: 1.3.12 (/home/irman/micromamba/envs/ros2_env/share/ament_cmake_gmock/cmake)
[4.947s] -- Found controller_manager: 2.52.2 (/home/irman/Humanoid-VLA-Simulations/install/controller_manager/share/controller_manager/cmake)
[5.003s] -- Found ros2_control_test_assets: 2.52.2 (/home/irman/Humanoid-VLA-Simulations/install/ros2_control_test_assets/share/ros2_control_test_assets/cmake)
[5.016s] -- Found gmock sources under '/home/irman/micromamba/envs/ros2_env/src/gmock_vendor': C++ tests using 'Google Mock' will be built
[5.098s] -- The C compiler identification is GNU 14.3.0
[5.116s] -- Detecting C compiler ABI info
[5.263s] -- Detecting C compiler ABI info - done
[5.315s] -- Check for working C compiler: /home/irman/micromamba/envs/ros2_env/bin/x86_64-conda-linux-gnu-cc - skipped
[5.315s] -- Detecting C compile features
[5.315s] -- Detecting C compile features - done
[5.331s] CMake Deprecation Warning at /home/irman/micromamba/envs/ros2_env/src/gmock_vendor/CMakeLists.txt:2 (cmake_minimum_required):
[5.332s]   Compatibility with CMake < 3.10 will be removed from a future version of
[5.332s]   CMake.
[5.332s] 
[5.332s]   Update the VERSION argument <min> value.  Or, use the <min>...<max> syntax
[5.332s]   to tell CMake that the project requires at least <min> but has been updated
[5.332s]   to work with policies introduced by <max> or earlier.
[5.332s] 
[5.332s] 
[5.355s] -- Found ament_cmake_gtest: 1.3.12 (/home/irman/micromamba/envs/ros2_env/share/ament_cmake_gtest/cmake)
[5.358s] -- Found gtest sources under '/home/irman/micromamba/envs/ros2_env/src/gtest_vendor': C++ tests using 'Google Test' will be built
[5.370s] CMake Deprecation Warning at /home/irman/micromamba/envs/ros2_env/src/gtest_vendor/CMakeLists.txt:2 (cmake_minimum_required):
[5.370s]   Compatibility with CMake < 3.10 will be removed from a future version of
[5.370s]   CMake.
[5.371s] 
[5.371s]   Update the VERSION argument <min> value.  Or, use the <min>...<max> syntax
[5.371s]   to tell CMake that the project requires at least <min> but has been updated
[5.371s]   to work with policies introduced by <max> or earlier.
[5.371s] 
[5.371s] 
[5.536s] -- Configuring done (5.5s)
[5.622s] -- Generating done (0.1s)
[5.633s] -- Build files have been written to: /home/irman/Humanoid-VLA-Simulations/build/gripper_controllers
