/home/irman/micromamba/envs/ros2_env/lib/python3.11/site-packages/setuptools/_distutils/dist.py:289: UserWarning: Unknown distribution option: 'tests_require'
  warnings.warn(msg)
running egg_info
creating ../../../build/rqt_controller_manager/rqt_controller_manager.egg-info
writing ../../../build/rqt_controller_manager/rqt_controller_manager.egg-info/PKG-INFO
writing dependency_links to ../../../build/rqt_controller_manager/rqt_controller_manager.egg-info/dependency_links.txt
writing entry points to ../../../build/rqt_controller_manager/rqt_controller_manager.egg-info/entry_points.txt
writing requirements to ../../../build/rqt_controller_manager/rqt_controller_manager.egg-info/requires.txt
writing top-level names to ../../../build/rqt_controller_manager/rqt_controller_manager.egg-info/top_level.txt
writing manifest file '../../../build/rqt_controller_manager/rqt_controller_manager.egg-info/SOURCES.txt'
reading manifest file '../../../build/rqt_controller_manager/rqt_controller_manager.egg-info/SOURCES.txt'
writing manifest file '../../../build/rqt_controller_manager/rqt_controller_manager.egg-info/SOURCES.txt'
running build
running build_py
creating /home/irman/Humanoid-VLA-Simulations/build/rqt_controller_manager/build/lib/rqt_controller_manager
copying rqt_controller_manager/controller_manager.py -> /home/irman/Humanoid-VLA-Simulations/build/rqt_controller_manager/build/lib/rqt_controller_manager
copying rqt_controller_manager/update_combo.py -> /home/irman/Humanoid-VLA-Simulations/build/rqt_controller_manager/build/lib/rqt_controller_manager
copying rqt_controller_manager/main.py -> /home/irman/Humanoid-VLA-Simulations/build/rqt_controller_manager/build/lib/rqt_controller_manager
copying rqt_controller_manager/__init__.py -> /home/irman/Humanoid-VLA-Simulations/build/rqt_controller_manager/build/lib/rqt_controller_manager
running install
running install_lib
creating /home/irman/Humanoid-VLA-Simulations/install/rqt_controller_manager/lib/python3.11/site-packages/rqt_controller_manager
copying /home/irman/Humanoid-VLA-Simulations/build/rqt_controller_manager/build/lib/rqt_controller_manager/controller_manager.py -> /home/irman/Humanoid-VLA-Simulations/install/rqt_controller_manager/lib/python3.11/site-packages/rqt_controller_manager
copying /home/irman/Humanoid-VLA-Simulations/build/rqt_controller_manager/build/lib/rqt_controller_manager/update_combo.py -> /home/irman/Humanoid-VLA-Simulations/install/rqt_controller_manager/lib/python3.11/site-packages/rqt_controller_manager
copying /home/irman/Humanoid-VLA-Simulations/build/rqt_controller_manager/build/lib/rqt_controller_manager/main.py -> /home/irman/Humanoid-VLA-Simulations/install/rqt_controller_manager/lib/python3.11/site-packages/rqt_controller_manager
copying /home/irman/Humanoid-VLA-Simulations/build/rqt_controller_manager/build/lib/rqt_controller_manager/__init__.py -> /home/irman/Humanoid-VLA-Simulations/install/rqt_controller_manager/lib/python3.11/site-packages/rqt_controller_manager
byte-compiling /home/irman/Humanoid-VLA-Simulations/install/rqt_controller_manager/lib/python3.11/site-packages/rqt_controller_manager/controller_manager.py to controller_manager.cpython-311.pyc
byte-compiling /home/irman/Humanoid-VLA-Simulations/install/rqt_controller_manager/lib/python3.11/site-packages/rqt_controller_manager/update_combo.py to update_combo.cpython-311.pyc
byte-compiling /home/irman/Humanoid-VLA-Simulations/install/rqt_controller_manager/lib/python3.11/site-packages/rqt_controller_manager/main.py to main.cpython-311.pyc
byte-compiling /home/irman/Humanoid-VLA-Simulations/install/rqt_controller_manager/lib/python3.11/site-packages/rqt_controller_manager/__init__.py to __init__.cpython-311.pyc
running install_data
creating /home/irman/Humanoid-VLA-Simulations/install/rqt_controller_manager/share/ament_index/resource_index/packages
copying resource/rqt_controller_manager -> /home/irman/Humanoid-VLA-Simulations/install/rqt_controller_manager/share/ament_index/resource_index/packages
copying package.xml -> /home/irman/Humanoid-VLA-Simulations/install/rqt_controller_manager/share/rqt_controller_manager
creating /home/irman/Humanoid-VLA-Simulations/install/rqt_controller_manager/share/rqt_controller_manager/resource
copying resource/cm_icon.png -> /home/irman/Humanoid-VLA-Simulations/install/rqt_controller_manager/share/rqt_controller_manager/resource
copying resource/controller_manager.ui -> /home/irman/Humanoid-VLA-Simulations/install/rqt_controller_manager/share/rqt_controller_manager/resource
copying resource/popup_info.ui -> /home/irman/Humanoid-VLA-Simulations/install/rqt_controller_manager/share/rqt_controller_manager/resource
copying resource/led_red.png -> /home/irman/Humanoid-VLA-Simulations/install/rqt_controller_manager/share/rqt_controller_manager/resource
copying resource/led_off.png -> /home/irman/Humanoid-VLA-Simulations/install/rqt_controller_manager/share/rqt_controller_manager/resource
copying resource/led_green.png -> /home/irman/Humanoid-VLA-Simulations/install/rqt_controller_manager/share/rqt_controller_manager/resource
copying plugin.xml -> /home/irman/Humanoid-VLA-Simulations/install/rqt_controller_manager/share/rqt_controller_manager
running install_egg_info
Copying ../../../build/rqt_controller_manager/rqt_controller_manager.egg-info to /home/irman/Humanoid-VLA-Simulations/install/rqt_controller_manager/lib/python3.11/site-packages/rqt_controller_manager-2.52.2-py3.11.egg-info
running install_scripts
Installing rqt_controller_manager script to /home/irman/Humanoid-VLA-Simulations/install/rqt_controller_manager/lib/rqt_controller_manager
writing list of installed files to '/home/irman/Humanoid-VLA-Simulations/build/rqt_controller_manager/install.log'
