[0.019s] Invoking command in '/home/irman/Humanoid-VLA-Simulations/build/g1_package': CONDA_PROMPT_MODIFIER=(ros2_env) DEBUGINFOD_URLS=https://debuginfod.ubuntu.com /home/irman/micromamba/envs/ros2_env/bin/cmake /home/irman/Humanoid-VLA-Simulations/src/g1_package -DCMAKE_INSTALL_PREFIX=/home/irman/Humanoid-VLA-Simulations/install/g1_package
[0.360s] CMake Deprecation Warning at CMakeLists.txt:1 (cmake_minimum_required):
[0.360s]   Compatibility with CMake < 3.10 will be removed from a future version of
[0.360s]   CMake.
[0.360s] 
[0.360s]   Update the VERSION argument <min> value.  Or, use the <min>...<max> syntax
[0.360s]   to tell CMake that the project requires at least <min> but has been updated
[0.360s]   to work with policies introduced by <max> or earlier.
[0.360s] 
[0.360s] 
[0.361s] -- The C compiler identification is GNU 14.3.0
[0.362s] -- The CXX compiler identification is GNU 14.3.0
[0.362s] -- Detecting C compiler ABI info
[0.401s] -- Detecting C compiler ABI info - done
[0.422s] -- Check for working C compiler: /home/irman/micromamba/envs/ros2_env/bin/x86_64-conda-linux-gnu-cc - skipped
[0.422s] -- Detecting C compile features
[0.422s] -- Detecting C compile features - done
[0.439s] -- Detecting CXX compiler ABI info
[0.547s] -- Detecting CXX compiler ABI info - done
[0.567s] -- Check for working CXX compiler: /home/irman/micromamba/envs/ros2_env/bin/x86_64-conda-linux-gnu-c++ - skipped
[0.567s] -- Detecting CXX compile features
[0.568s] -- Detecting CXX compile features - done
[0.586s] -- Found ament_cmake: 1.3.12 (/home/irman/micromamba/envs/ros2_env/share/ament_cmake/cmake)
[0.718s] -- Found Python3: /home/irman/micromamba/envs/ros2_env/bin/python3 (found version "3.11.14") found components: Interpreter
[0.906s] -- Found ament_lint_auto: 0.12.12 (/home/irman/micromamba/envs/ros2_env/share/ament_lint_auto/cmake)
[1.069s] -- Added test 'lint_cmake' to check CMake code style
[1.073s] -- Added test 'xmllint' to check XML markup files
[1.075s] -- Configuring done (1.0s)
[1.080s] -- Generating done (0.0s)
[1.081s] -- Build files have been written to: /home/irman/Humanoid-VLA-Simulations/build/g1_package
[1.088s] Invoked command in '/home/irman/Humanoid-VLA-Simulations/build/g1_package' returned '0': CONDA_PROMPT_MODIFIER=(ros2_env) DEBUGINFOD_URLS=https://debuginfod.ubuntu.com /home/irman/micromamba/envs/ros2_env/bin/cmake /home/irman/Humanoid-VLA-Simulations/src/g1_package -DCMAKE_INSTALL_PREFIX=/home/irman/Humanoid-VLA-Simulations/install/g1_package
[1.090s] Invoking command in '/home/irman/Humanoid-VLA-Simulations/build/g1_package': CONDA_PROMPT_MODIFIER=(ros2_env) DEBUGINFOD_URLS=https://debuginfod.ubuntu.com /home/irman/micromamba/envs/ros2_env/bin/cmake --build /home/irman/Humanoid-VLA-Simulations/build/g1_package -- -j16 -l16
[1.126s] Invoked command in '/home/irman/Humanoid-VLA-Simulations/build/g1_package' returned '0': CONDA_PROMPT_MODIFIER=(ros2_env) DEBUGINFOD_URLS=https://debuginfod.ubuntu.com /home/irman/micromamba/envs/ros2_env/bin/cmake --build /home/irman/Humanoid-VLA-Simulations/build/g1_package -- -j16 -l16
[1.127s] Invoking command in '/home/irman/Humanoid-VLA-Simulations/build/g1_package': CONDA_PROMPT_MODIFIER=(ros2_env) DEBUGINFOD_URLS=https://debuginfod.ubuntu.com /home/irman/micromamba/envs/ros2_env/bin/cmake --install /home/irman/Humanoid-VLA-Simulations/build/g1_package
[1.135s] -- Install configuration: ""
[1.135s] -- Installing: /home/irman/Humanoid-VLA-Simulations/install/g1_package/share/g1_package/launch
[1.136s] -- Installing: /home/irman/Humanoid-VLA-Simulations/install/g1_package/share/g1_package/launch/g1_robot.launch.xml
[1.136s] -- Installing: /home/irman/Humanoid-VLA-Simulations/install/g1_package/share/g1_package/meshes
[1.136s] -- Installing: /home/irman/Humanoid-VLA-Simulations/install/g1_package/share/g1_package/meshes/right_rubber_hand.STL
[1.139s] -- Installing: /home/irman/Humanoid-VLA-Simulations/install/g1_package/share/g1_package/meshes/right_hand_thumb_1_link.STL
[1.139s] -- Installing: /home/irman/Humanoid-VLA-Simulations/install/g1_package/share/g1_package/meshes/left_hip_pitch_link.STL
[1.140s] -- Installing: /home/irman/Humanoid-VLA-Simulations/install/g1_package/share/g1_package/meshes/torso_link_rev_1_0.STL
[1.143s] -- Installing: /home/irman/Humanoid-VLA-Simulations/install/g1_package/share/g1_package/meshes/waist_constraint_R.STL
[1.144s] -- Installing: /home/irman/Humanoid-VLA-Simulations/install/g1_package/share/g1_package/meshes/left_hand_thumb_2_link.STL
[1.145s] -- Installing: /home/irman/Humanoid-VLA-Simulations/install/g1_package/share/g1_package/meshes/waist_support_link.STL
[1.146s] -- Installing: /home/irman/Humanoid-VLA-Simulations/install/g1_package/share/g1_package/meshes/torso_constraint_R_link.STL
[1.146s] -- Installing: /home/irman/Humanoid-VLA-Simulations/install/g1_package/share/g1_package/meshes/torso_link_23dof_rev_1_0.STL
[1.156s] -- Installing: /home/irman/Humanoid-VLA-Simulations/install/g1_package/share/g1_package/meshes/waist_roll_link_rev_1_0.STL
[1.156s] -- Installing: /home/irman/Humanoid-VLA-Simulations/install/g1_package/share/g1_package/meshes/right_hand_middle_1_link.STL
[1.157s] -- Installing: /home/irman/Humanoid-VLA-Simulations/install/g1_package/share/g1_package/meshes/right_hand_index_1_link.STL
[1.159s] -- Installing: /home/irman/Humanoid-VLA-Simulations/install/g1_package/share/g1_package/meshes/left_hand_middle_1_link.STL
[1.161s] -- Installing: /home/irman/Humanoid-VLA-Simulations/install/g1_package/share/g1_package/meshes/left_ankle_roll_link.STL
[1.162s] -- Installing: /home/irman/Humanoid-VLA-Simulations/install/g1_package/share/g1_package/meshes/left_hand_middle_0_link.STL
[1.163s] -- Installing: /home/irman/Humanoid-VLA-Simulations/install/g1_package/share/g1_package/meshes/right_hand_thumb_2_link.STL
[1.165s] -- Installing: /home/irman/Humanoid-VLA-Simulations/install/g1_package/share/g1_package/meshes/left_ankle_pitch_link.STL
[1.165s] -- Installing: /home/irman/Humanoid-VLA-Simulations/install/g1_package/share/g1_package/meshes/right_elbow_link.STL
[1.165s] -- Installing: /home/irman/Humanoid-VLA-Simulations/install/g1_package/share/g1_package/meshes/torso_link.STL
[1.168s] -- Installing: /home/irman/Humanoid-VLA-Simulations/install/g1_package/share/g1_package/meshes/right_hand_thumb_0_link.STL
[1.168s] -- Installing: /home/irman/Humanoid-VLA-Simulations/install/g1_package/share/g1_package/meshes/left_shoulder_pitch_link.STL
[1.169s] -- Installing: /home/irman/Humanoid-VLA-Simulations/install/g1_package/share/g1_package/meshes/pelvis.STL
[1.170s] -- Installing: /home/irman/Humanoid-VLA-Simulations/install/g1_package/share/g1_package/meshes/left_hand_thumb_1_link.STL
[1.171s] -- Installing: /home/irman/Humanoid-VLA-Simulations/install/g1_package/share/g1_package/meshes/left_knee_link.STL
[1.172s] -- Installing: /home/irman/Humanoid-VLA-Simulations/install/g1_package/share/g1_package/meshes/right_hand_middle_0_link.STL
[1.172s] -- Installing: /home/irman/Humanoid-VLA-Simulations/install/g1_package/share/g1_package/meshes/left_shoulder_roll_link.STL
[1.173s] -- Installing: /home/irman/Humanoid-VLA-Simulations/install/g1_package/share/g1_package/meshes/right_shoulder_yaw_link.STL
[1.174s] -- Installing: /home/irman/Humanoid-VLA-Simulations/install/g1_package/share/g1_package/meshes/right_shoulder_pitch_link.STL
[1.174s] -- Installing: /home/irman/Humanoid-VLA-Simulations/install/g1_package/share/g1_package/meshes/torso_constraint_L_link.STL
[1.174s] -- Installing: /home/irman/Humanoid-VLA-Simulations/install/g1_package/share/g1_package/meshes/left_shoulder_yaw_link.STL
[1.175s] -- Installing: /home/irman/Humanoid-VLA-Simulations/install/g1_package/share/g1_package/meshes/right_knee_link.STL
[1.176s] -- Installing: /home/irman/Humanoid-VLA-Simulations/install/g1_package/share/g1_package/meshes/left_hand_thumb_0_link.STL
[1.176s] -- Installing: /home/irman/Humanoid-VLA-Simulations/install/g1_package/share/g1_package/meshes/waist_yaw_link.STL
[1.177s] -- Installing: /home/irman/Humanoid-VLA-Simulations/install/g1_package/share/g1_package/meshes/waist_yaw_link_rev_1_0.STL
[1.178s] -- Installing: /home/irman/Humanoid-VLA-Simulations/install/g1_package/share/g1_package/meshes/left_hand_index_0_link.STL
[1.178s] -- Installing: /home/irman/Humanoid-VLA-Simulations/install/g1_package/share/g1_package/meshes/right_wrist_yaw_link.STL
[1.179s] -- Installing: /home/irman/Humanoid-VLA-Simulations/install/g1_package/share/g1_package/meshes/torso_constraint_L_rod_link.STL
[1.179s] -- Installing: /home/irman/Humanoid-VLA-Simulations/install/g1_package/share/g1_package/meshes/right_hand_palm_link.STL
[1.182s] -- Installing: /home/irman/Humanoid-VLA-Simulations/install/g1_package/share/g1_package/meshes/waist_constraint_L.STL
[1.182s] -- Installing: /home/irman/Humanoid-VLA-Simulations/install/g1_package/share/g1_package/meshes/left_hand_index_1_link.STL
[1.185s] -- Installing: /home/irman/Humanoid-VLA-Simulations/install/g1_package/share/g1_package/meshes/left_hand_palm_link.STL
[1.187s] -- Installing: /home/irman/Humanoid-VLA-Simulations/install/g1_package/share/g1_package/meshes/right_hip_roll_link.STL
[1.188s] -- Installing: /home/irman/Humanoid-VLA-Simulations/install/g1_package/share/g1_package/meshes/right_ankle_pitch_link.STL
[1.188s] -- Installing: /home/irman/Humanoid-VLA-Simulations/install/g1_package/share/g1_package/meshes/right_hip_pitch_link.STL
[1.189s] -- Installing: /home/irman/Humanoid-VLA-Simulations/install/g1_package/share/g1_package/meshes/head_link.STL
[1.190s] -- Installing: /home/irman/Humanoid-VLA-Simulations/install/g1_package/share/g1_package/meshes/left_wrist_roll_rubber_hand.STL
[1.194s] -- Installing: /home/irman/Humanoid-VLA-Simulations/install/g1_package/share/g1_package/meshes/right_wrist_roll_link.STL
[1.195s] -- Installing: /home/irman/Humanoid-VLA-Simulations/install/g1_package/share/g1_package/meshes/torso_constraint_R_rod_link.STL
[1.195s] -- Installing: /home/irman/Humanoid-VLA-Simulations/install/g1_package/share/g1_package/meshes/left_elbow_link.STL
[1.195s] -- Installing: /home/irman/Humanoid-VLA-Simulations/install/g1_package/share/g1_package/meshes/pelvis_contour_link.STL
[1.198s] -- Installing: /home/irman/Humanoid-VLA-Simulations/install/g1_package/share/g1_package/meshes/left_hip_yaw_link.STL
[1.199s] -- Installing: /home/irman/Humanoid-VLA-Simulations/install/g1_package/share/g1_package/meshes/left_wrist_roll_link.STL
[1.200s] -- Installing: /home/irman/Humanoid-VLA-Simulations/install/g1_package/share/g1_package/meshes/logo_link.STL
[1.200s] -- Installing: /home/irman/Humanoid-VLA-Simulations/install/g1_package/share/g1_package/meshes/left_wrist_pitch_link.STL
[1.201s] -- Installing: /home/irman/Humanoid-VLA-Simulations/install/g1_package/share/g1_package/meshes/right_ankle_roll_link.STL
[1.202s] -- Installing: /home/irman/Humanoid-VLA-Simulations/install/g1_package/share/g1_package/meshes/right_hip_yaw_link.STL
[1.202s] -- Installing: /home/irman/Humanoid-VLA-Simulations/install/g1_package/share/g1_package/meshes/right_shoulder_roll_link.STL
[1.203s] -- Installing: /home/irman/Humanoid-VLA-Simulations/install/g1_package/share/g1_package/meshes/left_hip_roll_link.STL
[1.204s] -- Installing: /home/irman/Humanoid-VLA-Simulations/install/g1_package/share/g1_package/meshes/waist_roll_link.STL
[1.204s] -- Installing: /home/irman/Humanoid-VLA-Simulations/install/g1_package/share/g1_package/meshes/left_rubber_hand.STL
[1.207s] -- Installing: /home/irman/Humanoid-VLA-Simulations/install/g1_package/share/g1_package/meshes/left_wrist_yaw_link.STL
[1.207s] -- Installing: /home/irman/Humanoid-VLA-Simulations/install/g1_package/share/g1_package/meshes/right_wrist_roll_rubber_hand.STL
[1.212s] -- Installing: /home/irman/Humanoid-VLA-Simulations/install/g1_package/share/g1_package/meshes/right_hand_index_0_link.STL
[1.213s] -- Installing: /home/irman/Humanoid-VLA-Simulations/install/g1_package/share/g1_package/meshes/right_wrist_pitch_link.STL
[1.213s] -- Installing: /home/irman/Humanoid-VLA-Simulations/install/g1_package/share/g1_package/urdf
[1.213s] -- Installing: /home/irman/Humanoid-VLA-Simulations/install/g1_package/share/g1_package/urdf/g1_29dof_gazebo.urdf
[1.214s] -- Installing: /home/irman/Humanoid-VLA-Simulations/install/g1_package/share/g1_package/urdf/g1.rviz
[1.214s] -- Installing: /home/irman/Humanoid-VLA-Simulations/install/g1_package/share/g1_package/urdf/g1_29dof.urdf
[1.214s] -- Installing: /home/irman/Humanoid-VLA-Simulations/install/g1_package/share/g1_package/urdf/g1_29dof_ros2_control.urdf
[1.214s] -- Installing: /home/irman/Humanoid-VLA-Simulations/install/g1_package/share/ament_index/resource_index/package_run_dependencies/g1_package
[1.215s] -- Installing: /home/irman/Humanoid-VLA-Simulations/install/g1_package/share/ament_index/resource_index/parent_prefix_path/g1_package
[1.215s] -- Installing: /home/irman/Humanoid-VLA-Simulations/install/g1_package/share/g1_package/environment/ament_prefix_path.sh
[1.215s] -- Installing: /home/irman/Humanoid-VLA-Simulations/install/g1_package/share/g1_package/environment/ament_prefix_path.dsv
[1.215s] -- Installing: /home/irman/Humanoid-VLA-Simulations/install/g1_package/share/g1_package/environment/path.sh
[1.216s] -- Installing: /home/irman/Humanoid-VLA-Simulations/install/g1_package/share/g1_package/environment/path.dsv
[1.216s] -- Installing: /home/irman/Humanoid-VLA-Simulations/install/g1_package/share/g1_package/local_setup.bash
[1.216s] -- Installing: /home/irman/Humanoid-VLA-Simulations/install/g1_package/share/g1_package/local_setup.sh
[1.216s] -- Installing: /home/irman/Humanoid-VLA-Simulations/install/g1_package/share/g1_package/local_setup.zsh
[1.216s] -- Installing: /home/irman/Humanoid-VLA-Simulations/install/g1_package/share/g1_package/local_setup.dsv
[1.216s] -- Installing: /home/irman/Humanoid-VLA-Simulations/install/g1_package/share/g1_package/package.dsv
[1.217s] -- Installing: /home/irman/Humanoid-VLA-Simulations/install/g1_package/share/ament_index/resource_index/packages/g1_package
[1.217s] -- Installing: /home/irman/Humanoid-VLA-Simulations/install/g1_package/share/g1_package/cmake/g1_packageConfig.cmake
[1.217s] -- Installing: /home/irman/Humanoid-VLA-Simulations/install/g1_package/share/g1_package/cmake/g1_packageConfig-version.cmake
[1.217s] -- Installing: /home/irman/Humanoid-VLA-Simulations/install/g1_package/share/g1_package/package.xml
[1.220s] Invoked command in '/home/irman/Humanoid-VLA-Simulations/build/g1_package' returned '0': CONDA_PROMPT_MODIFIER=(ros2_env) DEBUGINFOD_URLS=https://debuginfod.ubuntu.com /home/irman/micromamba/envs/ros2_env/bin/cmake --install /home/irman/Humanoid-VLA-Simulations/build/g1_package
