[0.059s] Invoking command in '/home/irman/Humanoid-VLA-Simulations/build/forward_command_controller': AMENT_PREFIX_PATH=/home/irman/Humanoid-VLA-Simulations/install/controller_manager:/home/irman/Humanoid-VLA-Simulations/install/hardware_interface_testing:/home/irman/Humanoid-VLA-Simulations/install/controller_interface:/home/irman/Humanoid-VLA-Simulations/install/hardware_interface:/home/irman/Humanoid-VLA-Simulations/install/ros2_control_test_assets:/home/irman/Humanoid-VLA-Simulations/install/controller_manager_msgs:${AMENT_PREFIX_PATH} CMAKE_PREFIX_PATH=/home/irman/Humanoid-VLA-Simulations/install/controller_manager:/home/irman/Humanoid-VLA-Simulations/install/hardware_interface_testing:/home/irman/Humanoid-VLA-Simulations/install/controller_interface:/home/irman/Humanoid-VLA-Simulations/install/hardware_interface:/home/irman/Humanoid-VLA-Simulations/install/ros2_control_test_assets:/home/irman/Humanoid-VLA-Simulations/install/controller_manager_msgs:${CMAKE_PREFIX_PATH} CONDA_PROMPT_MODIFIER=(ros2_env) DEBUGINFOD_URLS=https://debuginfod.ubuntu.com LD_LIBRARY_PATH=/home/irman/Humanoid-VLA-Simulations/install/controller_manager/lib:/home/irman/Humanoid-VLA-Simulations/install/hardware_interface_testing/lib:/home/irman/Humanoid-VLA-Simulations/install/controller_interface/lib:/home/irman/Humanoid-VLA-Simulations/install/hardware_interface/lib:/home/irman/Humanoid-VLA-Simulations/install/controller_manager_msgs/lib:/home/irman/micromamba/envs/ros2_env/opt/rviz_ogre_vendor/lib:/home/irman/micromamba/envs/ros2_env/lib/gazebo-11/plugins:/home/irman/micromamba/envs/ros2_env/lib/gazebo-11/plugins:/home/irman/micromamba/envs/ros2_env/lib/gazebo-11/plugins:/home/irman/micromamba/envs/ros2_env/lib/gazebo-11/plugins:/home/irman/micromamba/envs/ros2_env/lib/gazebo-11/plugins:/home/irman/micromamba/envs/ros2_env/lib/gazebo-11/plugins PYTHONPATH=/home/irman/Humanoid-VLA-Simulations/install/controller_manager/lib/python3.11/site-packages:/home/irman/Humanoid-VLA-Simulations/install/controller_manager_msgs/lib/python3.11/site-packages:${PYTHONPATH} /home/irman/micromamba/envs/ros2_env/bin/cmake /home/irman/Humanoid-VLA-Simulations/src/ros2_controllers/forward_command_controller -DCMAKE_INSTALL_PREFIX=/home/irman/Humanoid-VLA-Simulations/install/forward_command_controller
[0.671s] -- The CXX compiler identification is GNU 14.3.0
[0.671s] -- Detecting CXX compiler ABI info
[0.671s] -- Detecting CXX compiler ABI info - done
[0.671s] -- Check for working CXX compiler: /home/irman/micromamba/envs/ros2_env/bin/x86_64-conda-linux-gnu-c++ - skipped
[0.671s] -- Detecting CXX compile features
[0.671s] -- Detecting CXX compile features - done
[0.671s] -- Found ament_cmake: 1.3.12 (/home/irman/micromamba/envs/ros2_env/share/ament_cmake/cmake)
[1.130s] -- Found Python3: /home/irman/micromamba/envs/ros2_env/bin/python3 (found version "3.11.14") found components: Interpreter
[1.193s] -- Found controller_interface: 2.52.2 (/home/irman/Humanoid-VLA-Simulations/install/controller_interface/share/controller_interface/cmake)
[1.344s] -- Found rosidl_generator_c: 3.1.6 (/home/irman/micromamba/envs/ros2_env/share/rosidl_generator_c/cmake)
[1.368s] -- Found rosidl_adapter: 3.1.6 (/home/irman/micromamba/envs/ros2_env/share/rosidl_adapter/cmake)
[1.399s] -- Found rosidl_generator_cpp: 3.1.6 (/home/irman/micromamba/envs/ros2_env/share/rosidl_generator_cpp/cmake)
[1.439s] -- Using all available rosidl_typesupport_c: rosidl_typesupport_fastrtps_c;rosidl_typesupport_introspection_c
[1.507s] -- Using all available rosidl_typesupport_cpp: rosidl_typesupport_fastrtps_cpp;rosidl_typesupport_introspection_cpp
[2.025s] -- Found TinyXML2 via Config file: /home/irman/micromamba/envs/ros2_env/lib/cmake/tinyxml2
[2.237s] -- Checking for module 'yaml-0.1'
[2.537s] --   Found yaml-0.1, version 0.2.5
[3.030s] -- Found rmw_implementation_cmake: 6.1.2 (/home/irman/micromamba/envs/ros2_env/share/rmw_implementation_cmake/cmake)
[3.049s] -- Found rmw_fastrtps_cpp: 6.2.7 (/home/irman/micromamba/envs/ros2_env/share/rmw_fastrtps_cpp/cmake)
[3.155s] -- Found TinyXML2 via Config file: /home/irman/micromamba/envs/ros2_env/lib/cmake/tinyxml2
[3.890s] -- Found OpenSSL: /home/irman/micromamba/envs/ros2_env/lib/libcrypto.so (found version "3.5.4")
[3.902s] -- Found TinyXML2 via Config file: /home/irman/micromamba/envs/ros2_env/lib/cmake/tinyxml2
[4.000s] -- Found FastRTPS: /home/irman/micromamba/envs/ros2_env/include
[4.009s] -- Found TinyXML2 via Config file: /home/irman/micromamba/envs/ros2_env/lib/cmake/tinyxml2
[4.063s] -- Found TinyXML2 via Config file: /home/irman/micromamba/envs/ros2_env/lib/cmake/tinyxml2
[4.125s] -- Using RMW implementation 'rmw_fastrtps_cpp' as default
[4.158s] -- Performing Test CMAKE_HAVE_LIBC_PTHREAD
[4.377s] -- Performing Test CMAKE_HAVE_LIBC_PTHREAD - Success
[4.378s] -- Found Threads: TRUE
[4.584s] -- Found generate_parameter_library: 0.5.0 (/home/irman/micromamba/envs/ros2_env/share/generate_parameter_library/cmake)
[4.595s] -- Found parameter_traits: 0.5.0 (/home/irman/micromamba/envs/ros2_env/share/parameter_traits/cmake)
[4.660s] -- Found realtime_tools: 2.14.0 (/home/irman/micromamba/envs/ros2_env/share/realtime_tools/cmake)
[4.753s] -- Found ament_cmake_gmock: 1.3.12 (/home/irman/micromamba/envs/ros2_env/share/ament_cmake_gmock/cmake)
[4.755s] -- Found controller_manager: 2.52.2 (/home/irman/Humanoid-VLA-Simulations/install/controller_manager/share/controller_manager/cmake)
[4.813s] -- Found ros2_control_test_assets: 2.52.2 (/home/irman/Humanoid-VLA-Simulations/install/ros2_control_test_assets/share/ros2_control_test_assets/cmake)
[4.824s] -- Found gmock sources under '/home/irman/micromamba/envs/ros2_env/src/gmock_vendor': C++ tests using 'Google Mock' will be built
[4.908s] -- The C compiler identification is GNU 14.3.0
[4.930s] -- Detecting C compiler ABI info
[5.051s] -- Detecting C compiler ABI info - done
[5.089s] -- Check for working C compiler: /home/irman/micromamba/envs/ros2_env/bin/x86_64-conda-linux-gnu-cc - skipped
[5.089s] -- Detecting C compile features
[5.089s] -- Detecting C compile features - done
[5.105s] CMake Deprecation Warning at /home/irman/micromamba/envs/ros2_env/src/gmock_vendor/CMakeLists.txt:2 (cmake_minimum_required):
[5.106s]   Compatibility with CMake < 3.10 will be removed from a future version of
[5.106s]   CMake.
[5.106s] 
[5.106s]   Update the VERSION argument <min> value.  Or, use the <min>...<max> syntax
[5.106s]   to tell CMake that the project requires at least <min> but has been updated
[5.106s]   to work with policies introduced by <max> or earlier.
[5.106s] 
[5.106s] 
[5.125s] -- Found ament_cmake_gtest: 1.3.12 (/home/irman/micromamba/envs/ros2_env/share/ament_cmake_gtest/cmake)
[5.128s] -- Found gtest sources under '/home/irman/micromamba/envs/ros2_env/src/gtest_vendor': C++ tests using 'Google Test' will be built
[5.136s] CMake Deprecation Warning at /home/irman/micromamba/envs/ros2_env/src/gtest_vendor/CMakeLists.txt:2 (cmake_minimum_required):
[5.136s]   Compatibility with CMake < 3.10 will be removed from a future version of
[5.136s]   CMake.
[5.136s] 
[5.136s]   Update the VERSION argument <min> value.  Or, use the <min>...<max> syntax
[5.136s]   to tell CMake that the project requires at least <min> but has been updated
[5.136s]   to work with policies introduced by <max> or earlier.
[5.136s] 
[5.137s] 
[5.310s] -- Configuring done (5.2s)
[5.456s] -- Generating done (0.1s)
[5.481s] -- Build files have been written to: /home/irman/Humanoid-VLA-Simulations/build/forward_command_controller
