/home/irman/Humanoid-VLA-Simulations/install/rqt_controller_manager/lib/python3.11/site-packages/rqt_controller_manager/controller_manager.py
/home/irman/Humanoid-VLA-Simulations/install/rqt_controller_manager/lib/python3.11/site-packages/rqt_controller_manager/update_combo.py
/home/irman/Humanoid-VLA-Simulations/install/rqt_controller_manager/lib/python3.11/site-packages/rqt_controller_manager/main.py
/home/irman/Humanoid-VLA-Simulations/install/rqt_controller_manager/lib/python3.11/site-packages/rqt_controller_manager/__init__.py
/home/irman/Humanoid-VLA-Simulations/install/rqt_controller_manager/lib/python3.11/site-packages/rqt_controller_manager/__pycache__/controller_manager.cpython-311.pyc
/home/irman/Humanoid-VLA-Simulations/install/rqt_controller_manager/lib/python3.11/site-packages/rqt_controller_manager/__pycache__/update_combo.cpython-311.pyc
/home/irman/Humanoid-VLA-Simulations/install/rqt_controller_manager/lib/python3.11/site-packages/rqt_controller_manager/__pycache__/main.cpython-311.pyc
/home/irman/Humanoid-VLA-Simulations/install/rqt_controller_manager/lib/python3.11/site-packages/rqt_controller_manager/__pycache__/__init__.cpython-311.pyc
/home/irman/Humanoid-VLA-Simulations/install/rqt_controller_manager/share/ament_index/resource_index/packages/rqt_controller_manager
/home/irman/Humanoid-VLA-Simulations/install/rqt_controller_manager/share/rqt_controller_manager/package.xml
/home/irman/Humanoid-VLA-Simulations/install/rqt_controller_manager/share/rqt_controller_manager/resource/cm_icon.png
/home/irman/Humanoid-VLA-Simulations/install/rqt_controller_manager/share/rqt_controller_manager/resource/controller_manager.ui
/home/irman/Humanoid-VLA-Simulations/install/rqt_controller_manager/share/rqt_controller_manager/resource/popup_info.ui
/home/irman/Humanoid-VLA-Simulations/install/rqt_controller_manager/share/rqt_controller_manager/resource/led_red.png
/home/irman/Humanoid-VLA-Simulations/install/rqt_controller_manager/share/rqt_controller_manager/resource/led_off.png
/home/irman/Humanoid-VLA-Simulations/install/rqt_controller_manager/share/rqt_controller_manager/resource/led_green.png
/home/irman/Humanoid-VLA-Simulations/install/rqt_controller_manager/share/rqt_controller_manager/plugin.xml
/home/irman/Humanoid-VLA-Simulations/install/rqt_controller_manager/lib/python3.11/site-packages/rqt_controller_manager-2.52.2-py3.11.egg-info/dependency_links.txt
/home/irman/Humanoid-VLA-Simulations/install/rqt_controller_manager/lib/python3.11/site-packages/rqt_controller_manager-2.52.2-py3.11.egg-info/entry_points.txt
/home/irman/Humanoid-VLA-Simulations/install/rqt_controller_manager/lib/python3.11/site-packages/rqt_controller_manager-2.52.2-py3.11.egg-info/zip-safe
/home/irman/Humanoid-VLA-Simulations/install/rqt_controller_manager/lib/python3.11/site-packages/rqt_controller_manager-2.52.2-py3.11.egg-info/SOURCES.txt
/home/irman/Humanoid-VLA-Simulations/install/rqt_controller_manager/lib/python3.11/site-packages/rqt_controller_manager-2.52.2-py3.11.egg-info/requires.txt
/home/irman/Humanoid-VLA-Simulations/install/rqt_controller_manager/lib/python3.11/site-packages/rqt_controller_manager-2.52.2-py3.11.egg-info/top_level.txt
/home/irman/Humanoid-VLA-Simulations/install/rqt_controller_manager/lib/python3.11/site-packages/rqt_controller_manager-2.52.2-py3.11.egg-info/PKG-INFO
/home/irman/Humanoid-VLA-Simulations/install/rqt_controller_manager/lib/rqt_controller_manager/rqt_controller_manager
