[0.022s] Invoking command in '/home/irman/Humanoid-VLA-Simulations/build/g1_controller': AMENT_PREFIX_PATH=/home/irman/Humanoid-VLA-Simulations/install/joint_trajectory_controller:/home/irman/Humanoid-VLA-Simulations/install/joint_state_broadcaster:/home/irman/Humanoid-VLA-Simulations/install/controller_manager:/home/irman/Humanoid-VLA-Simulations/install/hardware_interface_testing:/home/irman/Humanoid-VLA-Simulations/install/controller_interface:/home/irman/Humanoid-VLA-Simulations/install/hardware_interface:/home/irman/Humanoid-VLA-Simulations/install/ros2_control_test_assets:/home/irman/Humanoid-VLA-Simulations/install/controller_manager_msgs:${AMENT_PREFIX_PATH} CMAKE_PREFIX_PATH=/home/irman/Humanoid-VLA-Simulations/install/joint_trajectory_controller:/home/irman/Humanoid-VLA-Simulations/install/joint_state_broadcaster:/home/irman/Humanoid-VLA-Simulations/install/controller_manager:/home/irman/Humanoid-VLA-Simulations/install/hardware_interface_testing:/home/irman/Humanoid-VLA-Simulations/install/controller_interface:/home/irman/Humanoid-VLA-Simulations/install/hardware_interface:/home/irman/Humanoid-VLA-Simulations/install/ros2_control_test_assets:/home/irman/Humanoid-VLA-Simulations/install/controller_manager_msgs:${CMAKE_PREFIX_PATH} CONDA_PROMPT_MODIFIER=(ros2_env) DEBUGINFOD_URLS=https://debuginfod.ubuntu.com LD_LIBRARY_PATH=/home/irman/Humanoid-VLA-Simulations/install/joint_trajectory_controller/lib:/home/irman/Humanoid-VLA-Simulations/install/joint_state_broadcaster/lib:/home/irman/Humanoid-VLA-Simulations/install/controller_manager/lib:/home/irman/Humanoid-VLA-Simulations/install/hardware_interface_testing/lib:/home/irman/Humanoid-VLA-Simulations/install/controller_interface/lib:/home/irman/Humanoid-VLA-Simulations/install/hardware_interface/lib:/home/irman/Humanoid-VLA-Simulations/install/controller_manager_msgs/lib:/home/irman/micromamba/envs/ros2_env/opt/rviz_ogre_vendor/lib:/home/irman/micromamba/envs/ros2_env/lib/gazebo-11/plugins PYTHONPATH=/home/irman/Humanoid-VLA-Simulations/install/controller_manager/lib/python3.11/site-packages:/home/irman/Humanoid-VLA-Simulations/install/controller_manager_msgs/lib/python3.11/site-packages:${PYTHONPATH} /home/irman/micromamba/envs/ros2_env/bin/cmake --build /home/irman/Humanoid-VLA-Simulations/build/g1_controller -- -j16 -l16
[0.069s] Built target ament_cmake_python_copy_g1_controller
[0.238s] running egg_info
[0.249s] writing g1_controller.egg-info/PKG-INFO
[0.249s] writing dependency_links to g1_controller.egg-info/dependency_links.txt
[0.250s] writing top-level names to g1_controller.egg-info/top_level.txt
[0.281s] reading manifest file 'g1_controller.egg-info/SOURCES.txt'
[0.282s] writing manifest file 'g1_controller.egg-info/SOURCES.txt'
[0.316s] Built target ament_cmake_python_build_g1_controller_egg
[0.326s] Invoked command in '/home/irman/Humanoid-VLA-Simulations/build/g1_controller' returned '0': AMENT_PREFIX_PATH=/home/irman/Humanoid-VLA-Simulations/install/joint_trajectory_controller:/home/irman/Humanoid-VLA-Simulations/install/joint_state_broadcaster:/home/irman/Humanoid-VLA-Simulations/install/controller_manager:/home/irman/Humanoid-VLA-Simulations/install/hardware_interface_testing:/home/irman/Humanoid-VLA-Simulations/install/controller_interface:/home/irman/Humanoid-VLA-Simulations/install/hardware_interface:/home/irman/Humanoid-VLA-Simulations/install/ros2_control_test_assets:/home/irman/Humanoid-VLA-Simulations/install/controller_manager_msgs:${AMENT_PREFIX_PATH} CMAKE_PREFIX_PATH=/home/irman/Humanoid-VLA-Simulations/install/joint_trajectory_controller:/home/irman/Humanoid-VLA-Simulations/install/joint_state_broadcaster:/home/irman/Humanoid-VLA-Simulations/install/controller_manager:/home/irman/Humanoid-VLA-Simulations/install/hardware_interface_testing:/home/irman/Humanoid-VLA-Simulations/install/controller_interface:/home/irman/Humanoid-VLA-Simulations/install/hardware_interface:/home/irman/Humanoid-VLA-Simulations/install/ros2_control_test_assets:/home/irman/Humanoid-VLA-Simulations/install/controller_manager_msgs:${CMAKE_PREFIX_PATH} CONDA_PROMPT_MODIFIER=(ros2_env) DEBUGINFOD_URLS=https://debuginfod.ubuntu.com LD_LIBRARY_PATH=/home/irman/Humanoid-VLA-Simulations/install/joint_trajectory_controller/lib:/home/irman/Humanoid-VLA-Simulations/install/joint_state_broadcaster/lib:/home/irman/Humanoid-VLA-Simulations/install/controller_manager/lib:/home/irman/Humanoid-VLA-Simulations/install/hardware_interface_testing/lib:/home/irman/Humanoid-VLA-Simulations/install/controller_interface/lib:/home/irman/Humanoid-VLA-Simulations/install/hardware_interface/lib:/home/irman/Humanoid-VLA-Simulations/install/controller_manager_msgs/lib:/home/irman/micromamba/envs/ros2_env/opt/rviz_ogre_vendor/lib:/home/irman/micromamba/envs/ros2_env/lib/gazebo-11/plugins PYTHONPATH=/home/irman/Humanoid-VLA-Simulations/install/controller_manager/lib/python3.11/site-packages:/home/irman/Humanoid-VLA-Simulations/install/controller_manager_msgs/lib/python3.11/site-packages:${PYTHONPATH} /home/irman/micromamba/envs/ros2_env/bin/cmake --build /home/irman/Humanoid-VLA-Simulations/build/g1_controller -- -j16 -l16
[0.335s] Invoking command in '/home/irman/Humanoid-VLA-Simulations/build/g1_controller': AMENT_PREFIX_PATH=/home/irman/Humanoid-VLA-Simulations/install/joint_trajectory_controller:/home/irman/Humanoid-VLA-Simulations/install/joint_state_broadcaster:/home/irman/Humanoid-VLA-Simulations/install/controller_manager:/home/irman/Humanoid-VLA-Simulations/install/hardware_interface_testing:/home/irman/Humanoid-VLA-Simulations/install/controller_interface:/home/irman/Humanoid-VLA-Simulations/install/hardware_interface:/home/irman/Humanoid-VLA-Simulations/install/ros2_control_test_assets:/home/irman/Humanoid-VLA-Simulations/install/controller_manager_msgs:${AMENT_PREFIX_PATH} CMAKE_PREFIX_PATH=/home/irman/Humanoid-VLA-Simulations/install/joint_trajectory_controller:/home/irman/Humanoid-VLA-Simulations/install/joint_state_broadcaster:/home/irman/Humanoid-VLA-Simulations/install/controller_manager:/home/irman/Humanoid-VLA-Simulations/install/hardware_interface_testing:/home/irman/Humanoid-VLA-Simulations/install/controller_interface:/home/irman/Humanoid-VLA-Simulations/install/hardware_interface:/home/irman/Humanoid-VLA-Simulations/install/ros2_control_test_assets:/home/irman/Humanoid-VLA-Simulations/install/controller_manager_msgs:${CMAKE_PREFIX_PATH} CONDA_PROMPT_MODIFIER=(ros2_env) DEBUGINFOD_URLS=https://debuginfod.ubuntu.com LD_LIBRARY_PATH=/home/irman/Humanoid-VLA-Simulations/install/joint_trajectory_controller/lib:/home/irman/Humanoid-VLA-Simulations/install/joint_state_broadcaster/lib:/home/irman/Humanoid-VLA-Simulations/install/controller_manager/lib:/home/irman/Humanoid-VLA-Simulations/install/hardware_interface_testing/lib:/home/irman/Humanoid-VLA-Simulations/install/controller_interface/lib:/home/irman/Humanoid-VLA-Simulations/install/hardware_interface/lib:/home/irman/Humanoid-VLA-Simulations/install/controller_manager_msgs/lib:/home/irman/micromamba/envs/ros2_env/opt/rviz_ogre_vendor/lib:/home/irman/micromamba/envs/ros2_env/lib/gazebo-11/plugins PYTHONPATH=/home/irman/Humanoid-VLA-Simulations/install/controller_manager/lib/python3.11/site-packages:/home/irman/Humanoid-VLA-Simulations/install/controller_manager_msgs/lib/python3.11/site-packages:${PYTHONPATH} /home/irman/micromamba/envs/ros2_env/bin/cmake --install /home/irman/Humanoid-VLA-Simulations/build/g1_controller
[0.343s] -- Install configuration: ""
[0.343s] -- Up-to-date: /home/irman/Humanoid-VLA-Simulations/install/g1_controller/share/g1_controller/environment/pythonpath.sh
[0.343s] -- Up-to-date: /home/irman/Humanoid-VLA-Simulations/install/g1_controller/share/g1_controller/environment/pythonpath.dsv
[0.343s] -- Up-to-date: /home/irman/Humanoid-VLA-Simulations/install/g1_controller/lib/python3.11/site-packages/g1_controller-0.1.0-py3.11.egg-info
[0.344s] -- Installing: /home/irman/Humanoid-VLA-Simulations/install/g1_controller/lib/python3.11/site-packages/g1_controller-0.1.0-py3.11.egg-info/dependency_links.txt
[0.344s] -- Installing: /home/irman/Humanoid-VLA-Simulations/install/g1_controller/lib/python3.11/site-packages/g1_controller-0.1.0-py3.11.egg-info/SOURCES.txt
[0.344s] -- Installing: /home/irman/Humanoid-VLA-Simulations/install/g1_controller/lib/python3.11/site-packages/g1_controller-0.1.0-py3.11.egg-info/top_level.txt
[0.344s] -- Installing: /home/irman/Humanoid-VLA-Simulations/install/g1_controller/lib/python3.11/site-packages/g1_controller-0.1.0-py3.11.egg-info/PKG-INFO
[0.344s] -- Up-to-date: /home/irman/Humanoid-VLA-Simulations/install/g1_controller/lib/python3.11/site-packages/g1_controller
[0.344s] -- Up-to-date: /home/irman/Humanoid-VLA-Simulations/install/g1_controller/lib/python3.11/site-packages/g1_controller/__init__.py
[0.372s] Listing 'lib/python3.11/site-packages/g1_controller'...
[0.372s] Can't list 'lib/python3.11/site-packages/g1_controller'
[0.376s] -- Up-to-date: /home/irman/Humanoid-VLA-Simulations/install/g1_controller/lib/g1_controller/stand_controller.py
[0.376s] -- Up-to-date: /home/irman/Humanoid-VLA-Simulations/install/g1_controller/lib/g1_controller/zero_pose_controller.py
[0.376s] -- Up-to-date: /home/irman/Humanoid-VLA-Simulations/install/g1_controller/lib/g1_controller/gui_controller.py
[0.376s] -- Up-to-date: /home/irman/Humanoid-VLA-Simulations/install/g1_controller/lib/g1_controller/ros2_control_gui.py
[0.376s] -- Up-to-date: /home/irman/Humanoid-VLA-Simulations/install/g1_controller/lib/g1_controller/wasd_controller.py
[0.376s] -- Up-to-date: /home/irman/Humanoid-VLA-Simulations/install/g1_controller/lib/g1_controller/wasd_controller_v2.py
[0.376s] -- Up-to-date: /home/irman/Humanoid-VLA-Simulations/install/g1_controller/share/g1_controller/config
[0.376s] -- Installing: /home/irman/Humanoid-VLA-Simulations/install/g1_controller/share/g1_controller/config/g1_controllers.yaml
[0.377s] -- Up-to-date: /home/irman/Humanoid-VLA-Simulations/install/g1_controller/share/g1_controller/launch
[0.377s] -- Up-to-date: /home/irman/Humanoid-VLA-Simulations/install/g1_controller/share/g1_controller/launch/robot_wasd_control.launch.py
[0.377s] -- Up-to-date: /home/irman/Humanoid-VLA-Simulations/install/g1_controller/share/g1_controller/launch/robot_with_controller.launch.py
[0.377s] -- Up-to-date: /home/irman/Humanoid-VLA-Simulations/install/g1_controller/share/g1_controller/launch/robot_ros2_control_gui.launch.py
[0.377s] -- Up-to-date: /home/irman/Humanoid-VLA-Simulations/install/g1_controller/share/g1_controller/launch/robot_with_gui.launch.py
[0.377s] -- Up-to-date: /home/irman/Humanoid-VLA-Simulations/install/g1_controller/share/ament_index/resource_index/package_run_dependencies/g1_controller
[0.377s] -- Up-to-date: /home/irman/Humanoid-VLA-Simulations/install/g1_controller/share/ament_index/resource_index/parent_prefix_path/g1_controller
[0.377s] -- Up-to-date: /home/irman/Humanoid-VLA-Simulations/install/g1_controller/share/g1_controller/environment/ament_prefix_path.sh
[0.377s] -- Up-to-date: /home/irman/Humanoid-VLA-Simulations/install/g1_controller/share/g1_controller/environment/ament_prefix_path.dsv
[0.377s] -- Up-to-date: /home/irman/Humanoid-VLA-Simulations/install/g1_controller/share/g1_controller/environment/path.sh
[0.377s] -- Up-to-date: /home/irman/Humanoid-VLA-Simulations/install/g1_controller/share/g1_controller/environment/path.dsv
[0.378s] -- Up-to-date: /home/irman/Humanoid-VLA-Simulations/install/g1_controller/share/g1_controller/local_setup.bash
[0.378s] -- Up-to-date: /home/irman/Humanoid-VLA-Simulations/install/g1_controller/share/g1_controller/local_setup.sh
[0.378s] -- Up-to-date: /home/irman/Humanoid-VLA-Simulations/install/g1_controller/share/g1_controller/local_setup.zsh
[0.378s] -- Up-to-date: /home/irman/Humanoid-VLA-Simulations/install/g1_controller/share/g1_controller/local_setup.dsv
[0.378s] -- Installing: /home/irman/Humanoid-VLA-Simulations/install/g1_controller/share/g1_controller/package.dsv
[0.378s] -- Up-to-date: /home/irman/Humanoid-VLA-Simulations/install/g1_controller/share/ament_index/resource_index/packages/g1_controller
[0.378s] -- Up-to-date: /home/irman/Humanoid-VLA-Simulations/install/g1_controller/share/g1_controller/cmake/g1_controllerConfig.cmake
[0.378s] -- Up-to-date: /home/irman/Humanoid-VLA-Simulations/install/g1_controller/share/g1_controller/cmake/g1_controllerConfig-version.cmake
[0.378s] -- Up-to-date: /home/irman/Humanoid-VLA-Simulations/install/g1_controller/share/g1_controller/package.xml
[0.380s] Invoked command in '/home/irman/Humanoid-VLA-Simulations/build/g1_controller' returned '0': AMENT_PREFIX_PATH=/home/irman/Humanoid-VLA-Simulations/install/joint_trajectory_controller:/home/irman/Humanoid-VLA-Simulations/install/joint_state_broadcaster:/home/irman/Humanoid-VLA-Simulations/install/controller_manager:/home/irman/Humanoid-VLA-Simulations/install/hardware_interface_testing:/home/irman/Humanoid-VLA-Simulations/install/controller_interface:/home/irman/Humanoid-VLA-Simulations/install/hardware_interface:/home/irman/Humanoid-VLA-Simulations/install/ros2_control_test_assets:/home/irman/Humanoid-VLA-Simulations/install/controller_manager_msgs:${AMENT_PREFIX_PATH} CMAKE_PREFIX_PATH=/home/irman/Humanoid-VLA-Simulations/install/joint_trajectory_controller:/home/irman/Humanoid-VLA-Simulations/install/joint_state_broadcaster:/home/irman/Humanoid-VLA-Simulations/install/controller_manager:/home/irman/Humanoid-VLA-Simulations/install/hardware_interface_testing:/home/irman/Humanoid-VLA-Simulations/install/controller_interface:/home/irman/Humanoid-VLA-Simulations/install/hardware_interface:/home/irman/Humanoid-VLA-Simulations/install/ros2_control_test_assets:/home/irman/Humanoid-VLA-Simulations/install/controller_manager_msgs:${CMAKE_PREFIX_PATH} CONDA_PROMPT_MODIFIER=(ros2_env) DEBUGINFOD_URLS=https://debuginfod.ubuntu.com LD_LIBRARY_PATH=/home/irman/Humanoid-VLA-Simulations/install/joint_trajectory_controller/lib:/home/irman/Humanoid-VLA-Simulations/install/joint_state_broadcaster/lib:/home/irman/Humanoid-VLA-Simulations/install/controller_manager/lib:/home/irman/Humanoid-VLA-Simulations/install/hardware_interface_testing/lib:/home/irman/Humanoid-VLA-Simulations/install/controller_interface/lib:/home/irman/Humanoid-VLA-Simulations/install/hardware_interface/lib:/home/irman/Humanoid-VLA-Simulations/install/controller_manager_msgs/lib:/home/irman/micromamba/envs/ros2_env/opt/rviz_ogre_vendor/lib:/home/irman/micromamba/envs/ros2_env/lib/gazebo-11/plugins PYTHONPATH=/home/irman/Humanoid-VLA-Simulations/install/controller_manager/lib/python3.11/site-packages:/home/irman/Humanoid-VLA-Simulations/install/controller_manager_msgs/lib/python3.11/site-packages:${PYTHONPATH} /home/irman/micromamba/envs/ros2_env/bin/cmake --install /home/irman/Humanoid-VLA-Simulations/build/g1_controller
