-- The CXX compiler identification is GNU 14.3.0
-- Detecting CXX compiler ABI info
-- Detecting CXX compiler ABI info - done
-- Check for working CXX compiler: /home/irman/micromamba/envs/ros2_env/bin/x86_64-conda-linux-gnu-c++ - skipped
-- Detecting CXX compile features
-- Detecting CXX compile features - done
-- Found ament_cmake: 1.3.12 (/home/irman/micromamba/envs/ros2_env/share/ament_cmake/cmake)
-- Found Python3: /home/irman/micromamba/envs/ros2_env/bin/python3 (found version "3.11.14") found components: Interpreter
-- Found hardware_interface: 2.52.2 (/home/irman/Humanoid-VLA-Simulations/install/hardware_interface/share/hardware_interface/cmake)
-- Found rosidl_generator_c: 3.1.6 (/home/irman/micromamba/envs/ros2_env/share/rosidl_generator_c/cmake)
-- Found rosidl_adapter: 3.1.6 (/home/irman/micromamba/envs/ros2_env/share/rosidl_adapter/cmake)
-- Found rosidl_generator_cpp: 3.1.6 (/home/irman/micromamba/envs/ros2_env/share/rosidl_generator_cpp/cmake)
-- Using all available rosidl_typesupport_c: rosidl_typesupport_fastrtps_c;rosidl_typesupport_introspection_c
-- Using all available rosidl_typesupport_cpp: rosidl_typesupport_fastrtps_cpp;rosidl_typesupport_introspection_cpp
-- Found TinyXML2 via Config file: /home/irman/micromamba/envs/ros2_env/lib/cmake/tinyxml2
-- Checking for module 'yaml-0.1'
--   Found yaml-0.1, version 0.2.5
-- Found rmw_implementation_cmake: 6.1.2 (/home/irman/micromamba/envs/ros2_env/share/rmw_implementation_cmake/cmake)
-- Found rmw_fastrtps_cpp: 6.2.7 (/home/irman/micromamba/envs/ros2_env/share/rmw_fastrtps_cpp/cmake)
-- Found TinyXML2 via Config file: /home/irman/micromamba/envs/ros2_env/lib/cmake/tinyxml2
-- Found OpenSSL: /home/irman/micromamba/envs/ros2_env/lib/libcrypto.so (found version "3.5.4")
-- Found TinyXML2 via Config file: /home/irman/micromamba/envs/ros2_env/lib/cmake/tinyxml2
-- Found FastRTPS: /home/irman/micromamba/envs/ros2_env/include
-- Found TinyXML2 via Config file: /home/irman/micromamba/envs/ros2_env/lib/cmake/tinyxml2
-- Found TinyXML2 via Config file: /home/irman/micromamba/envs/ros2_env/lib/cmake/tinyxml2
-- Using RMW implementation 'rmw_fastrtps_cpp' as default
-- Performing Test CMAKE_HAVE_LIBC_PTHREAD
-- Performing Test CMAKE_HAVE_LIBC_PTHREAD - Success
-- Found Threads: TRUE
-- Found ament_cmake_gmock: 1.3.12 (/home/irman/micromamba/envs/ros2_env/share/ament_cmake_gmock/cmake)
-- Found gmock sources under '/home/irman/micromamba/envs/ros2_env/src/gmock_vendor': C++ tests using 'Google Mock' will be built
-- The C compiler identification is GNU 14.3.0
-- Detecting C compiler ABI info
-- Detecting C compiler ABI info - done
-- Check for working C compiler: /home/irman/micromamba/envs/ros2_env/bin/x86_64-conda-linux-gnu-cc - skipped
-- Detecting C compile features
-- Detecting C compile features - done
CMake Deprecation Warning at /home/irman/micromamba/envs/ros2_env/src/gmock_vendor/CMakeLists.txt:2 (cmake_minimum_required):
  Compatibility with CMake < 3.10 will be removed from a future version of
  CMake.

  Update the VERSION argument <min> value.  Or, use the <min>...<max> syntax
  to tell CMake that the project requires at least <min> but has been updated
  to work with policies introduced by <max> or earlier.


-- Found ament_cmake_gtest: 1.3.12 (/home/irman/micromamba/envs/ros2_env/share/ament_cmake_gtest/cmake)
-- Found gtest sources under '/home/irman/micromamba/envs/ros2_env/src/gtest_vendor': C++ tests using 'Google Test' will be built
CMake Deprecation Warning at /home/irman/micromamba/envs/ros2_env/src/gtest_vendor/CMakeLists.txt:2 (cmake_minimum_required):
  Compatibility with CMake < 3.10 will be removed from a future version of
  CMake.

  Update the VERSION argument <min> value.  Or, use the <min>...<max> syntax
  to tell CMake that the project requires at least <min> but has been updated
  to work with policies introduced by <max> or earlier.


-- Configuring done (2.6s)
-- Generating done (0.1s)
-- Build files have been written to: /home/irman/Humanoid-VLA-Simulations/build/transmission_interface
[  4%] Generating transmission_interface/version.h
[  4%] Built target ament_generate_version_header__transmission_interface
[ 16%] Building CXX object gmock/CMakeFiles/gmock.dir/home/irman/micromamba/envs/ros2_env/src/gtest_vendor/src/gtest-all.cc.o
[ 16%] Building CXX object gmock/CMakeFiles/gmock_main.dir/src/gmock_main.cc.o
[ 16%] Building CXX object gmock/CMakeFiles/gmock.dir/src/gmock-all.cc.o
[ 25%] Building CXX object CMakeFiles/transmission_interface.dir/src/simple_transmission_loader.cpp.o
[ 25%] Building CXX object CMakeFiles/transmission_interface.dir/src/differential_transmission_loader.cpp.o
[ 29%] Building CXX object CMakeFiles/transmission_interface.dir/src/four_bar_linkage_transmission_loader.cpp.o
[ 33%] Linking CXX static library libgmock_main.a
[ 33%] Built target gmock_main
[ 37%] Linking CXX shared library libtransmission_interface.so
[ 37%] Built target transmission_interface
[ 41%] Linking CXX static library libgmock.a
[ 41%] Built target gmock
[ 62%] Building CXX object CMakeFiles/test_differential_transmission.dir/test/differential_transmission_test.cpp.o
[ 62%] Building CXX object CMakeFiles/test_four_bar_linkage_transmission_loader.dir/test/four_bar_linkage_transmission_loader_test.cpp.o
[ 62%] Building CXX object CMakeFiles/test_simple_transmission_loader.dir/test/simple_transmission_loader_test.cpp.o
[ 62%] Building CXX object CMakeFiles/test_four_bar_linkage_transmission.dir/test/four_bar_linkage_transmission_test.cpp.o
[ 62%] Building CXX object CMakeFiles/test_simple_transmission.dir/test/simple_transmission_test.cpp.o
[ 66%] Building CXX object CMakeFiles/test_differential_transmission_loader.dir/test/differential_transmission_loader_test.cpp.o
[ 70%] Building CXX object CMakeFiles/test_utils.dir/test/utils_test.cpp.o
[ 75%] Linking CXX executable test_utils
[ 75%] Built target test_utils
[ 79%] Linking CXX executable test_simple_transmission
[ 79%] Built target test_simple_transmission
[ 83%] Linking CXX executable test_differential_transmission
[ 83%] Built target test_differential_transmission
[ 87%] Linking CXX executable test_four_bar_linkage_transmission
[ 87%] Built target test_four_bar_linkage_transmission
[ 91%] Linking CXX executable test_simple_transmission_loader
[ 95%] Linking CXX executable test_differential_transmission_loader
[ 95%] Built target test_simple_transmission_loader
[ 95%] Built target test_differential_transmission_loader
[100%] Linking CXX executable test_four_bar_linkage_transmission_loader
[100%] Built target test_four_bar_linkage_transmission_loader
-- Install configuration: ""
-- Installing: /home/irman/Humanoid-VLA-Simulations/install/transmission_interface/share/transmission_interface/ros2_control_plugins.xml
-- Installing: /home/irman/Humanoid-VLA-Simulations/install/transmission_interface/include/transmission_interface
-- Installing: /home/irman/Humanoid-VLA-Simulations/install/transmission_interface/include/transmission_interface/transmission_interface
-- Installing: /home/irman/Humanoid-VLA-Simulations/install/transmission_interface/include/transmission_interface/transmission_interface/simple_transmission_loader.hpp
-- Installing: /home/irman/Humanoid-VLA-Simulations/install/transmission_interface/include/transmission_interface/transmission_interface/transmission.hpp
-- Installing: /home/irman/Humanoid-VLA-Simulations/install/transmission_interface/include/transmission_interface/transmission_interface/four_bar_linkage_transmission_loader.hpp
-- Installing: /home/irman/Humanoid-VLA-Simulations/install/transmission_interface/include/transmission_interface/transmission_interface/visibility_control.h
-- Installing: /home/irman/Humanoid-VLA-Simulations/install/transmission_interface/include/transmission_interface/transmission_interface/simple_transmission.hpp
-- Installing: /home/irman/Humanoid-VLA-Simulations/install/transmission_interface/include/transmission_interface/transmission_interface/differential_transmission_loader.hpp
-- Installing: /home/irman/Humanoid-VLA-Simulations/install/transmission_interface/include/transmission_interface/transmission_interface/four_bar_linkage_transmission.hpp
-- Installing: /home/irman/Humanoid-VLA-Simulations/install/transmission_interface/include/transmission_interface/transmission_interface/exception.hpp
-- Installing: /home/irman/Humanoid-VLA-Simulations/install/transmission_interface/include/transmission_interface/transmission_interface/transmission_interface_exception.hpp
-- Installing: /home/irman/Humanoid-VLA-Simulations/install/transmission_interface/include/transmission_interface/transmission_interface/differential_transmission.hpp
-- Installing: /home/irman/Humanoid-VLA-Simulations/install/transmission_interface/include/transmission_interface/transmission_interface/accessor.hpp
-- Installing: /home/irman/Humanoid-VLA-Simulations/install/transmission_interface/include/transmission_interface/transmission_interface/transmission_loader.hpp
-- Installing: /home/irman/Humanoid-VLA-Simulations/install/transmission_interface/include/transmission_interface/transmission_interface/handle.hpp
-- Installing: /home/irman/Humanoid-VLA-Simulations/install/transmission_interface/lib/libtransmission_interface.so
-- Set non-toolchain portion of runtime path of "/home/irman/Humanoid-VLA-Simulations/install/transmission_interface/lib/libtransmission_interface.so" to ""
-- Installing: /home/irman/Humanoid-VLA-Simulations/install/transmission_interface/share/ament_index/resource_index/package_run_dependencies/transmission_interface
-- Installing: /home/irman/Humanoid-VLA-Simulations/install/transmission_interface/share/ament_index/resource_index/parent_prefix_path/transmission_interface
-- Installing: /home/irman/Humanoid-VLA-Simulations/install/transmission_interface/share/transmission_interface/environment/ament_prefix_path.sh
-- Installing: /home/irman/Humanoid-VLA-Simulations/install/transmission_interface/share/transmission_interface/environment/ament_prefix_path.dsv
-- Installing: /home/irman/Humanoid-VLA-Simulations/install/transmission_interface/share/transmission_interface/environment/path.sh
-- Installing: /home/irman/Humanoid-VLA-Simulations/install/transmission_interface/share/transmission_interface/environment/path.dsv
-- Installing: /home/irman/Humanoid-VLA-Simulations/install/transmission_interface/share/transmission_interface/local_setup.bash
-- Installing: /home/irman/Humanoid-VLA-Simulations/install/transmission_interface/share/transmission_interface/local_setup.sh
-- Installing: /home/irman/Humanoid-VLA-Simulations/install/transmission_interface/share/transmission_interface/local_setup.zsh
-- Installing: /home/irman/Humanoid-VLA-Simulations/install/transmission_interface/share/transmission_interface/local_setup.dsv
-- Installing: /home/irman/Humanoid-VLA-Simulations/install/transmission_interface/share/transmission_interface/package.dsv
-- Installing: /home/irman/Humanoid-VLA-Simulations/install/transmission_interface/share/ament_index/resource_index/packages/transmission_interface
-- Installing: /home/irman/Humanoid-VLA-Simulations/install/transmission_interface/share/ament_index/resource_index/transmission_interface__pluginlib__plugin/transmission_interface
-- Installing: /home/irman/Humanoid-VLA-Simulations/install/transmission_interface/share/transmission_interface/cmake/export_transmission_interfaceExport.cmake
-- Installing: /home/irman/Humanoid-VLA-Simulations/install/transmission_interface/share/transmission_interface/cmake/export_transmission_interfaceExport-noconfig.cmake
-- Installing: /home/irman/Humanoid-VLA-Simulations/install/transmission_interface/share/transmission_interface/cmake/ament_cmake_export_targets-extras.cmake
-- Installing: /home/irman/Humanoid-VLA-Simulations/install/transmission_interface/share/transmission_interface/cmake/ament_cmake_export_dependencies-extras.cmake
-- Installing: /home/irman/Humanoid-VLA-Simulations/install/transmission_interface/share/transmission_interface/cmake/transmission_interfaceConfig.cmake
-- Installing: /home/irman/Humanoid-VLA-Simulations/install/transmission_interface/share/transmission_interface/cmake/transmission_interfaceConfig-version.cmake
-- Installing: /home/irman/Humanoid-VLA-Simulations/install/transmission_interface/share/transmission_interface/package.xml
-- Installing: /home/irman/Humanoid-VLA-Simulations/install/transmission_interface/include/transmission_interface/transmission_interface/version.h
