[0.009s] Invoking command in '/home/irman/Humanoid-VLA-Simulations/build/transmission_interface': AMENT_PREFIX_PATH=/home/irman/Humanoid-VLA-Simulations/install/hardware_interface:/home/irman/Humanoid-VLA-Simulations/install/ros2_control_test_assets:${AMENT_PREFIX_PATH} CMAKE_PREFIX_PATH=/home/irman/Humanoid-VLA-Simulations/install/hardware_interface:/home/irman/Humanoid-VLA-Simulations/install/ros2_control_test_assets:${CMAKE_PREFIX_PATH} CONDA_PROMPT_MODIFIER=(ros2_env) DEBUGINFOD_URLS=https://debuginfod.ubuntu.com LD_LIBRARY_PATH=/home/irman/Humanoid-VLA-Simulations/install/hardware_interface/lib:/home/irman/micromamba/envs/ros2_env/opt/rviz_ogre_vendor/lib:/home/irman/micromamba/envs/ros2_env/lib/gazebo-11/plugins:/home/irman/micromamba/envs/ros2_env/lib/gazebo-11/plugins:/home/irman/micromamba/envs/ros2_env/lib/gazebo-11/plugins:/home/irman/micromamba/envs/ros2_env/lib/gazebo-11/plugins:/home/irman/micromamba/envs/ros2_env/lib/gazebo-11/plugins:/home/irman/micromamba/envs/ros2_env/lib/gazebo-11/plugins /home/irman/micromamba/envs/ros2_env/bin/cmake /home/irman/Humanoid-VLA-Simulations/src/ros2_control/transmission_interface -DCMAKE_INSTALL_PREFIX=/home/irman/Humanoid-VLA-Simulations/install/transmission_interface
[0.148s] -- The CXX compiler identification is GNU 14.3.0
[0.159s] -- Detecting CXX compiler ABI info
[0.246s] -- Detecting CXX compiler ABI info - done
[0.267s] -- Check for working CXX compiler: /home/irman/micromamba/envs/ros2_env/bin/x86_64-conda-linux-gnu-c++ - skipped
[0.267s] -- Detecting CXX compile features
[0.268s] -- Detecting CXX compile features - done
[0.284s] -- Found ament_cmake: 1.3.12 (/home/irman/micromamba/envs/ros2_env/share/ament_cmake/cmake)
[0.399s] -- Found Python3: /home/irman/micromamba/envs/ros2_env/bin/python3 (found version "3.11.14") found components: Interpreter
[0.548s] -- Found hardware_interface: 2.52.2 (/home/irman/Humanoid-VLA-Simulations/install/hardware_interface/share/hardware_interface/cmake)
[0.627s] -- Found rosidl_generator_c: 3.1.6 (/home/irman/micromamba/envs/ros2_env/share/rosidl_generator_c/cmake)
[0.640s] -- Found rosidl_adapter: 3.1.6 (/home/irman/micromamba/envs/ros2_env/share/rosidl_adapter/cmake)
[0.658s] -- Found rosidl_generator_cpp: 3.1.6 (/home/irman/micromamba/envs/ros2_env/share/rosidl_generator_cpp/cmake)
[0.680s] -- Using all available rosidl_typesupport_c: rosidl_typesupport_fastrtps_c;rosidl_typesupport_introspection_c
[0.713s] -- Using all available rosidl_typesupport_cpp: rosidl_typesupport_fastrtps_cpp;rosidl_typesupport_introspection_cpp
[1.062s] -- Found TinyXML2 via Config file: /home/irman/micromamba/envs/ros2_env/lib/cmake/tinyxml2
[1.187s] -- Checking for module 'yaml-0.1'
[1.300s] --   Found yaml-0.1, version 0.2.5
[1.615s] -- Found rmw_implementation_cmake: 6.1.2 (/home/irman/micromamba/envs/ros2_env/share/rmw_implementation_cmake/cmake)
[1.622s] -- Found rmw_fastrtps_cpp: 6.2.7 (/home/irman/micromamba/envs/ros2_env/share/rmw_fastrtps_cpp/cmake)
[1.679s] -- Found TinyXML2 via Config file: /home/irman/micromamba/envs/ros2_env/lib/cmake/tinyxml2
[2.063s] -- Found OpenSSL: /home/irman/micromamba/envs/ros2_env/lib/libcrypto.so (found version "3.5.4")
[2.068s] -- Found TinyXML2 via Config file: /home/irman/micromamba/envs/ros2_env/lib/cmake/tinyxml2
[2.105s] -- Found FastRTPS: /home/irman/micromamba/envs/ros2_env/include
[2.110s] -- Found TinyXML2 via Config file: /home/irman/micromamba/envs/ros2_env/lib/cmake/tinyxml2
[2.133s] -- Found TinyXML2 via Config file: /home/irman/micromamba/envs/ros2_env/lib/cmake/tinyxml2
[2.163s] -- Using RMW implementation 'rmw_fastrtps_cpp' as default
[2.181s] -- Performing Test CMAKE_HAVE_LIBC_PTHREAD
[2.275s] -- Performing Test CMAKE_HAVE_LIBC_PTHREAD - Success
[2.276s] -- Found Threads: TRUE
[2.370s] -- Found ament_cmake_gmock: 1.3.12 (/home/irman/micromamba/envs/ros2_env/share/ament_cmake_gmock/cmake)
[2.377s] -- Found gmock sources under '/home/irman/micromamba/envs/ros2_env/src/gmock_vendor': C++ tests using 'Google Mock' will be built
[2.423s] -- The C compiler identification is GNU 14.3.0
[2.433s] -- Detecting C compiler ABI info
[2.512s] -- Detecting C compiler ABI info - done
[2.532s] -- Check for working C compiler: /home/irman/micromamba/envs/ros2_env/bin/x86_64-conda-linux-gnu-cc - skipped
[2.533s] -- Detecting C compile features
[2.533s] -- Detecting C compile features - done
[2.542s] CMake Deprecation Warning at /home/irman/micromamba/envs/ros2_env/src/gmock_vendor/CMakeLists.txt:2 (cmake_minimum_required):
[2.542s]   Compatibility with CMake < 3.10 will be removed from a future version of
[2.542s]   CMake.
[2.542s] 
[2.542s]   Update the VERSION argument <min> value.  Or, use the <min>...<max> syntax
[2.542s]   to tell CMake that the project requires at least <min> but has been updated
[2.542s]   to work with policies introduced by <max> or earlier.
[2.542s] 
[2.542s] 
[2.553s] -- Found ament_cmake_gtest: 1.3.12 (/home/irman/micromamba/envs/ros2_env/share/ament_cmake_gtest/cmake)
[2.555s] -- Found gtest sources under '/home/irman/micromamba/envs/ros2_env/src/gtest_vendor': C++ tests using 'Google Test' will be built
[2.559s] CMake Deprecation Warning at /home/irman/micromamba/envs/ros2_env/src/gtest_vendor/CMakeLists.txt:2 (cmake_minimum_required):
[2.559s]   Compatibility with CMake < 3.10 will be removed from a future version of
[2.559s]   CMake.
[2.559s] 
[2.560s]   Update the VERSION argument <min> value.  Or, use the <min>...<max> syntax
[2.560s]   to tell CMake that the project requires at least <min> but has been updated
[2.560s]   to work with policies introduced by <max> or earlier.
[2.560s] 
[2.560s] 
[2.646s] -- Configuring done (2.6s)
[2.727s] -- Generating done (0.1s)
[2.743s] -- Build files have been written to: /home/irman/Humanoid-VLA-Simulations/build/transmission_interface
[2.772s] Invoked command in '/home/irman/Humanoid-VLA-Simulations/build/transmission_interface' returned '0': AMENT_PREFIX_PATH=/home/irman/Humanoid-VLA-Simulations/install/hardware_interface:/home/irman/Humanoid-VLA-Simulations/install/ros2_control_test_assets:${AMENT_PREFIX_PATH} CMAKE_PREFIX_PATH=/home/irman/Humanoid-VLA-Simulations/install/hardware_interface:/home/irman/Humanoid-VLA-Simulations/install/ros2_control_test_assets:${CMAKE_PREFIX_PATH} CONDA_PROMPT_MODIFIER=(ros2_env) DEBUGINFOD_URLS=https://debuginfod.ubuntu.com LD_LIBRARY_PATH=/home/irman/Humanoid-VLA-Simulations/install/hardware_interface/lib:/home/irman/micromamba/envs/ros2_env/opt/rviz_ogre_vendor/lib:/home/irman/micromamba/envs/ros2_env/lib/gazebo-11/plugins:/home/irman/micromamba/envs/ros2_env/lib/gazebo-11/plugins:/home/irman/micromamba/envs/ros2_env/lib/gazebo-11/plugins:/home/irman/micromamba/envs/ros2_env/lib/gazebo-11/plugins:/home/irman/micromamba/envs/ros2_env/lib/gazebo-11/plugins:/home/irman/micromamba/envs/ros2_env/lib/gazebo-11/plugins /home/irman/micromamba/envs/ros2_env/bin/cmake /home/irman/Humanoid-VLA-Simulations/src/ros2_control/transmission_interface -DCMAKE_INSTALL_PREFIX=/home/irman/Humanoid-VLA-Simulations/install/transmission_interface
[2.773s] Invoking command in '/home/irman/Humanoid-VLA-Simulations/build/transmission_interface': AMENT_PREFIX_PATH=/home/irman/Humanoid-VLA-Simulations/install/hardware_interface:/home/irman/Humanoid-VLA-Simulations/install/ros2_control_test_assets:${AMENT_PREFIX_PATH} CMAKE_PREFIX_PATH=/home/irman/Humanoid-VLA-Simulations/install/hardware_interface:/home/irman/Humanoid-VLA-Simulations/install/ros2_control_test_assets:${CMAKE_PREFIX_PATH} CONDA_PROMPT_MODIFIER=(ros2_env) DEBUGINFOD_URLS=https://debuginfod.ubuntu.com LD_LIBRARY_PATH=/home/irman/Humanoid-VLA-Simulations/install/hardware_interface/lib:/home/irman/micromamba/envs/ros2_env/opt/rviz_ogre_vendor/lib:/home/irman/micromamba/envs/ros2_env/lib/gazebo-11/plugins:/home/irman/micromamba/envs/ros2_env/lib/gazebo-11/plugins:/home/irman/micromamba/envs/ros2_env/lib/gazebo-11/plugins:/home/irman/micromamba/envs/ros2_env/lib/gazebo-11/plugins:/home/irman/micromamba/envs/ros2_env/lib/gazebo-11/plugins:/home/irman/micromamba/envs/ros2_env/lib/gazebo-11/plugins /home/irman/micromamba/envs/ros2_env/bin/cmake --build /home/irman/Humanoid-VLA-Simulations/build/transmission_interface -- -j16 -l16
[2.827s] [  4%] Generating transmission_interface/version.h
[2.850s] [  4%] Built target ament_generate_version_header__transmission_interface
[2.876s] [ 16%] Building CXX object gmock/CMakeFiles/gmock.dir/home/irman/micromamba/envs/ros2_env/src/gtest_vendor/src/gtest-all.cc.o
[2.876s] [ 16%] Building CXX object gmock/CMakeFiles/gmock_main.dir/src/gmock_main.cc.o
[2.877s] [ 16%] Building CXX object gmock/CMakeFiles/gmock.dir/src/gmock-all.cc.o
[2.877s] [ 25%] Building CXX object CMakeFiles/transmission_interface.dir/src/simple_transmission_loader.cpp.o
[2.877s] [ 25%] Building CXX object CMakeFiles/transmission_interface.dir/src/differential_transmission_loader.cpp.o
[2.877s] [ 29%] Building CXX object CMakeFiles/transmission_interface.dir/src/four_bar_linkage_transmission_loader.cpp.o
[5.032s] [ 33%] Linking CXX static library libgmock_main.a
[5.095s] [ 33%] Built target gmock_main
[9.652s] [ 37%] Linking CXX shared library libtransmission_interface.so
[9.817s] [ 37%] Built target transmission_interface
[13.002s] [ 41%] Linking CXX static library libgmock.a
[13.043s] [ 41%] Built target gmock
[13.064s] [ 62%] Building CXX object CMakeFiles/test_differential_transmission.dir/test/differential_transmission_test.cpp.o
[13.064s] [ 62%] Building CXX object CMakeFiles/test_four_bar_linkage_transmission_loader.dir/test/four_bar_linkage_transmission_loader_test.cpp.o
[13.064s] [ 62%] Building CXX object CMakeFiles/test_simple_transmission_loader.dir/test/simple_transmission_loader_test.cpp.o
[13.064s] [ 62%] Building CXX object CMakeFiles/test_four_bar_linkage_transmission.dir/test/four_bar_linkage_transmission_test.cpp.o
[13.064s] [ 62%] Building CXX object CMakeFiles/test_simple_transmission.dir/test/simple_transmission_test.cpp.o
[13.065s] [ 66%] Building CXX object CMakeFiles/test_differential_transmission_loader.dir/test/differential_transmission_loader_test.cpp.o
[13.065s] [ 70%] Building CXX object CMakeFiles/test_utils.dir/test/utils_test.cpp.o
[15.398s] [ 75%] Linking CXX executable test_utils
[15.660s] [ 75%] Built target test_utils
[18.767s] [ 79%] Linking CXX executable test_simple_transmission
[19.137s] [ 79%] Built target test_simple_transmission
[19.832s] [ 83%] Linking CXX executable test_differential_transmission
[20.126s] [ 83%] Built target test_differential_transmission
[20.659s] [ 87%] Linking CXX executable test_four_bar_linkage_transmission
[20.900s] [ 87%] Built target test_four_bar_linkage_transmission
[25.672s] [ 91%] Linking CXX executable test_simple_transmission_loader
[25.689s] [ 95%] Linking CXX executable test_differential_transmission_loader
[25.915s] [ 95%] Built target test_simple_transmission_loader
[25.931s] [ 95%] Built target test_differential_transmission_loader
[26.329s] [100%] Linking CXX executable test_four_bar_linkage_transmission_loader
[26.539s] [100%] Built target test_four_bar_linkage_transmission_loader
[26.553s] Invoked command in '/home/irman/Humanoid-VLA-Simulations/build/transmission_interface' returned '0': AMENT_PREFIX_PATH=/home/irman/Humanoid-VLA-Simulations/install/hardware_interface:/home/irman/Humanoid-VLA-Simulations/install/ros2_control_test_assets:${AMENT_PREFIX_PATH} CMAKE_PREFIX_PATH=/home/irman/Humanoid-VLA-Simulations/install/hardware_interface:/home/irman/Humanoid-VLA-Simulations/install/ros2_control_test_assets:${CMAKE_PREFIX_PATH} CONDA_PROMPT_MODIFIER=(ros2_env) DEBUGINFOD_URLS=https://debuginfod.ubuntu.com LD_LIBRARY_PATH=/home/irman/Humanoid-VLA-Simulations/install/hardware_interface/lib:/home/irman/micromamba/envs/ros2_env/opt/rviz_ogre_vendor/lib:/home/irman/micromamba/envs/ros2_env/lib/gazebo-11/plugins:/home/irman/micromamba/envs/ros2_env/lib/gazebo-11/plugins:/home/irman/micromamba/envs/ros2_env/lib/gazebo-11/plugins:/home/irman/micromamba/envs/ros2_env/lib/gazebo-11/plugins:/home/irman/micromamba/envs/ros2_env/lib/gazebo-11/plugins:/home/irman/micromamba/envs/ros2_env/lib/gazebo-11/plugins /home/irman/micromamba/envs/ros2_env/bin/cmake --build /home/irman/Humanoid-VLA-Simulations/build/transmission_interface -- -j16 -l16
[26.554s] Invoking command in '/home/irman/Humanoid-VLA-Simulations/build/transmission_interface': AMENT_PREFIX_PATH=/home/irman/Humanoid-VLA-Simulations/install/hardware_interface:/home/irman/Humanoid-VLA-Simulations/install/ros2_control_test_assets:${AMENT_PREFIX_PATH} CMAKE_PREFIX_PATH=/home/irman/Humanoid-VLA-Simulations/install/hardware_interface:/home/irman/Humanoid-VLA-Simulations/install/ros2_control_test_assets:${CMAKE_PREFIX_PATH} CONDA_PROMPT_MODIFIER=(ros2_env) DEBUGINFOD_URLS=https://debuginfod.ubuntu.com LD_LIBRARY_PATH=/home/irman/Humanoid-VLA-Simulations/install/hardware_interface/lib:/home/irman/micromamba/envs/ros2_env/opt/rviz_ogre_vendor/lib:/home/irman/micromamba/envs/ros2_env/lib/gazebo-11/plugins:/home/irman/micromamba/envs/ros2_env/lib/gazebo-11/plugins:/home/irman/micromamba/envs/ros2_env/lib/gazebo-11/plugins:/home/irman/micromamba/envs/ros2_env/lib/gazebo-11/plugins:/home/irman/micromamba/envs/ros2_env/lib/gazebo-11/plugins:/home/irman/micromamba/envs/ros2_env/lib/gazebo-11/plugins /home/irman/micromamba/envs/ros2_env/bin/cmake --install /home/irman/Humanoid-VLA-Simulations/build/transmission_interface
[26.563s] -- Install configuration: ""
[26.563s] -- Installing: /home/irman/Humanoid-VLA-Simulations/install/transmission_interface/share/transmission_interface/ros2_control_plugins.xml
[26.563s] -- Installing: /home/irman/Humanoid-VLA-Simulations/install/transmission_interface/include/transmission_interface
[26.563s] -- Installing: /home/irman/Humanoid-VLA-Simulations/install/transmission_interface/include/transmission_interface/transmission_interface
[26.563s] -- Installing: /home/irman/Humanoid-VLA-Simulations/install/transmission_interface/include/transmission_interface/transmission_interface/simple_transmission_loader.hpp
[26.563s] -- Installing: /home/irman/Humanoid-VLA-Simulations/install/transmission_interface/include/transmission_interface/transmission_interface/transmission.hpp
[26.563s] -- Installing: /home/irman/Humanoid-VLA-Simulations/install/transmission_interface/include/transmission_interface/transmission_interface/four_bar_linkage_transmission_loader.hpp
[26.564s] -- Installing: /home/irman/Humanoid-VLA-Simulations/install/transmission_interface/include/transmission_interface/transmission_interface/visibility_control.h
[26.564s] -- Installing: /home/irman/Humanoid-VLA-Simulations/install/transmission_interface/include/transmission_interface/transmission_interface/simple_transmission.hpp
[26.564s] -- Installing: /home/irman/Humanoid-VLA-Simulations/install/transmission_interface/include/transmission_interface/transmission_interface/differential_transmission_loader.hpp
[26.564s] -- Installing: /home/irman/Humanoid-VLA-Simulations/install/transmission_interface/include/transmission_interface/transmission_interface/four_bar_linkage_transmission.hpp
[26.564s] -- Installing: /home/irman/Humanoid-VLA-Simulations/install/transmission_interface/include/transmission_interface/transmission_interface/exception.hpp
[26.564s] -- Installing: /home/irman/Humanoid-VLA-Simulations/install/transmission_interface/include/transmission_interface/transmission_interface/transmission_interface_exception.hpp
[26.564s] -- Installing: /home/irman/Humanoid-VLA-Simulations/install/transmission_interface/include/transmission_interface/transmission_interface/differential_transmission.hpp
[26.564s] -- Installing: /home/irman/Humanoid-VLA-Simulations/install/transmission_interface/include/transmission_interface/transmission_interface/accessor.hpp
[26.565s] -- Installing: /home/irman/Humanoid-VLA-Simulations/install/transmission_interface/include/transmission_interface/transmission_interface/transmission_loader.hpp
[26.565s] -- Installing: /home/irman/Humanoid-VLA-Simulations/install/transmission_interface/include/transmission_interface/transmission_interface/handle.hpp
[26.565s] -- Installing: /home/irman/Humanoid-VLA-Simulations/install/transmission_interface/lib/libtransmission_interface.so
[26.565s] -- Set non-toolchain portion of runtime path of "/home/irman/Humanoid-VLA-Simulations/install/transmission_interface/lib/libtransmission_interface.so" to ""
[26.566s] -- Installing: /home/irman/Humanoid-VLA-Simulations/install/transmission_interface/share/ament_index/resource_index/package_run_dependencies/transmission_interface
[26.566s] -- Installing: /home/irman/Humanoid-VLA-Simulations/install/transmission_interface/share/ament_index/resource_index/parent_prefix_path/transmission_interface
[26.566s] -- Installing: /home/irman/Humanoid-VLA-Simulations/install/transmission_interface/share/transmission_interface/environment/ament_prefix_path.sh
[26.566s] -- Installing: /home/irman/Humanoid-VLA-Simulations/install/transmission_interface/share/transmission_interface/environment/ament_prefix_path.dsv
[26.566s] -- Installing: /home/irman/Humanoid-VLA-Simulations/install/transmission_interface/share/transmission_interface/environment/path.sh
[26.566s] -- Installing: /home/irman/Humanoid-VLA-Simulations/install/transmission_interface/share/transmission_interface/environment/path.dsv
[26.567s] -- Installing: /home/irman/Humanoid-VLA-Simulations/install/transmission_interface/share/transmission_interface/local_setup.bash
[26.567s] -- Installing: /home/irman/Humanoid-VLA-Simulations/install/transmission_interface/share/transmission_interface/local_setup.sh
[26.567s] -- Installing: /home/irman/Humanoid-VLA-Simulations/install/transmission_interface/share/transmission_interface/local_setup.zsh
[26.567s] -- Installing: /home/irman/Humanoid-VLA-Simulations/install/transmission_interface/share/transmission_interface/local_setup.dsv
[26.567s] -- Installing: /home/irman/Humanoid-VLA-Simulations/install/transmission_interface/share/transmission_interface/package.dsv
[26.567s] -- Installing: /home/irman/Humanoid-VLA-Simulations/install/transmission_interface/share/ament_index/resource_index/packages/transmission_interface
[26.567s] -- Installing: /home/irman/Humanoid-VLA-Simulations/install/transmission_interface/share/ament_index/resource_index/transmission_interface__pluginlib__plugin/transmission_interface
[26.568s] -- Installing: /home/irman/Humanoid-VLA-Simulations/install/transmission_interface/share/transmission_interface/cmake/export_transmission_interfaceExport.cmake
[26.568s] -- Installing: /home/irman/Humanoid-VLA-Simulations/install/transmission_interface/share/transmission_interface/cmake/export_transmission_interfaceExport-noconfig.cmake
[26.568s] -- Installing: /home/irman/Humanoid-VLA-Simulations/install/transmission_interface/share/transmission_interface/cmake/ament_cmake_export_targets-extras.cmake
[26.568s] -- Installing: /home/irman/Humanoid-VLA-Simulations/install/transmission_interface/share/transmission_interface/cmake/ament_cmake_export_dependencies-extras.cmake
[26.568s] -- Installing: /home/irman/Humanoid-VLA-Simulations/install/transmission_interface/share/transmission_interface/cmake/transmission_interfaceConfig.cmake
[26.568s] -- Installing: /home/irman/Humanoid-VLA-Simulations/install/transmission_interface/share/transmission_interface/cmake/transmission_interfaceConfig-version.cmake
[26.569s] -- Installing: /home/irman/Humanoid-VLA-Simulations/install/transmission_interface/share/transmission_interface/package.xml
[26.569s] -- Installing: /home/irman/Humanoid-VLA-Simulations/install/transmission_interface/include/transmission_interface/transmission_interface/version.h
[26.571s] Invoked command in '/home/irman/Humanoid-VLA-Simulations/build/transmission_interface' returned '0': AMENT_PREFIX_PATH=/home/irman/Humanoid-VLA-Simulations/install/hardware_interface:/home/irman/Humanoid-VLA-Simulations/install/ros2_control_test_assets:${AMENT_PREFIX_PATH} CMAKE_PREFIX_PATH=/home/irman/Humanoid-VLA-Simulations/install/hardware_interface:/home/irman/Humanoid-VLA-Simulations/install/ros2_control_test_assets:${CMAKE_PREFIX_PATH} CONDA_PROMPT_MODIFIER=(ros2_env) DEBUGINFOD_URLS=https://debuginfod.ubuntu.com LD_LIBRARY_PATH=/home/irman/Humanoid-VLA-Simulations/install/hardware_interface/lib:/home/irman/micromamba/envs/ros2_env/opt/rviz_ogre_vendor/lib:/home/irman/micromamba/envs/ros2_env/lib/gazebo-11/plugins:/home/irman/micromamba/envs/ros2_env/lib/gazebo-11/plugins:/home/irman/micromamba/envs/ros2_env/lib/gazebo-11/plugins:/home/irman/micromamba/envs/ros2_env/lib/gazebo-11/plugins:/home/irman/micromamba/envs/ros2_env/lib/gazebo-11/plugins:/home/irman/micromamba/envs/ros2_env/lib/gazebo-11/plugins /home/irman/micromamba/envs/ros2_env/bin/cmake --install /home/irman/Humanoid-VLA-Simulations/build/transmission_interface
