CMake Deprecation Warning at /home/irman/micromamba/envs/ros2_env/src/gmock_vendor/CMakeLists.txt:2 (cmake_minimum_required):
  Compatibility with CMake < 3.10 will be removed from a future version of
  CMake.

  Update the VERSION argument <min> value.  Or, use the <min>...<max> syntax
  to tell CMake that the project requires at least <min> but has been updated
  to work with policies introduced by <max> or earlier.


CMake Deprecation Warning at /home/irman/micromamba/envs/ros2_env/src/gtest_vendor/CMakeLists.txt:2 (cmake_minimum_required):
  Compatibility with CMake < 3.10 will be removed from a future version of
  CMake.

  Update the VERSION argument <min> value.  Or, use the <min>...<max> syntax
  to tell CMake that the project requires at least <min> but has been updated
  to work with policies introduced by <max> or earlier.


/home/irman/micromamba/envs/ros2_env/lib/python3.11/site-packages/setuptools/_distutils/cmd.py:90: SetuptoolsDeprecationWarning: setup.py install is deprecated.
!!

        ********************************************************************************
        Please avoid running ``setup.py`` directly.
        Instead, use pypa/build, pypa/installer or other
        standards-based tools.

        This deprecation is overdue, please update your project and remove deprecated
        calls to avoid build errors in the future.

        See https://blog.ganssle.io/articles/2021/10/setup-py-deprecated.html for details.
        ********************************************************************************

!!
  self.initialize_options()
In file included from /home/irman/micromamba/envs/ros2_env/lib/gcc/x86_64-conda-linux-gnu/14.3.0/include/c++/bits/stl_tree.h:63,
                 from /home/irman/micromamba/envs/ros2_env/lib/gcc/x86_64-conda-linux-gnu/14.3.0/include/c++/map:62,
                 from /home/irman/Humanoid-VLA-Simulations/src/ros2_control/controller_manager/include/controller_manager/controller_manager.hpp:18,
                 from /home/irman/Humanoid-VLA-Simulations/src/ros2_control/controller_manager/src/controller_manager.cpp:15:
In static member function 'static _Up* std::__copy_move<_IsMove, true, std::random_access_iterator_tag>::__copy_m(_Tp*, _Tp*, _Up*) [with _Tp = const long unsigned int; _Up = long unsigned int; bool _IsMove = false]',
    inlined from '_OI std::__copy_move_a2(_II, _II, _OI) [with bool _IsMove = false; _II = const long unsigned int*; _OI = long unsigned int*]' at /home/irman/micromamba/envs/ros2_env/lib/gcc/x86_64-conda-linux-gnu/14.3.0/include/c++/bits/stl_algobase.h:521:30,
    inlined from '_OI std::__copy_move_a1(_II, _II, _OI) [with bool _IsMove = false; _II = const long unsigned int*; _OI = long unsigned int*]' at /home/irman/micromamba/envs/ros2_env/lib/gcc/x86_64-conda-linux-gnu/14.3.0/include/c++/bits/stl_algobase.h:548:42,
    inlined from '_OI std::__copy_move_a(_II, _II, _OI) [with bool _IsMove = false; _II = __gnu_cxx::__normal_iterator<const long unsigned int*, vector<long unsigned int> >; _OI = long unsigned int*]' at /home/irman/micromamba/envs/ros2_env/lib/gcc/x86_64-conda-linux-gnu/14.3.0/include/c++/bits/stl_algobase.h:555:31,
    inlined from '_OI std::copy(_II, _II, _OI) [with _II = __gnu_cxx::__normal_iterator<const long unsigned int*, vector<long unsigned int> >; _OI = long unsigned int*]' at /home/irman/micromamba/envs/ros2_env/lib/gcc/x86_64-conda-linux-gnu/14.3.0/include/c++/bits/stl_algobase.h:651:7,
    inlined from 'static _ForwardIterator std::__uninitialized_copy<true>::__uninit_copy(_InputIterator, _InputIterator, _ForwardIterator) [with _InputIterator = __gnu_cxx::__normal_iterator<const long unsigned int*, std::vector<long unsigned int> >; _ForwardIterator = long unsigned int*]' at /home/irman/micromamba/envs/ros2_env/lib/gcc/x86_64-conda-linux-gnu/14.3.0/include/c++/bits/stl_uninitialized.h:147:27,
    inlined from '_ForwardIterator std::uninitialized_copy(_InputIterator, _InputIterator, _ForwardIterator) [with _InputIterator = __gnu_cxx::__normal_iterator<const long unsigned int*, vector<long unsigned int> >; _ForwardIterator = long unsigned int*]' at /home/irman/micromamba/envs/ros2_env/lib/gcc/x86_64-conda-linux-gnu/14.3.0/include/c++/bits/stl_uninitialized.h:185:15,
    inlined from '_ForwardIterator std::__uninitialized_copy_a(_InputIterator, _InputIterator, _ForwardIterator, allocator<_Tp>&) [with _InputIterator = __gnu_cxx::__normal_iterator<const long unsigned int*, vector<long unsigned int> >; _ForwardIterator = long unsigned int*; _Tp = long unsigned int]' at /home/irman/micromamba/envs/ros2_env/lib/gcc/x86_64-conda-linux-gnu/14.3.0/include/c++/bits/stl_uninitialized.h:373:37,
    inlined from 'std::vector<_Tp, _Alloc>::vector(const std::vector<_Tp, _Alloc>&) [with _Tp = long unsigned int; _Alloc = std::allocator<long unsigned int>]' at /home/irman/micromamba/envs/ros2_env/lib/gcc/x86_64-conda-linux-gnu/14.3.0/include/c++/bits/stl_vector.h:609:31,
    inlined from 'void rclcpp::experimental::IntraProcessManager::do_intra_process_publish(uint64_t, std::unique_ptr<MessageT, Deleter>, typename std::allocator_traits<_NodeAlloc>::rebind_traits<MessageT>::allocator_type&) [with MessageT = statistics_msgs::msg::MetricsMessage_<std::allocator<void> >; ROSMessageType = statistics_msgs::msg::MetricsMessage_<std::allocator<void> >; Alloc = std::allocator<void>; Deleter = std::default_delete<statistics_msgs::msg::MetricsMessage_<std::allocator<void> > >]' at /home/irman/micromamba/envs/ros2_env/include/rclcpp/rclcpp/experimental/intra_process_manager.hpp:217:29:
/home/irman/micromamba/envs/ros2_env/lib/gcc/x86_64-conda-linux-gnu/14.3.0/include/c++/bits/stl_algobase.h:452:30: warning: 'void* __builtin_memmove(void*, const void*, long unsigned int)' forming offset 8 is out of the bounds [0, 8] [-Warray-bounds=]
  452 |             __builtin_memmove(__result, __first, sizeof(_Tp) * _Num);
      |             ~~~~~~~~~~~~~~~~~^~~~~~~~~~~~~~~~~~~~~~~~~~~~~~~~~~~~~~~
In static member function 'static _Up* std::__copy_move<_IsMove, true, std::random_access_iterator_tag>::__copy_m(_Tp*, _Tp*, _Up*) [with _Tp = const long unsigned int; _Up = long unsigned int; bool _IsMove = false]',
    inlined from '_OI std::__copy_move_a2(_II, _II, _OI) [with bool _IsMove = false; _II = const long unsigned int*; _OI = long unsigned int*]' at /home/irman/micromamba/envs/ros2_env/lib/gcc/x86_64-conda-linux-gnu/14.3.0/include/c++/bits/stl_algobase.h:521:30,
    inlined from '_OI std::__copy_move_a1(_II, _II, _OI) [with bool _IsMove = false; _II = const long unsigned int*; _OI = long unsigned int*]' at /home/irman/micromamba/envs/ros2_env/lib/gcc/x86_64-conda-linux-gnu/14.3.0/include/c++/bits/stl_algobase.h:548:42,
    inlined from '_OI std::__copy_move_a(_II, _II, _OI) [with bool _IsMove = false; _II = __gnu_cxx::__normal_iterator<const long unsigned int*, vector<long unsigned int> >; _OI = long unsigned int*]' at /home/irman/micromamba/envs/ros2_env/lib/gcc/x86_64-conda-linux-gnu/14.3.0/include/c++/bits/stl_algobase.h:555:31,
    inlined from '_OI std::copy(_II, _II, _OI) [with _II = __gnu_cxx::__normal_iterator<const long unsigned int*, vector<long unsigned int> >; _OI = long unsigned int*]' at /home/irman/micromamba/envs/ros2_env/lib/gcc/x86_64-conda-linux-gnu/14.3.0/include/c++/bits/stl_algobase.h:651:7,
    inlined from 'static _ForwardIterator std::__uninitialized_copy<true>::__uninit_copy(_InputIterator, _InputIterator, _ForwardIterator) [with _InputIterator = __gnu_cxx::__normal_iterator<const long unsigned int*, std::vector<long unsigned int> >; _ForwardIterator = long unsigned int*]' at /home/irman/micromamba/envs/ros2_env/lib/gcc/x86_64-conda-linux-gnu/14.3.0/include/c++/bits/stl_uninitialized.h:147:27,
    inlined from '_ForwardIterator std::uninitialized_copy(_InputIterator, _InputIterator, _ForwardIterator) [with _InputIterator = __gnu_cxx::__normal_iterator<const long unsigned int*, vector<long unsigned int> >; _ForwardIterator = long unsigned int*]' at /home/irman/micromamba/envs/ros2_env/lib/gcc/x86_64-conda-linux-gnu/14.3.0/include/c++/bits/stl_uninitialized.h:185:15,
    inlined from '_ForwardIterator std::__uninitialized_copy_a(_InputIterator, _InputIterator, _ForwardIterator, allocator<_Tp>&) [with _InputIterator = __gnu_cxx::__normal_iterator<const long unsigned int*, vector<long unsigned int> >; _ForwardIterator = long unsigned int*; _Tp = long unsigned int]' at /home/irman/micromamba/envs/ros2_env/lib/gcc/x86_64-conda-linux-gnu/14.3.0/include/c++/bits/stl_uninitialized.h:373:37,
    inlined from 'void std::vector<_Tp, _Alloc>::_M_range_insert(iterator, _ForwardIterator, _ForwardIterator, std::forward_iterator_tag) [with _ForwardIterator = __gnu_cxx::__normal_iterator<const long unsigned int*, std::vector<long unsigned int> >; _Tp = long unsigned int; _Alloc = std::allocator<long unsigned int>]' at /home/irman/micromamba/envs/ros2_env/lib/gcc/x86_64-conda-linux-gnu/14.3.0/include/c++/bits/vector.tcc:987:34,
    inlined from 'std::vector<_Tp, _Alloc>::iterator std::vector<_Tp, _Alloc>::insert(const_iterator, _InputIterator, _InputIterator) [with _InputIterator = __gnu_cxx::__normal_iterator<const long unsigned int*, std::vector<long unsigned int> >; <template-parameter-2-2> = void; _Tp = long unsigned int; _Alloc = std::allocator<long unsigned int>]' at /home/irman/micromamba/envs/ros2_env/lib/gcc/x86_64-conda-linux-gnu/14.3.0/include/c++/bits/stl_vector.h:1501:19,
    inlined from 'void rclcpp::experimental::IntraProcessManager::do_intra_process_publish(uint64_t, std::unique_ptr<MessageT, Deleter>, typename std::allocator_traits<_NodeAlloc>::rebind_traits<MessageT>::allocator_type&) [with MessageT = statistics_msgs::msg::MetricsMessage_<std::allocator<void> >; ROSMessageType = statistics_msgs::msg::MetricsMessage_<std::allocator<void> >; Alloc = std::allocator<void>; Deleter = std::default_delete<statistics_msgs::msg::MetricsMessage_<std::allocator<void> > >]' at /home/irman/micromamba/envs/ros2_env/include/rclcpp/rclcpp/experimental/intra_process_manager.hpp:218:33:
/home/irman/micromamba/envs/ros2_env/lib/gcc/x86_64-conda-linux-gnu/14.3.0/include/c++/bits/stl_algobase.h:452:30: warning: 'void* __builtin_memmove(void*, const void*, long unsigned int)' forming offset 8 is out of the bounds [0, 8] [-Warray-bounds=]
  452 |             __builtin_memmove(__result, __first, sizeof(_Tp) * _Num);
      |             ~~~~~~~~~~~~~~~~~^~~~~~~~~~~~~~~~~~~~~~~~~~~~~~~~~~~~~~~
In file included from /home/irman/micromamba/envs/ros2_env/lib/gcc/x86_64-conda-linux-gnu/14.3.0/include/c++/bits/stl_uninitialized.h:63,
                 from /home/irman/micromamba/envs/ros2_env/lib/gcc/x86_64-conda-linux-gnu/14.3.0/include/c++/memory:69,
                 from /home/irman/Humanoid-VLA-Simulations/src/ros2_control/controller_manager/test/test_chainable_controller/test_chainable_controller.hpp:18,
                 from /home/irman/Humanoid-VLA-Simulations/src/ros2_control/controller_manager/test/test_chainable_controller/test_chainable_controller.cpp:15:
In static member function 'static _Up* std::__copy_move<_IsMove, true, std::random_access_iterator_tag>::__copy_m(_Tp*, _Tp*, _Up*) [with _Tp = const long unsigned int; _Up = long unsigned int; bool _IsMove = false]',
    inlined from '_OI std::__copy_move_a2(_II, _II, _OI) [with bool _IsMove = false; _II = const long unsigned int*; _OI = long unsigned int*]' at /home/irman/micromamba/envs/ros2_env/lib/gcc/x86_64-conda-linux-gnu/14.3.0/include/c++/bits/stl_algobase.h:521:30,
    inlined from '_OI std::__copy_move_a1(_II, _II, _OI) [with bool _IsMove = false; _II = const long unsigned int*; _OI = long unsigned int*]' at /home/irman/micromamba/envs/ros2_env/lib/gcc/x86_64-conda-linux-gnu/14.3.0/include/c++/bits/stl_algobase.h:548:42,
    inlined from '_OI std::__copy_move_a(_II, _II, _OI) [with bool _IsMove = false; _II = __gnu_cxx::__normal_iterator<const long unsigned int*, vector<long unsigned int> >; _OI = long unsigned int*]' at /home/irman/micromamba/envs/ros2_env/lib/gcc/x86_64-conda-linux-gnu/14.3.0/include/c++/bits/stl_algobase.h:555:31,
    inlined from '_OI std::copy(_II, _II, _OI) [with _II = __gnu_cxx::__normal_iterator<const long unsigned int*, vector<long unsigned int> >; _OI = long unsigned int*]' at /home/irman/micromamba/envs/ros2_env/lib/gcc/x86_64-conda-linux-gnu/14.3.0/include/c++/bits/stl_algobase.h:651:7,
    inlined from 'static _ForwardIterator std::__uninitialized_copy<true>::__uninit_copy(_InputIterator, _InputIterator, _ForwardIterator) [with _InputIterator = __gnu_cxx::__normal_iterator<const long unsigned int*, std::vector<long unsigned int> >; _ForwardIterator = long unsigned int*]' at /home/irman/micromamba/envs/ros2_env/lib/gcc/x86_64-conda-linux-gnu/14.3.0/include/c++/bits/stl_uninitialized.h:147:27,
    inlined from '_ForwardIterator std::uninitialized_copy(_InputIterator, _InputIterator, _ForwardIterator) [with _InputIterator = __gnu_cxx::__normal_iterator<const long unsigned int*, vector<long unsigned int> >; _ForwardIterator = long unsigned int*]' at /home/irman/micromamba/envs/ros2_env/lib/gcc/x86_64-conda-linux-gnu/14.3.0/include/c++/bits/stl_uninitialized.h:185:15,
    inlined from '_ForwardIterator std::__uninitialized_copy_a(_InputIterator, _InputIterator, _ForwardIterator, allocator<_Tp>&) [with _InputIterator = __gnu_cxx::__normal_iterator<const long unsigned int*, vector<long unsigned int> >; _ForwardIterator = long unsigned int*; _Tp = long unsigned int]' at /home/irman/micromamba/envs/ros2_env/lib/gcc/x86_64-conda-linux-gnu/14.3.0/include/c++/bits/stl_uninitialized.h:373:37,
    inlined from 'std::vector<_Tp, _Alloc>::vector(const std::vector<_Tp, _Alloc>&) [with _Tp = long unsigned int; _Alloc = std::allocator<long unsigned int>]' at /home/irman/micromamba/envs/ros2_env/lib/gcc/x86_64-conda-linux-gnu/14.3.0/include/c++/bits/stl_vector.h:609:31,
    inlined from 'void rclcpp::experimental::IntraProcessManager::do_intra_process_publish(uint64_t, std::unique_ptr<MessageT, Deleter>, typename std::allocator_traits<_Allocator>::rebind_traits<MessageT>::allocator_type&) [with MessageT = statistics_msgs::msg::MetricsMessage_<std::allocator<void> >; ROSMessageType = statistics_msgs::msg::MetricsMessage_<std::allocator<void> >; Alloc = std::allocator<void>; Deleter = std::default_delete<statistics_msgs::msg::MetricsMessage_<std::allocator<void> > >]' at /home/irman/micromamba/envs/ros2_env/include/rclcpp/rclcpp/experimental/intra_process_manager.hpp:217:29:
/home/irman/micromamba/envs/ros2_env/lib/gcc/x86_64-conda-linux-gnu/14.3.0/include/c++/bits/stl_algobase.h:452:30: warning: 'void* __builtin_memmove(void*, const void*, long unsigned int)' forming offset 8 is out of the bounds [0, 8] [-Warray-bounds=]
  452 |             __builtin_memmove(__result, __first, sizeof(_Tp) * _Num);
      |             ~~~~~~~~~~~~~~~~~^~~~~~~~~~~~~~~~~~~~~~~~~~~~~~~~~~~~~~~
In static member function 'static _Up* std::__copy_move<_IsMove, true, std::random_access_iterator_tag>::__copy_m(_Tp*, _Tp*, _Up*) [with _Tp = const long unsigned int; _Up = long unsigned int; bool _IsMove = false]',
    inlined from '_OI std::__copy_move_a2(_II, _II, _OI) [with bool _IsMove = false; _II = const long unsigned int*; _OI = long unsigned int*]' at /home/irman/micromamba/envs/ros2_env/lib/gcc/x86_64-conda-linux-gnu/14.3.0/include/c++/bits/stl_algobase.h:521:30,
    inlined from '_OI std::__copy_move_a1(_II, _II, _OI) [with bool _IsMove = false; _II = const long unsigned int*; _OI = long unsigned int*]' at /home/irman/micromamba/envs/ros2_env/lib/gcc/x86_64-conda-linux-gnu/14.3.0/include/c++/bits/stl_algobase.h:548:42,
    inlined from '_OI std::__copy_move_a(_II, _II, _OI) [with bool _IsMove = false; _II = __gnu_cxx::__normal_iterator<const long unsigned int*, vector<long unsigned int> >; _OI = long unsigned int*]' at /home/irman/micromamba/envs/ros2_env/lib/gcc/x86_64-conda-linux-gnu/14.3.0/include/c++/bits/stl_algobase.h:555:31,
    inlined from '_OI std::copy(_II, _II, _OI) [with _II = __gnu_cxx::__normal_iterator<const long unsigned int*, vector<long unsigned int> >; _OI = long unsigned int*]' at /home/irman/micromamba/envs/ros2_env/lib/gcc/x86_64-conda-linux-gnu/14.3.0/include/c++/bits/stl_algobase.h:651:7,
    inlined from 'static _ForwardIterator std::__uninitialized_copy<true>::__uninit_copy(_InputIterator, _InputIterator, _ForwardIterator) [with _InputIterator = __gnu_cxx::__normal_iterator<const long unsigned int*, std::vector<long unsigned int> >; _ForwardIterator = long unsigned int*]' at /home/irman/micromamba/envs/ros2_env/lib/gcc/x86_64-conda-linux-gnu/14.3.0/include/c++/bits/stl_uninitialized.h:147:27,
    inlined from '_ForwardIterator std::uninitialized_copy(_InputIterator, _InputIterator, _ForwardIterator) [with _InputIterator = __gnu_cxx::__normal_iterator<const long unsigned int*, vector<long unsigned int> >; _ForwardIterator = long unsigned int*]' at /home/irman/micromamba/envs/ros2_env/lib/gcc/x86_64-conda-linux-gnu/14.3.0/include/c++/bits/stl_uninitialized.h:185:15,
    inlined from '_ForwardIterator std::__uninitialized_copy_a(_InputIterator, _InputIterator, _ForwardIterator, allocator<_Tp>&) [with _InputIterator = __gnu_cxx::__normal_iterator<const long unsigned int*, vector<long unsigned int> >; _ForwardIterator = long unsigned int*; _Tp = long unsigned int]' at /home/irman/micromamba/envs/ros2_env/lib/gcc/x86_64-conda-linux-gnu/14.3.0/include/c++/bits/stl_uninitialized.h:373:37,
    inlined from 'void std::vector<_Tp, _Alloc>::_M_range_insert(iterator, _ForwardIterator, _ForwardIterator, std::forward_iterator_tag) [with _ForwardIterator = __gnu_cxx::__normal_iterator<const long unsigned int*, std::vector<long unsigned int> >; _Tp = long unsigned int; _Alloc = std::allocator<long unsigned int>]' at /home/irman/micromamba/envs/ros2_env/lib/gcc/x86_64-conda-linux-gnu/14.3.0/include/c++/bits/vector.tcc:987:34,
    inlined from 'std::vector<_Tp, _Alloc>::iterator std::vector<_Tp, _Alloc>::insert(const_iterator, _InputIterator, _InputIterator) [with _InputIterator = __gnu_cxx::__normal_iterator<const long unsigned int*, std::vector<long unsigned int> >; <template-parameter-2-2> = void; _Tp = long unsigned int; _Alloc = std::allocator<long unsigned int>]' at /home/irman/micromamba/envs/ros2_env/lib/gcc/x86_64-conda-linux-gnu/14.3.0/include/c++/bits/stl_vector.h:1501:19,
    inlined from 'void rclcpp::experimental::IntraProcessManager::do_intra_process_publish(uint64_t, std::unique_ptr<MessageT, Deleter>, typename std::allocator_traits<_Allocator>::rebind_traits<MessageT>::allocator_type&) [with MessageT = statistics_msgs::msg::MetricsMessage_<std::allocator<void> >; ROSMessageType = statistics_msgs::msg::MetricsMessage_<std::allocator<void> >; Alloc = std::allocator<void>; Deleter = std::default_delete<statistics_msgs::msg::MetricsMessage_<std::allocator<void> > >]' at /home/irman/micromamba/envs/ros2_env/include/rclcpp/rclcpp/experimental/intra_process_manager.hpp:218:33:
/home/irman/micromamba/envs/ros2_env/lib/gcc/x86_64-conda-linux-gnu/14.3.0/include/c++/bits/stl_algobase.h:452:30: warning: 'void* __builtin_memmove(void*, const void*, long unsigned int)' forming offset 8 is out of the bounds [0, 8] [-Warray-bounds=]
  452 |             __builtin_memmove(__result, __first, sizeof(_Tp) * _Num);
      |             ~~~~~~~~~~~~~~~~~^~~~~~~~~~~~~~~~~~~~~~~~~~~~~~~~~~~~~~~
/home/irman/Humanoid-VLA-Simulations/src/ros2_control/controller_manager/test/test_controller_manager_srvs.cpp: In member function 'virtual void TestControllerManagerSrvs_list_sorted_large_chained_controller_tree_Test::TestBody()':
/home/irman/Humanoid-VLA-Simulations/src/ros2_control/controller_manager/test/test_controller_manager_srvs.cpp:1497:22: warning: 'void std::random_shuffle(_RAIter, _RAIter) [with _RAIter = __gnu_cxx::__normal_iterator<__cxx11::basic_string<char>*, vector<__cxx11::basic_string<char> > >]' is deprecated: use 'std::shuffle' instead [-Wdeprecated-declarations]
 1497 |   std::random_shuffle(controllers_list.begin(), controllers_list.end());
      |   ~~~~~~~~~~~~~~~~~~~^~~~~~~~~~~~~~~~~~~~~~~~~~~~~~~~~~~~~~~~~~~~~~~~~~
In file included from /home/irman/micromamba/envs/ros2_env/lib/gcc/x86_64-conda-linux-gnu/14.3.0/include/c++/algorithm:61,
                 from /home/irman/micromamba/envs/ros2_env/src/gmock_vendor/include/gmock/gmock-actions.h:44,
                 from /home/irman/micromamba/envs/ros2_env/src/gmock_vendor/include/gmock/gmock.h:59,
                 from /home/irman/Humanoid-VLA-Simulations/src/ros2_control/controller_manager/test/test_controller_manager_srvs.cpp:15:
/home/irman/micromamba/envs/ros2_env/lib/gcc/x86_64-conda-linux-gnu/14.3.0/include/c++/bits/stl_algo.h:4492:5: note: declared here
 4492 |     random_shuffle(_RandomAccessIterator __first, _RandomAccessIterator __last)
      |     ^~~~~~~~~~~~~~
