-- The CXX compiler identification is GNU 14.3.0
-- Detecting CXX compiler ABI info
-- Detecting CXX compiler ABI info - done
-- Check for working CXX compiler: /home/irman/micromamba/envs/ros2_env/bin/x86_64-conda-linux-gnu-c++ - skipped
-- Detecting CXX compile features
-- Detecting CXX compile features - done
-- Found ament_cmake: 1.3.12 (/home/irman/micromamba/envs/ros2_env/share/ament_cmake/cmake)
-- Found Python3: /home/irman/micromamba/envs/ros2_env/bin/python3 (found version "3.11.14") found components: Interpreter
-- Found ament_index_cpp: 1.4.0 (/home/irman/micromamba/envs/ros2_env/share/ament_index_cpp/cmake)
-- Found controller_interface: 2.52.2 (/home/irman/Humanoid-VLA-Simulations/install/controller_interface/share/controller_interface/cmake)
-- Found rosidl_generator_c: 3.1.6 (/home/irman/micromamba/envs/ros2_env/share/rosidl_generator_c/cmake)
-- Found rosidl_adapter: 3.1.6 (/home/irman/micromamba/envs/ros2_env/share/rosidl_adapter/cmake)
-- Found rosidl_generator_cpp: 3.1.6 (/home/irman/micromamba/envs/ros2_env/share/rosidl_generator_cpp/cmake)
-- Using all available rosidl_typesupport_c: rosidl_typesupport_fastrtps_c;rosidl_typesupport_introspection_c
-- Using all available rosidl_typesupport_cpp: rosidl_typesupport_fastrtps_cpp;rosidl_typesupport_introspection_cpp
-- Found TinyXML2 via Config file: /home/irman/micromamba/envs/ros2_env/lib/cmake/tinyxml2
-- Checking for module 'yaml-0.1'
--   Found yaml-0.1, version 0.2.5
-- Found rmw_implementation_cmake: 6.1.2 (/home/irman/micromamba/envs/ros2_env/share/rmw_implementation_cmake/cmake)
-- Found rmw_fastrtps_cpp: 6.2.7 (/home/irman/micromamba/envs/ros2_env/share/rmw_fastrtps_cpp/cmake)
-- Found TinyXML2 via Config file: /home/irman/micromamba/envs/ros2_env/lib/cmake/tinyxml2
-- Found OpenSSL: /home/irman/micromamba/envs/ros2_env/lib/libcrypto.so (found version "3.5.4")
-- Found TinyXML2 via Config file: /home/irman/micromamba/envs/ros2_env/lib/cmake/tinyxml2
-- Found FastRTPS: /home/irman/micromamba/envs/ros2_env/include
-- Found TinyXML2 via Config file: /home/irman/micromamba/envs/ros2_env/lib/cmake/tinyxml2
-- Found TinyXML2 via Config file: /home/irman/micromamba/envs/ros2_env/lib/cmake/tinyxml2
-- Using RMW implementation 'rmw_fastrtps_cpp' as default
-- Performing Test CMAKE_HAVE_LIBC_PTHREAD
-- Performing Test CMAKE_HAVE_LIBC_PTHREAD - Success
-- Found Threads: TRUE
-- Found controller_manager_msgs: 2.52.2 (/home/irman/Humanoid-VLA-Simulations/install/controller_manager_msgs/share/controller_manager_msgs/cmake)
-- Found realtime_tools: 2.14.0 (/home/irman/micromamba/envs/ros2_env/share/realtime_tools/cmake)
-- Found ament_cmake_gmock: 1.3.12 (/home/irman/micromamba/envs/ros2_env/share/ament_cmake_gmock/cmake)
-- Found ros2_control_test_assets: 2.52.2 (/home/irman/Humanoid-VLA-Simulations/install/ros2_control_test_assets/share/ros2_control_test_assets/cmake)
-- Found gmock sources under '/home/irman/micromamba/envs/ros2_env/src/gmock_vendor': C++ tests using 'Google Mock' will be built
-- The C compiler identification is GNU 14.3.0
-- Detecting C compiler ABI info
-- Detecting C compiler ABI info - done
-- Check for working C compiler: /home/irman/micromamba/envs/ros2_env/bin/x86_64-conda-linux-gnu-cc - skipped
-- Detecting C compile features
-- Detecting C compile features - done
CMake Deprecation Warning at /home/irman/micromamba/envs/ros2_env/src/gmock_vendor/CMakeLists.txt:2 (cmake_minimum_required):
  Compatibility with CMake < 3.10 will be removed from a future version of
  CMake.

  Update the VERSION argument <min> value.  Or, use the <min>...<max> syntax
  to tell CMake that the project requires at least <min> but has been updated
  to work with policies introduced by <max> or earlier.


-- Found ament_cmake_gtest: 1.3.12 (/home/irman/micromamba/envs/ros2_env/share/ament_cmake_gtest/cmake)
-- Found gtest sources under '/home/irman/micromamba/envs/ros2_env/src/gtest_vendor': C++ tests using 'Google Test' will be built
CMake Deprecation Warning at /home/irman/micromamba/envs/ros2_env/src/gtest_vendor/CMakeLists.txt:2 (cmake_minimum_required):
  Compatibility with CMake < 3.10 will be removed from a future version of
  CMake.

  Update the VERSION argument <min> value.  Or, use the <min>...<max> syntax
  to tell CMake that the project requires at least <min> but has been updated
  to work with policies introduced by <max> or earlier.


-- Found ament_cmake_pytest: 1.3.12 (/home/irman/micromamba/envs/ros2_env/share/ament_cmake_pytest/cmake)
-- Configuring done (3.4s)
-- Generating done (0.2s)
-- Build files have been written to: /home/irman/Humanoid-VLA-Simulations/build/controller_manager
[  5%] Generating controller_manager/version.h
[  5%] Building CXX object gmock/CMakeFiles/gmock_main.dir/src/gmock_main.cc.o
[ 10%] Building CXX object gmock/CMakeFiles/gmock.dir/src/gmock-all.cc.o
[ 10%] Building CXX object gmock/CMakeFiles/gmock.dir/home/irman/micromamba/envs/ros2_env/src/gtest_vendor/src/gtest-all.cc.o
[ 10%] Built target ament_cmake_python_copy_controller_manager
[ 10%] Built target ament_cmake_python_copy_controller_manager_setup
[ 10%] Built target ament_generate_version_header__controller_manager
[ 12%] Building CXX object CMakeFiles/controller_manager.dir/src/controller_manager.cpp.o
running install_scripts
running egg_info
creating controller_manager.egg-info
writing controller_manager.egg-info/PKG-INFO
writing dependency_links to controller_manager.egg-info/dependency_links.txt
writing entry points to controller_manager.egg-info/entry_points.txt
writing top-level names to controller_manager.egg-info/top_level.txt
writing manifest file 'controller_manager.egg-info/SOURCES.txt'
/home/irman/micromamba/envs/ros2_env/lib/python3.11/site-packages/setuptools/_distutils/cmd.py:90: SetuptoolsDeprecationWarning: setup.py install is deprecated.
!!

        ********************************************************************************
        Please avoid running ``setup.py`` directly.
        Instead, use pypa/build, pypa/installer or other
        standards-based tools.

        This deprecation is overdue, please update your project and remove deprecated
        calls to avoid build errors in the future.

        See https://blog.ganssle.io/articles/2021/10/setup-py-deprecated.html for details.
        ********************************************************************************

!!
  self.initialize_options()
running egg_info
reading manifest file 'controller_manager.egg-info/SOURCES.txt'
writing manifest file 'controller_manager.egg-info/SOURCES.txt'
writing controller_manager.egg-info/PKG-INFO
writing dependency_links to controller_manager.egg-info/dependency_links.txt
writing entry points to controller_manager.egg-info/entry_points.txt
writing top-level names to controller_manager.egg-info/top_level.txt
[ 12%] Built target ament_cmake_python_build_controller_manager_egg
reading manifest file 'controller_manager.egg-info/SOURCES.txt'
writing manifest file 'controller_manager.egg-info/SOURCES.txt'
Installing hardware_spawner script to scripts
Installing spawner script to scripts
Installing unspawner script to scripts
[ 12%] Built target ament_cmake_python_build_controller_manager_scripts
[ 15%] Linking CXX static library libgmock_main.a
[ 15%] Built target gmock_main
[ 17%] Linking CXX static library libgmock.a
[ 17%] Built target gmock
In file included from /home/irman/micromamba/envs/ros2_env/lib/gcc/x86_64-conda-linux-gnu/14.3.0/include/c++/bits/stl_tree.h:63,
                 from /home/irman/micromamba/envs/ros2_env/lib/gcc/x86_64-conda-linux-gnu/14.3.0/include/c++/map:62,
                 from /home/irman/Humanoid-VLA-Simulations/src/ros2_control/controller_manager/include/controller_manager/controller_manager.hpp:18,
                 from /home/irman/Humanoid-VLA-Simulations/src/ros2_control/controller_manager/src/controller_manager.cpp:15:
In static member function 'static _Up* std::__copy_move<_IsMove, true, std::random_access_iterator_tag>::__copy_m(_Tp*, _Tp*, _Up*) [with _Tp = const long unsigned int; _Up = long unsigned int; bool _IsMove = false]',
    inlined from '_OI std::__copy_move_a2(_II, _II, _OI) [with bool _IsMove = false; _II = const long unsigned int*; _OI = long unsigned int*]' at /home/irman/micromamba/envs/ros2_env/lib/gcc/x86_64-conda-linux-gnu/14.3.0/include/c++/bits/stl_algobase.h:521:30,
    inlined from '_OI std::__copy_move_a1(_II, _II, _OI) [with bool _IsMove = false; _II = const long unsigned int*; _OI = long unsigned int*]' at /home/irman/micromamba/envs/ros2_env/lib/gcc/x86_64-conda-linux-gnu/14.3.0/include/c++/bits/stl_algobase.h:548:42,
    inlined from '_OI std::__copy_move_a(_II, _II, _OI) [with bool _IsMove = false; _II = __gnu_cxx::__normal_iterator<const long unsigned int*, vector<long unsigned int> >; _OI = long unsigned int*]' at /home/irman/micromamba/envs/ros2_env/lib/gcc/x86_64-conda-linux-gnu/14.3.0/include/c++/bits/stl_algobase.h:555:31,
    inlined from '_OI std::copy(_II, _II, _OI) [with _II = __gnu_cxx::__normal_iterator<const long unsigned int*, vector<long unsigned int> >; _OI = long unsigned int*]' at /home/irman/micromamba/envs/ros2_env/lib/gcc/x86_64-conda-linux-gnu/14.3.0/include/c++/bits/stl_algobase.h:651:7,
    inlined from 'static _ForwardIterator std::__uninitialized_copy<true>::__uninit_copy(_InputIterator, _InputIterator, _ForwardIterator) [with _InputIterator = __gnu_cxx::__normal_iterator<const long unsigned int*, std::vector<long unsigned int> >; _ForwardIterator = long unsigned int*]' at /home/irman/micromamba/envs/ros2_env/lib/gcc/x86_64-conda-linux-gnu/14.3.0/include/c++/bits/stl_uninitialized.h:147:27,
    inlined from '_ForwardIterator std::uninitialized_copy(_InputIterator, _InputIterator, _ForwardIterator) [with _InputIterator = __gnu_cxx::__normal_iterator<const long unsigned int*, vector<long unsigned int> >; _ForwardIterator = long unsigned int*]' at /home/irman/micromamba/envs/ros2_env/lib/gcc/x86_64-conda-linux-gnu/14.3.0/include/c++/bits/stl_uninitialized.h:185:15,
    inlined from '_ForwardIterator std::__uninitialized_copy_a(_InputIterator, _InputIterator, _ForwardIterator, allocator<_Tp>&) [with _InputIterator = __gnu_cxx::__normal_iterator<const long unsigned int*, vector<long unsigned int> >; _ForwardIterator = long unsigned int*; _Tp = long unsigned int]' at /home/irman/micromamba/envs/ros2_env/lib/gcc/x86_64-conda-linux-gnu/14.3.0/include/c++/bits/stl_uninitialized.h:373:37,
    inlined from 'std::vector<_Tp, _Alloc>::vector(const std::vector<_Tp, _Alloc>&) [with _Tp = long unsigned int; _Alloc = std::allocator<long unsigned int>]' at /home/irman/micromamba/envs/ros2_env/lib/gcc/x86_64-conda-linux-gnu/14.3.0/include/c++/bits/stl_vector.h:609:31,
    inlined from 'void rclcpp::experimental::IntraProcessManager::do_intra_process_publish(uint64_t, std::unique_ptr<MessageT, Deleter>, typename std::allocator_traits<_NodeAlloc>::rebind_traits<MessageT>::allocator_type&) [with MessageT = statistics_msgs::msg::MetricsMessage_<std::allocator<void> >; ROSMessageType = statistics_msgs::msg::MetricsMessage_<std::allocator<void> >; Alloc = std::allocator<void>; Deleter = std::default_delete<statistics_msgs::msg::MetricsMessage_<std::allocator<void> > >]' at /home/irman/micromamba/envs/ros2_env/include/rclcpp/rclcpp/experimental/intra_process_manager.hpp:217:29:
/home/irman/micromamba/envs/ros2_env/lib/gcc/x86_64-conda-linux-gnu/14.3.0/include/c++/bits/stl_algobase.h:452:30: warning: 'void* __builtin_memmove(void*, const void*, long unsigned int)' forming offset 8 is out of the bounds [0, 8] [-Warray-bounds=]
  452 |             __builtin_memmove(__result, __first, sizeof(_Tp) * _Num);
      |             ~~~~~~~~~~~~~~~~~^~~~~~~~~~~~~~~~~~~~~~~~~~~~~~~~~~~~~~~
In static member function 'static _Up* std::__copy_move<_IsMove, true, std::random_access_iterator_tag>::__copy_m(_Tp*, _Tp*, _Up*) [with _Tp = const long unsigned int; _Up = long unsigned int; bool _IsMove = false]',
    inlined from '_OI std::__copy_move_a2(_II, _II, _OI) [with bool _IsMove = false; _II = const long unsigned int*; _OI = long unsigned int*]' at /home/irman/micromamba/envs/ros2_env/lib/gcc/x86_64-conda-linux-gnu/14.3.0/include/c++/bits/stl_algobase.h:521:30,
    inlined from '_OI std::__copy_move_a1(_II, _II, _OI) [with bool _IsMove = false; _II = const long unsigned int*; _OI = long unsigned int*]' at /home/irman/micromamba/envs/ros2_env/lib/gcc/x86_64-conda-linux-gnu/14.3.0/include/c++/bits/stl_algobase.h:548:42,
    inlined from '_OI std::__copy_move_a(_II, _II, _OI) [with bool _IsMove = false; _II = __gnu_cxx::__normal_iterator<const long unsigned int*, vector<long unsigned int> >; _OI = long unsigned int*]' at /home/irman/micromamba/envs/ros2_env/lib/gcc/x86_64-conda-linux-gnu/14.3.0/include/c++/bits/stl_algobase.h:555:31,
    inlined from '_OI std::copy(_II, _II, _OI) [with _II = __gnu_cxx::__normal_iterator<const long unsigned int*, vector<long unsigned int> >; _OI = long unsigned int*]' at /home/irman/micromamba/envs/ros2_env/lib/gcc/x86_64-conda-linux-gnu/14.3.0/include/c++/bits/stl_algobase.h:651:7,
    inlined from 'static _ForwardIterator std::__uninitialized_copy<true>::__uninit_copy(_InputIterator, _InputIterator, _ForwardIterator) [with _InputIterator = __gnu_cxx::__normal_iterator<const long unsigned int*, std::vector<long unsigned int> >; _ForwardIterator = long unsigned int*]' at /home/irman/micromamba/envs/ros2_env/lib/gcc/x86_64-conda-linux-gnu/14.3.0/include/c++/bits/stl_uninitialized.h:147:27,
    inlined from '_ForwardIterator std::uninitialized_copy(_InputIterator, _InputIterator, _ForwardIterator) [with _InputIterator = __gnu_cxx::__normal_iterator<const long unsigned int*, vector<long unsigned int> >; _ForwardIterator = long unsigned int*]' at /home/irman/micromamba/envs/ros2_env/lib/gcc/x86_64-conda-linux-gnu/14.3.0/include/c++/bits/stl_uninitialized.h:185:15,
    inlined from '_ForwardIterator std::__uninitialized_copy_a(_InputIterator, _InputIterator, _ForwardIterator, allocator<_Tp>&) [with _InputIterator = __gnu_cxx::__normal_iterator<const long unsigned int*, vector<long unsigned int> >; _ForwardIterator = long unsigned int*; _Tp = long unsigned int]' at /home/irman/micromamba/envs/ros2_env/lib/gcc/x86_64-conda-linux-gnu/14.3.0/include/c++/bits/stl_uninitialized.h:373:37,
    inlined from 'void std::vector<_Tp, _Alloc>::_M_range_insert(iterator, _ForwardIterator, _ForwardIterator, std::forward_iterator_tag) [with _ForwardIterator = __gnu_cxx::__normal_iterator<const long unsigned int*, std::vector<long unsigned int> >; _Tp = long unsigned int; _Alloc = std::allocator<long unsigned int>]' at /home/irman/micromamba/envs/ros2_env/lib/gcc/x86_64-conda-linux-gnu/14.3.0/include/c++/bits/vector.tcc:987:34,
    inlined from 'std::vector<_Tp, _Alloc>::iterator std::vector<_Tp, _Alloc>::insert(const_iterator, _InputIterator, _InputIterator) [with _InputIterator = __gnu_cxx::__normal_iterator<const long unsigned int*, std::vector<long unsigned int> >; <template-parameter-2-2> = void; _Tp = long unsigned int; _Alloc = std::allocator<long unsigned int>]' at /home/irman/micromamba/envs/ros2_env/lib/gcc/x86_64-conda-linux-gnu/14.3.0/include/c++/bits/stl_vector.h:1501:19,
    inlined from 'void rclcpp::experimental::IntraProcessManager::do_intra_process_publish(uint64_t, std::unique_ptr<MessageT, Deleter>, typename std::allocator_traits<_NodeAlloc>::rebind_traits<MessageT>::allocator_type&) [with MessageT = statistics_msgs::msg::MetricsMessage_<std::allocator<void> >; ROSMessageType = statistics_msgs::msg::MetricsMessage_<std::allocator<void> >; Alloc = std::allocator<void>; Deleter = std::default_delete<statistics_msgs::msg::MetricsMessage_<std::allocator<void> > >]' at /home/irman/micromamba/envs/ros2_env/include/rclcpp/rclcpp/experimental/intra_process_manager.hpp:218:33:
/home/irman/micromamba/envs/ros2_env/lib/gcc/x86_64-conda-linux-gnu/14.3.0/include/c++/bits/stl_algobase.h:452:30: warning: 'void* __builtin_memmove(void*, const void*, long unsigned int)' forming offset 8 is out of the bounds [0, 8] [-Warray-bounds=]
  452 |             __builtin_memmove(__result, __first, sizeof(_Tp) * _Num);
      |             ~~~~~~~~~~~~~~~~~^~~~~~~~~~~~~~~~~~~~~~~~~~~~~~~~~~~~~~~
[ 20%] Linking CXX shared library libcontroller_manager.so
[ 20%] Built target controller_manager
[ 30%] Building CXX object CMakeFiles/ros2_control_node.dir/src/ros2_control_node.cpp.o
[ 30%] Building CXX object CMakeFiles/test_chainable_controller.dir/test/test_chainable_controller/test_chainable_controller.cpp.o
[ 30%] Building CXX object CMakeFiles/test_controller_failed_init.dir/test/test_controller_failed_init/test_controller_failed_init.cpp.o
[ 32%] Building CXX object CMakeFiles/test_controller.dir/test/test_controller/test_controller.cpp.o
[ 32%] Building CXX object CMakeFiles/test_controller_manager_urdf_passing.dir/test/test_controller_manager_urdf_passing.cpp.o
[ 35%] Building CXX object CMakeFiles/test_controller_with_interfaces.dir/test/test_controller_with_interfaces/test_controller_with_interfaces.cpp.o
[ 37%] Building CXX object CMakeFiles/test_controller_failed_activate.dir/test/test_controller_failed_activate/test_controller_failed_activate.cpp.o
[ 40%] Building CXX object CMakeFiles/test_hardware_spawner.dir/test/test_hardware_spawner.cpp.o
[ 42%] Linking CXX shared library libtest_controller.so
[ 42%] Built target test_controller
[ 45%] Building CXX object CMakeFiles/test_controller_manager.dir/test/test_controller_manager.cpp.o
[ 47%] Building CXX object CMakeFiles/test_controller_manager_with_namespace.dir/test/test_controller_manager_with_namespace.cpp.o
[ 52%] Building CXX object CMakeFiles/test_hardware_management_srvs.dir/test/test_hardware_management_srvs.cpp.o
[ 52%] Building CXX object CMakeFiles/test_spawner_unspawner.dir/test/test_spawner_unspawner.cpp.o
[ 55%] Linking CXX shared library libtest_controller_failed_activate.so
[ 57%] Linking CXX shared library libtest_controller_with_interfaces.so
[ 60%] Linking CXX shared library libtest_controller_failed_init.so
[ 60%] Built target test_controller_failed_activate
[ 60%] Built target test_controller_with_interfaces
[ 62%] Building CXX object CMakeFiles/test_release_interfaces.dir/test/test_release_interfaces.cpp.o
[ 62%] Built target test_controller_failed_init
[ 65%] Building CXX object CMakeFiles/test_load_controller.dir/test/test_load_controller.cpp.o
[ 67%] Linking CXX executable ros2_control_node
[ 67%] Built target ros2_control_node
[ 70%] Linking CXX executable test_controller_manager_urdf_passing
[ 70%] Built target test_controller_manager_urdf_passing
[ 72%] Linking CXX executable test_hardware_spawner
[ 72%] Built target test_hardware_spawner
In file included from /home/irman/micromamba/envs/ros2_env/lib/gcc/x86_64-conda-linux-gnu/14.3.0/include/c++/bits/stl_uninitialized.h:63,
                 from /home/irman/micromamba/envs/ros2_env/lib/gcc/x86_64-conda-linux-gnu/14.3.0/include/c++/memory:69,
                 from /home/irman/Humanoid-VLA-Simulations/src/ros2_control/controller_manager/test/test_chainable_controller/test_chainable_controller.hpp:18,
                 from /home/irman/Humanoid-VLA-Simulations/src/ros2_control/controller_manager/test/test_chainable_controller/test_chainable_controller.cpp:15:
In static member function 'static _Up* std::__copy_move<_IsMove, true, std::random_access_iterator_tag>::__copy_m(_Tp*, _Tp*, _Up*) [with _Tp = const long unsigned int; _Up = long unsigned int; bool _IsMove = false]',
    inlined from '_OI std::__copy_move_a2(_II, _II, _OI) [with bool _IsMove = false; _II = const long unsigned int*; _OI = long unsigned int*]' at /home/irman/micromamba/envs/ros2_env/lib/gcc/x86_64-conda-linux-gnu/14.3.0/include/c++/bits/stl_algobase.h:521:30,
    inlined from '_OI std::__copy_move_a1(_II, _II, _OI) [with bool _IsMove = false; _II = const long unsigned int*; _OI = long unsigned int*]' at /home/irman/micromamba/envs/ros2_env/lib/gcc/x86_64-conda-linux-gnu/14.3.0/include/c++/bits/stl_algobase.h:548:42,
    inlined from '_OI std::__copy_move_a(_II, _II, _OI) [with bool _IsMove = false; _II = __gnu_cxx::__normal_iterator<const long unsigned int*, vector<long unsigned int> >; _OI = long unsigned int*]' at /home/irman/micromamba/envs/ros2_env/lib/gcc/x86_64-conda-linux-gnu/14.3.0/include/c++/bits/stl_algobase.h:555:31,
    inlined from '_OI std::copy(_II, _II, _OI) [with _II = __gnu_cxx::__normal_iterator<const long unsigned int*, vector<long unsigned int> >; _OI = long unsigned int*]' at /home/irman/micromamba/envs/ros2_env/lib/gcc/x86_64-conda-linux-gnu/14.3.0/include/c++/bits/stl_algobase.h:651:7,
    inlined from 'static _ForwardIterator std::__uninitialized_copy<true>::__uninit_copy(_InputIterator, _InputIterator, _ForwardIterator) [with _InputIterator = __gnu_cxx::__normal_iterator<const long unsigned int*, std::vector<long unsigned int> >; _ForwardIterator = long unsigned int*]' at /home/irman/micromamba/envs/ros2_env/lib/gcc/x86_64-conda-linux-gnu/14.3.0/include/c++/bits/stl_uninitialized.h:147:27,
    inlined from '_ForwardIterator std::uninitialized_copy(_InputIterator, _InputIterator, _ForwardIterator) [with _InputIterator = __gnu_cxx::__normal_iterator<const long unsigned int*, vector<long unsigned int> >; _ForwardIterator = long unsigned int*]' at /home/irman/micromamba/envs/ros2_env/lib/gcc/x86_64-conda-linux-gnu/14.3.0/include/c++/bits/stl_uninitialized.h:185:15,
    inlined from '_ForwardIterator std::__uninitialized_copy_a(_InputIterator, _InputIterator, _ForwardIterator, allocator<_Tp>&) [with _InputIterator = __gnu_cxx::__normal_iterator<const long unsigned int*, vector<long unsigned int> >; _ForwardIterator = long unsigned int*; _Tp = long unsigned int]' at /home/irman/micromamba/envs/ros2_env/lib/gcc/x86_64-conda-linux-gnu/14.3.0/include/c++/bits/stl_uninitialized.h:373:37,
    inlined from 'std::vector<_Tp, _Alloc>::vector(const std::vector<_Tp, _Alloc>&) [with _Tp = long unsigned int; _Alloc = std::allocator<long unsigned int>]' at /home/irman/micromamba/envs/ros2_env/lib/gcc/x86_64-conda-linux-gnu/14.3.0/include/c++/bits/stl_vector.h:609:31,
    inlined from 'void rclcpp::experimental::IntraProcessManager::do_intra_process_publish(uint64_t, std::unique_ptr<MessageT, Deleter>, typename std::allocator_traits<_Allocator>::rebind_traits<MessageT>::allocator_type&) [with MessageT = statistics_msgs::msg::MetricsMessage_<std::allocator<void> >; ROSMessageType = statistics_msgs::msg::MetricsMessage_<std::allocator<void> >; Alloc = std::allocator<void>; Deleter = std::default_delete<statistics_msgs::msg::MetricsMessage_<std::allocator<void> > >]' at /home/irman/micromamba/envs/ros2_env/include/rclcpp/rclcpp/experimental/intra_process_manager.hpp:217:29:
/home/irman/micromamba/envs/ros2_env/lib/gcc/x86_64-conda-linux-gnu/14.3.0/include/c++/bits/stl_algobase.h:452:30: warning: 'void* __builtin_memmove(void*, const void*, long unsigned int)' forming offset 8 is out of the bounds [0, 8] [-Warray-bounds=]
  452 |             __builtin_memmove(__result, __first, sizeof(_Tp) * _Num);
      |             ~~~~~~~~~~~~~~~~~^~~~~~~~~~~~~~~~~~~~~~~~~~~~~~~~~~~~~~~
In static member function 'static _Up* std::__copy_move<_IsMove, true, std::random_access_iterator_tag>::__copy_m(_Tp*, _Tp*, _Up*) [with _Tp = const long unsigned int; _Up = long unsigned int; bool _IsMove = false]',
    inlined from '_OI std::__copy_move_a2(_II, _II, _OI) [with bool _IsMove = false; _II = const long unsigned int*; _OI = long unsigned int*]' at /home/irman/micromamba/envs/ros2_env/lib/gcc/x86_64-conda-linux-gnu/14.3.0/include/c++/bits/stl_algobase.h:521:30,
    inlined from '_OI std::__copy_move_a1(_II, _II, _OI) [with bool _IsMove = false; _II = const long unsigned int*; _OI = long unsigned int*]' at /home/irman/micromamba/envs/ros2_env/lib/gcc/x86_64-conda-linux-gnu/14.3.0/include/c++/bits/stl_algobase.h:548:42,
    inlined from '_OI std::__copy_move_a(_II, _II, _OI) [with bool _IsMove = false; _II = __gnu_cxx::__normal_iterator<const long unsigned int*, vector<long unsigned int> >; _OI = long unsigned int*]' at /home/irman/micromamba/envs/ros2_env/lib/gcc/x86_64-conda-linux-gnu/14.3.0/include/c++/bits/stl_algobase.h:555:31,
    inlined from '_OI std::copy(_II, _II, _OI) [with _II = __gnu_cxx::__normal_iterator<const long unsigned int*, vector<long unsigned int> >; _OI = long unsigned int*]' at /home/irman/micromamba/envs/ros2_env/lib/gcc/x86_64-conda-linux-gnu/14.3.0/include/c++/bits/stl_algobase.h:651:7,
    inlined from 'static _ForwardIterator std::__uninitialized_copy<true>::__uninit_copy(_InputIterator, _InputIterator, _ForwardIterator) [with _InputIterator = __gnu_cxx::__normal_iterator<const long unsigned int*, std::vector<long unsigned int> >; _ForwardIterator = long unsigned int*]' at /home/irman/micromamba/envs/ros2_env/lib/gcc/x86_64-conda-linux-gnu/14.3.0/include/c++/bits/stl_uninitialized.h:147:27,
    inlined from '_ForwardIterator std::uninitialized_copy(_InputIterator, _InputIterator, _ForwardIterator) [with _InputIterator = __gnu_cxx::__normal_iterator<const long unsigned int*, vector<long unsigned int> >; _ForwardIterator = long unsigned int*]' at /home/irman/micromamba/envs/ros2_env/lib/gcc/x86_64-conda-linux-gnu/14.3.0/include/c++/bits/stl_uninitialized.h:185:15,
    inlined from '_ForwardIterator std::__uninitialized_copy_a(_InputIterator, _InputIterator, _ForwardIterator, allocator<_Tp>&) [with _InputIterator = __gnu_cxx::__normal_iterator<const long unsigned int*, vector<long unsigned int> >; _ForwardIterator = long unsigned int*; _Tp = long unsigned int]' at /home/irman/micromamba/envs/ros2_env/lib/gcc/x86_64-conda-linux-gnu/14.3.0/include/c++/bits/stl_uninitialized.h:373:37,
    inlined from 'void std::vector<_Tp, _Alloc>::_M_range_insert(iterator, _ForwardIterator, _ForwardIterator, std::forward_iterator_tag) [with _ForwardIterator = __gnu_cxx::__normal_iterator<const long unsigned int*, std::vector<long unsigned int> >; _Tp = long unsigned int; _Alloc = std::allocator<long unsigned int>]' at /home/irman/micromamba/envs/ros2_env/lib/gcc/x86_64-conda-linux-gnu/14.3.0/include/c++/bits/vector.tcc:987:34,
    inlined from 'std::vector<_Tp, _Alloc>::iterator std::vector<_Tp, _Alloc>::insert(const_iterator, _InputIterator, _InputIterator) [with _InputIterator = __gnu_cxx::__normal_iterator<const long unsigned int*, std::vector<long unsigned int> >; <template-parameter-2-2> = void; _Tp = long unsigned int; _Alloc = std::allocator<long unsigned int>]' at /home/irman/micromamba/envs/ros2_env/lib/gcc/x86_64-conda-linux-gnu/14.3.0/include/c++/bits/stl_vector.h:1501:19,
    inlined from 'void rclcpp::experimental::IntraProcessManager::do_intra_process_publish(uint64_t, std::unique_ptr<MessageT, Deleter>, typename std::allocator_traits<_Allocator>::rebind_traits<MessageT>::allocator_type&) [with MessageT = statistics_msgs::msg::MetricsMessage_<std::allocator<void> >; ROSMessageType = statistics_msgs::msg::MetricsMessage_<std::allocator<void> >; Alloc = std::allocator<void>; Deleter = std::default_delete<statistics_msgs::msg::MetricsMessage_<std::allocator<void> > >]' at /home/irman/micromamba/envs/ros2_env/include/rclcpp/rclcpp/experimental/intra_process_manager.hpp:218:33:
/home/irman/micromamba/envs/ros2_env/lib/gcc/x86_64-conda-linux-gnu/14.3.0/include/c++/bits/stl_algobase.h:452:30: warning: 'void* __builtin_memmove(void*, const void*, long unsigned int)' forming offset 8 is out of the bounds [0, 8] [-Warray-bounds=]
  452 |             __builtin_memmove(__result, __first, sizeof(_Tp) * _Num);
      |             ~~~~~~~~~~~~~~~~~^~~~~~~~~~~~~~~~~~~~~~~~~~~~~~~~~~~~~~~
[ 75%] Linking CXX executable test_controller_manager_with_namespace
[ 77%] Linking CXX shared library libtest_chainable_controller.so
[ 77%] Built target test_controller_manager_with_namespace
[ 77%] Built target test_chainable_controller
[ 82%] Building CXX object CMakeFiles/test_controllers_chaining_with_controller_manager.dir/test/test_controllers_chaining_with_controller_manager.cpp.o
[ 82%] Building CXX object CMakeFiles/test_controller_manager_srvs.dir/test/test_controller_manager_srvs.cpp.o
[ 85%] Linking CXX executable test_release_interfaces
[ 85%] Built target test_release_interfaces
[ 87%] Linking CXX executable test_hardware_management_srvs
[ 87%] Built target test_hardware_management_srvs
[ 90%] Linking CXX executable test_controller_manager
[ 90%] Built target test_controller_manager
[ 92%] Linking CXX executable test_load_controller
[ 92%] Built target test_load_controller
[ 95%] Linking CXX executable test_spawner_unspawner
[ 95%] Built target test_spawner_unspawner
/home/irman/Humanoid-VLA-Simulations/src/ros2_control/controller_manager/test/test_controller_manager_srvs.cpp: In member function 'virtual void TestControllerManagerSrvs_list_sorted_large_chained_controller_tree_Test::TestBody()':
/home/irman/Humanoid-VLA-Simulations/src/ros2_control/controller_manager/test/test_controller_manager_srvs.cpp:1497:22: warning: 'void std::random_shuffle(_RAIter, _RAIter) [with _RAIter = __gnu_cxx::__normal_iterator<__cxx11::basic_string<char>*, vector<__cxx11::basic_string<char> > >]' is deprecated: use 'std::shuffle' instead [-Wdeprecated-declarations]
 1497 |   std::random_shuffle(controllers_list.begin(), controllers_list.end());
      |   ~~~~~~~~~~~~~~~~~~~^~~~~~~~~~~~~~~~~~~~~~~~~~~~~~~~~~~~~~~~~~~~~~~~~~
In file included from /home/irman/micromamba/envs/ros2_env/lib/gcc/x86_64-conda-linux-gnu/14.3.0/include/c++/algorithm:61,
                 from /home/irman/micromamba/envs/ros2_env/src/gmock_vendor/include/gmock/gmock-actions.h:44,
                 from /home/irman/micromamba/envs/ros2_env/src/gmock_vendor/include/gmock/gmock.h:59,
                 from /home/irman/Humanoid-VLA-Simulations/src/ros2_control/controller_manager/test/test_controller_manager_srvs.cpp:15:
/home/irman/micromamba/envs/ros2_env/lib/gcc/x86_64-conda-linux-gnu/14.3.0/include/c++/bits/stl_algo.h:4492:5: note: declared here
 4492 |     random_shuffle(_RandomAccessIterator __first, _RandomAccessIterator __last)
      |     ^~~~~~~~~~~~~~
[ 97%] Linking CXX executable test_controllers_chaining_with_controller_manager
[ 97%] Built target test_controllers_chaining_with_controller_manager
[100%] Linking CXX executable test_controller_manager_srvs
[100%] Built target test_controller_manager_srvs
-- Install configuration: ""
-- Installing: /home/irman/Humanoid-VLA-Simulations/install/controller_manager/share/controller_manager/test/test_controller/test_controller.xml
-- Installing: /home/irman/Humanoid-VLA-Simulations/install/controller_manager/lib/libtest_controller.so
-- Set non-toolchain portion of runtime path of "/home/irman/Humanoid-VLA-Simulations/install/controller_manager/lib/libtest_controller.so" to ""
-- Installing: /home/irman/Humanoid-VLA-Simulations/install/controller_manager/share/controller_manager/test/test_controller_failed_init/test_controller_failed_init.xml
-- Installing: /home/irman/Humanoid-VLA-Simulations/install/controller_manager/lib/libtest_controller_failed_init.so
-- Set non-toolchain portion of runtime path of "/home/irman/Humanoid-VLA-Simulations/install/controller_manager/lib/libtest_controller_failed_init.so" to ""
-- Installing: /home/irman/Humanoid-VLA-Simulations/install/controller_manager/share/controller_manager/test/test_chainable_controller/test_chainable_controller.xml
-- Installing: /home/irman/Humanoid-VLA-Simulations/install/controller_manager/lib/libtest_chainable_controller.so
-- Set non-toolchain portion of runtime path of "/home/irman/Humanoid-VLA-Simulations/install/controller_manager/lib/libtest_chainable_controller.so" to ""
-- Installing: /home/irman/Humanoid-VLA-Simulations/install/controller_manager/share/controller_manager/test/test_controller_with_interfaces/test_controller_with_interfaces.xml
-- Installing: /home/irman/Humanoid-VLA-Simulations/install/controller_manager/lib/libtest_controller_with_interfaces.so
-- Set non-toolchain portion of runtime path of "/home/irman/Humanoid-VLA-Simulations/install/controller_manager/lib/libtest_controller_with_interfaces.so" to ""
-- Installing: /home/irman/Humanoid-VLA-Simulations/install/controller_manager/share/controller_manager/test/test_controller_failed_activate/test_controller_failed_activate.xml
-- Installing: /home/irman/Humanoid-VLA-Simulations/install/controller_manager/lib/libtest_controller_failed_activate.so
-- Set non-toolchain portion of runtime path of "/home/irman/Humanoid-VLA-Simulations/install/controller_manager/lib/libtest_controller_failed_activate.so" to ""
-- Installing: /home/irman/Humanoid-VLA-Simulations/install/controller_manager/test/test_ros2_control_node.yaml
-- Installing: /home/irman/Humanoid-VLA-Simulations/install/controller_manager/test/test_controller_spawner_wildcard_entries.yaml
-- Installing: /home/irman/Humanoid-VLA-Simulations/install/controller_manager/test/test_controller_spawner_with_basic_controllers.yaml
-- Installing: /home/irman/Humanoid-VLA-Simulations/install/controller_manager/test/test_controller_spawner_with_interfaces.yaml
-- Installing: /home/irman/Humanoid-VLA-Simulations/install/controller_manager/test/test_controller_spawner_with_type.yaml
-- Installing: /home/irman/Humanoid-VLA-Simulations/install/controller_manager/include/controller_manager
-- Installing: /home/irman/Humanoid-VLA-Simulations/install/controller_manager/include/controller_manager/controller_manager
-- Installing: /home/irman/Humanoid-VLA-Simulations/install/controller_manager/include/controller_manager/controller_manager/visibility_control.h
-- Installing: /home/irman/Humanoid-VLA-Simulations/install/controller_manager/include/controller_manager/controller_manager/controller_manager.hpp
-- Installing: /home/irman/Humanoid-VLA-Simulations/install/controller_manager/include/controller_manager/controller_manager/controller_spec.hpp
-- Installing: /home/irman/Humanoid-VLA-Simulations/install/controller_manager/lib/libcontroller_manager.so
-- Set non-toolchain portion of runtime path of "/home/irman/Humanoid-VLA-Simulations/install/controller_manager/lib/libcontroller_manager.so" to ""
-- Installing: /home/irman/Humanoid-VLA-Simulations/install/controller_manager/lib/controller_manager/ros2_control_node
-- Set non-toolchain portion of runtime path of "/home/irman/Humanoid-VLA-Simulations/install/controller_manager/lib/controller_manager/ros2_control_node" to ""
-- Installing: /home/irman/Humanoid-VLA-Simulations/install/controller_manager/share/controller_manager/environment/pythonpath.sh
-- Installing: /home/irman/Humanoid-VLA-Simulations/install/controller_manager/share/controller_manager/environment/pythonpath.dsv
-- Installing: /home/irman/Humanoid-VLA-Simulations/install/controller_manager/lib/python3.11/site-packages/controller_manager-2.52.2-py3.11.egg-info
-- Installing: /home/irman/Humanoid-VLA-Simulations/install/controller_manager/lib/python3.11/site-packages/controller_manager-2.52.2-py3.11.egg-info/dependency_links.txt
-- Installing: /home/irman/Humanoid-VLA-Simulations/install/controller_manager/lib/python3.11/site-packages/controller_manager-2.52.2-py3.11.egg-info/entry_points.txt
-- Installing: /home/irman/Humanoid-VLA-Simulations/install/controller_manager/lib/python3.11/site-packages/controller_manager-2.52.2-py3.11.egg-info/SOURCES.txt
-- Installing: /home/irman/Humanoid-VLA-Simulations/install/controller_manager/lib/python3.11/site-packages/controller_manager-2.52.2-py3.11.egg-info/top_level.txt
-- Installing: /home/irman/Humanoid-VLA-Simulations/install/controller_manager/lib/python3.11/site-packages/controller_manager-2.52.2-py3.11.egg-info/PKG-INFO
-- Up-to-date: /home/irman/Humanoid-VLA-Simulations/install/controller_manager/lib/controller_manager/
-- Installing: /home/irman/Humanoid-VLA-Simulations/install/controller_manager/lib/controller_manager//spawner
-- Installing: /home/irman/Humanoid-VLA-Simulations/install/controller_manager/lib/controller_manager//hardware_spawner
-- Installing: /home/irman/Humanoid-VLA-Simulations/install/controller_manager/lib/controller_manager//unspawner
-- Installing: /home/irman/Humanoid-VLA-Simulations/install/controller_manager/lib/python3.11/site-packages/controller_manager
-- Installing: /home/irman/Humanoid-VLA-Simulations/install/controller_manager/lib/python3.11/site-packages/controller_manager/test_utils.py
-- Installing: /home/irman/Humanoid-VLA-Simulations/install/controller_manager/lib/python3.11/site-packages/controller_manager/hardware_spawner.py
-- Installing: /home/irman/Humanoid-VLA-Simulations/install/controller_manager/lib/python3.11/site-packages/controller_manager/__init__.py
-- Installing: /home/irman/Humanoid-VLA-Simulations/install/controller_manager/lib/python3.11/site-packages/controller_manager/unspawner.py
-- Installing: /home/irman/Humanoid-VLA-Simulations/install/controller_manager/lib/python3.11/site-packages/controller_manager/launch_utils.py
-- Installing: /home/irman/Humanoid-VLA-Simulations/install/controller_manager/lib/python3.11/site-packages/controller_manager/spawner.py
-- Installing: /home/irman/Humanoid-VLA-Simulations/install/controller_manager/lib/python3.11/site-packages/controller_manager/controller_manager_services.py
Listing 'lib/python3.11/site-packages/controller_manager'...
Can't list 'lib/python3.11/site-packages/controller_manager'
-- Installing: /home/irman/Humanoid-VLA-Simulations/install/controller_manager/share/ament_index/resource_index/package_run_dependencies/controller_manager
-- Installing: /home/irman/Humanoid-VLA-Simulations/install/controller_manager/share/ament_index/resource_index/parent_prefix_path/controller_manager
-- Installing: /home/irman/Humanoid-VLA-Simulations/install/controller_manager/share/controller_manager/environment/ament_prefix_path.sh
-- Installing: /home/irman/Humanoid-VLA-Simulations/install/controller_manager/share/controller_manager/environment/ament_prefix_path.dsv
-- Installing: /home/irman/Humanoid-VLA-Simulations/install/controller_manager/share/controller_manager/environment/path.sh
-- Installing: /home/irman/Humanoid-VLA-Simulations/install/controller_manager/share/controller_manager/environment/path.dsv
-- Installing: /home/irman/Humanoid-VLA-Simulations/install/controller_manager/share/controller_manager/local_setup.bash
-- Installing: /home/irman/Humanoid-VLA-Simulations/install/controller_manager/share/controller_manager/local_setup.sh
-- Installing: /home/irman/Humanoid-VLA-Simulations/install/controller_manager/share/controller_manager/local_setup.zsh
-- Installing: /home/irman/Humanoid-VLA-Simulations/install/controller_manager/share/controller_manager/local_setup.dsv
-- Installing: /home/irman/Humanoid-VLA-Simulations/install/controller_manager/share/controller_manager/package.dsv
-- Installing: /home/irman/Humanoid-VLA-Simulations/install/controller_manager/share/ament_index/resource_index/packages/controller_manager
-- Installing: /home/irman/Humanoid-VLA-Simulations/install/controller_manager/share/ament_index/resource_index/controller_interface__pluginlib__plugin/controller_manager
-- Installing: /home/irman/Humanoid-VLA-Simulations/install/controller_manager/share/controller_manager/cmake/export_controller_managerExport.cmake
-- Installing: /home/irman/Humanoid-VLA-Simulations/install/controller_manager/share/controller_manager/cmake/export_controller_managerExport-noconfig.cmake
-- Installing: /home/irman/Humanoid-VLA-Simulations/install/controller_manager/share/controller_manager/cmake/ament_cmake_export_targets-extras.cmake
-- Installing: /home/irman/Humanoid-VLA-Simulations/install/controller_manager/share/controller_manager/cmake/ament_cmake_export_dependencies-extras.cmake
-- Installing: /home/irman/Humanoid-VLA-Simulations/install/controller_manager/share/controller_manager/cmake/controller_managerConfig.cmake
-- Installing: /home/irman/Humanoid-VLA-Simulations/install/controller_manager/share/controller_manager/cmake/controller_managerConfig-version.cmake
-- Installing: /home/irman/Humanoid-VLA-Simulations/install/controller_manager/share/controller_manager/package.xml
-- Installing: /home/irman/Humanoid-VLA-Simulations/install/controller_manager/include/controller_manager/controller_manager/version.h
