[0.013s] Invoking command in '/home/irman/Humanoid-VLA-Simulations/build/controller_manager': AMENT_PREFIX_PATH=/home/irman/Humanoid-VLA-Simulations/install/hardware_interface_testing:/home/irman/Humanoid-VLA-Simulations/install/controller_interface:/home/irman/Humanoid-VLA-Simulations/install/hardware_interface:/home/irman/Humanoid-VLA-Simulations/install/ros2_control_test_assets:/home/irman/Humanoid-VLA-Simulations/install/controller_manager_msgs:${AMENT_PREFIX_PATH} CMAKE_PREFIX_PATH=/home/irman/Humanoid-VLA-Simulations/install/hardware_interface_testing:/home/irman/Humanoid-VLA-Simulations/install/controller_interface:/home/irman/Humanoid-VLA-Simulations/install/hardware_interface:/home/irman/Humanoid-VLA-Simulations/install/ros2_control_test_assets:/home/irman/Humanoid-VLA-Simulations/install/controller_manager_msgs:${CMAKE_PREFIX_PATH} CONDA_PROMPT_MODIFIER=(ros2_env) DEBUGINFOD_URLS=https://debuginfod.ubuntu.com LD_LIBRARY_PATH=/home/irman/Humanoid-VLA-Simulations/install/hardware_interface_testing/lib:/home/irman/Humanoid-VLA-Simulations/install/controller_interface/lib:/home/irman/Humanoid-VLA-Simulations/install/hardware_interface/lib:/home/irman/Humanoid-VLA-Simulations/install/controller_manager_msgs/lib:/home/irman/micromamba/envs/ros2_env/opt/rviz_ogre_vendor/lib:/home/irman/micromamba/envs/ros2_env/lib/gazebo-11/plugins:/home/irman/micromamba/envs/ros2_env/lib/gazebo-11/plugins:/home/irman/micromamba/envs/ros2_env/lib/gazebo-11/plugins:/home/irman/micromamba/envs/ros2_env/lib/gazebo-11/plugins:/home/irman/micromamba/envs/ros2_env/lib/gazebo-11/plugins:/home/irman/micromamba/envs/ros2_env/lib/gazebo-11/plugins PYTHONPATH=/home/irman/Humanoid-VLA-Simulations/install/controller_manager_msgs/lib/python3.11/site-packages:${PYTHONPATH} /home/irman/micromamba/envs/ros2_env/bin/cmake /home/irman/Humanoid-VLA-Simulations/src/ros2_control/controller_manager -DCMAKE_INSTALL_PREFIX=/home/irman/Humanoid-VLA-Simulations/install/controller_manager
[0.150s] -- The CXX compiler identification is GNU 14.3.0
[0.162s] -- Detecting CXX compiler ABI info
[0.257s] -- Detecting CXX compiler ABI info - done
[0.275s] -- Check for working CXX compiler: /home/irman/micromamba/envs/ros2_env/bin/x86_64-conda-linux-gnu-c++ - skipped
[0.276s] -- Detecting CXX compile features
[0.276s] -- Detecting CXX compile features - done
[0.294s] -- Found ament_cmake: 1.3.12 (/home/irman/micromamba/envs/ros2_env/share/ament_cmake/cmake)
[0.415s] -- Found Python3: /home/irman/micromamba/envs/ros2_env/bin/python3 (found version "3.11.14") found components: Interpreter
[0.587s] -- Found ament_index_cpp: 1.4.0 (/home/irman/micromamba/envs/ros2_env/share/ament_index_cpp/cmake)
[0.588s] -- Found controller_interface: 2.52.2 (/home/irman/Humanoid-VLA-Simulations/install/controller_interface/share/controller_interface/cmake)
[0.685s] -- Found rosidl_generator_c: 3.1.6 (/home/irman/micromamba/envs/ros2_env/share/rosidl_generator_c/cmake)
[0.699s] -- Found rosidl_adapter: 3.1.6 (/home/irman/micromamba/envs/ros2_env/share/rosidl_adapter/cmake)
[0.719s] -- Found rosidl_generator_cpp: 3.1.6 (/home/irman/micromamba/envs/ros2_env/share/rosidl_generator_cpp/cmake)
[0.742s] -- Using all available rosidl_typesupport_c: rosidl_typesupport_fastrtps_c;rosidl_typesupport_introspection_c
[0.777s] -- Using all available rosidl_typesupport_cpp: rosidl_typesupport_fastrtps_cpp;rosidl_typesupport_introspection_cpp
[1.047s] -- Found TinyXML2 via Config file: /home/irman/micromamba/envs/ros2_env/lib/cmake/tinyxml2
[1.161s] -- Checking for module 'yaml-0.1'
[1.281s] --   Found yaml-0.1, version 0.2.5
[1.603s] -- Found rmw_implementation_cmake: 6.1.2 (/home/irman/micromamba/envs/ros2_env/share/rmw_implementation_cmake/cmake)
[1.610s] -- Found rmw_fastrtps_cpp: 6.2.7 (/home/irman/micromamba/envs/ros2_env/share/rmw_fastrtps_cpp/cmake)
[1.665s] -- Found TinyXML2 via Config file: /home/irman/micromamba/envs/ros2_env/lib/cmake/tinyxml2
[2.125s] -- Found OpenSSL: /home/irman/micromamba/envs/ros2_env/lib/libcrypto.so (found version "3.5.4")
[2.128s] -- Found TinyXML2 via Config file: /home/irman/micromamba/envs/ros2_env/lib/cmake/tinyxml2
[2.168s] -- Found FastRTPS: /home/irman/micromamba/envs/ros2_env/include
[2.172s] -- Found TinyXML2 via Config file: /home/irman/micromamba/envs/ros2_env/lib/cmake/tinyxml2
[2.204s] -- Found TinyXML2 via Config file: /home/irman/micromamba/envs/ros2_env/lib/cmake/tinyxml2
[2.236s] -- Using RMW implementation 'rmw_fastrtps_cpp' as default
[2.254s] -- Performing Test CMAKE_HAVE_LIBC_PTHREAD
[2.353s] -- Performing Test CMAKE_HAVE_LIBC_PTHREAD - Success
[2.354s] -- Found Threads: TRUE
[2.450s] -- Found controller_manager_msgs: 2.52.2 (/home/irman/Humanoid-VLA-Simulations/install/controller_manager_msgs/share/controller_manager_msgs/cmake)
[2.474s] -- Found realtime_tools: 2.14.0 (/home/irman/micromamba/envs/ros2_env/share/realtime_tools/cmake)
[2.509s] -- Found ament_cmake_gmock: 1.3.12 (/home/irman/micromamba/envs/ros2_env/share/ament_cmake_gmock/cmake)
[2.511s] -- Found ros2_control_test_assets: 2.52.2 (/home/irman/Humanoid-VLA-Simulations/install/ros2_control_test_assets/share/ros2_control_test_assets/cmake)
[2.519s] -- Found gmock sources under '/home/irman/micromamba/envs/ros2_env/src/gmock_vendor': C++ tests using 'Google Mock' will be built
[2.565s] -- The C compiler identification is GNU 14.3.0
[2.576s] -- Detecting C compiler ABI info
[2.655s] -- Detecting C compiler ABI info - done
[2.672s] -- Check for working C compiler: /home/irman/micromamba/envs/ros2_env/bin/x86_64-conda-linux-gnu-cc - skipped
[2.672s] -- Detecting C compile features
[2.672s] -- Detecting C compile features - done
[2.681s] CMake Deprecation Warning at /home/irman/micromamba/envs/ros2_env/src/gmock_vendor/CMakeLists.txt:2 (cmake_minimum_required):
[2.681s]   Compatibility with CMake < 3.10 will be removed from a future version of
[2.681s]   CMake.
[2.681s] 
[2.681s]   Update the VERSION argument <min> value.  Or, use the <min>...<max> syntax
[2.681s]   to tell CMake that the project requires at least <min> but has been updated
[2.681s]   to work with policies introduced by <max> or earlier.
[2.681s] 
[2.681s] 
[2.693s] -- Found ament_cmake_gtest: 1.3.12 (/home/irman/micromamba/envs/ros2_env/share/ament_cmake_gtest/cmake)
[2.694s] -- Found gtest sources under '/home/irman/micromamba/envs/ros2_env/src/gtest_vendor': C++ tests using 'Google Test' will be built
[2.699s] CMake Deprecation Warning at /home/irman/micromamba/envs/ros2_env/src/gtest_vendor/CMakeLists.txt:2 (cmake_minimum_required):
[2.699s]   Compatibility with CMake < 3.10 will be removed from a future version of
[2.699s]   CMake.
[2.699s] 
[2.699s]   Update the VERSION argument <min> value.  Or, use the <min>...<max> syntax
[2.699s]   to tell CMake that the project requires at least <min> but has been updated
[2.699s]   to work with policies introduced by <max> or earlier.
[2.699s] 
[2.699s] 
[2.709s] -- Found ament_cmake_pytest: 1.3.12 (/home/irman/micromamba/envs/ros2_env/share/ament_cmake_pytest/cmake)
[3.465s] -- Configuring done (3.4s)
[3.659s] -- Generating done (0.2s)
[3.689s] -- Build files have been written to: /home/irman/Humanoid-VLA-Simulations/build/controller_manager
[3.710s] Invoked command in '/home/irman/Humanoid-VLA-Simulations/build/controller_manager' returned '0': AMENT_PREFIX_PATH=/home/irman/Humanoid-VLA-Simulations/install/hardware_interface_testing:/home/irman/Humanoid-VLA-Simulations/install/controller_interface:/home/irman/Humanoid-VLA-Simulations/install/hardware_interface:/home/irman/Humanoid-VLA-Simulations/install/ros2_control_test_assets:/home/irman/Humanoid-VLA-Simulations/install/controller_manager_msgs:${AMENT_PREFIX_PATH} CMAKE_PREFIX_PATH=/home/irman/Humanoid-VLA-Simulations/install/hardware_interface_testing:/home/irman/Humanoid-VLA-Simulations/install/controller_interface:/home/irman/Humanoid-VLA-Simulations/install/hardware_interface:/home/irman/Humanoid-VLA-Simulations/install/ros2_control_test_assets:/home/irman/Humanoid-VLA-Simulations/install/controller_manager_msgs:${CMAKE_PREFIX_PATH} CONDA_PROMPT_MODIFIER=(ros2_env) DEBUGINFOD_URLS=https://debuginfod.ubuntu.com LD_LIBRARY_PATH=/home/irman/Humanoid-VLA-Simulations/install/hardware_interface_testing/lib:/home/irman/Humanoid-VLA-Simulations/install/controller_interface/lib:/home/irman/Humanoid-VLA-Simulations/install/hardware_interface/lib:/home/irman/Humanoid-VLA-Simulations/install/controller_manager_msgs/lib:/home/irman/micromamba/envs/ros2_env/opt/rviz_ogre_vendor/lib:/home/irman/micromamba/envs/ros2_env/lib/gazebo-11/plugins:/home/irman/micromamba/envs/ros2_env/lib/gazebo-11/plugins:/home/irman/micromamba/envs/ros2_env/lib/gazebo-11/plugins:/home/irman/micromamba/envs/ros2_env/lib/gazebo-11/plugins:/home/irman/micromamba/envs/ros2_env/lib/gazebo-11/plugins:/home/irman/micromamba/envs/ros2_env/lib/gazebo-11/plugins PYTHONPATH=/home/irman/Humanoid-VLA-Simulations/install/controller_manager_msgs/lib/python3.11/site-packages:${PYTHONPATH} /home/irman/micromamba/envs/ros2_env/bin/cmake /home/irman/Humanoid-VLA-Simulations/src/ros2_control/controller_manager -DCMAKE_INSTALL_PREFIX=/home/irman/Humanoid-VLA-Simulations/install/controller_manager
[3.711s] Invoking command in '/home/irman/Humanoid-VLA-Simulations/build/controller_manager': AMENT_PREFIX_PATH=/home/irman/Humanoid-VLA-Simulations/install/hardware_interface_testing:/home/irman/Humanoid-VLA-Simulations/install/controller_interface:/home/irman/Humanoid-VLA-Simulations/install/hardware_interface:/home/irman/Humanoid-VLA-Simulations/install/ros2_control_test_assets:/home/irman/Humanoid-VLA-Simulations/install/controller_manager_msgs:${AMENT_PREFIX_PATH} CMAKE_PREFIX_PATH=/home/irman/Humanoid-VLA-Simulations/install/hardware_interface_testing:/home/irman/Humanoid-VLA-Simulations/install/controller_interface:/home/irman/Humanoid-VLA-Simulations/install/hardware_interface:/home/irman/Humanoid-VLA-Simulations/install/ros2_control_test_assets:/home/irman/Humanoid-VLA-Simulations/install/controller_manager_msgs:${CMAKE_PREFIX_PATH} CONDA_PROMPT_MODIFIER=(ros2_env) DEBUGINFOD_URLS=https://debuginfod.ubuntu.com LD_LIBRARY_PATH=/home/irman/Humanoid-VLA-Simulations/install/hardware_interface_testing/lib:/home/irman/Humanoid-VLA-Simulations/install/controller_interface/lib:/home/irman/Humanoid-VLA-Simulations/install/hardware_interface/lib:/home/irman/Humanoid-VLA-Simulations/install/controller_manager_msgs/lib:/home/irman/micromamba/envs/ros2_env/opt/rviz_ogre_vendor/lib:/home/irman/micromamba/envs/ros2_env/lib/gazebo-11/plugins:/home/irman/micromamba/envs/ros2_env/lib/gazebo-11/plugins:/home/irman/micromamba/envs/ros2_env/lib/gazebo-11/plugins:/home/irman/micromamba/envs/ros2_env/lib/gazebo-11/plugins:/home/irman/micromamba/envs/ros2_env/lib/gazebo-11/plugins:/home/irman/micromamba/envs/ros2_env/lib/gazebo-11/plugins PYTHONPATH=/home/irman/Humanoid-VLA-Simulations/install/controller_manager_msgs/lib/python3.11/site-packages:${PYTHONPATH} /home/irman/micromamba/envs/ros2_env/bin/cmake --build /home/irman/Humanoid-VLA-Simulations/build/controller_manager -- -j16 -l16
[3.755s] [  5%] Generating controller_manager/version.h
[3.756s] [  5%] Building CXX object gmock/CMakeFiles/gmock_main.dir/src/gmock_main.cc.o
[3.756s] [ 10%] Building CXX object gmock/CMakeFiles/gmock.dir/src/gmock-all.cc.o
[3.756s] [ 10%] Building CXX object gmock/CMakeFiles/gmock.dir/home/irman/micromamba/envs/ros2_env/src/gtest_vendor/src/gtest-all.cc.o
[3.762s] [ 10%] Built target ament_cmake_python_copy_controller_manager
[3.762s] [ 10%] Built target ament_cmake_python_copy_controller_manager_setup
[3.770s] [ 10%] Built target ament_generate_version_header__controller_manager
[3.789s] [ 12%] Building CXX object CMakeFiles/controller_manager.dir/src/controller_manager.cpp.o
[3.941s] running install_scripts
[3.943s] running egg_info
[3.955s] creating controller_manager.egg-info
[3.955s] writing controller_manager.egg-info/PKG-INFO
[3.955s] writing dependency_links to controller_manager.egg-info/dependency_links.txt
[3.956s] writing entry points to controller_manager.egg-info/entry_points.txt
[3.956s] writing top-level names to controller_manager.egg-info/top_level.txt
[3.956s] writing manifest file 'controller_manager.egg-info/SOURCES.txt'
[3.977s] /home/irman/micromamba/envs/ros2_env/lib/python3.11/site-packages/setuptools/_distutils/cmd.py:90: SetuptoolsDeprecationWarning: setup.py install is deprecated.
[3.977s] !!
[3.978s] 
[3.978s]         ********************************************************************************
[3.978s]         Please avoid running ``setup.py`` directly.
[3.978s]         Instead, use pypa/build, pypa/installer or other
[3.978s]         standards-based tools.
[3.978s] 
[3.978s]         This deprecation is overdue, please update your project and remove deprecated
[3.978s]         calls to avoid build errors in the future.
[3.978s] 
[3.978s]         See https://blog.ganssle.io/articles/2021/10/setup-py-deprecated.html for details.
[3.978s]         ********************************************************************************
[3.978s] 
[3.978s] !!
[3.978s]   self.initialize_options()
[3.984s] running egg_info
[3.990s] reading manifest file 'controller_manager.egg-info/SOURCES.txt'
[3.991s] writing manifest file 'controller_manager.egg-info/SOURCES.txt'
[4.013s] writing controller_manager.egg-info/PKG-INFO
[4.014s] writing dependency_links to controller_manager.egg-info/dependency_links.txt
[4.014s] writing entry points to controller_manager.egg-info/entry_points.txt
[4.014s] writing top-level names to controller_manager.egg-info/top_level.txt
[4.036s] [ 12%] Built target ament_cmake_python_build_controller_manager_egg
[4.041s] reading manifest file 'controller_manager.egg-info/SOURCES.txt'
[4.041s] writing manifest file 'controller_manager.egg-info/SOURCES.txt'
[4.054s] Installing hardware_spawner script to scripts
[4.054s] Installing spawner script to scripts
[4.054s] Installing unspawner script to scripts
[4.098s] [ 12%] Built target ament_cmake_python_build_controller_manager_scripts
[4.900s] [ 15%] Linking CXX static library libgmock_main.a
[4.935s] [ 15%] Built target gmock_main
[10.535s] [ 17%] Linking CXX static library libgmock.a
[10.582s] [ 17%] Built target gmock
[26.524s] In file included from /home/irman/micromamba/envs/ros2_env/lib/gcc/x86_64-conda-linux-gnu/14.3.0/include/c++/bits/stl_tree.h:63,
[26.524s]                  from /home/irman/micromamba/envs/ros2_env/lib/gcc/x86_64-conda-linux-gnu/14.3.0/include/c++/map:62,
[26.524s]                  from /home/irman/Humanoid-VLA-Simulations/src/ros2_control/controller_manager/include/controller_manager/controller_manager.hpp:18,
[26.524s]                  from /home/irman/Humanoid-VLA-Simulations/src/ros2_control/controller_manager/src/controller_manager.cpp:15:
[26.524s] In static member function 'static _Up* std::__copy_move<_IsMove, true, std::random_access_iterator_tag>::__copy_m(_Tp*, _Tp*, _Up*) [with _Tp = const long unsigned int; _Up = long unsigned int; bool _IsMove = false]',
[26.524s]     inlined from '_OI std::__copy_move_a2(_II, _II, _OI) [with bool _IsMove = false; _II = const long unsigned int*; _OI = long unsigned int*]' at /home/irman/micromamba/envs/ros2_env/lib/gcc/x86_64-conda-linux-gnu/14.3.0/include/c++/bits/stl_algobase.h:521:30,
[26.524s]     inlined from '_OI std::__copy_move_a1(_II, _II, _OI) [with bool _IsMove = false; _II = const long unsigned int*; _OI = long unsigned int*]' at /home/irman/micromamba/envs/ros2_env/lib/gcc/x86_64-conda-linux-gnu/14.3.0/include/c++/bits/stl_algobase.h:548:42,
[26.524s]     inlined from '_OI std::__copy_move_a(_II, _II, _OI) [with bool _IsMove = false; _II = __gnu_cxx::__normal_iterator<const long unsigned int*, vector<long unsigned int> >; _OI = long unsigned int*]' at /home/irman/micromamba/envs/ros2_env/lib/gcc/x86_64-conda-linux-gnu/14.3.0/include/c++/bits/stl_algobase.h:555:31,
[26.524s]     inlined from '_OI std::copy(_II, _II, _OI) [with _II = __gnu_cxx::__normal_iterator<const long unsigned int*, vector<long unsigned int> >; _OI = long unsigned int*]' at /home/irman/micromamba/envs/ros2_env/lib/gcc/x86_64-conda-linux-gnu/14.3.0/include/c++/bits/stl_algobase.h:651:7,
[26.524s]     inlined from 'static _ForwardIterator std::__uninitialized_copy<true>::__uninit_copy(_InputIterator, _InputIterator, _ForwardIterator) [with _InputIterator = __gnu_cxx::__normal_iterator<const long unsigned int*, std::vector<long unsigned int> >; _ForwardIterator = long unsigned int*]' at /home/irman/micromamba/envs/ros2_env/lib/gcc/x86_64-conda-linux-gnu/14.3.0/include/c++/bits/stl_uninitialized.h:147:27,
[26.525s]     inlined from '_ForwardIterator std::uninitialized_copy(_InputIterator, _InputIterator, _ForwardIterator) [with _InputIterator = __gnu_cxx::__normal_iterator<const long unsigned int*, vector<long unsigned int> >; _ForwardIterator = long unsigned int*]' at /home/irman/micromamba/envs/ros2_env/lib/gcc/x86_64-conda-linux-gnu/14.3.0/include/c++/bits/stl_uninitialized.h:185:15,
[26.525s]     inlined from '_ForwardIterator std::__uninitialized_copy_a(_InputIterator, _InputIterator, _ForwardIterator, allocator<_Tp>&) [with _InputIterator = __gnu_cxx::__normal_iterator<const long unsigned int*, vector<long unsigned int> >; _ForwardIterator = long unsigned int*; _Tp = long unsigned int]' at /home/irman/micromamba/envs/ros2_env/lib/gcc/x86_64-conda-linux-gnu/14.3.0/include/c++/bits/stl_uninitialized.h:373:37,
[26.525s]     inlined from 'std::vector<_Tp, _Alloc>::vector(const std::vector<_Tp, _Alloc>&) [with _Tp = long unsigned int; _Alloc = std::allocator<long unsigned int>]' at /home/irman/micromamba/envs/ros2_env/lib/gcc/x86_64-conda-linux-gnu/14.3.0/include/c++/bits/stl_vector.h:609:31,
[26.525s]     inlined from 'void rclcpp::experimental::IntraProcessManager::do_intra_process_publish(uint64_t, std::unique_ptr<MessageT, Deleter>, typename std::allocator_traits<_NodeAlloc>::rebind_traits<MessageT>::allocator_type&) [with MessageT = statistics_msgs::msg::MetricsMessage_<std::allocator<void> >; ROSMessageType = statistics_msgs::msg::MetricsMessage_<std::allocator<void> >; Alloc = std::allocator<void>; Deleter = std::default_delete<statistics_msgs::msg::MetricsMessage_<std::allocator<void> > >]' at /home/irman/micromamba/envs/ros2_env/include/rclcpp/rclcpp/experimental/intra_process_manager.hpp:217:29:
[26.525s] /home/irman/micromamba/envs/ros2_env/lib/gcc/x86_64-conda-linux-gnu/14.3.0/include/c++/bits/stl_algobase.h:452:30: warning: 'void* __builtin_memmove(void*, const void*, long unsigned int)' forming offset 8 is out of the bounds [0, 8] [-Warray-bounds=]
[26.525s]   452 |             __builtin_memmove(__result, __first, sizeof(_Tp) * _Num);
[26.525s]       |             ~~~~~~~~~~~~~~~~~^~~~~~~~~~~~~~~~~~~~~~~~~~~~~~~~~~~~~~~
[26.525s] In static member function 'static _Up* std::__copy_move<_IsMove, true, std::random_access_iterator_tag>::__copy_m(_Tp*, _Tp*, _Up*) [with _Tp = const long unsigned int; _Up = long unsigned int; bool _IsMove = false]',
[26.525s]     inlined from '_OI std::__copy_move_a2(_II, _II, _OI) [with bool _IsMove = false; _II = const long unsigned int*; _OI = long unsigned int*]' at /home/irman/micromamba/envs/ros2_env/lib/gcc/x86_64-conda-linux-gnu/14.3.0/include/c++/bits/stl_algobase.h:521:30,
[26.525s]     inlined from '_OI std::__copy_move_a1(_II, _II, _OI) [with bool _IsMove = false; _II = const long unsigned int*; _OI = long unsigned int*]' at /home/irman/micromamba/envs/ros2_env/lib/gcc/x86_64-conda-linux-gnu/14.3.0/include/c++/bits/stl_algobase.h:548:42,
[26.525s]     inlined from '_OI std::__copy_move_a(_II, _II, _OI) [with bool _IsMove = false; _II = __gnu_cxx::__normal_iterator<const long unsigned int*, vector<long unsigned int> >; _OI = long unsigned int*]' at /home/irman/micromamba/envs/ros2_env/lib/gcc/x86_64-conda-linux-gnu/14.3.0/include/c++/bits/stl_algobase.h:555:31,
[26.525s]     inlined from '_OI std::copy(_II, _II, _OI) [with _II = __gnu_cxx::__normal_iterator<const long unsigned int*, vector<long unsigned int> >; _OI = long unsigned int*]' at /home/irman/micromamba/envs/ros2_env/lib/gcc/x86_64-conda-linux-gnu/14.3.0/include/c++/bits/stl_algobase.h:651:7,
[26.525s]     inlined from 'static _ForwardIterator std::__uninitialized_copy<true>::__uninit_copy(_InputIterator, _InputIterator, _ForwardIterator) [with _InputIterator = __gnu_cxx::__normal_iterator<const long unsigned int*, std::vector<long unsigned int> >; _ForwardIterator = long unsigned int*]' at /home/irman/micromamba/envs/ros2_env/lib/gcc/x86_64-conda-linux-gnu/14.3.0/include/c++/bits/stl_uninitialized.h:147:27,
[26.525s]     inlined from '_ForwardIterator std::uninitialized_copy(_InputIterator, _InputIterator, _ForwardIterator) [with _InputIterator = __gnu_cxx::__normal_iterator<const long unsigned int*, vector<long unsigned int> >; _ForwardIterator = long unsigned int*]' at /home/irman/micromamba/envs/ros2_env/lib/gcc/x86_64-conda-linux-gnu/14.3.0/include/c++/bits/stl_uninitialized.h:185:15,
[26.525s]     inlined from '_ForwardIterator std::__uninitialized_copy_a(_InputIterator, _InputIterator, _ForwardIterator, allocator<_Tp>&) [with _InputIterator = __gnu_cxx::__normal_iterator<const long unsigned int*, vector<long unsigned int> >; _ForwardIterator = long unsigned int*; _Tp = long unsigned int]' at /home/irman/micromamba/envs/ros2_env/lib/gcc/x86_64-conda-linux-gnu/14.3.0/include/c++/bits/stl_uninitialized.h:373:37,
[26.526s]     inlined from 'void std::vector<_Tp, _Alloc>::_M_range_insert(iterator, _ForwardIterator, _ForwardIterator, std::forward_iterator_tag) [with _ForwardIterator = __gnu_cxx::__normal_iterator<const long unsigned int*, std::vector<long unsigned int> >; _Tp = long unsigned int; _Alloc = std::allocator<long unsigned int>]' at /home/irman/micromamba/envs/ros2_env/lib/gcc/x86_64-conda-linux-gnu/14.3.0/include/c++/bits/vector.tcc:987:34,
[26.526s]     inlined from 'std::vector<_Tp, _Alloc>::iterator std::vector<_Tp, _Alloc>::insert(const_iterator, _InputIterator, _InputIterator) [with _InputIterator = __gnu_cxx::__normal_iterator<const long unsigned int*, std::vector<long unsigned int> >; <template-parameter-2-2> = void; _Tp = long unsigned int; _Alloc = std::allocator<long unsigned int>]' at /home/irman/micromamba/envs/ros2_env/lib/gcc/x86_64-conda-linux-gnu/14.3.0/include/c++/bits/stl_vector.h:1501:19,
[26.526s]     inlined from 'void rclcpp::experimental::IntraProcessManager::do_intra_process_publish(uint64_t, std::unique_ptr<MessageT, Deleter>, typename std::allocator_traits<_NodeAlloc>::rebind_traits<MessageT>::allocator_type&) [with MessageT = statistics_msgs::msg::MetricsMessage_<std::allocator<void> >; ROSMessageType = statistics_msgs::msg::MetricsMessage_<std::allocator<void> >; Alloc = std::allocator<void>; Deleter = std::default_delete<statistics_msgs::msg::MetricsMessage_<std::allocator<void> > >]' at /home/irman/micromamba/envs/ros2_env/include/rclcpp/rclcpp/experimental/intra_process_manager.hpp:218:33:
[26.526s] /home/irman/micromamba/envs/ros2_env/lib/gcc/x86_64-conda-linux-gnu/14.3.0/include/c++/bits/stl_algobase.h:452:30: warning: 'void* __builtin_memmove(void*, const void*, long unsigned int)' forming offset 8 is out of the bounds [0, 8] [-Warray-bounds=]
[26.526s]   452 |             __builtin_memmove(__result, __first, sizeof(_Tp) * _Num);
[26.526s]       |             ~~~~~~~~~~~~~~~~~^~~~~~~~~~~~~~~~~~~~~~~~~~~~~~~~~~~~~~~
[31.484s] [ 20%] Linking CXX shared library libcontroller_manager.so
[31.724s] [ 20%] Built target controller_manager
[31.745s] [ 30%] Building CXX object CMakeFiles/ros2_control_node.dir/src/ros2_control_node.cpp.o
[31.745s] [ 30%] Building CXX object CMakeFiles/test_chainable_controller.dir/test/test_chainable_controller/test_chainable_controller.cpp.o
[31.745s] [ 30%] Building CXX object CMakeFiles/test_controller_failed_init.dir/test/test_controller_failed_init/test_controller_failed_init.cpp.o
[31.745s] [ 32%] Building CXX object CMakeFiles/test_controller.dir/test/test_controller/test_controller.cpp.o
[31.745s] [ 32%] Building CXX object CMakeFiles/test_controller_manager_urdf_passing.dir/test/test_controller_manager_urdf_passing.cpp.o
[31.745s] [ 35%] Building CXX object CMakeFiles/test_controller_with_interfaces.dir/test/test_controller_with_interfaces/test_controller_with_interfaces.cpp.o
[31.746s] [ 37%] Building CXX object CMakeFiles/test_controller_failed_activate.dir/test/test_controller_failed_activate/test_controller_failed_activate.cpp.o
[31.747s] [ 40%] Building CXX object CMakeFiles/test_hardware_spawner.dir/test/test_hardware_spawner.cpp.o
[36.630s] [ 42%] Linking CXX shared library libtest_controller.so
[36.805s] [ 42%] Built target test_controller
[36.829s] [ 45%] Building CXX object CMakeFiles/test_controller_manager.dir/test/test_controller_manager.cpp.o
[36.829s] [ 47%] Building CXX object CMakeFiles/test_controller_manager_with_namespace.dir/test/test_controller_manager_with_namespace.cpp.o
[36.831s] [ 52%] Building CXX object CMakeFiles/test_hardware_management_srvs.dir/test/test_hardware_management_srvs.cpp.o
[36.831s] [ 52%] Building CXX object CMakeFiles/test_spawner_unspawner.dir/test/test_spawner_unspawner.cpp.o
[37.258s] [ 55%] Linking CXX shared library libtest_controller_failed_activate.so
[37.341s] [ 57%] Linking CXX shared library libtest_controller_with_interfaces.so
[37.471s] [ 60%] Linking CXX shared library libtest_controller_failed_init.so
[37.493s] [ 60%] Built target test_controller_failed_activate
[37.591s] [ 60%] Built target test_controller_with_interfaces
[37.622s] [ 62%] Building CXX object CMakeFiles/test_release_interfaces.dir/test/test_release_interfaces.cpp.o
[37.702s] [ 62%] Built target test_controller_failed_init
[37.729s] [ 65%] Building CXX object CMakeFiles/test_load_controller.dir/test/test_load_controller.cpp.o
[38.214s] [ 67%] Linking CXX executable ros2_control_node
[38.439s] [ 67%] Built target ros2_control_node
[40.565s] [ 70%] Linking CXX executable test_controller_manager_urdf_passing
[41.014s] [ 70%] Built target test_controller_manager_urdf_passing
[43.205s] [ 72%] Linking CXX executable test_hardware_spawner
[43.506s] [ 72%] Built target test_hardware_spawner
[45.468s] In file included from /home/irman/micromamba/envs/ros2_env/lib/gcc/x86_64-conda-linux-gnu/14.3.0/include/c++/bits/stl_uninitialized.h:63,
[45.469s]                  from /home/irman/micromamba/envs/ros2_env/lib/gcc/x86_64-conda-linux-gnu/14.3.0/include/c++/memory:69,
[45.469s]                  from /home/irman/Humanoid-VLA-Simulations/src/ros2_control/controller_manager/test/test_chainable_controller/test_chainable_controller.hpp:18,
[45.469s]                  from /home/irman/Humanoid-VLA-Simulations/src/ros2_control/controller_manager/test/test_chainable_controller/test_chainable_controller.cpp:15:
[45.469s] In static member function 'static _Up* std::__copy_move<_IsMove, true, std::random_access_iterator_tag>::__copy_m(_Tp*, _Tp*, _Up*) [with _Tp = const long unsigned int; _Up = long unsigned int; bool _IsMove = false]',
[45.469s]     inlined from '_OI std::__copy_move_a2(_II, _II, _OI) [with bool _IsMove = false; _II = const long unsigned int*; _OI = long unsigned int*]' at /home/irman/micromamba/envs/ros2_env/lib/gcc/x86_64-conda-linux-gnu/14.3.0/include/c++/bits/stl_algobase.h:521:30,
[45.469s]     inlined from '_OI std::__copy_move_a1(_II, _II, _OI) [with bool _IsMove = false; _II = const long unsigned int*; _OI = long unsigned int*]' at /home/irman/micromamba/envs/ros2_env/lib/gcc/x86_64-conda-linux-gnu/14.3.0/include/c++/bits/stl_algobase.h:548:42,
[45.469s]     inlined from '_OI std::__copy_move_a(_II, _II, _OI) [with bool _IsMove = false; _II = __gnu_cxx::__normal_iterator<const long unsigned int*, vector<long unsigned int> >; _OI = long unsigned int*]' at /home/irman/micromamba/envs/ros2_env/lib/gcc/x86_64-conda-linux-gnu/14.3.0/include/c++/bits/stl_algobase.h:555:31,
[45.469s]     inlined from '_OI std::copy(_II, _II, _OI) [with _II = __gnu_cxx::__normal_iterator<const long unsigned int*, vector<long unsigned int> >; _OI = long unsigned int*]' at /home/irman/micromamba/envs/ros2_env/lib/gcc/x86_64-conda-linux-gnu/14.3.0/include/c++/bits/stl_algobase.h:651:7,
[45.469s]     inlined from 'static _ForwardIterator std::__uninitialized_copy<true>::__uninit_copy(_InputIterator, _InputIterator, _ForwardIterator) [with _InputIterator = __gnu_cxx::__normal_iterator<const long unsigned int*, std::vector<long unsigned int> >; _ForwardIterator = long unsigned int*]' at /home/irman/micromamba/envs/ros2_env/lib/gcc/x86_64-conda-linux-gnu/14.3.0/include/c++/bits/stl_uninitialized.h:147:27,
[45.469s]     inlined from '_ForwardIterator std::uninitialized_copy(_InputIterator, _InputIterator, _ForwardIterator) [with _InputIterator = __gnu_cxx::__normal_iterator<const long unsigned int*, vector<long unsigned int> >; _ForwardIterator = long unsigned int*]' at /home/irman/micromamba/envs/ros2_env/lib/gcc/x86_64-conda-linux-gnu/14.3.0/include/c++/bits/stl_uninitialized.h:185:15,
[45.470s]     inlined from '_ForwardIterator std::__uninitialized_copy_a(_InputIterator, _InputIterator, _ForwardIterator, allocator<_Tp>&) [with _InputIterator = __gnu_cxx::__normal_iterator<const long unsigned int*, vector<long unsigned int> >; _ForwardIterator = long unsigned int*; _Tp = long unsigned int]' at /home/irman/micromamba/envs/ros2_env/lib/gcc/x86_64-conda-linux-gnu/14.3.0/include/c++/bits/stl_uninitialized.h:373:37,
[45.470s]     inlined from 'std::vector<_Tp, _Alloc>::vector(const std::vector<_Tp, _Alloc>&) [with _Tp = long unsigned int; _Alloc = std::allocator<long unsigned int>]' at /home/irman/micromamba/envs/ros2_env/lib/gcc/x86_64-conda-linux-gnu/14.3.0/include/c++/bits/stl_vector.h:609:31,
[45.470s]     inlined from 'void rclcpp::experimental::IntraProcessManager::do_intra_process_publish(uint64_t, std::unique_ptr<MessageT, Deleter>, typename std::allocator_traits<_Allocator>::rebind_traits<MessageT>::allocator_type&) [with MessageT = statistics_msgs::msg::MetricsMessage_<std::allocator<void> >; ROSMessageType = statistics_msgs::msg::MetricsMessage_<std::allocator<void> >; Alloc = std::allocator<void>; Deleter = std::default_delete<statistics_msgs::msg::MetricsMessage_<std::allocator<void> > >]' at /home/irman/micromamba/envs/ros2_env/include/rclcpp/rclcpp/experimental/intra_process_manager.hpp:217:29:
[45.470s] /home/irman/micromamba/envs/ros2_env/lib/gcc/x86_64-conda-linux-gnu/14.3.0/include/c++/bits/stl_algobase.h:452:30: warning: 'void* __builtin_memmove(void*, const void*, long unsigned int)' forming offset 8 is out of the bounds [0, 8] [-Warray-bounds=]
[45.470s]   452 |             __builtin_memmove(__result, __first, sizeof(_Tp) * _Num);
[45.470s]       |             ~~~~~~~~~~~~~~~~~^~~~~~~~~~~~~~~~~~~~~~~~~~~~~~~~~~~~~~~
[45.470s] In static member function 'static _Up* std::__copy_move<_IsMove, true, std::random_access_iterator_tag>::__copy_m(_Tp*, _Tp*, _Up*) [with _Tp = const long unsigned int; _Up = long unsigned int; bool _IsMove = false]',
[45.470s]     inlined from '_OI std::__copy_move_a2(_II, _II, _OI) [with bool _IsMove = false; _II = const long unsigned int*; _OI = long unsigned int*]' at /home/irman/micromamba/envs/ros2_env/lib/gcc/x86_64-conda-linux-gnu/14.3.0/include/c++/bits/stl_algobase.h:521:30,
[45.470s]     inlined from '_OI std::__copy_move_a1(_II, _II, _OI) [with bool _IsMove = false; _II = const long unsigned int*; _OI = long unsigned int*]' at /home/irman/micromamba/envs/ros2_env/lib/gcc/x86_64-conda-linux-gnu/14.3.0/include/c++/bits/stl_algobase.h:548:42,
[45.470s]     inlined from '_OI std::__copy_move_a(_II, _II, _OI) [with bool _IsMove = false; _II = __gnu_cxx::__normal_iterator<const long unsigned int*, vector<long unsigned int> >; _OI = long unsigned int*]' at /home/irman/micromamba/envs/ros2_env/lib/gcc/x86_64-conda-linux-gnu/14.3.0/include/c++/bits/stl_algobase.h:555:31,
[45.470s]     inlined from '_OI std::copy(_II, _II, _OI) [with _II = __gnu_cxx::__normal_iterator<const long unsigned int*, vector<long unsigned int> >; _OI = long unsigned int*]' at /home/irman/micromamba/envs/ros2_env/lib/gcc/x86_64-conda-linux-gnu/14.3.0/include/c++/bits/stl_algobase.h:651:7,
[45.470s]     inlined from 'static _ForwardIterator std::__uninitialized_copy<true>::__uninit_copy(_InputIterator, _InputIterator, _ForwardIterator) [with _InputIterator = __gnu_cxx::__normal_iterator<const long unsigned int*, std::vector<long unsigned int> >; _ForwardIterator = long unsigned int*]' at /home/irman/micromamba/envs/ros2_env/lib/gcc/x86_64-conda-linux-gnu/14.3.0/include/c++/bits/stl_uninitialized.h:147:27,
[45.470s]     inlined from '_ForwardIterator std::uninitialized_copy(_InputIterator, _InputIterator, _ForwardIterator) [with _InputIterator = __gnu_cxx::__normal_iterator<const long unsigned int*, vector<long unsigned int> >; _ForwardIterator = long unsigned int*]' at /home/irman/micromamba/envs/ros2_env/lib/gcc/x86_64-conda-linux-gnu/14.3.0/include/c++/bits/stl_uninitialized.h:185:15,
[45.471s]     inlined from '_ForwardIterator std::__uninitialized_copy_a(_InputIterator, _InputIterator, _ForwardIterator, allocator<_Tp>&) [with _InputIterator = __gnu_cxx::__normal_iterator<const long unsigned int*, vector<long unsigned int> >; _ForwardIterator = long unsigned int*; _Tp = long unsigned int]' at /home/irman/micromamba/envs/ros2_env/lib/gcc/x86_64-conda-linux-gnu/14.3.0/include/c++/bits/stl_uninitialized.h:373:37,
[45.471s]     inlined from 'void std::vector<_Tp, _Alloc>::_M_range_insert(iterator, _ForwardIterator, _ForwardIterator, std::forward_iterator_tag) [with _ForwardIterator = __gnu_cxx::__normal_iterator<const long unsigned int*, std::vector<long unsigned int> >; _Tp = long unsigned int; _Alloc = std::allocator<long unsigned int>]' at /home/irman/micromamba/envs/ros2_env/lib/gcc/x86_64-conda-linux-gnu/14.3.0/include/c++/bits/vector.tcc:987:34,
[45.471s]     inlined from 'std::vector<_Tp, _Alloc>::iterator std::vector<_Tp, _Alloc>::insert(const_iterator, _InputIterator, _InputIterator) [with _InputIterator = __gnu_cxx::__normal_iterator<const long unsigned int*, std::vector<long unsigned int> >; <template-parameter-2-2> = void; _Tp = long unsigned int; _Alloc = std::allocator<long unsigned int>]' at /home/irman/micromamba/envs/ros2_env/lib/gcc/x86_64-conda-linux-gnu/14.3.0/include/c++/bits/stl_vector.h:1501:19,
[45.471s]     inlined from 'void rclcpp::experimental::IntraProcessManager::do_intra_process_publish(uint64_t, std::unique_ptr<MessageT, Deleter>, typename std::allocator_traits<_Allocator>::rebind_traits<MessageT>::allocator_type&) [with MessageT = statistics_msgs::msg::MetricsMessage_<std::allocator<void> >; ROSMessageType = statistics_msgs::msg::MetricsMessage_<std::allocator<void> >; Alloc = std::allocator<void>; Deleter = std::default_delete<statistics_msgs::msg::MetricsMessage_<std::allocator<void> > >]' at /home/irman/micromamba/envs/ros2_env/include/rclcpp/rclcpp/experimental/intra_process_manager.hpp:218:33:
[45.471s] /home/irman/micromamba/envs/ros2_env/lib/gcc/x86_64-conda-linux-gnu/14.3.0/include/c++/bits/stl_algobase.h:452:30: warning: 'void* __builtin_memmove(void*, const void*, long unsigned int)' forming offset 8 is out of the bounds [0, 8] [-Warray-bounds=]
[45.471s]   452 |             __builtin_memmove(__result, __first, sizeof(_Tp) * _Num);
[45.471s]       |             ~~~~~~~~~~~~~~~~~^~~~~~~~~~~~~~~~~~~~~~~~~~~~~~~~~~~~~~~
[47.622s] [ 75%] Linking CXX executable test_controller_manager_with_namespace
[47.900s] [ 77%] Linking CXX shared library libtest_chainable_controller.so
[47.914s] [ 77%] Built target test_controller_manager_with_namespace
[48.144s] [ 77%] Built target test_chainable_controller
[48.174s] [ 82%] Building CXX object CMakeFiles/test_controllers_chaining_with_controller_manager.dir/test/test_controllers_chaining_with_controller_manager.cpp.o
[48.174s] [ 82%] Building CXX object CMakeFiles/test_controller_manager_srvs.dir/test/test_controller_manager_srvs.cpp.o
[48.883s] [ 85%] Linking CXX executable test_release_interfaces
[49.161s] [ 85%] Built target test_release_interfaces
[49.769s] [ 87%] Linking CXX executable test_hardware_management_srvs
[50.034s] [ 87%] Built target test_hardware_management_srvs
[50.584s] [ 90%] Linking CXX executable test_controller_manager
[50.857s] [ 90%] Built target test_controller_manager
[51.309s] [ 92%] Linking CXX executable test_load_controller
[51.589s] [ 92%] Built target test_load_controller
[52.408s] [ 95%] Linking CXX executable test_spawner_unspawner
[52.661s] [ 95%] Built target test_spawner_unspawner
[52.792s] /home/irman/Humanoid-VLA-Simulations/src/ros2_control/controller_manager/test/test_controller_manager_srvs.cpp: In member function 'virtual void TestControllerManagerSrvs_list_sorted_large_chained_controller_tree_Test::TestBody()':
[52.792s] /home/irman/Humanoid-VLA-Simulations/src/ros2_control/controller_manager/test/test_controller_manager_srvs.cpp:1497:22: warning: 'void std::random_shuffle(_RAIter, _RAIter) [with _RAIter = __gnu_cxx::__normal_iterator<__cxx11::basic_string<char>*, vector<__cxx11::basic_string<char> > >]' is deprecated: use 'std::shuffle' instead [-Wdeprecated-declarations]
[52.793s]  1497 |   std::random_shuffle(controllers_list.begin(), controllers_list.end());
[52.793s]       |   ~~~~~~~~~~~~~~~~~~~^~~~~~~~~~~~~~~~~~~~~~~~~~~~~~~~~~~~~~~~~~~~~~~~~~
[52.793s] In file included from /home/irman/micromamba/envs/ros2_env/lib/gcc/x86_64-conda-linux-gnu/14.3.0/include/c++/algorithm:61,
[52.793s]                  from /home/irman/micromamba/envs/ros2_env/src/gmock_vendor/include/gmock/gmock-actions.h:44,
[52.793s]                  from /home/irman/micromamba/envs/ros2_env/src/gmock_vendor/include/gmock/gmock.h:59,
[52.793s]                  from /home/irman/Humanoid-VLA-Simulations/src/ros2_control/controller_manager/test/test_controller_manager_srvs.cpp:15:
[52.793s] /home/irman/micromamba/envs/ros2_env/lib/gcc/x86_64-conda-linux-gnu/14.3.0/include/c++/bits/stl_algo.h:4492:5: note: declared here
[52.793s]  4492 |     random_shuffle(_RandomAccessIterator __first, _RandomAccessIterator __last)
[52.793s]       |     ^~~~~~~~~~~~~~
[57.839s] [ 97%] Linking CXX executable test_controllers_chaining_with_controller_manager
[58.050s] [ 97%] Built target test_controllers_chaining_with_controller_manager
[65.672s] [100%] Linking CXX executable test_controller_manager_srvs
[65.877s] [100%] Built target test_controller_manager_srvs
[65.891s] Invoked command in '/home/irman/Humanoid-VLA-Simulations/build/controller_manager' returned '0': AMENT_PREFIX_PATH=/home/irman/Humanoid-VLA-Simulations/install/hardware_interface_testing:/home/irman/Humanoid-VLA-Simulations/install/controller_interface:/home/irman/Humanoid-VLA-Simulations/install/hardware_interface:/home/irman/Humanoid-VLA-Simulations/install/ros2_control_test_assets:/home/irman/Humanoid-VLA-Simulations/install/controller_manager_msgs:${AMENT_PREFIX_PATH} CMAKE_PREFIX_PATH=/home/irman/Humanoid-VLA-Simulations/install/hardware_interface_testing:/home/irman/Humanoid-VLA-Simulations/install/controller_interface:/home/irman/Humanoid-VLA-Simulations/install/hardware_interface:/home/irman/Humanoid-VLA-Simulations/install/ros2_control_test_assets:/home/irman/Humanoid-VLA-Simulations/install/controller_manager_msgs:${CMAKE_PREFIX_PATH} CONDA_PROMPT_MODIFIER=(ros2_env) DEBUGINFOD_URLS=https://debuginfod.ubuntu.com LD_LIBRARY_PATH=/home/irman/Humanoid-VLA-Simulations/install/hardware_interface_testing/lib:/home/irman/Humanoid-VLA-Simulations/install/controller_interface/lib:/home/irman/Humanoid-VLA-Simulations/install/hardware_interface/lib:/home/irman/Humanoid-VLA-Simulations/install/controller_manager_msgs/lib:/home/irman/micromamba/envs/ros2_env/opt/rviz_ogre_vendor/lib:/home/irman/micromamba/envs/ros2_env/lib/gazebo-11/plugins:/home/irman/micromamba/envs/ros2_env/lib/gazebo-11/plugins:/home/irman/micromamba/envs/ros2_env/lib/gazebo-11/plugins:/home/irman/micromamba/envs/ros2_env/lib/gazebo-11/plugins:/home/irman/micromamba/envs/ros2_env/lib/gazebo-11/plugins:/home/irman/micromamba/envs/ros2_env/lib/gazebo-11/plugins PYTHONPATH=/home/irman/Humanoid-VLA-Simulations/install/controller_manager_msgs/lib/python3.11/site-packages:${PYTHONPATH} /home/irman/micromamba/envs/ros2_env/bin/cmake --build /home/irman/Humanoid-VLA-Simulations/build/controller_manager -- -j16 -l16
[65.893s] Invoking command in '/home/irman/Humanoid-VLA-Simulations/build/controller_manager': AMENT_PREFIX_PATH=/home/irman/Humanoid-VLA-Simulations/install/hardware_interface_testing:/home/irman/Humanoid-VLA-Simulations/install/controller_interface:/home/irman/Humanoid-VLA-Simulations/install/hardware_interface:/home/irman/Humanoid-VLA-Simulations/install/ros2_control_test_assets:/home/irman/Humanoid-VLA-Simulations/install/controller_manager_msgs:${AMENT_PREFIX_PATH} CMAKE_PREFIX_PATH=/home/irman/Humanoid-VLA-Simulations/install/hardware_interface_testing:/home/irman/Humanoid-VLA-Simulations/install/controller_interface:/home/irman/Humanoid-VLA-Simulations/install/hardware_interface:/home/irman/Humanoid-VLA-Simulations/install/ros2_control_test_assets:/home/irman/Humanoid-VLA-Simulations/install/controller_manager_msgs:${CMAKE_PREFIX_PATH} CONDA_PROMPT_MODIFIER=(ros2_env) DEBUGINFOD_URLS=https://debuginfod.ubuntu.com LD_LIBRARY_PATH=/home/irman/Humanoid-VLA-Simulations/install/hardware_interface_testing/lib:/home/irman/Humanoid-VLA-Simulations/install/controller_interface/lib:/home/irman/Humanoid-VLA-Simulations/install/hardware_interface/lib:/home/irman/Humanoid-VLA-Simulations/install/controller_manager_msgs/lib:/home/irman/micromamba/envs/ros2_env/opt/rviz_ogre_vendor/lib:/home/irman/micromamba/envs/ros2_env/lib/gazebo-11/plugins:/home/irman/micromamba/envs/ros2_env/lib/gazebo-11/plugins:/home/irman/micromamba/envs/ros2_env/lib/gazebo-11/plugins:/home/irman/micromamba/envs/ros2_env/lib/gazebo-11/plugins:/home/irman/micromamba/envs/ros2_env/lib/gazebo-11/plugins:/home/irman/micromamba/envs/ros2_env/lib/gazebo-11/plugins PYTHONPATH=/home/irman/Humanoid-VLA-Simulations/install/controller_manager_msgs/lib/python3.11/site-packages:${PYTHONPATH} /home/irman/micromamba/envs/ros2_env/bin/cmake --install /home/irman/Humanoid-VLA-Simulations/build/controller_manager
[65.900s] -- Install configuration: ""
[65.901s] -- Installing: /home/irman/Humanoid-VLA-Simulations/install/controller_manager/share/controller_manager/test/test_controller/test_controller.xml
[65.901s] -- Installing: /home/irman/Humanoid-VLA-Simulations/install/controller_manager/lib/libtest_controller.so
[65.901s] -- Set non-toolchain portion of runtime path of "/home/irman/Humanoid-VLA-Simulations/install/controller_manager/lib/libtest_controller.so" to ""
[65.901s] -- Installing: /home/irman/Humanoid-VLA-Simulations/install/controller_manager/share/controller_manager/test/test_controller_failed_init/test_controller_failed_init.xml
[65.902s] -- Installing: /home/irman/Humanoid-VLA-Simulations/install/controller_manager/lib/libtest_controller_failed_init.so
[65.902s] -- Set non-toolchain portion of runtime path of "/home/irman/Humanoid-VLA-Simulations/install/controller_manager/lib/libtest_controller_failed_init.so" to ""
[65.902s] -- Installing: /home/irman/Humanoid-VLA-Simulations/install/controller_manager/share/controller_manager/test/test_chainable_controller/test_chainable_controller.xml
[65.902s] -- Installing: /home/irman/Humanoid-VLA-Simulations/install/controller_manager/lib/libtest_chainable_controller.so
[65.903s] -- Set non-toolchain portion of runtime path of "/home/irman/Humanoid-VLA-Simulations/install/controller_manager/lib/libtest_chainable_controller.so" to ""
[65.904s] -- Installing: /home/irman/Humanoid-VLA-Simulations/install/controller_manager/share/controller_manager/test/test_controller_with_interfaces/test_controller_with_interfaces.xml
[65.904s] -- Installing: /home/irman/Humanoid-VLA-Simulations/install/controller_manager/lib/libtest_controller_with_interfaces.so
[65.904s] -- Set non-toolchain portion of runtime path of "/home/irman/Humanoid-VLA-Simulations/install/controller_manager/lib/libtest_controller_with_interfaces.so" to ""
[65.904s] -- Installing: /home/irman/Humanoid-VLA-Simulations/install/controller_manager/share/controller_manager/test/test_controller_failed_activate/test_controller_failed_activate.xml
[65.905s] -- Installing: /home/irman/Humanoid-VLA-Simulations/install/controller_manager/lib/libtest_controller_failed_activate.so
[65.905s] -- Set non-toolchain portion of runtime path of "/home/irman/Humanoid-VLA-Simulations/install/controller_manager/lib/libtest_controller_failed_activate.so" to ""
[65.905s] -- Installing: /home/irman/Humanoid-VLA-Simulations/install/controller_manager/test/test_ros2_control_node.yaml
[65.905s] -- Installing: /home/irman/Humanoid-VLA-Simulations/install/controller_manager/test/test_controller_spawner_wildcard_entries.yaml
[65.906s] -- Installing: /home/irman/Humanoid-VLA-Simulations/install/controller_manager/test/test_controller_spawner_with_basic_controllers.yaml
[65.906s] -- Installing: /home/irman/Humanoid-VLA-Simulations/install/controller_manager/test/test_controller_spawner_with_interfaces.yaml
[65.906s] -- Installing: /home/irman/Humanoid-VLA-Simulations/install/controller_manager/test/test_controller_spawner_with_type.yaml
[65.906s] -- Installing: /home/irman/Humanoid-VLA-Simulations/install/controller_manager/include/controller_manager
[65.906s] -- Installing: /home/irman/Humanoid-VLA-Simulations/install/controller_manager/include/controller_manager/controller_manager
[65.906s] -- Installing: /home/irman/Humanoid-VLA-Simulations/install/controller_manager/include/controller_manager/controller_manager/visibility_control.h
[65.906s] -- Installing: /home/irman/Humanoid-VLA-Simulations/install/controller_manager/include/controller_manager/controller_manager/controller_manager.hpp
[65.907s] -- Installing: /home/irman/Humanoid-VLA-Simulations/install/controller_manager/include/controller_manager/controller_manager/controller_spec.hpp
[65.907s] -- Installing: /home/irman/Humanoid-VLA-Simulations/install/controller_manager/lib/libcontroller_manager.so
[65.909s] -- Set non-toolchain portion of runtime path of "/home/irman/Humanoid-VLA-Simulations/install/controller_manager/lib/libcontroller_manager.so" to ""
[65.909s] -- Installing: /home/irman/Humanoid-VLA-Simulations/install/controller_manager/lib/controller_manager/ros2_control_node
[65.909s] -- Set non-toolchain portion of runtime path of "/home/irman/Humanoid-VLA-Simulations/install/controller_manager/lib/controller_manager/ros2_control_node" to ""
[65.909s] -- Installing: /home/irman/Humanoid-VLA-Simulations/install/controller_manager/share/controller_manager/environment/pythonpath.sh
[65.910s] -- Installing: /home/irman/Humanoid-VLA-Simulations/install/controller_manager/share/controller_manager/environment/pythonpath.dsv
[65.910s] -- Installing: /home/irman/Humanoid-VLA-Simulations/install/controller_manager/lib/python3.11/site-packages/controller_manager-2.52.2-py3.11.egg-info
[65.910s] -- Installing: /home/irman/Humanoid-VLA-Simulations/install/controller_manager/lib/python3.11/site-packages/controller_manager-2.52.2-py3.11.egg-info/dependency_links.txt
[65.910s] -- Installing: /home/irman/Humanoid-VLA-Simulations/install/controller_manager/lib/python3.11/site-packages/controller_manager-2.52.2-py3.11.egg-info/entry_points.txt
[65.910s] -- Installing: /home/irman/Humanoid-VLA-Simulations/install/controller_manager/lib/python3.11/site-packages/controller_manager-2.52.2-py3.11.egg-info/SOURCES.txt
[65.910s] -- Installing: /home/irman/Humanoid-VLA-Simulations/install/controller_manager/lib/python3.11/site-packages/controller_manager-2.52.2-py3.11.egg-info/top_level.txt
[65.910s] -- Installing: /home/irman/Humanoid-VLA-Simulations/install/controller_manager/lib/python3.11/site-packages/controller_manager-2.52.2-py3.11.egg-info/PKG-INFO
[65.911s] -- Up-to-date: /home/irman/Humanoid-VLA-Simulations/install/controller_manager/lib/controller_manager/
[65.911s] -- Installing: /home/irman/Humanoid-VLA-Simulations/install/controller_manager/lib/controller_manager//spawner
[65.911s] -- Installing: /home/irman/Humanoid-VLA-Simulations/install/controller_manager/lib/controller_manager//hardware_spawner
[65.911s] -- Installing: /home/irman/Humanoid-VLA-Simulations/install/controller_manager/lib/controller_manager//unspawner
[65.911s] -- Installing: /home/irman/Humanoid-VLA-Simulations/install/controller_manager/lib/python3.11/site-packages/controller_manager
[65.911s] -- Installing: /home/irman/Humanoid-VLA-Simulations/install/controller_manager/lib/python3.11/site-packages/controller_manager/test_utils.py
[65.911s] -- Installing: /home/irman/Humanoid-VLA-Simulations/install/controller_manager/lib/python3.11/site-packages/controller_manager/hardware_spawner.py
[65.911s] -- Installing: /home/irman/Humanoid-VLA-Simulations/install/controller_manager/lib/python3.11/site-packages/controller_manager/__init__.py
[65.912s] -- Installing: /home/irman/Humanoid-VLA-Simulations/install/controller_manager/lib/python3.11/site-packages/controller_manager/unspawner.py
[65.912s] -- Installing: /home/irman/Humanoid-VLA-Simulations/install/controller_manager/lib/python3.11/site-packages/controller_manager/launch_utils.py
[65.912s] -- Installing: /home/irman/Humanoid-VLA-Simulations/install/controller_manager/lib/python3.11/site-packages/controller_manager/spawner.py
[65.912s] -- Installing: /home/irman/Humanoid-VLA-Simulations/install/controller_manager/lib/python3.11/site-packages/controller_manager/controller_manager_services.py
[65.946s] Listing 'lib/python3.11/site-packages/controller_manager'...
[65.946s] Can't list 'lib/python3.11/site-packages/controller_manager'
[65.951s] -- Installing: /home/irman/Humanoid-VLA-Simulations/install/controller_manager/share/ament_index/resource_index/package_run_dependencies/controller_manager
[65.952s] -- Installing: /home/irman/Humanoid-VLA-Simulations/install/controller_manager/share/ament_index/resource_index/parent_prefix_path/controller_manager
[65.952s] -- Installing: /home/irman/Humanoid-VLA-Simulations/install/controller_manager/share/controller_manager/environment/ament_prefix_path.sh
[65.952s] -- Installing: /home/irman/Humanoid-VLA-Simulations/install/controller_manager/share/controller_manager/environment/ament_prefix_path.dsv
[65.952s] -- Installing: /home/irman/Humanoid-VLA-Simulations/install/controller_manager/share/controller_manager/environment/path.sh
[65.953s] -- Installing: /home/irman/Humanoid-VLA-Simulations/install/controller_manager/share/controller_manager/environment/path.dsv
[65.953s] -- Installing: /home/irman/Humanoid-VLA-Simulations/install/controller_manager/share/controller_manager/local_setup.bash
[65.953s] -- Installing: /home/irman/Humanoid-VLA-Simulations/install/controller_manager/share/controller_manager/local_setup.sh
[65.953s] -- Installing: /home/irman/Humanoid-VLA-Simulations/install/controller_manager/share/controller_manager/local_setup.zsh
[65.953s] -- Installing: /home/irman/Humanoid-VLA-Simulations/install/controller_manager/share/controller_manager/local_setup.dsv
[65.953s] -- Installing: /home/irman/Humanoid-VLA-Simulations/install/controller_manager/share/controller_manager/package.dsv
[65.953s] -- Installing: /home/irman/Humanoid-VLA-Simulations/install/controller_manager/share/ament_index/resource_index/packages/controller_manager
[65.954s] -- Installing: /home/irman/Humanoid-VLA-Simulations/install/controller_manager/share/ament_index/resource_index/controller_interface__pluginlib__plugin/controller_manager
[65.954s] -- Installing: /home/irman/Humanoid-VLA-Simulations/install/controller_manager/share/controller_manager/cmake/export_controller_managerExport.cmake
[65.954s] -- Installing: /home/irman/Humanoid-VLA-Simulations/install/controller_manager/share/controller_manager/cmake/export_controller_managerExport-noconfig.cmake
[65.954s] -- Installing: /home/irman/Humanoid-VLA-Simulations/install/controller_manager/share/controller_manager/cmake/ament_cmake_export_targets-extras.cmake
[65.954s] -- Installing: /home/irman/Humanoid-VLA-Simulations/install/controller_manager/share/controller_manager/cmake/ament_cmake_export_dependencies-extras.cmake
[65.955s] -- Installing: /home/irman/Humanoid-VLA-Simulations/install/controller_manager/share/controller_manager/cmake/controller_managerConfig.cmake
[65.955s] -- Installing: /home/irman/Humanoid-VLA-Simulations/install/controller_manager/share/controller_manager/cmake/controller_managerConfig-version.cmake
[65.955s] -- Installing: /home/irman/Humanoid-VLA-Simulations/install/controller_manager/share/controller_manager/package.xml
[65.955s] -- Installing: /home/irman/Humanoid-VLA-Simulations/install/controller_manager/include/controller_manager/controller_manager/version.h
[65.957s] Invoked command in '/home/irman/Humanoid-VLA-Simulations/build/controller_manager' returned '0': AMENT_PREFIX_PATH=/home/irman/Humanoid-VLA-Simulations/install/hardware_interface_testing:/home/irman/Humanoid-VLA-Simulations/install/controller_interface:/home/irman/Humanoid-VLA-Simulations/install/hardware_interface:/home/irman/Humanoid-VLA-Simulations/install/ros2_control_test_assets:/home/irman/Humanoid-VLA-Simulations/install/controller_manager_msgs:${AMENT_PREFIX_PATH} CMAKE_PREFIX_PATH=/home/irman/Humanoid-VLA-Simulations/install/hardware_interface_testing:/home/irman/Humanoid-VLA-Simulations/install/controller_interface:/home/irman/Humanoid-VLA-Simulations/install/hardware_interface:/home/irman/Humanoid-VLA-Simulations/install/ros2_control_test_assets:/home/irman/Humanoid-VLA-Simulations/install/controller_manager_msgs:${CMAKE_PREFIX_PATH} CONDA_PROMPT_MODIFIER=(ros2_env) DEBUGINFOD_URLS=https://debuginfod.ubuntu.com LD_LIBRARY_PATH=/home/irman/Humanoid-VLA-Simulations/install/hardware_interface_testing/lib:/home/irman/Humanoid-VLA-Simulations/install/controller_interface/lib:/home/irman/Humanoid-VLA-Simulations/install/hardware_interface/lib:/home/irman/Humanoid-VLA-Simulations/install/controller_manager_msgs/lib:/home/irman/micromamba/envs/ros2_env/opt/rviz_ogre_vendor/lib:/home/irman/micromamba/envs/ros2_env/lib/gazebo-11/plugins:/home/irman/micromamba/envs/ros2_env/lib/gazebo-11/plugins:/home/irman/micromamba/envs/ros2_env/lib/gazebo-11/plugins:/home/irman/micromamba/envs/ros2_env/lib/gazebo-11/plugins:/home/irman/micromamba/envs/ros2_env/lib/gazebo-11/plugins:/home/irman/micromamba/envs/ros2_env/lib/gazebo-11/plugins PYTHONPATH=/home/irman/Humanoid-VLA-Simulations/install/controller_manager_msgs/lib/python3.11/site-packages:${PYTHONPATH} /home/irman/micromamba/envs/ros2_env/bin/cmake --install /home/irman/Humanoid-VLA-Simulations/build/controller_manager
