[0.017s] Invoking command in '/home/irman/Humanoid-VLA-Simulations/build/g1_controller': AMENT_PREFIX_PATH=/home/irman/Humanoid-VLA-Simulations/install/joint_trajectory_controller:/home/irman/Humanoid-VLA-Simulations/install/joint_state_broadcaster:/home/irman/Humanoid-VLA-Simulations/install/controller_manager:/home/irman/Humanoid-VLA-Simulations/install/hardware_interface_testing:/home/irman/Humanoid-VLA-Simulations/install/controller_interface:/home/irman/Humanoid-VLA-Simulations/install/hardware_interface:/home/irman/Humanoid-VLA-Simulations/install/ros2_control_test_assets:/home/irman/Humanoid-VLA-Simulations/install/controller_manager_msgs:${AMENT_PREFIX_PATH} CMAKE_PREFIX_PATH=/home/irman/Humanoid-VLA-Simulations/install/joint_trajectory_controller:/home/irman/Humanoid-VLA-Simulations/install/joint_state_broadcaster:/home/irman/Humanoid-VLA-Simulations/install/controller_manager:/home/irman/Humanoid-VLA-Simulations/install/hardware_interface_testing:/home/irman/Humanoid-VLA-Simulations/install/controller_interface:/home/irman/Humanoid-VLA-Simulations/install/hardware_interface:/home/irman/Humanoid-VLA-Simulations/install/ros2_control_test_assets:/home/irman/Humanoid-VLA-Simulations/install/controller_manager_msgs:${CMAKE_PREFIX_PATH} CONDA_PROMPT_MODIFIER=(ros2_env) DEBUGINFOD_URLS=https://debuginfod.ubuntu.com LD_LIBRARY_PATH=/home/irman/Humanoid-VLA-Simulations/install/joint_trajectory_controller/lib:/home/irman/Humanoid-VLA-Simulations/install/joint_state_broadcaster/lib:/home/irman/Humanoid-VLA-Simulations/install/controller_manager/lib:/home/irman/Humanoid-VLA-Simulations/install/hardware_interface_testing/lib:/home/irman/Humanoid-VLA-Simulations/install/controller_interface/lib:/home/irman/Humanoid-VLA-Simulations/install/hardware_interface/lib:/home/irman/Humanoid-VLA-Simulations/install/controller_manager_msgs/lib:/home/irman/micromamba/envs/ros2_env/opt/rviz_ogre_vendor/lib:/home/irman/micromamba/envs/ros2_env/lib/gazebo-11/plugins PYTHONPATH=/home/irman/Humanoid-VLA-Simulations/install/controller_manager/lib/python3.11/site-packages:/home/irman/Humanoid-VLA-Simulations/install/controller_manager_msgs/lib/python3.11/site-packages:${PYTHONPATH} /home/irman/micromamba/envs/ros2_env/bin/cmake --build /home/irman/Humanoid-VLA-Simulations/build/g1_controller -- -j16 -l16
[0.033s] [0mCMake Deprecation Warning at CMakeLists.txt:1 (cmake_minimum_required):
[0.033s]   Compatibility with CMake < 3.10 will be removed from a future version of
[0.033s]   CMake.
[0.033s] 
[0.033s]   Update the VERSION argument <min> value.  Or, use the <min>...<max> syntax
[0.033s]   to tell CMake that the project requires at least <min> but has been updated
[0.033s]   to work with policies introduced by <max> or earlier.
[0.033s] 
[0.033s] [0m
[0.038s] -- Found ament_cmake: 1.3.12 (/home/irman/micromamba/envs/ros2_env/share/ament_cmake/cmake)
[0.186s] -- Found rclpy: 3.3.16 (/home/irman/micromamba/envs/ros2_env/share/rclpy/cmake)
[0.249s] -- Found ament_lint_auto: 0.12.12 (/home/irman/micromamba/envs/ros2_env/share/ament_lint_auto/cmake)
[0.318s] -- Added test 'copyright' to check source files copyright and LICENSE
[0.320s] -- Added test 'flake8' to check Python code syntax and style conventions
[0.320s] -- Added test 'lint_cmake' to check CMake code style
[0.320s] -- Added test 'pep257' to check Python code against some of the docstring style conventions in PEP 257
[0.321s] -- Added test 'xmllint' to check XML markup files
[0.322s] -- Configuring done (0.3s)
[0.326s] -- Generating done (0.0s)
[0.327s] -- Build files have been written to: /home/irman/Humanoid-VLA-Simulations/build/g1_controller
[0.357s] Built target ament_cmake_python_copy_g1_controller
[0.493s] running egg_info
[0.502s] writing g1_controller.egg-info/PKG-INFO
[0.502s] writing dependency_links to g1_controller.egg-info/dependency_links.txt
[0.502s] writing top-level names to g1_controller.egg-info/top_level.txt
[0.529s] reading manifest file 'g1_controller.egg-info/SOURCES.txt'
[0.530s] writing manifest file 'g1_controller.egg-info/SOURCES.txt'
[0.556s] Built target ament_cmake_python_build_g1_controller_egg
[0.564s] Invoked command in '/home/irman/Humanoid-VLA-Simulations/build/g1_controller' returned '0': AMENT_PREFIX_PATH=/home/irman/Humanoid-VLA-Simulations/install/joint_trajectory_controller:/home/irman/Humanoid-VLA-Simulations/install/joint_state_broadcaster:/home/irman/Humanoid-VLA-Simulations/install/controller_manager:/home/irman/Humanoid-VLA-Simulations/install/hardware_interface_testing:/home/irman/Humanoid-VLA-Simulations/install/controller_interface:/home/irman/Humanoid-VLA-Simulations/install/hardware_interface:/home/irman/Humanoid-VLA-Simulations/install/ros2_control_test_assets:/home/irman/Humanoid-VLA-Simulations/install/controller_manager_msgs:${AMENT_PREFIX_PATH} CMAKE_PREFIX_PATH=/home/irman/Humanoid-VLA-Simulations/install/joint_trajectory_controller:/home/irman/Humanoid-VLA-Simulations/install/joint_state_broadcaster:/home/irman/Humanoid-VLA-Simulations/install/controller_manager:/home/irman/Humanoid-VLA-Simulations/install/hardware_interface_testing:/home/irman/Humanoid-VLA-Simulations/install/controller_interface:/home/irman/Humanoid-VLA-Simulations/install/hardware_interface:/home/irman/Humanoid-VLA-Simulations/install/ros2_control_test_assets:/home/irman/Humanoid-VLA-Simulations/install/controller_manager_msgs:${CMAKE_PREFIX_PATH} CONDA_PROMPT_MODIFIER=(ros2_env) DEBUGINFOD_URLS=https://debuginfod.ubuntu.com LD_LIBRARY_PATH=/home/irman/Humanoid-VLA-Simulations/install/joint_trajectory_controller/lib:/home/irman/Humanoid-VLA-Simulations/install/joint_state_broadcaster/lib:/home/irman/Humanoid-VLA-Simulations/install/controller_manager/lib:/home/irman/Humanoid-VLA-Simulations/install/hardware_interface_testing/lib:/home/irman/Humanoid-VLA-Simulations/install/controller_interface/lib:/home/irman/Humanoid-VLA-Simulations/install/hardware_interface/lib:/home/irman/Humanoid-VLA-Simulations/install/controller_manager_msgs/lib:/home/irman/micromamba/envs/ros2_env/opt/rviz_ogre_vendor/lib:/home/irman/micromamba/envs/ros2_env/lib/gazebo-11/plugins PYTHONPATH=/home/irman/Humanoid-VLA-Simulations/install/controller_manager/lib/python3.11/site-packages:/home/irman/Humanoid-VLA-Simulations/install/controller_manager_msgs/lib/python3.11/site-packages:${PYTHONPATH} /home/irman/micromamba/envs/ros2_env/bin/cmake --build /home/irman/Humanoid-VLA-Simulations/build/g1_controller -- -j16 -l16
[0.572s] Invoking command in '/home/irman/Humanoid-VLA-Simulations/build/g1_controller': AMENT_PREFIX_PATH=/home/irman/Humanoid-VLA-Simulations/install/joint_trajectory_controller:/home/irman/Humanoid-VLA-Simulations/install/joint_state_broadcaster:/home/irman/Humanoid-VLA-Simulations/install/controller_manager:/home/irman/Humanoid-VLA-Simulations/install/hardware_interface_testing:/home/irman/Humanoid-VLA-Simulations/install/controller_interface:/home/irman/Humanoid-VLA-Simulations/install/hardware_interface:/home/irman/Humanoid-VLA-Simulations/install/ros2_control_test_assets:/home/irman/Humanoid-VLA-Simulations/install/controller_manager_msgs:${AMENT_PREFIX_PATH} CMAKE_PREFIX_PATH=/home/irman/Humanoid-VLA-Simulations/install/joint_trajectory_controller:/home/irman/Humanoid-VLA-Simulations/install/joint_state_broadcaster:/home/irman/Humanoid-VLA-Simulations/install/controller_manager:/home/irman/Humanoid-VLA-Simulations/install/hardware_interface_testing:/home/irman/Humanoid-VLA-Simulations/install/controller_interface:/home/irman/Humanoid-VLA-Simulations/install/hardware_interface:/home/irman/Humanoid-VLA-Simulations/install/ros2_control_test_assets:/home/irman/Humanoid-VLA-Simulations/install/controller_manager_msgs:${CMAKE_PREFIX_PATH} CONDA_PROMPT_MODIFIER=(ros2_env) DEBUGINFOD_URLS=https://debuginfod.ubuntu.com LD_LIBRARY_PATH=/home/irman/Humanoid-VLA-Simulations/install/joint_trajectory_controller/lib:/home/irman/Humanoid-VLA-Simulations/install/joint_state_broadcaster/lib:/home/irman/Humanoid-VLA-Simulations/install/controller_manager/lib:/home/irman/Humanoid-VLA-Simulations/install/hardware_interface_testing/lib:/home/irman/Humanoid-VLA-Simulations/install/controller_interface/lib:/home/irman/Humanoid-VLA-Simulations/install/hardware_interface/lib:/home/irman/Humanoid-VLA-Simulations/install/controller_manager_msgs/lib:/home/irman/micromamba/envs/ros2_env/opt/rviz_ogre_vendor/lib:/home/irman/micromamba/envs/ros2_env/lib/gazebo-11/plugins PYTHONPATH=/home/irman/Humanoid-VLA-Simulations/install/controller_manager/lib/python3.11/site-packages:/home/irman/Humanoid-VLA-Simulations/install/controller_manager_msgs/lib/python3.11/site-packages:${PYTHONPATH} /home/irman/micromamba/envs/ros2_env/bin/cmake --install /home/irman/Humanoid-VLA-Simulations/build/g1_controller
[0.577s] -- Install configuration: ""
[0.577s] -- Up-to-date: /home/irman/Humanoid-VLA-Simulations/install/g1_controller/share/g1_controller/environment/pythonpath.sh
[0.577s] -- Installing: /home/irman/Humanoid-VLA-Simulations/install/g1_controller/share/g1_controller/environment/pythonpath.dsv
[0.577s] -- Up-to-date: /home/irman/Humanoid-VLA-Simulations/install/g1_controller/lib/python3.11/site-packages/g1_controller-0.1.0-py3.11.egg-info
[0.577s] -- Installing: /home/irman/Humanoid-VLA-Simulations/install/g1_controller/lib/python3.11/site-packages/g1_controller-0.1.0-py3.11.egg-info/dependency_links.txt
[0.577s] -- Installing: /home/irman/Humanoid-VLA-Simulations/install/g1_controller/lib/python3.11/site-packages/g1_controller-0.1.0-py3.11.egg-info/SOURCES.txt
[0.578s] -- Installing: /home/irman/Humanoid-VLA-Simulations/install/g1_controller/lib/python3.11/site-packages/g1_controller-0.1.0-py3.11.egg-info/top_level.txt
[0.578s] -- Installing: /home/irman/Humanoid-VLA-Simulations/install/g1_controller/lib/python3.11/site-packages/g1_controller-0.1.0-py3.11.egg-info/PKG-INFO
[0.578s] -- Up-to-date: /home/irman/Humanoid-VLA-Simulations/install/g1_controller/lib/python3.11/site-packages/g1_controller
[0.578s] -- Up-to-date: /home/irman/Humanoid-VLA-Simulations/install/g1_controller/lib/python3.11/site-packages/g1_controller/__init__.py
[0.603s] Listing 'lib/python3.11/site-packages/g1_controller'...
[0.604s] Can't list 'lib/python3.11/site-packages/g1_controller'
[0.608s] -- Up-to-date: /home/irman/Humanoid-VLA-Simulations/install/g1_controller/lib/g1_controller/stand_controller.py
[0.608s] -- Up-to-date: /home/irman/Humanoid-VLA-Simulations/install/g1_controller/lib/g1_controller/zero_pose_controller.py
[0.608s] -- Up-to-date: /home/irman/Humanoid-VLA-Simulations/install/g1_controller/lib/g1_controller/gui_controller.py
[0.608s] -- Up-to-date: /home/irman/Humanoid-VLA-Simulations/install/g1_controller/lib/g1_controller/ros2_control_gui.py
[0.608s] -- Up-to-date: /home/irman/Humanoid-VLA-Simulations/install/g1_controller/lib/g1_controller/wasd_controller.py
[0.608s] -- Installing: /home/irman/Humanoid-VLA-Simulations/install/g1_controller/lib/g1_controller/wasd_controller_v2.py
[0.609s] -- Up-to-date: /home/irman/Humanoid-VLA-Simulations/install/g1_controller/share/g1_controller/config
[0.609s] -- Up-to-date: /home/irman/Humanoid-VLA-Simulations/install/g1_controller/share/g1_controller/config/g1_controllers.yaml
[0.609s] -- Up-to-date: /home/irman/Humanoid-VLA-Simulations/install/g1_controller/share/g1_controller/launch
[0.609s] -- Up-to-date: /home/irman/Humanoid-VLA-Simulations/install/g1_controller/share/g1_controller/launch/robot_wasd_control.launch.py
[0.609s] -- Up-to-date: /home/irman/Humanoid-VLA-Simulations/install/g1_controller/share/g1_controller/launch/robot_with_controller.launch.py
[0.609s] -- Up-to-date: /home/irman/Humanoid-VLA-Simulations/install/g1_controller/share/g1_controller/launch/robot_ros2_control_gui.launch.py
[0.609s] -- Up-to-date: /home/irman/Humanoid-VLA-Simulations/install/g1_controller/share/g1_controller/launch/robot_with_gui.launch.py
[0.609s] -- Up-to-date: /home/irman/Humanoid-VLA-Simulations/install/g1_controller/share/ament_index/resource_index/package_run_dependencies/g1_controller
[0.609s] -- Up-to-date: /home/irman/Humanoid-VLA-Simulations/install/g1_controller/share/ament_index/resource_index/parent_prefix_path/g1_controller
[0.609s] -- Up-to-date: /home/irman/Humanoid-VLA-Simulations/install/g1_controller/share/g1_controller/environment/ament_prefix_path.sh
[0.609s] -- Installing: /home/irman/Humanoid-VLA-Simulations/install/g1_controller/share/g1_controller/environment/ament_prefix_path.dsv
[0.609s] -- Up-to-date: /home/irman/Humanoid-VLA-Simulations/install/g1_controller/share/g1_controller/environment/path.sh
[0.609s] -- Installing: /home/irman/Humanoid-VLA-Simulations/install/g1_controller/share/g1_controller/environment/path.dsv
[0.609s] -- Up-to-date: /home/irman/Humanoid-VLA-Simulations/install/g1_controller/share/g1_controller/local_setup.bash
[0.609s] -- Up-to-date: /home/irman/Humanoid-VLA-Simulations/install/g1_controller/share/g1_controller/local_setup.sh
[0.609s] -- Up-to-date: /home/irman/Humanoid-VLA-Simulations/install/g1_controller/share/g1_controller/local_setup.zsh
[0.609s] -- Installing: /home/irman/Humanoid-VLA-Simulations/install/g1_controller/share/g1_controller/local_setup.dsv
[0.610s] -- Installing: /home/irman/Humanoid-VLA-Simulations/install/g1_controller/share/g1_controller/package.dsv
[0.610s] -- Up-to-date: /home/irman/Humanoid-VLA-Simulations/install/g1_controller/share/ament_index/resource_index/packages/g1_controller
[0.610s] -- Up-to-date: /home/irman/Humanoid-VLA-Simulations/install/g1_controller/share/g1_controller/cmake/g1_controllerConfig.cmake
[0.610s] -- Up-to-date: /home/irman/Humanoid-VLA-Simulations/install/g1_controller/share/g1_controller/cmake/g1_controllerConfig-version.cmake
[0.610s] -- Up-to-date: /home/irman/Humanoid-VLA-Simulations/install/g1_controller/share/g1_controller/package.xml
[0.612s] Invoked command in '/home/irman/Humanoid-VLA-Simulations/build/g1_controller' returned '0': AMENT_PREFIX_PATH=/home/irman/Humanoid-VLA-Simulations/install/joint_trajectory_controller:/home/irman/Humanoid-VLA-Simulations/install/joint_state_broadcaster:/home/irman/Humanoid-VLA-Simulations/install/controller_manager:/home/irman/Humanoid-VLA-Simulations/install/hardware_interface_testing:/home/irman/Humanoid-VLA-Simulations/install/controller_interface:/home/irman/Humanoid-VLA-Simulations/install/hardware_interface:/home/irman/Humanoid-VLA-Simulations/install/ros2_control_test_assets:/home/irman/Humanoid-VLA-Simulations/install/controller_manager_msgs:${AMENT_PREFIX_PATH} CMAKE_PREFIX_PATH=/home/irman/Humanoid-VLA-Simulations/install/joint_trajectory_controller:/home/irman/Humanoid-VLA-Simulations/install/joint_state_broadcaster:/home/irman/Humanoid-VLA-Simulations/install/controller_manager:/home/irman/Humanoid-VLA-Simulations/install/hardware_interface_testing:/home/irman/Humanoid-VLA-Simulations/install/controller_interface:/home/irman/Humanoid-VLA-Simulations/install/hardware_interface:/home/irman/Humanoid-VLA-Simulations/install/ros2_control_test_assets:/home/irman/Humanoid-VLA-Simulations/install/controller_manager_msgs:${CMAKE_PREFIX_PATH} CONDA_PROMPT_MODIFIER=(ros2_env) DEBUGINFOD_URLS=https://debuginfod.ubuntu.com LD_LIBRARY_PATH=/home/irman/Humanoid-VLA-Simulations/install/joint_trajectory_controller/lib:/home/irman/Humanoid-VLA-Simulations/install/joint_state_broadcaster/lib:/home/irman/Humanoid-VLA-Simulations/install/controller_manager/lib:/home/irman/Humanoid-VLA-Simulations/install/hardware_interface_testing/lib:/home/irman/Humanoid-VLA-Simulations/install/controller_interface/lib:/home/irman/Humanoid-VLA-Simulations/install/hardware_interface/lib:/home/irman/Humanoid-VLA-Simulations/install/controller_manager_msgs/lib:/home/irman/micromamba/envs/ros2_env/opt/rviz_ogre_vendor/lib:/home/irman/micromamba/envs/ros2_env/lib/gazebo-11/plugins PYTHONPATH=/home/irman/Humanoid-VLA-Simulations/install/controller_manager/lib/python3.11/site-packages:/home/irman/Humanoid-VLA-Simulations/install/controller_manager_msgs/lib/python3.11/site-packages:${PYTHONPATH} /home/irman/micromamba/envs/ros2_env/bin/cmake --install /home/irman/Humanoid-VLA-Simulations/build/g1_controller
