/home/irman/micromamba/envs/ros2_env/lib/python3.11/site-packages/setuptools/_distutils/dist.py:289: UserWarning: Unknown distribution option: 'tests_require'
  warnings.warn(msg)
/home/irman/micromamba/envs/ros2_env/lib/python3.11/site-packages/setuptools/dist.py:759: SetuptoolsDeprecationWarning: License classifiers are deprecated.
!!

        ********************************************************************************
        Please consider removing the following classifiers in favor of a SPDX license expression:

        License :: OSI Approved :: Apache Software License

        See https://packaging.python.org/en/latest/guides/writing-pyproject-toml/#license for details.
        ********************************************************************************

!!
  self._finalize_license_expression()
running egg_info
creating ../../../build/ros2controlcli/ros2controlcli.egg-info
writing ../../../build/ros2controlcli/ros2controlcli.egg-info/PKG-INFO
writing dependency_links to ../../../build/ros2controlcli/ros2controlcli.egg-info/dependency_links.txt
writing entry points to ../../../build/ros2controlcli/ros2controlcli.egg-info/entry_points.txt
writing requirements to ../../../build/ros2controlcli/ros2controlcli.egg-info/requires.txt
writing top-level names to ../../../build/ros2controlcli/ros2controlcli.egg-info/top_level.txt
writing manifest file '../../../build/ros2controlcli/ros2controlcli.egg-info/SOURCES.txt'
reading manifest file '../../../build/ros2controlcli/ros2controlcli.egg-info/SOURCES.txt'
writing manifest file '../../../build/ros2controlcli/ros2controlcli.egg-info/SOURCES.txt'
running build
running build_py
creating /home/irman/Humanoid-VLA-Simulations/build/ros2controlcli/build/lib/ros2controlcli
copying ros2controlcli/__init__.py -> /home/irman/Humanoid-VLA-Simulations/build/ros2controlcli/build/lib/ros2controlcli
creating /home/irman/Humanoid-VLA-Simulations/build/ros2controlcli/build/lib/ros2controlcli/verb
copying ros2controlcli/verb/list_controller_types.py -> /home/irman/Humanoid-VLA-Simulations/build/ros2controlcli/build/lib/ros2controlcli/verb
copying ros2controlcli/verb/load_controller.py -> /home/irman/Humanoid-VLA-Simulations/build/ros2controlcli/build/lib/ros2controlcli/verb
copying ros2controlcli/verb/set_controller_state.py -> /home/irman/Humanoid-VLA-Simulations/build/ros2controlcli/build/lib/ros2controlcli/verb
copying ros2controlcli/verb/list_hardware_interfaces.py -> /home/irman/Humanoid-VLA-Simulations/build/ros2controlcli/build/lib/ros2controlcli/verb
copying ros2controlcli/verb/set_hardware_component_state.py -> /home/irman/Humanoid-VLA-Simulations/build/ros2controlcli/build/lib/ros2controlcli/verb
copying ros2controlcli/verb/unload_controller.py -> /home/irman/Humanoid-VLA-Simulations/build/ros2controlcli/build/lib/ros2controlcli/verb
copying ros2controlcli/verb/switch_controllers.py -> /home/irman/Humanoid-VLA-Simulations/build/ros2controlcli/build/lib/ros2controlcli/verb
copying ros2controlcli/verb/list_hardware_components.py -> /home/irman/Humanoid-VLA-Simulations/build/ros2controlcli/build/lib/ros2controlcli/verb
copying ros2controlcli/verb/list_controllers.py -> /home/irman/Humanoid-VLA-Simulations/build/ros2controlcli/build/lib/ros2controlcli/verb
copying ros2controlcli/verb/reload_controller_libraries.py -> /home/irman/Humanoid-VLA-Simulations/build/ros2controlcli/build/lib/ros2controlcli/verb
copying ros2controlcli/verb/__init__.py -> /home/irman/Humanoid-VLA-Simulations/build/ros2controlcli/build/lib/ros2controlcli/verb
copying ros2controlcli/verb/view_controller_chains.py -> /home/irman/Humanoid-VLA-Simulations/build/ros2controlcli/build/lib/ros2controlcli/verb
creating /home/irman/Humanoid-VLA-Simulations/build/ros2controlcli/build/lib/ros2controlcli/command
copying ros2controlcli/command/control.py -> /home/irman/Humanoid-VLA-Simulations/build/ros2controlcli/build/lib/ros2controlcli/command
copying ros2controlcli/command/__init__.py -> /home/irman/Humanoid-VLA-Simulations/build/ros2controlcli/build/lib/ros2controlcli/command
creating /home/irman/Humanoid-VLA-Simulations/build/ros2controlcli/build/lib/ros2controlcli/api
copying ros2controlcli/api/__init__.py -> /home/irman/Humanoid-VLA-Simulations/build/ros2controlcli/build/lib/ros2controlcli/api
running install
running install_lib
creating /home/irman/Humanoid-VLA-Simulations/install/ros2controlcli/lib/python3.11/site-packages/ros2controlcli
copying /home/irman/Humanoid-VLA-Simulations/build/ros2controlcli/build/lib/ros2controlcli/__init__.py -> /home/irman/Humanoid-VLA-Simulations/install/ros2controlcli/lib/python3.11/site-packages/ros2controlcli
creating /home/irman/Humanoid-VLA-Simulations/install/ros2controlcli/lib/python3.11/site-packages/ros2controlcli/verb
copying /home/irman/Humanoid-VLA-Simulations/build/ros2controlcli/build/lib/ros2controlcli/verb/list_controller_types.py -> /home/irman/Humanoid-VLA-Simulations/install/ros2controlcli/lib/python3.11/site-packages/ros2controlcli/verb
copying /home/irman/Humanoid-VLA-Simulations/build/ros2controlcli/build/lib/ros2controlcli/verb/load_controller.py -> /home/irman/Humanoid-VLA-Simulations/install/ros2controlcli/lib/python3.11/site-packages/ros2controlcli/verb
copying /home/irman/Humanoid-VLA-Simulations/build/ros2controlcli/build/lib/ros2controlcli/verb/set_controller_state.py -> /home/irman/Humanoid-VLA-Simulations/install/ros2controlcli/lib/python3.11/site-packages/ros2controlcli/verb
copying /home/irman/Humanoid-VLA-Simulations/build/ros2controlcli/build/lib/ros2controlcli/verb/list_hardware_interfaces.py -> /home/irman/Humanoid-VLA-Simulations/install/ros2controlcli/lib/python3.11/site-packages/ros2controlcli/verb
copying /home/irman/Humanoid-VLA-Simulations/build/ros2controlcli/build/lib/ros2controlcli/verb/set_hardware_component_state.py -> /home/irman/Humanoid-VLA-Simulations/install/ros2controlcli/lib/python3.11/site-packages/ros2controlcli/verb
copying /home/irman/Humanoid-VLA-Simulations/build/ros2controlcli/build/lib/ros2controlcli/verb/unload_controller.py -> /home/irman/Humanoid-VLA-Simulations/install/ros2controlcli/lib/python3.11/site-packages/ros2controlcli/verb
copying /home/irman/Humanoid-VLA-Simulations/build/ros2controlcli/build/lib/ros2controlcli/verb/switch_controllers.py -> /home/irman/Humanoid-VLA-Simulations/install/ros2controlcli/lib/python3.11/site-packages/ros2controlcli/verb
copying /home/irman/Humanoid-VLA-Simulations/build/ros2controlcli/build/lib/ros2controlcli/verb/list_hardware_components.py -> /home/irman/Humanoid-VLA-Simulations/install/ros2controlcli/lib/python3.11/site-packages/ros2controlcli/verb
copying /home/irman/Humanoid-VLA-Simulations/build/ros2controlcli/build/lib/ros2controlcli/verb/list_controllers.py -> /home/irman/Humanoid-VLA-Simulations/install/ros2controlcli/lib/python3.11/site-packages/ros2controlcli/verb
copying /home/irman/Humanoid-VLA-Simulations/build/ros2controlcli/build/lib/ros2controlcli/verb/reload_controller_libraries.py -> /home/irman/Humanoid-VLA-Simulations/install/ros2controlcli/lib/python3.11/site-packages/ros2controlcli/verb
copying /home/irman/Humanoid-VLA-Simulations/build/ros2controlcli/build/lib/ros2controlcli/verb/__init__.py -> /home/irman/Humanoid-VLA-Simulations/install/ros2controlcli/lib/python3.11/site-packages/ros2controlcli/verb
copying /home/irman/Humanoid-VLA-Simulations/build/ros2controlcli/build/lib/ros2controlcli/verb/view_controller_chains.py -> /home/irman/Humanoid-VLA-Simulations/install/ros2controlcli/lib/python3.11/site-packages/ros2controlcli/verb
creating /home/irman/Humanoid-VLA-Simulations/install/ros2controlcli/lib/python3.11/site-packages/ros2controlcli/command
copying /home/irman/Humanoid-VLA-Simulations/build/ros2controlcli/build/lib/ros2controlcli/command/control.py -> /home/irman/Humanoid-VLA-Simulations/install/ros2controlcli/lib/python3.11/site-packages/ros2controlcli/command
copying /home/irman/Humanoid-VLA-Simulations/build/ros2controlcli/build/lib/ros2controlcli/command/__init__.py -> /home/irman/Humanoid-VLA-Simulations/install/ros2controlcli/lib/python3.11/site-packages/ros2controlcli/command
creating /home/irman/Humanoid-VLA-Simulations/install/ros2controlcli/lib/python3.11/site-packages/ros2controlcli/api
copying /home/irman/Humanoid-VLA-Simulations/build/ros2controlcli/build/lib/ros2controlcli/api/__init__.py -> /home/irman/Humanoid-VLA-Simulations/install/ros2controlcli/lib/python3.11/site-packages/ros2controlcli/api
byte-compiling /home/irman/Humanoid-VLA-Simulations/install/ros2controlcli/lib/python3.11/site-packages/ros2controlcli/__init__.py to __init__.cpython-311.pyc
byte-compiling /home/irman/Humanoid-VLA-Simulations/install/ros2controlcli/lib/python3.11/site-packages/ros2controlcli/verb/list_controller_types.py to list_controller_types.cpython-311.pyc
byte-compiling /home/irman/Humanoid-VLA-Simulations/install/ros2controlcli/lib/python3.11/site-packages/ros2controlcli/verb/load_controller.py to load_controller.cpython-311.pyc
byte-compiling /home/irman/Humanoid-VLA-Simulations/install/ros2controlcli/lib/python3.11/site-packages/ros2controlcli/verb/set_controller_state.py to set_controller_state.cpython-311.pyc
byte-compiling /home/irman/Humanoid-VLA-Simulations/install/ros2controlcli/lib/python3.11/site-packages/ros2controlcli/verb/list_hardware_interfaces.py to list_hardware_interfaces.cpython-311.pyc
byte-compiling /home/irman/Humanoid-VLA-Simulations/install/ros2controlcli/lib/python3.11/site-packages/ros2controlcli/verb/set_hardware_component_state.py to set_hardware_component_state.cpython-311.pyc
byte-compiling /home/irman/Humanoid-VLA-Simulations/install/ros2controlcli/lib/python3.11/site-packages/ros2controlcli/verb/unload_controller.py to unload_controller.cpython-311.pyc
byte-compiling /home/irman/Humanoid-VLA-Simulations/install/ros2controlcli/lib/python3.11/site-packages/ros2controlcli/verb/switch_controllers.py to switch_controllers.cpython-311.pyc
byte-compiling /home/irman/Humanoid-VLA-Simulations/install/ros2controlcli/lib/python3.11/site-packages/ros2controlcli/verb/list_hardware_components.py to list_hardware_components.cpython-311.pyc
byte-compiling /home/irman/Humanoid-VLA-Simulations/install/ros2controlcli/lib/python3.11/site-packages/ros2controlcli/verb/list_controllers.py to list_controllers.cpython-311.pyc
byte-compiling /home/irman/Humanoid-VLA-Simulations/install/ros2controlcli/lib/python3.11/site-packages/ros2controlcli/verb/reload_controller_libraries.py to reload_controller_libraries.cpython-311.pyc
byte-compiling /home/irman/Humanoid-VLA-Simulations/install/ros2controlcli/lib/python3.11/site-packages/ros2controlcli/verb/__init__.py to __init__.cpython-311.pyc
byte-compiling /home/irman/Humanoid-VLA-Simulations/install/ros2controlcli/lib/python3.11/site-packages/ros2controlcli/verb/view_controller_chains.py to view_controller_chains.cpython-311.pyc
byte-compiling /home/irman/Humanoid-VLA-Simulations/install/ros2controlcli/lib/python3.11/site-packages/ros2controlcli/command/control.py to control.cpython-311.pyc
byte-compiling /home/irman/Humanoid-VLA-Simulations/install/ros2controlcli/lib/python3.11/site-packages/ros2controlcli/command/__init__.py to __init__.cpython-311.pyc
byte-compiling /home/irman/Humanoid-VLA-Simulations/install/ros2controlcli/lib/python3.11/site-packages/ros2controlcli/api/__init__.py to __init__.cpython-311.pyc
running install_data
copying package.xml -> /home/irman/Humanoid-VLA-Simulations/install/ros2controlcli/share/ros2controlcli
creating /home/irman/Humanoid-VLA-Simulations/install/ros2controlcli/share/ament_index/resource_index/packages
copying resource/ros2controlcli -> /home/irman/Humanoid-VLA-Simulations/install/ros2controlcli/share/ament_index/resource_index/packages
running install_egg_info
Copying ../../../build/ros2controlcli/ros2controlcli.egg-info to /home/irman/Humanoid-VLA-Simulations/install/ros2controlcli/lib/python3.11/site-packages/ros2controlcli-2.52.2-py3.11.egg-info
running install_scripts
writing list of installed files to '/home/irman/Humanoid-VLA-Simulations/build/ros2controlcli/install.log'
