[ 15%] [32mBuilding CXX object gmock/CMakeFiles/gmock_main.dir/src/gmock_main.cc.o[0m
[ 15%] [1m[34mRunning `/home/irman/micromamba/envs/ros2_env/bin/generate_parameter_library_cpp /home/irman/Humanoid-VLA-Simulations/build/joint_state_broadcaster/include/joint_state_broadcaster/joint_state_broadcaster_parameters.hpp /home/irman/Humanoid-VLA-Simulations/src/ros2_controllers/joint_state_broadcaster/src/joint_state_broadcaster_parameters.yaml `[0m
[ 23%] [32mBuilding CXX object gmock/CMakeFiles/gmock.dir/src/gmock-all.cc.o[0m
[ 30%] [32mBuilding CXX object gmock/CMakeFiles/gmock.dir/home/irman/micromamba/envs/ros2_env/src/gtest_vendor/src/gtest-all.cc.o[0m
[ 38%] [1m[34mCreating deprecated header file /home/irman/Humanoid-VLA-Simulations/build/joint_state_broadcaster/include/joint_state_broadcaster_parameters.hpp[0m
[ 38%] Built target joint_state_broadcaster_parameters
[ 46%] [32mBuilding CXX object CMakeFiles/joint_state_broadcaster.dir/src/joint_state_broadcaster.cpp.o[0m
[ 53%] [1m[32mLinking CXX static library libgmock_main.a[0m
[ 53%] Built target gmock_main
[ 61%] [1m[32mLinking CXX static library libgmock.a[0m
[ 61%] Built target gmock
[ 69%] [1m[32mLinking CXX shared library libjoint_state_broadcaster.so[0m
[ 69%] Built target joint_state_broadcaster
[ 76%] [32mBuilding CXX object CMakeFiles/test_load_joint_state_broadcaster.dir/test/test_load_joint_state_broadcaster.cpp.o[0m
[ 84%] [32mBuilding CXX object CMakeFiles/test_joint_state_broadcaster.dir/test/test_joint_state_broadcaster.cpp.o[0m
[ 92%] [1m[32mLinking CXX executable test_load_joint_state_broadcaster[0m
[ 92%] Built target test_load_joint_state_broadcaster
[100%] [1m[32mLinking CXX executable test_joint_state_broadcaster[0m
[100%] Built target test_joint_state_broadcaster
-- Install configuration: ""
-- Installing: /home/irman/Humanoid-VLA-Simulations/install/joint_state_broadcaster/include/joint_state_broadcaster
-- Installing: /home/irman/Humanoid-VLA-Simulations/install/joint_state_broadcaster/include/joint_state_broadcaster/joint_state_broadcaster_parameters.hpp
-- Installing: /home/irman/Humanoid-VLA-Simulations/install/joint_state_broadcaster/share/joint_state_broadcaster/joint_state_plugin.xml
-- Up-to-date: /home/irman/Humanoid-VLA-Simulations/install/joint_state_broadcaster/include/joint_state_broadcaster
-- Installing: /home/irman/Humanoid-VLA-Simulations/install/joint_state_broadcaster/include/joint_state_broadcaster/joint_state_broadcaster
-- Installing: /home/irman/Humanoid-VLA-Simulations/install/joint_state_broadcaster/include/joint_state_broadcaster/joint_state_broadcaster/visibility_control.h
-- Installing: /home/irman/Humanoid-VLA-Simulations/install/joint_state_broadcaster/include/joint_state_broadcaster/joint_state_broadcaster/joint_state_broadcaster.hpp
-- Installing: /home/irman/Humanoid-VLA-Simulations/install/joint_state_broadcaster/lib/libjoint_state_broadcaster.so
-- Set non-toolchain portion of runtime path of "/home/irman/Humanoid-VLA-Simulations/install/joint_state_broadcaster/lib/libjoint_state_broadcaster.so" to ""
-- Installing: /home/irman/Humanoid-VLA-Simulations/install/joint_state_broadcaster/share/ament_index/resource_index/package_run_dependencies/joint_state_broadcaster
-- Installing: /home/irman/Humanoid-VLA-Simulations/install/joint_state_broadcaster/share/ament_index/resource_index/parent_prefix_path/joint_state_broadcaster
-- Installing: /home/irman/Humanoid-VLA-Simulations/install/joint_state_broadcaster/share/joint_state_broadcaster/environment/ament_prefix_path.sh
-- Installing: /home/irman/Humanoid-VLA-Simulations/install/joint_state_broadcaster/share/joint_state_broadcaster/environment/ament_prefix_path.dsv
-- Installing: /home/irman/Humanoid-VLA-Simulations/install/joint_state_broadcaster/share/joint_state_broadcaster/environment/path.sh
-- Installing: /home/irman/Humanoid-VLA-Simulations/install/joint_state_broadcaster/share/joint_state_broadcaster/environment/path.dsv
-- Installing: /home/irman/Humanoid-VLA-Simulations/install/joint_state_broadcaster/share/joint_state_broadcaster/local_setup.bash
-- Installing: /home/irman/Humanoid-VLA-Simulations/install/joint_state_broadcaster/share/joint_state_broadcaster/local_setup.sh
-- Installing: /home/irman/Humanoid-VLA-Simulations/install/joint_state_broadcaster/share/joint_state_broadcaster/local_setup.zsh
-- Installing: /home/irman/Humanoid-VLA-Simulations/install/joint_state_broadcaster/share/joint_state_broadcaster/local_setup.dsv
-- Installing: /home/irman/Humanoid-VLA-Simulations/install/joint_state_broadcaster/share/joint_state_broadcaster/package.dsv
-- Installing: /home/irman/Humanoid-VLA-Simulations/install/joint_state_broadcaster/share/ament_index/resource_index/packages/joint_state_broadcaster
-- Installing: /home/irman/Humanoid-VLA-Simulations/install/joint_state_broadcaster/share/ament_index/resource_index/controller_interface__pluginlib__plugin/joint_state_broadcaster
-- Installing: /home/irman/Humanoid-VLA-Simulations/install/joint_state_broadcaster/share/joint_state_broadcaster/cmake/export_joint_state_broadcasterExport.cmake
-- Installing: /home/irman/Humanoid-VLA-Simulations/install/joint_state_broadcaster/share/joint_state_broadcaster/cmake/export_joint_state_broadcasterExport-noconfig.cmake
-- Installing: /home/irman/Humanoid-VLA-Simulations/install/joint_state_broadcaster/share/joint_state_broadcaster/cmake/ament_cmake_export_dependencies-extras.cmake
-- Installing: /home/irman/Humanoid-VLA-Simulations/install/joint_state_broadcaster/share/joint_state_broadcaster/cmake/ament_cmake_export_targets-extras.cmake
-- Installing: /home/irman/Humanoid-VLA-Simulations/install/joint_state_broadcaster/share/joint_state_broadcaster/cmake/joint_state_broadcasterConfig.cmake
-- Installing: /home/irman/Humanoid-VLA-Simulations/install/joint_state_broadcaster/share/joint_state_broadcaster/cmake/joint_state_broadcasterConfig-version.cmake
-- Installing: /home/irman/Humanoid-VLA-Simulations/install/joint_state_broadcaster/share/joint_state_broadcaster/package.xml
